{
  "stats": {
    "suites": 12,
    "tests": 41,
    "passes": 1,
    "pending": 0,
    "failures": 40,
    "start": "2022-07-04T17:55:11.858Z",
    "end": "2022-07-04T17:58:02.254Z",
    "duration": 170396,
    "testsRegistered": 41,
    "passPercent": 2.4390243902439024,
    "pendingPercent": 0,
    "other": 0,
    "hasOther": false,
    "skipped": 0,
    "hasSkipped": false
  },
  "results": [
    {
      "uuid": "07e406bb-b448-428c-8826-36f9cab46af1",
      "title": "",
      "fullFile": "cypress/integration/project.spec.js",
      "file": "cypress/integration/project.spec.js",
      "beforeHooks": [],
      "afterHooks": [],
      "tests": [],
      "suites": [
        {
          "uuid": "120b929c-4b55-4983-a37f-ead482f21516",
          "title": "1 - Adicione à página o título \"Paleta de Cores\".",
          "fullFile": "",
          "file": "",
          "beforeHooks": [],
          "afterHooks": [],
          "tests": [
            {
              "title": "Verifica se contém um elemento `h1` com o id `title` com o título correto",
              "fullTitle": "1 - Adicione à página o título \"Paleta de Cores\". Verifica se contém um elemento `h1` com o id `title` com o título correto",
              "timedOut": null,
              "duration": 107,
              "state": "passed",
              "speed": "slow",
              "pass": true,
              "fail": false,
              "pending": false,
              "context": null,
              "code": "cy.get('h1#title').should('contain.text', 'Paleta de Cores');",
              "err": {},
              "uuid": "6d6609b1-f3e3-4e6c-a2a9-275e10e67995",
              "parentUUID": "120b929c-4b55-4983-a37f-ead482f21516",
              "isHook": false,
              "skipped": false
            }
          ],
          "suites": [],
          "passes": [
            "6d6609b1-f3e3-4e6c-a2a9-275e10e67995"
          ],
          "failures": [],
          "pending": [],
          "skipped": [],
          "duration": 107,
          "root": false,
          "rootEmpty": false,
          "_timeout": 2000
        },
        {
          "uuid": "1e4ee45f-a56e-4def-bc2f-d9d09a07a702",
          "title": "2 - Adicione à página uma paleta de quatro cores distintas.",
          "fullFile": "",
          "file": "",
          "beforeHooks": [],
          "afterHooks": [],
          "tests": [
            {
              "title": "A paleta de cores deve ser um elemento com `id` denominado `color-palette` e ter mais de 0px de altura e de largura.",
              "fullTitle": "2 - Adicione à página uma paleta de quatro cores distintas. A paleta de cores deve ser um elemento com `id` denominado `color-palette` e ter mais de 0px de altura e de largura.",
              "timedOut": null,
              "duration": 4193,
              "state": "failed",
              "speed": null,
              "pass": false,
              "fail": true,
              "pending": false,
              "context": null,
              "code": "cy.get('#color-palette').should('be.visible');\ncy.get('#color-palette').children('.color');",
              "err": {
                "message": "CypressError: Timed out retrying: Expected to find element: '#color-palette', but never found it.",
                "estack": "CypressError: Timed out retrying: Expected to find element: '#color-palette', but never found it.\n    at cypressErr (http://localhost:45665/__cypress/runner/cypress_runner.js:149934:9)\n    at throwErr (http://localhost:45665/__cypress/runner/cypress_runner.js:149867:11)\n    at Object.throwErrByPath (http://localhost:45665/__cypress/runner/cypress_runner.js:149915:3)\n    at retry (http://localhost:45665/__cypress/runner/cypress_runner.js:144197:19)\n    at onFailFn (http://localhost:45665/__cypress/runner/cypress_runner.js:132448:16)\n    at tryCatcher (http://localhost:45665/__cypress/runner/cypress_runner.js:167415:23)\n    at Promise._settlePromiseFromHandler (http://localhost:45665/__cypress/runner/cypress_runner.js:165351:31)\n    at Promise._settlePromise (http://localhost:45665/__cypress/runner/cypress_runner.js:165408:18)\n    at Promise._settlePromise0 (http://localhost:45665/__cypress/runner/cypress_runner.js:165453:10)\n    at Promise._settlePromises (http://localhost:45665/__cypress/runner/cypress_runner.js:165528:18)\n    at Async../node_modules/bluebird/js/release/async.js.Async._drainQueue (http://localhost:45665/__cypress/runner/cypress_runner.js:162140:16)\n    at Async../node_modules/bluebird/js/release/async.js.Async._drainQueues (http://localhost:45665/__cypress/runner/cypress_runner.js:162150:10)\n    at Async.drainQueues (http://localhost:45665/__cypress/runner/cypress_runner.js:162024:14)",
                "diff": null
              },
              "uuid": "00df77fb-8608-4205-9360-6baeebb6b333",
              "parentUUID": "1e4ee45f-a56e-4def-bc2f-d9d09a07a702",
              "isHook": false,
              "skipped": false
            },
            {
              "title": "Verifica se cada cor individual da paleta de cores possui a `classe` chamada `color`.",
              "fullTitle": "2 - Adicione à página uma paleta de quatro cores distintas. Verifica se cada cor individual da paleta de cores possui a `classe` chamada `color`.",
              "timedOut": null,
              "duration": 4219,
              "state": "failed",
              "speed": null,
              "pass": false,
              "fail": true,
              "pending": false,
              "context": null,
              "code": "cy.get('.color').should('have.length', 4).then(function (colors) {\n  for (var i = 0; i < colors.length; i++) {\n    cy.wrap(colors[i]).should('be.visible');\n  }\n});",
              "err": {
                "message": "CypressError: Timed out retrying: Expected to find element: '.color', but never found it.",
                "estack": "CypressError: Timed out retrying: Expected to find element: '.color', but never found it.\n    at cypressErr (http://localhost:45665/__cypress/runner/cypress_runner.js:149934:9)\n    at throwErr (http://localhost:45665/__cypress/runner/cypress_runner.js:149867:11)\n    at Object.throwErrByPath (http://localhost:45665/__cypress/runner/cypress_runner.js:149915:3)\n    at retry (http://localhost:45665/__cypress/runner/cypress_runner.js:144197:19)\n    at onFailFn (http://localhost:45665/__cypress/runner/cypress_runner.js:132448:16)\n    at tryCatcher (http://localhost:45665/__cypress/runner/cypress_runner.js:167415:23)\n    at Promise._settlePromiseFromHandler (http://localhost:45665/__cypress/runner/cypress_runner.js:165351:31)\n    at Promise._settlePromise (http://localhost:45665/__cypress/runner/cypress_runner.js:165408:18)\n    at Promise._settlePromise0 (http://localhost:45665/__cypress/runner/cypress_runner.js:165453:10)\n    at Promise._settlePromises (http://localhost:45665/__cypress/runner/cypress_runner.js:165528:18)\n    at Async../node_modules/bluebird/js/release/async.js.Async._drainQueue (http://localhost:45665/__cypress/runner/cypress_runner.js:162140:16)\n    at Async../node_modules/bluebird/js/release/async.js.Async._drainQueues (http://localhost:45665/__cypress/runner/cypress_runner.js:162150:10)\n    at Async.drainQueues (http://localhost:45665/__cypress/runner/cypress_runner.js:162024:14)",
                "diff": null
              },
              "uuid": "91a6fb67-70a4-4a95-942c-370a628c98d4",
              "parentUUID": "1e4ee45f-a56e-4def-bc2f-d9d09a07a702",
              "isHook": false,
              "skipped": false
            },
            {
              "title": "Verifica se a cor de fundo de cada elemento da paleta é a cor que o elemento representa. **A única cor não permitida na paleta é a cor branca.**",
              "fullTitle": "2 - Adicione à página uma paleta de quatro cores distintas. Verifica se a cor de fundo de cada elemento da paleta é a cor que o elemento representa. **A única cor não permitida na paleta é a cor branca.**",
              "timedOut": null,
              "duration": 4206,
              "state": "failed",
              "speed": null,
              "pass": false,
              "fail": true,
              "pending": false,
              "context": null,
              "code": "cy.get('.color').each(function (color) {\n  cy.wrap(color).should('have.class', 'color').and('not.have.css', 'background-color', WHITE);\n  cy.wrap(color).should('have.css', 'background-color');\n});",
              "err": {
                "message": "CypressError: Timed out retrying: Expected to find element: '.color', but never found it.",
                "estack": "CypressError: Timed out retrying: Expected to find element: '.color', but never found it.\n    at cypressErr (http://localhost:45665/__cypress/runner/cypress_runner.js:149934:9)\n    at throwErr (http://localhost:45665/__cypress/runner/cypress_runner.js:149867:11)\n    at Object.throwErrByPath (http://localhost:45665/__cypress/runner/cypress_runner.js:149915:3)\n    at retry (http://localhost:45665/__cypress/runner/cypress_runner.js:144197:19)\n    at onFailFn (http://localhost:45665/__cypress/runner/cypress_runner.js:132448:16)\n    at tryCatcher (http://localhost:45665/__cypress/runner/cypress_runner.js:167415:23)\n    at Promise._settlePromiseFromHandler (http://localhost:45665/__cypress/runner/cypress_runner.js:165351:31)\n    at Promise._settlePromise (http://localhost:45665/__cypress/runner/cypress_runner.js:165408:18)\n    at Promise._settlePromise0 (http://localhost:45665/__cypress/runner/cypress_runner.js:165453:10)\n    at Promise._settlePromises (http://localhost:45665/__cypress/runner/cypress_runner.js:165528:18)\n    at Async../node_modules/bluebird/js/release/async.js.Async._drainQueue (http://localhost:45665/__cypress/runner/cypress_runner.js:162140:16)\n    at Async../node_modules/bluebird/js/release/async.js.Async._drainQueues (http://localhost:45665/__cypress/runner/cypress_runner.js:162150:10)\n    at Async.drainQueues (http://localhost:45665/__cypress/runner/cypress_runner.js:162024:14)",
                "diff": null
              },
              "uuid": "1cec006c-05b6-44b8-8d33-7e627ce6b385",
              "parentUUID": "1e4ee45f-a56e-4def-bc2f-d9d09a07a702",
              "isHook": false,
              "skipped": false
            },
            {
              "title": "Verifica se cada elemento da paleta de cores tem uma borda preta, sólida e com 1 pixel de largura;",
              "fullTitle": "2 - Adicione à página uma paleta de quatro cores distintas. Verifica se cada elemento da paleta de cores tem uma borda preta, sólida e com 1 pixel de largura;",
              "timedOut": null,
              "duration": 4200,
              "state": "failed",
              "speed": null,
              "pass": false,
              "fail": true,
              "pending": false,
              "context": null,
              "code": "cy.get('.color').each(function (color) {\n  cy.wrap(color).and('have.css', 'border', \"1px solid \".concat(BLACK)).and('have.class', 'color');\n});",
              "err": {
                "message": "CypressError: Timed out retrying: Expected to find element: '.color', but never found it.",
                "estack": "CypressError: Timed out retrying: Expected to find element: '.color', but never found it.\n    at cypressErr (http://localhost:45665/__cypress/runner/cypress_runner.js:149934:9)\n    at throwErr (http://localhost:45665/__cypress/runner/cypress_runner.js:149867:11)\n    at Object.throwErrByPath (http://localhost:45665/__cypress/runner/cypress_runner.js:149915:3)\n    at retry (http://localhost:45665/__cypress/runner/cypress_runner.js:144197:19)\n    at onFailFn (http://localhost:45665/__cypress/runner/cypress_runner.js:132448:16)\n    at tryCatcher (http://localhost:45665/__cypress/runner/cypress_runner.js:167415:23)\n    at Promise._settlePromiseFromHandler (http://localhost:45665/__cypress/runner/cypress_runner.js:165351:31)\n    at Promise._settlePromise (http://localhost:45665/__cypress/runner/cypress_runner.js:165408:18)\n    at Promise._settlePromise0 (http://localhost:45665/__cypress/runner/cypress_runner.js:165453:10)\n    at Promise._settlePromises (http://localhost:45665/__cypress/runner/cypress_runner.js:165528:18)\n    at Async../node_modules/bluebird/js/release/async.js.Async._drainQueue (http://localhost:45665/__cypress/runner/cypress_runner.js:162140:16)\n    at Async../node_modules/bluebird/js/release/async.js.Async._drainQueues (http://localhost:45665/__cypress/runner/cypress_runner.js:162150:10)\n    at Async.drainQueues (http://localhost:45665/__cypress/runner/cypress_runner.js:162024:14)",
                "diff": null
              },
              "uuid": "5b993ecb-9d87-49af-8443-d3d9d4a50e1c",
              "parentUUID": "1e4ee45f-a56e-4def-bc2f-d9d09a07a702",
              "isHook": false,
              "skipped": false
            },
            {
              "title": "Verifica se a paleta lista todas as cores disponíveis para utilização, lado a lado.",
              "fullTitle": "2 - Adicione à página uma paleta de quatro cores distintas. Verifica se a paleta lista todas as cores disponíveis para utilização, lado a lado.",
              "timedOut": null,
              "duration": 4226,
              "state": "failed",
              "speed": null,
              "pass": false,
              "fail": true,
              "pending": false,
              "context": null,
              "code": "cy.get('.color').then(function (colors) {\n  for (var index = 1; index < colors.length; index += 1) {\n    var currentColor = colors[index];\n    var previousColor = colors[index - 1];\n    cy.wrap(currentColor).should('be.onTheRightOf', previousColor).and('be.horizontallyAlignedWith', previousColor);\n  }\n});",
              "err": {
                "message": "CypressError: Timed out retrying: Expected to find element: '.color', but never found it.",
                "estack": "CypressError: Timed out retrying: Expected to find element: '.color', but never found it.\n    at cypressErr (http://localhost:45665/__cypress/runner/cypress_runner.js:149934:9)\n    at throwErr (http://localhost:45665/__cypress/runner/cypress_runner.js:149867:11)\n    at Object.throwErrByPath (http://localhost:45665/__cypress/runner/cypress_runner.js:149915:3)\n    at retry (http://localhost:45665/__cypress/runner/cypress_runner.js:144197:19)\n    at onFailFn (http://localhost:45665/__cypress/runner/cypress_runner.js:132448:16)\n    at tryCatcher (http://localhost:45665/__cypress/runner/cypress_runner.js:167415:23)\n    at Promise._settlePromiseFromHandler (http://localhost:45665/__cypress/runner/cypress_runner.js:165351:31)\n    at Promise._settlePromise (http://localhost:45665/__cypress/runner/cypress_runner.js:165408:18)\n    at Promise._settlePromise0 (http://localhost:45665/__cypress/runner/cypress_runner.js:165453:10)\n    at Promise._settlePromises (http://localhost:45665/__cypress/runner/cypress_runner.js:165528:18)\n    at Async../node_modules/bluebird/js/release/async.js.Async._drainQueue (http://localhost:45665/__cypress/runner/cypress_runner.js:162140:16)\n    at Async../node_modules/bluebird/js/release/async.js.Async._drainQueues (http://localhost:45665/__cypress/runner/cypress_runner.js:162150:10)\n    at Async.drainQueues (http://localhost:45665/__cypress/runner/cypress_runner.js:162024:14)",
                "diff": null
              },
              "uuid": "335c2bba-34dc-41d7-8746-12d7b93ac38a",
              "parentUUID": "1e4ee45f-a56e-4def-bc2f-d9d09a07a702",
              "isHook": false,
              "skipped": false
            },
            {
              "title": "Verifica se a paleta de cores está posicionada abaixo do título 'Paleta de Cores'",
              "fullTitle": "2 - Adicione à página uma paleta de quatro cores distintas. Verifica se a paleta de cores está posicionada abaixo do título 'Paleta de Cores'",
              "timedOut": null,
              "duration": 4210,
              "state": "failed",
              "speed": null,
              "pass": false,
              "fail": true,
              "pending": false,
              "context": null,
              "code": "cy.get('h1#title').then(function (title) {\n  cy.get('#color-palette').should('be.belowOf', title);\n});",
              "err": {
                "message": "CypressError: Timed out retrying: Expected to find element: '#color-palette', but never found it.",
                "estack": "CypressError: Timed out retrying: Expected to find element: '#color-palette', but never found it.\n    at cypressErr (http://localhost:45665/__cypress/runner/cypress_runner.js:149934:9)\n    at throwErr (http://localhost:45665/__cypress/runner/cypress_runner.js:149867:11)\n    at Object.throwErrByPath (http://localhost:45665/__cypress/runner/cypress_runner.js:149915:3)\n    at retry (http://localhost:45665/__cypress/runner/cypress_runner.js:144197:19)\n    at onFailFn (http://localhost:45665/__cypress/runner/cypress_runner.js:132448:16)\n    at tryCatcher (http://localhost:45665/__cypress/runner/cypress_runner.js:167415:23)\n    at Promise._settlePromiseFromHandler (http://localhost:45665/__cypress/runner/cypress_runner.js:165351:31)\n    at Promise._settlePromise (http://localhost:45665/__cypress/runner/cypress_runner.js:165408:18)\n    at Promise._settlePromise0 (http://localhost:45665/__cypress/runner/cypress_runner.js:165453:10)\n    at Promise._settlePromises (http://localhost:45665/__cypress/runner/cypress_runner.js:165528:18)\n    at Async../node_modules/bluebird/js/release/async.js.Async._drainQueue (http://localhost:45665/__cypress/runner/cypress_runner.js:162140:16)\n    at Async../node_modules/bluebird/js/release/async.js.Async._drainQueues (http://localhost:45665/__cypress/runner/cypress_runner.js:162150:10)\n    at Async.drainQueues (http://localhost:45665/__cypress/runner/cypress_runner.js:162024:14)",
                "diff": null
              },
              "uuid": "9b5f2613-a10d-48c4-8d00-f275c945bfe7",
              "parentUUID": "1e4ee45f-a56e-4def-bc2f-d9d09a07a702",
              "isHook": false,
              "skipped": false
            },
            {
              "title": "Verifica se a paleta de cores não contém cores repetidas.",
              "fullTitle": "2 - Adicione à página uma paleta de quatro cores distintas. Verifica se a paleta de cores não contém cores repetidas.",
              "timedOut": null,
              "duration": 4191,
              "state": "failed",
              "speed": null,
              "pass": false,
              "fail": true,
              "pending": false,
              "context": null,
              "code": "cy.get('.color').then(function (colors) {\n  var allColors = Array.from(colors).map(function (color) {\n    return Cypress.$(color).css('background-color');\n  });\n  cy.log(allColors);\n  var uniqColors = (0, _toConsumableArray2[\"default\"])(new Set(allColors));\n  cy.log(uniqColors);\n  expect(allColors.length).to.eq(uniqColors.length);\n});",
              "err": {
                "message": "CypressError: Timed out retrying: Expected to find element: '.color', but never found it.",
                "estack": "CypressError: Timed out retrying: Expected to find element: '.color', but never found it.\n    at cypressErr (http://localhost:45665/__cypress/runner/cypress_runner.js:149934:9)\n    at throwErr (http://localhost:45665/__cypress/runner/cypress_runner.js:149867:11)\n    at Object.throwErrByPath (http://localhost:45665/__cypress/runner/cypress_runner.js:149915:3)\n    at retry (http://localhost:45665/__cypress/runner/cypress_runner.js:144197:19)\n    at onFailFn (http://localhost:45665/__cypress/runner/cypress_runner.js:132448:16)\n    at tryCatcher (http://localhost:45665/__cypress/runner/cypress_runner.js:167415:23)\n    at Promise._settlePromiseFromHandler (http://localhost:45665/__cypress/runner/cypress_runner.js:165351:31)\n    at Promise._settlePromise (http://localhost:45665/__cypress/runner/cypress_runner.js:165408:18)\n    at Promise._settlePromise0 (http://localhost:45665/__cypress/runner/cypress_runner.js:165453:10)\n    at Promise._settlePromises (http://localhost:45665/__cypress/runner/cypress_runner.js:165528:18)\n    at Async../node_modules/bluebird/js/release/async.js.Async._drainQueue (http://localhost:45665/__cypress/runner/cypress_runner.js:162140:16)\n    at Async../node_modules/bluebird/js/release/async.js.Async._drainQueues (http://localhost:45665/__cypress/runner/cypress_runner.js:162150:10)\n    at Async.drainQueues (http://localhost:45665/__cypress/runner/cypress_runner.js:162024:14)",
                "diff": null
              },
              "uuid": "e08c6788-4101-4445-bfc5-184cc8a9a099",
              "parentUUID": "1e4ee45f-a56e-4def-bc2f-d9d09a07a702",
              "isHook": false,
              "skipped": false
            }
          ],
          "suites": [],
          "passes": [],
          "failures": [
            "00df77fb-8608-4205-9360-6baeebb6b333",
            "91a6fb67-70a4-4a95-942c-370a628c98d4",
            "1cec006c-05b6-44b8-8d33-7e627ce6b385",
            "5b993ecb-9d87-49af-8443-d3d9d4a50e1c",
            "335c2bba-34dc-41d7-8746-12d7b93ac38a",
            "9b5f2613-a10d-48c4-8d00-f275c945bfe7",
            "e08c6788-4101-4445-bfc5-184cc8a9a099"
          ],
          "pending": [],
          "skipped": [],
          "duration": 29445,
          "root": false,
          "rootEmpty": false,
          "_timeout": 2000
        },
        {
          "uuid": "5e2cbf54-c494-471f-9f32-b6dd3da6cfd8",
          "title": "3 - Adicione a cor **preta** como a primeira cor da paleta de cores.",
          "fullFile": "",
          "file": "",
          "beforeHooks": [],
          "afterHooks": [],
          "tests": [
            {
              "title": "Verifica se a primeira cor da paleta é preta",
              "fullTitle": "3 - Adicione a cor **preta** como a primeira cor da paleta de cores. Verifica se a primeira cor da paleta é preta",
              "timedOut": null,
              "duration": 4218,
              "state": "failed",
              "speed": null,
              "pass": false,
              "fail": true,
              "pending": false,
              "context": null,
              "code": "cy.get('.color').first().should('have.css', 'background-color', BLACK);",
              "err": {
                "message": "CypressError: Timed out retrying: Expected to find element: '.color', but never found it.",
                "estack": "CypressError: Timed out retrying: Expected to find element: '.color', but never found it.\n    at cypressErr (http://localhost:45665/__cypress/runner/cypress_runner.js:149934:9)\n    at throwErr (http://localhost:45665/__cypress/runner/cypress_runner.js:149867:11)\n    at Object.throwErrByPath (http://localhost:45665/__cypress/runner/cypress_runner.js:149915:3)\n    at retry (http://localhost:45665/__cypress/runner/cypress_runner.js:144197:19)\n    at onFailFn (http://localhost:45665/__cypress/runner/cypress_runner.js:132448:16)\n    at tryCatcher (http://localhost:45665/__cypress/runner/cypress_runner.js:167415:23)\n    at Promise._settlePromiseFromHandler (http://localhost:45665/__cypress/runner/cypress_runner.js:165351:31)\n    at Promise._settlePromise (http://localhost:45665/__cypress/runner/cypress_runner.js:165408:18)\n    at Promise._settlePromise0 (http://localhost:45665/__cypress/runner/cypress_runner.js:165453:10)\n    at Promise._settlePromises (http://localhost:45665/__cypress/runner/cypress_runner.js:165528:18)\n    at Async../node_modules/bluebird/js/release/async.js.Async._drainQueue (http://localhost:45665/__cypress/runner/cypress_runner.js:162140:16)\n    at Async../node_modules/bluebird/js/release/async.js.Async._drainQueues (http://localhost:45665/__cypress/runner/cypress_runner.js:162150:10)\n    at Async.drainQueues (http://localhost:45665/__cypress/runner/cypress_runner.js:162024:14)",
                "diff": null
              },
              "uuid": "b5fadb4c-544c-4bcc-9c67-2335b5166e30",
              "parentUUID": "5e2cbf54-c494-471f-9f32-b6dd3da6cfd8",
              "isHook": false,
              "skipped": false
            },
            {
              "title": "Verifica se as demais cores podem ser escolhidas livremente.",
              "fullTitle": "3 - Adicione a cor **preta** como a primeira cor da paleta de cores. Verifica se as demais cores podem ser escolhidas livremente.",
              "timedOut": null,
              "duration": 4192,
              "state": "failed",
              "speed": null,
              "pass": false,
              "fail": true,
              "pending": false,
              "context": null,
              "code": "cy.get('.color').eq(1).should('not.have.css', 'background-color', BLACK);\ncy.get('.color').eq(1).should('not.have.css', 'background-color', WHITE);\ncy.get('.color').eq(1).should('not.have.css', 'background-color', 'rgba(0, 0, 0, 0)');\ncy.get('.color').eq(1).should('have.css', 'background-color');\ncy.get('.color').eq(2).should('not.have.css', 'background-color', BLACK);\ncy.get('.color').eq(2).should('not.have.css', 'background-color', WHITE);\ncy.get('.color').eq(2).should('not.have.css', 'background-color', 'rgba(0, 0, 0, 0)');\ncy.get('.color').eq(2).should('have.css', 'background-color');\ncy.get('.color').eq(3).should('not.have.css', 'background-color', BLACK);\ncy.get('.color').eq(3).should('not.have.css', 'background-color', WHITE);\ncy.get('.color').eq(3).should('not.have.css', 'background-color', 'rgba(0, 0, 0, 0)');\ncy.get('.color').eq(3).should('have.css', 'background-color');",
              "err": {
                "message": "CypressError: Timed out retrying: Expected to find element: '.color', but never found it.",
                "estack": "CypressError: Timed out retrying: Expected to find element: '.color', but never found it.\n    at cypressErr (http://localhost:45665/__cypress/runner/cypress_runner.js:149934:9)\n    at throwErr (http://localhost:45665/__cypress/runner/cypress_runner.js:149867:11)\n    at Object.throwErrByPath (http://localhost:45665/__cypress/runner/cypress_runner.js:149915:3)\n    at retry (http://localhost:45665/__cypress/runner/cypress_runner.js:144197:19)\n    at onFailFn (http://localhost:45665/__cypress/runner/cypress_runner.js:132448:16)\n    at tryCatcher (http://localhost:45665/__cypress/runner/cypress_runner.js:167415:23)\n    at Promise._settlePromiseFromHandler (http://localhost:45665/__cypress/runner/cypress_runner.js:165351:31)\n    at Promise._settlePromise (http://localhost:45665/__cypress/runner/cypress_runner.js:165408:18)\n    at Promise._settlePromise0 (http://localhost:45665/__cypress/runner/cypress_runner.js:165453:10)\n    at Promise._settlePromises (http://localhost:45665/__cypress/runner/cypress_runner.js:165528:18)\n    at Async../node_modules/bluebird/js/release/async.js.Async._drainQueue (http://localhost:45665/__cypress/runner/cypress_runner.js:162140:16)\n    at Async../node_modules/bluebird/js/release/async.js.Async._drainQueues (http://localhost:45665/__cypress/runner/cypress_runner.js:162150:10)\n    at Async.drainQueues (http://localhost:45665/__cypress/runner/cypress_runner.js:162024:14)",
                "diff": null
              },
              "uuid": "1eb75374-266b-44f6-bb1c-a0ffd0da4725",
              "parentUUID": "5e2cbf54-c494-471f-9f32-b6dd3da6cfd8",
              "isHook": false,
              "skipped": false
            }
          ],
          "suites": [],
          "passes": [],
          "failures": [
            "b5fadb4c-544c-4bcc-9c67-2335b5166e30",
            "1eb75374-266b-44f6-bb1c-a0ffd0da4725"
          ],
          "pending": [],
          "skipped": [],
          "duration": 8410,
          "root": false,
          "rootEmpty": false,
          "_timeout": 2000
        },
        {
          "uuid": "4f2bf8ac-a5c3-4c5e-9695-330324e70665",
          "title": "4 - Adicione à página um quadro de pixels, com 25 pixels.",
          "fullFile": "",
          "file": "",
          "beforeHooks": [],
          "afterHooks": [],
          "tests": [
            {
              "title": "Verifica se o quadro de pixels possui o `id` denominado `pixel-board`",
              "fullTitle": "4 - Adicione à página um quadro de pixels, com 25 pixels. Verifica se o quadro de pixels possui o `id` denominado `pixel-board`",
              "timedOut": null,
              "duration": 4222,
              "state": "failed",
              "speed": null,
              "pass": false,
              "fail": true,
              "pending": false,
              "context": null,
              "code": "cy.get('#pixel-board').should('be.visible');",
              "err": {
                "message": "CypressError: Timed out retrying: Expected to find element: '#pixel-board', but never found it.",
                "estack": "CypressError: Timed out retrying: Expected to find element: '#pixel-board', but never found it.\n    at cypressErr (http://localhost:45665/__cypress/runner/cypress_runner.js:149934:9)\n    at throwErr (http://localhost:45665/__cypress/runner/cypress_runner.js:149867:11)\n    at Object.throwErrByPath (http://localhost:45665/__cypress/runner/cypress_runner.js:149915:3)\n    at retry (http://localhost:45665/__cypress/runner/cypress_runner.js:144197:19)\n    at onFailFn (http://localhost:45665/__cypress/runner/cypress_runner.js:132448:16)\n    at tryCatcher (http://localhost:45665/__cypress/runner/cypress_runner.js:167415:23)\n    at Promise._settlePromiseFromHandler (http://localhost:45665/__cypress/runner/cypress_runner.js:165351:31)\n    at Promise._settlePromise (http://localhost:45665/__cypress/runner/cypress_runner.js:165408:18)\n    at Promise._settlePromise0 (http://localhost:45665/__cypress/runner/cypress_runner.js:165453:10)\n    at Promise._settlePromises (http://localhost:45665/__cypress/runner/cypress_runner.js:165528:18)\n    at Async../node_modules/bluebird/js/release/async.js.Async._drainQueue (http://localhost:45665/__cypress/runner/cypress_runner.js:162140:16)\n    at Async../node_modules/bluebird/js/release/async.js.Async._drainQueues (http://localhost:45665/__cypress/runner/cypress_runner.js:162150:10)\n    at Async.drainQueues (http://localhost:45665/__cypress/runner/cypress_runner.js:162024:14)",
                "diff": null
              },
              "uuid": "c556e256-65c3-4b30-a9ad-654eff482b9c",
              "parentUUID": "4f2bf8ac-a5c3-4c5e-9695-330324e70665",
              "isHook": false,
              "skipped": false
            },
            {
              "title": "Verifica se cada pixel individual dentro do quadro possui a `classe` denominada `pixel`.",
              "fullTitle": "4 - Adicione à página um quadro de pixels, com 25 pixels. Verifica se cada pixel individual dentro do quadro possui a `classe` denominada `pixel`.",
              "timedOut": null,
              "duration": 4228,
              "state": "failed",
              "speed": null,
              "pass": false,
              "fail": true,
              "pending": false,
              "context": null,
              "code": "cy.get('.pixel').should('have.length', 25);",
              "err": {
                "message": "CypressError: Timed out retrying: Expected to find element: '.pixel', but never found it.",
                "estack": "CypressError: Timed out retrying: Expected to find element: '.pixel', but never found it.\n    at cypressErr (http://localhost:45665/__cypress/runner/cypress_runner.js:149934:9)\n    at throwErr (http://localhost:45665/__cypress/runner/cypress_runner.js:149867:11)\n    at Object.throwErrByPath (http://localhost:45665/__cypress/runner/cypress_runner.js:149915:3)\n    at retry (http://localhost:45665/__cypress/runner/cypress_runner.js:144197:19)\n    at onFailFn (http://localhost:45665/__cypress/runner/cypress_runner.js:132448:16)\n    at tryCatcher (http://localhost:45665/__cypress/runner/cypress_runner.js:167415:23)\n    at Promise._settlePromiseFromHandler (http://localhost:45665/__cypress/runner/cypress_runner.js:165351:31)\n    at Promise._settlePromise (http://localhost:45665/__cypress/runner/cypress_runner.js:165408:18)\n    at Promise._settlePromise0 (http://localhost:45665/__cypress/runner/cypress_runner.js:165453:10)\n    at Promise._settlePromises (http://localhost:45665/__cypress/runner/cypress_runner.js:165528:18)\n    at Async../node_modules/bluebird/js/release/async.js.Async._drainQueue (http://localhost:45665/__cypress/runner/cypress_runner.js:162140:16)\n    at Async../node_modules/bluebird/js/release/async.js.Async._drainQueues (http://localhost:45665/__cypress/runner/cypress_runner.js:162150:10)\n    at Async.drainQueues (http://localhost:45665/__cypress/runner/cypress_runner.js:162024:14)",
                "diff": null
              },
              "uuid": "5fd51582-35ce-44de-90cf-7d8696a4fb73",
              "parentUUID": "4f2bf8ac-a5c3-4c5e-9695-330324e70665",
              "isHook": false,
              "skipped": false
            },
            {
              "title": "Verifica se a cor inicial dos pixels dentro do quadro, ao abrir a página, é branca.",
              "fullTitle": "4 - Adicione à página um quadro de pixels, com 25 pixels. Verifica se a cor inicial dos pixels dentro do quadro, ao abrir a página, é branca.",
              "timedOut": null,
              "duration": 4254,
              "state": "failed",
              "speed": null,
              "pass": false,
              "fail": true,
              "pending": false,
              "context": null,
              "code": "cy.get('.pixel').should('have.length', 25).each(function (pixel) {\n  expect(pixel).to.have.css('background-color', WHITE);\n});",
              "err": {
                "message": "CypressError: Timed out retrying: Expected to find element: '.pixel', but never found it.",
                "estack": "CypressError: Timed out retrying: Expected to find element: '.pixel', but never found it.\n    at cypressErr (http://localhost:45665/__cypress/runner/cypress_runner.js:149934:9)\n    at throwErr (http://localhost:45665/__cypress/runner/cypress_runner.js:149867:11)\n    at Object.throwErrByPath (http://localhost:45665/__cypress/runner/cypress_runner.js:149915:3)\n    at retry (http://localhost:45665/__cypress/runner/cypress_runner.js:144197:19)\n    at onFailFn (http://localhost:45665/__cypress/runner/cypress_runner.js:132448:16)\n    at tryCatcher (http://localhost:45665/__cypress/runner/cypress_runner.js:167415:23)\n    at Promise._settlePromiseFromHandler (http://localhost:45665/__cypress/runner/cypress_runner.js:165351:31)\n    at Promise._settlePromise (http://localhost:45665/__cypress/runner/cypress_runner.js:165408:18)\n    at Promise._settlePromise0 (http://localhost:45665/__cypress/runner/cypress_runner.js:165453:10)\n    at Promise._settlePromises (http://localhost:45665/__cypress/runner/cypress_runner.js:165528:18)\n    at Async../node_modules/bluebird/js/release/async.js.Async._drainQueue (http://localhost:45665/__cypress/runner/cypress_runner.js:162140:16)\n    at Async../node_modules/bluebird/js/release/async.js.Async._drainQueues (http://localhost:45665/__cypress/runner/cypress_runner.js:162150:10)\n    at Async.drainQueues (http://localhost:45665/__cypress/runner/cypress_runner.js:162024:14)",
                "diff": null
              },
              "uuid": "196c3602-8708-4592-980e-45a9803b3029",
              "parentUUID": "4f2bf8ac-a5c3-4c5e-9695-330324e70665",
              "isHook": false,
              "skipped": false
            },
            {
              "title": "Verifica se o quadro de pixels aparece abaixo da paleta de cores",
              "fullTitle": "4 - Adicione à página um quadro de pixels, com 25 pixels. Verifica se o quadro de pixels aparece abaixo da paleta de cores",
              "timedOut": null,
              "duration": 4221,
              "state": "failed",
              "speed": null,
              "pass": false,
              "fail": true,
              "pending": false,
              "context": null,
              "code": "cy.get('#color-palette').then(function (palette) {\n  cy.get('#pixel-board').should('be.belowOf', palette);\n});",
              "err": {
                "message": "CypressError: Timed out retrying: Expected to find element: '#color-palette', but never found it.",
                "estack": "CypressError: Timed out retrying: Expected to find element: '#color-palette', but never found it.\n    at cypressErr (http://localhost:45665/__cypress/runner/cypress_runner.js:149934:9)\n    at throwErr (http://localhost:45665/__cypress/runner/cypress_runner.js:149867:11)\n    at Object.throwErrByPath (http://localhost:45665/__cypress/runner/cypress_runner.js:149915:3)\n    at retry (http://localhost:45665/__cypress/runner/cypress_runner.js:144197:19)\n    at onFailFn (http://localhost:45665/__cypress/runner/cypress_runner.js:132448:16)\n    at tryCatcher (http://localhost:45665/__cypress/runner/cypress_runner.js:167415:23)\n    at Promise._settlePromiseFromHandler (http://localhost:45665/__cypress/runner/cypress_runner.js:165351:31)\n    at Promise._settlePromise (http://localhost:45665/__cypress/runner/cypress_runner.js:165408:18)\n    at Promise._settlePromise0 (http://localhost:45665/__cypress/runner/cypress_runner.js:165453:10)\n    at Promise._settlePromises (http://localhost:45665/__cypress/runner/cypress_runner.js:165528:18)\n    at Async../node_modules/bluebird/js/release/async.js.Async._drainQueue (http://localhost:45665/__cypress/runner/cypress_runner.js:162140:16)\n    at Async../node_modules/bluebird/js/release/async.js.Async._drainQueues (http://localhost:45665/__cypress/runner/cypress_runner.js:162150:10)\n    at Async.drainQueues (http://localhost:45665/__cypress/runner/cypress_runner.js:162024:14)",
                "diff": null
              },
              "uuid": "023bf823-a4bd-4f0f-b39d-dd77277c725d",
              "parentUUID": "4f2bf8ac-a5c3-4c5e-9695-330324e70665",
              "isHook": false,
              "skipped": false
            }
          ],
          "suites": [],
          "passes": [],
          "failures": [
            "c556e256-65c3-4b30-a9ad-654eff482b9c",
            "5fd51582-35ce-44de-90cf-7d8696a4fb73",
            "196c3602-8708-4592-980e-45a9803b3029",
            "023bf823-a4bd-4f0f-b39d-dd77277c725d"
          ],
          "pending": [],
          "skipped": [],
          "duration": 16925,
          "root": false,
          "rootEmpty": false,
          "_timeout": 2000
        },
        {
          "uuid": "440651b4-839a-431e-969d-aaf6db3077e2",
          "title": "5 - Faça com que cada elemento do quadro de pixels possua 40 pixels de largura, 40 pixels de altura e seja delimitado por uma borda preta de 1 pixel.",
          "fullFile": "",
          "file": "",
          "beforeHooks": [],
          "afterHooks": [],
          "tests": [
            {
              "title": "Verifica se o quadro de pixels tem altura e comprimento de 5 elementos",
              "fullTitle": "5 - Faça com que cada elemento do quadro de pixels possua 40 pixels de largura, 40 pixels de altura e seja delimitado por uma borda preta de 1 pixel. Verifica se o quadro de pixels tem altura e comprimento de 5 elementos",
              "timedOut": null,
              "duration": 4220,
              "state": "failed",
              "speed": null,
              "pass": false,
              "fail": true,
              "pending": false,
              "context": null,
              "code": "cy.get('.pixel').should('have.length', 25).each(function (pixel) {\n  expect(pixel).to.have.css('background-color', WHITE);\n}).and(function (pixels) {\n  var rows = chunk(pixels, 5);\n  rows.forEach(function (row) {\n    for (var index = 1; index < row.length; index += 1) {\n      var current = pixels[index];\n      var previous = pixels[index - 1];\n      cy.wrap(current).should('be.onTheRightOf', previous).and('be.horizontallyAlignedWith', previous);\n    }\n  });\n  for (var index = 1; index < 5; index += 1) {\n    expect(pixels[index * 5]).to.be.belowOf(pixels[(index - 1) * 5]);\n  }\n});",
              "err": {
                "message": "CypressError: Timed out retrying: Expected to find element: '.pixel', but never found it.",
                "estack": "CypressError: Timed out retrying: Expected to find element: '.pixel', but never found it.\n    at cypressErr (http://localhost:45665/__cypress/runner/cypress_runner.js:149934:9)\n    at throwErr (http://localhost:45665/__cypress/runner/cypress_runner.js:149867:11)\n    at Object.throwErrByPath (http://localhost:45665/__cypress/runner/cypress_runner.js:149915:3)\n    at retry (http://localhost:45665/__cypress/runner/cypress_runner.js:144197:19)\n    at onFailFn (http://localhost:45665/__cypress/runner/cypress_runner.js:132448:16)\n    at tryCatcher (http://localhost:45665/__cypress/runner/cypress_runner.js:167415:23)\n    at Promise._settlePromiseFromHandler (http://localhost:45665/__cypress/runner/cypress_runner.js:165351:31)\n    at Promise._settlePromise (http://localhost:45665/__cypress/runner/cypress_runner.js:165408:18)\n    at Promise._settlePromise0 (http://localhost:45665/__cypress/runner/cypress_runner.js:165453:10)\n    at Promise._settlePromises (http://localhost:45665/__cypress/runner/cypress_runner.js:165528:18)\n    at Async../node_modules/bluebird/js/release/async.js.Async._drainQueue (http://localhost:45665/__cypress/runner/cypress_runner.js:162140:16)\n    at Async../node_modules/bluebird/js/release/async.js.Async._drainQueues (http://localhost:45665/__cypress/runner/cypress_runner.js:162150:10)\n    at Async.drainQueues (http://localhost:45665/__cypress/runner/cypress_runner.js:162024:14)",
                "diff": null
              },
              "uuid": "e249e50c-63f3-4b4c-a0fd-087e02bf9353",
              "parentUUID": "440651b4-839a-431e-969d-aaf6db3077e2",
              "isHook": false,
              "skipped": false
            },
            {
              "title": "Verifica se 40 pixels é o tamanho total do elemento, incluindo seu conteúdo e excluindo a borda preta, que deve ser criada à parte.",
              "fullTitle": "5 - Faça com que cada elemento do quadro de pixels possua 40 pixels de largura, 40 pixels de altura e seja delimitado por uma borda preta de 1 pixel. Verifica se 40 pixels é o tamanho total do elemento, incluindo seu conteúdo e excluindo a borda preta, que deve ser criada à parte.",
              "timedOut": null,
              "duration": 4218,
              "state": "failed",
              "speed": null,
              "pass": false,
              "fail": true,
              "pending": false,
              "context": null,
              "code": "cy.get('.pixel').each(function (pixel) {\n  cy.wrap(pixel).should('have.css', 'height', '40px').and('have.css', 'width', '40px').and('have.css', 'border', \"1px solid \".concat(BLACK));\n});",
              "err": {
                "message": "CypressError: Timed out retrying: Expected to find element: '.pixel', but never found it.",
                "estack": "CypressError: Timed out retrying: Expected to find element: '.pixel', but never found it.\n    at cypressErr (http://localhost:45665/__cypress/runner/cypress_runner.js:149934:9)\n    at throwErr (http://localhost:45665/__cypress/runner/cypress_runner.js:149867:11)\n    at Object.throwErrByPath (http://localhost:45665/__cypress/runner/cypress_runner.js:149915:3)\n    at retry (http://localhost:45665/__cypress/runner/cypress_runner.js:144197:19)\n    at onFailFn (http://localhost:45665/__cypress/runner/cypress_runner.js:132448:16)\n    at tryCatcher (http://localhost:45665/__cypress/runner/cypress_runner.js:167415:23)\n    at Promise._settlePromiseFromHandler (http://localhost:45665/__cypress/runner/cypress_runner.js:165351:31)\n    at Promise._settlePromise (http://localhost:45665/__cypress/runner/cypress_runner.js:165408:18)\n    at Promise._settlePromise0 (http://localhost:45665/__cypress/runner/cypress_runner.js:165453:10)\n    at Promise._settlePromises (http://localhost:45665/__cypress/runner/cypress_runner.js:165528:18)\n    at Async../node_modules/bluebird/js/release/async.js.Async._drainQueue (http://localhost:45665/__cypress/runner/cypress_runner.js:162140:16)\n    at Async../node_modules/bluebird/js/release/async.js.Async._drainQueues (http://localhost:45665/__cypress/runner/cypress_runner.js:162150:10)\n    at Async.drainQueues (http://localhost:45665/__cypress/runner/cypress_runner.js:162024:14)",
                "diff": null
              },
              "uuid": "6c4c4854-cdf0-49f3-8b10-70d7300bc97c",
              "parentUUID": "440651b4-839a-431e-969d-aaf6db3077e2",
              "isHook": false,
              "skipped": false
            }
          ],
          "suites": [],
          "passes": [],
          "failures": [
            "e249e50c-63f3-4b4c-a0fd-087e02bf9353",
            "6c4c4854-cdf0-49f3-8b10-70d7300bc97c"
          ],
          "pending": [],
          "skipped": [],
          "duration": 8438,
          "root": false,
          "rootEmpty": false,
          "_timeout": 2000
        },
        {
          "uuid": "440e4268-d64b-4041-8409-ecf98e9d0081",
          "title": "6 - Defina a cor preta como cor inicial. Ao carregar a página a cor preta já deve estar selecionada para pintar os pixels",
          "fullFile": "",
          "file": "",
          "beforeHooks": [],
          "afterHooks": [],
          "tests": [
            {
              "title": "Verifica se o elemento da cor preta possui, inicialmente, a `classe` `selected`",
              "fullTitle": "6 - Defina a cor preta como cor inicial. Ao carregar a página a cor preta já deve estar selecionada para pintar os pixels Verifica se o elemento da cor preta possui, inicialmente, a `classe` `selected`",
              "timedOut": null,
              "duration": 4233,
              "state": "failed",
              "speed": null,
              "pass": false,
              "fail": true,
              "pending": false,
              "context": null,
              "code": "cy.get('.selected').first().should('have.css', 'background-color', BLACK);",
              "err": {
                "message": "CypressError: Timed out retrying: Expected to find element: '.selected', but never found it.",
                "estack": "CypressError: Timed out retrying: Expected to find element: '.selected', but never found it.\n    at cypressErr (http://localhost:45665/__cypress/runner/cypress_runner.js:149934:9)\n    at throwErr (http://localhost:45665/__cypress/runner/cypress_runner.js:149867:11)\n    at Object.throwErrByPath (http://localhost:45665/__cypress/runner/cypress_runner.js:149915:3)\n    at retry (http://localhost:45665/__cypress/runner/cypress_runner.js:144197:19)\n    at onFailFn (http://localhost:45665/__cypress/runner/cypress_runner.js:132448:16)\n    at tryCatcher (http://localhost:45665/__cypress/runner/cypress_runner.js:167415:23)\n    at Promise._settlePromiseFromHandler (http://localhost:45665/__cypress/runner/cypress_runner.js:165351:31)\n    at Promise._settlePromise (http://localhost:45665/__cypress/runner/cypress_runner.js:165408:18)\n    at Promise._settlePromise0 (http://localhost:45665/__cypress/runner/cypress_runner.js:165453:10)\n    at Promise._settlePromises (http://localhost:45665/__cypress/runner/cypress_runner.js:165528:18)\n    at Async../node_modules/bluebird/js/release/async.js.Async._drainQueue (http://localhost:45665/__cypress/runner/cypress_runner.js:162140:16)\n    at Async../node_modules/bluebird/js/release/async.js.Async._drainQueues (http://localhost:45665/__cypress/runner/cypress_runner.js:162150:10)\n    at Async.drainQueues (http://localhost:45665/__cypress/runner/cypress_runner.js:162024:14)",
                "diff": null
              },
              "uuid": "3a07b4e4-2d6f-42de-84ed-7b440d8e3a6e",
              "parentUUID": "440e4268-d64b-4041-8409-ecf98e9d0081",
              "isHook": false,
              "skipped": false
            },
            {
              "title": "Verifica se nenhuma outra cor da paleta tem a `classe` `selected`",
              "fullTitle": "6 - Defina a cor preta como cor inicial. Ao carregar a página a cor preta já deve estar selecionada para pintar os pixels Verifica se nenhuma outra cor da paleta tem a `classe` `selected`",
              "timedOut": null,
              "duration": 4229,
              "state": "failed",
              "speed": null,
              "pass": false,
              "fail": true,
              "pending": false,
              "context": null,
              "code": "cy.get('.color:not(:first-child)').each(function (color) {\n  cy.wrap(color).should('not.have.class', 'selected');\n});",
              "err": {
                "message": "CypressError: Timed out retrying: Expected to find element: '.color:not(:first-child)', but never found it.",
                "estack": "CypressError: Timed out retrying: Expected to find element: '.color:not(:first-child)', but never found it.\n    at cypressErr (http://localhost:45665/__cypress/runner/cypress_runner.js:149934:9)\n    at throwErr (http://localhost:45665/__cypress/runner/cypress_runner.js:149867:11)\n    at Object.throwErrByPath (http://localhost:45665/__cypress/runner/cypress_runner.js:149915:3)\n    at retry (http://localhost:45665/__cypress/runner/cypress_runner.js:144197:19)\n    at onFailFn (http://localhost:45665/__cypress/runner/cypress_runner.js:132448:16)\n    at tryCatcher (http://localhost:45665/__cypress/runner/cypress_runner.js:167415:23)\n    at Promise._settlePromiseFromHandler (http://localhost:45665/__cypress/runner/cypress_runner.js:165351:31)\n    at Promise._settlePromise (http://localhost:45665/__cypress/runner/cypress_runner.js:165408:18)\n    at Promise._settlePromise0 (http://localhost:45665/__cypress/runner/cypress_runner.js:165453:10)\n    at Promise._settlePromises (http://localhost:45665/__cypress/runner/cypress_runner.js:165528:18)\n    at Async../node_modules/bluebird/js/release/async.js.Async._drainQueue (http://localhost:45665/__cypress/runner/cypress_runner.js:162140:16)\n    at Async../node_modules/bluebird/js/release/async.js.Async._drainQueues (http://localhost:45665/__cypress/runner/cypress_runner.js:162150:10)\n    at Async.drainQueues (http://localhost:45665/__cypress/runner/cypress_runner.js:162024:14)",
                "diff": null
              },
              "uuid": "e15ffde2-7429-446e-ad7c-5e321d0689c0",
              "parentUUID": "440e4268-d64b-4041-8409-ecf98e9d0081",
              "isHook": false,
              "skipped": false
            }
          ],
          "suites": [],
          "passes": [],
          "failures": [
            "3a07b4e4-2d6f-42de-84ed-7b440d8e3a6e",
            "e15ffde2-7429-446e-ad7c-5e321d0689c0"
          ],
          "pending": [],
          "skipped": [],
          "duration": 8462,
          "root": false,
          "rootEmpty": false,
          "_timeout": 2000
        },
        {
          "uuid": "3f3389e9-8585-4232-9aca-3c523ce66165",
          "title": "7 - Clicar em uma das cores da paleta, faz com que ela seja selecionada e utilizada para preencher os pixels no quadro.",
          "fullFile": "",
          "file": "",
          "beforeHooks": [],
          "afterHooks": [],
          "tests": [
            {
              "title": "Verifica se somente uma cor da paleta de cores tem a classe `selected` de cada vez",
              "fullTitle": "7 - Clicar em uma das cores da paleta, faz com que ela seja selecionada e utilizada para preencher os pixels no quadro. Verifica se somente uma cor da paleta de cores tem a classe `selected` de cada vez",
              "timedOut": null,
              "duration": 4223,
              "state": "failed",
              "speed": null,
              "pass": false,
              "fail": true,
              "pending": false,
              "context": null,
              "code": "cy.get('.color').each(function (selectedColor, selectedColorIndex) {\n  cy.wrap(selectedColor).click();\n  cy.get('.color').each(function (color, colorIndex) {\n    if (colorIndex === selectedColorIndex) {\n      expect(color).to.have[\"class\"]('selected');\n    } else {\n      expect(color).not.to.have[\"class\"]('selected');\n    }\n  });\n});",
              "err": {
                "message": "CypressError: Timed out retrying: Expected to find element: '.color', but never found it.",
                "estack": "CypressError: Timed out retrying: Expected to find element: '.color', but never found it.\n    at cypressErr (http://localhost:45665/__cypress/runner/cypress_runner.js:149934:9)\n    at throwErr (http://localhost:45665/__cypress/runner/cypress_runner.js:149867:11)\n    at Object.throwErrByPath (http://localhost:45665/__cypress/runner/cypress_runner.js:149915:3)\n    at retry (http://localhost:45665/__cypress/runner/cypress_runner.js:144197:19)\n    at onFailFn (http://localhost:45665/__cypress/runner/cypress_runner.js:132448:16)\n    at tryCatcher (http://localhost:45665/__cypress/runner/cypress_runner.js:167415:23)\n    at Promise._settlePromiseFromHandler (http://localhost:45665/__cypress/runner/cypress_runner.js:165351:31)\n    at Promise._settlePromise (http://localhost:45665/__cypress/runner/cypress_runner.js:165408:18)\n    at Promise._settlePromise0 (http://localhost:45665/__cypress/runner/cypress_runner.js:165453:10)\n    at Promise._settlePromises (http://localhost:45665/__cypress/runner/cypress_runner.js:165528:18)\n    at Async../node_modules/bluebird/js/release/async.js.Async._drainQueue (http://localhost:45665/__cypress/runner/cypress_runner.js:162140:16)\n    at Async../node_modules/bluebird/js/release/async.js.Async._drainQueues (http://localhost:45665/__cypress/runner/cypress_runner.js:162150:10)\n    at Async.drainQueues (http://localhost:45665/__cypress/runner/cypress_runner.js:162024:14)",
                "diff": null
              },
              "uuid": "4668dee4-a227-48cd-bb6a-a10e49d71c5a",
              "parentUUID": "3f3389e9-8585-4232-9aca-3c523ce66165",
              "isHook": false,
              "skipped": false
            },
            {
              "title": "Verifica se os pixels dentro do quadro não têm a classe `selected` quando são clicados",
              "fullTitle": "7 - Clicar em uma das cores da paleta, faz com que ela seja selecionada e utilizada para preencher os pixels no quadro. Verifica se os pixels dentro do quadro não têm a classe `selected` quando são clicados",
              "timedOut": null,
              "duration": 4217,
              "state": "failed",
              "speed": null,
              "pass": false,
              "fail": true,
              "pending": false,
              "context": null,
              "code": "cy.get('.color').each(function (color) {\n  var backgroundColor = color.css('background-color');\n  cy.wrap(color).click();\n  cy.get('.pixel').each(function (pixel) {\n    cy.wrap(pixel).click().should('not.have.class', 'selected');\n  });\n});",
              "err": {
                "message": "CypressError: Timed out retrying: Expected to find element: '.color', but never found it.",
                "estack": "CypressError: Timed out retrying: Expected to find element: '.color', but never found it.\n    at cypressErr (http://localhost:45665/__cypress/runner/cypress_runner.js:149934:9)\n    at throwErr (http://localhost:45665/__cypress/runner/cypress_runner.js:149867:11)\n    at Object.throwErrByPath (http://localhost:45665/__cypress/runner/cypress_runner.js:149915:3)\n    at retry (http://localhost:45665/__cypress/runner/cypress_runner.js:144197:19)\n    at onFailFn (http://localhost:45665/__cypress/runner/cypress_runner.js:132448:16)\n    at tryCatcher (http://localhost:45665/__cypress/runner/cypress_runner.js:167415:23)\n    at Promise._settlePromiseFromHandler (http://localhost:45665/__cypress/runner/cypress_runner.js:165351:31)\n    at Promise._settlePromise (http://localhost:45665/__cypress/runner/cypress_runner.js:165408:18)\n    at Promise._settlePromise0 (http://localhost:45665/__cypress/runner/cypress_runner.js:165453:10)\n    at Promise._settlePromises (http://localhost:45665/__cypress/runner/cypress_runner.js:165528:18)\n    at Async../node_modules/bluebird/js/release/async.js.Async._drainQueue (http://localhost:45665/__cypress/runner/cypress_runner.js:162140:16)\n    at Async../node_modules/bluebird/js/release/async.js.Async._drainQueues (http://localhost:45665/__cypress/runner/cypress_runner.js:162150:10)\n    at Async.drainQueues (http://localhost:45665/__cypress/runner/cypress_runner.js:162024:14)",
                "diff": null
              },
              "uuid": "03e1c99a-a694-474b-a778-1bed5836597a",
              "parentUUID": "3f3389e9-8585-4232-9aca-3c523ce66165",
              "isHook": false,
              "skipped": false
            }
          ],
          "suites": [],
          "passes": [],
          "failures": [
            "4668dee4-a227-48cd-bb6a-a10e49d71c5a",
            "03e1c99a-a694-474b-a778-1bed5836597a"
          ],
          "pending": [],
          "skipped": [],
          "duration": 8440,
          "root": false,
          "rootEmpty": false,
          "_timeout": 2000
        },
        {
          "uuid": "bd4522c3-06a5-44a8-b216-0a1a9a1286e7",
          "title": "8 - Clicar em um pixel dentro do quadro após selecionar uma cor na paleta, faz com que o pixel seja preenchido com a cor selecionada.",
          "fullFile": "",
          "file": "",
          "beforeHooks": [],
          "afterHooks": [],
          "tests": [
            {
              "title": "Verifica se ao carregar a página deve ser possível pintar os pixels de preto",
              "fullTitle": "8 - Clicar em um pixel dentro do quadro após selecionar uma cor na paleta, faz com que o pixel seja preenchido com a cor selecionada. Verifica se ao carregar a página deve ser possível pintar os pixels de preto",
              "timedOut": null,
              "duration": 4199,
              "state": "failed",
              "speed": null,
              "pass": false,
              "fail": true,
              "pending": false,
              "context": null,
              "code": "cy.get('.pixel').each(function (pixel) {\n  cy.wrap(pixel).click().should('have.css', 'background-color', BLACK);\n});",
              "err": {
                "message": "CypressError: Timed out retrying: Expected to find element: '.pixel', but never found it.",
                "estack": "CypressError: Timed out retrying: Expected to find element: '.pixel', but never found it.\n    at cypressErr (http://localhost:45665/__cypress/runner/cypress_runner.js:149934:9)\n    at throwErr (http://localhost:45665/__cypress/runner/cypress_runner.js:149867:11)\n    at Object.throwErrByPath (http://localhost:45665/__cypress/runner/cypress_runner.js:149915:3)\n    at retry (http://localhost:45665/__cypress/runner/cypress_runner.js:144197:19)\n    at onFailFn (http://localhost:45665/__cypress/runner/cypress_runner.js:132448:16)\n    at tryCatcher (http://localhost:45665/__cypress/runner/cypress_runner.js:167415:23)\n    at Promise._settlePromiseFromHandler (http://localhost:45665/__cypress/runner/cypress_runner.js:165351:31)\n    at Promise._settlePromise (http://localhost:45665/__cypress/runner/cypress_runner.js:165408:18)\n    at Promise._settlePromise0 (http://localhost:45665/__cypress/runner/cypress_runner.js:165453:10)\n    at Promise._settlePromises (http://localhost:45665/__cypress/runner/cypress_runner.js:165528:18)\n    at Async../node_modules/bluebird/js/release/async.js.Async._drainQueue (http://localhost:45665/__cypress/runner/cypress_runner.js:162140:16)\n    at Async../node_modules/bluebird/js/release/async.js.Async._drainQueues (http://localhost:45665/__cypress/runner/cypress_runner.js:162150:10)\n    at Async.drainQueues (http://localhost:45665/__cypress/runner/cypress_runner.js:162024:14)",
                "diff": null
              },
              "uuid": "650ffb91-f148-440f-a642-819612fb5a1f",
              "parentUUID": "bd4522c3-06a5-44a8-b216-0a1a9a1286e7",
              "isHook": false,
              "skipped": false
            },
            {
              "title": "Verifica se após selecionar uma outra cor na paleta, é possível pintar os pixels com essa cor",
              "fullTitle": "8 - Clicar em um pixel dentro do quadro após selecionar uma cor na paleta, faz com que o pixel seja preenchido com a cor selecionada. Verifica se após selecionar uma outra cor na paleta, é possível pintar os pixels com essa cor",
              "timedOut": null,
              "duration": 4227,
              "state": "failed",
              "speed": null,
              "pass": false,
              "fail": true,
              "pending": false,
              "context": null,
              "code": "cy.get('.color').each(function (color) {\n  var backgroundColor = color.css('background-color');\n  cy.wrap(color).click();\n  cy.get('.pixel').each(function (pixel) {\n    cy.wrap(pixel).click().should('have.css', 'background-color', backgroundColor);\n  });\n});",
              "err": {
                "message": "CypressError: Timed out retrying: Expected to find element: '.color', but never found it.",
                "estack": "CypressError: Timed out retrying: Expected to find element: '.color', but never found it.\n    at cypressErr (http://localhost:45665/__cypress/runner/cypress_runner.js:149934:9)\n    at throwErr (http://localhost:45665/__cypress/runner/cypress_runner.js:149867:11)\n    at Object.throwErrByPath (http://localhost:45665/__cypress/runner/cypress_runner.js:149915:3)\n    at retry (http://localhost:45665/__cypress/runner/cypress_runner.js:144197:19)\n    at onFailFn (http://localhost:45665/__cypress/runner/cypress_runner.js:132448:16)\n    at tryCatcher (http://localhost:45665/__cypress/runner/cypress_runner.js:167415:23)\n    at Promise._settlePromiseFromHandler (http://localhost:45665/__cypress/runner/cypress_runner.js:165351:31)\n    at Promise._settlePromise (http://localhost:45665/__cypress/runner/cypress_runner.js:165408:18)\n    at Promise._settlePromise0 (http://localhost:45665/__cypress/runner/cypress_runner.js:165453:10)\n    at Promise._settlePromises (http://localhost:45665/__cypress/runner/cypress_runner.js:165528:18)\n    at Async../node_modules/bluebird/js/release/async.js.Async._drainQueue (http://localhost:45665/__cypress/runner/cypress_runner.js:162140:16)\n    at Async../node_modules/bluebird/js/release/async.js.Async._drainQueues (http://localhost:45665/__cypress/runner/cypress_runner.js:162150:10)\n    at Async.drainQueues (http://localhost:45665/__cypress/runner/cypress_runner.js:162024:14)",
                "diff": null
              },
              "uuid": "626eb6ee-49fe-4180-af51-87b58607f32a",
              "parentUUID": "bd4522c3-06a5-44a8-b216-0a1a9a1286e7",
              "isHook": false,
              "skipped": false
            },
            {
              "title": "Verifica se somente o pixel que foi clicado foi preenchido com a cor selecionada, sem influenciar na cor dos demais pixels.",
              "fullTitle": "8 - Clicar em um pixel dentro do quadro após selecionar uma cor na paleta, faz com que o pixel seja preenchido com a cor selecionada. Verifica se somente o pixel que foi clicado foi preenchido com a cor selecionada, sem influenciar na cor dos demais pixels.",
              "timedOut": null,
              "duration": 4207,
              "state": "failed",
              "speed": null,
              "pass": false,
              "fail": true,
              "pending": false,
              "context": null,
              "code": "var colorToPixelIndexMap = {\n  0: 6,\n  1: 8,\n  2: 16,\n  3: 18\n};\ncy.get('.color').each(function (color, index) {\n  cy.wrap(color).click();\n  var backgroundColor = color.css('background-color');\n  var clickedPixelIndex = colorToPixelIndexMap[index];\n  cy.get('.pixel').eq(clickedPixelIndex).click();\n  cy.get('.pixel').eq(clickedPixelIndex - 1).should('not.have.css', 'background-color', backgroundColor);\n  cy.get('.pixel').eq(clickedPixelIndex + 1).should('not.have.css', 'background-color', backgroundColor);\n  cy.get('.pixel').eq(clickedPixelIndex - 5).should('not.have.css', 'background-color', backgroundColor);\n  cy.get('.pixel').eq(clickedPixelIndex + 5).should('not.have.css', 'background-color', backgroundColor);\n  cy.get('.pixel').eq(clickedPixelIndex - 6).should('not.have.css', 'background-color', backgroundColor);\n  cy.get('.pixel').eq(clickedPixelIndex - 4).should('not.have.css', 'background-color', backgroundColor);\n  cy.get('.pixel').eq(clickedPixelIndex + 4).should('not.have.css', 'background-color', backgroundColor);\n  cy.get('.pixel').eq(clickedPixelIndex + 6).should('not.have.css', 'background-color', backgroundColor);\n});",
              "err": {
                "message": "CypressError: Timed out retrying: Expected to find element: '.color', but never found it.",
                "estack": "CypressError: Timed out retrying: Expected to find element: '.color', but never found it.\n    at cypressErr (http://localhost:45665/__cypress/runner/cypress_runner.js:149934:9)\n    at throwErr (http://localhost:45665/__cypress/runner/cypress_runner.js:149867:11)\n    at Object.throwErrByPath (http://localhost:45665/__cypress/runner/cypress_runner.js:149915:3)\n    at retry (http://localhost:45665/__cypress/runner/cypress_runner.js:144197:19)\n    at onFailFn (http://localhost:45665/__cypress/runner/cypress_runner.js:132448:16)\n    at tryCatcher (http://localhost:45665/__cypress/runner/cypress_runner.js:167415:23)\n    at Promise._settlePromiseFromHandler (http://localhost:45665/__cypress/runner/cypress_runner.js:165351:31)\n    at Promise._settlePromise (http://localhost:45665/__cypress/runner/cypress_runner.js:165408:18)\n    at Promise._settlePromise0 (http://localhost:45665/__cypress/runner/cypress_runner.js:165453:10)\n    at Promise._settlePromises (http://localhost:45665/__cypress/runner/cypress_runner.js:165528:18)\n    at Async../node_modules/bluebird/js/release/async.js.Async._drainQueue (http://localhost:45665/__cypress/runner/cypress_runner.js:162140:16)\n    at Async../node_modules/bluebird/js/release/async.js.Async._drainQueues (http://localhost:45665/__cypress/runner/cypress_runner.js:162150:10)\n    at Async.drainQueues (http://localhost:45665/__cypress/runner/cypress_runner.js:162024:14)",
                "diff": null
              },
              "uuid": "e2c5eb78-aaeb-4d38-9a4e-99319a033593",
              "parentUUID": "bd4522c3-06a5-44a8-b216-0a1a9a1286e7",
              "isHook": false,
              "skipped": false
            }
          ],
          "suites": [],
          "passes": [],
          "failures": [
            "650ffb91-f148-440f-a642-819612fb5a1f",
            "626eb6ee-49fe-4180-af51-87b58607f32a",
            "e2c5eb78-aaeb-4d38-9a4e-99319a033593"
          ],
          "pending": [],
          "skipped": [],
          "duration": 12633,
          "root": false,
          "rootEmpty": false,
          "_timeout": 2000
        },
        {
          "uuid": "209d331d-e235-4cf9-b7f1-d49651d68f43",
          "title": "9 - Crie um botão que, ao ser clicado, limpa o quadro preenchendo a cor de todos seus pixels com branco.",
          "fullFile": "",
          "file": "",
          "beforeHooks": [],
          "afterHooks": [],
          "tests": [
            {
              "title": "Verifica se o botão tem o `id` denominado `clear-board`",
              "fullTitle": "9 - Crie um botão que, ao ser clicado, limpa o quadro preenchendo a cor de todos seus pixels com branco. Verifica se o botão tem o `id` denominado `clear-board`",
              "timedOut": null,
              "duration": 4204,
              "state": "failed",
              "speed": null,
              "pass": false,
              "fail": true,
              "pending": false,
              "context": null,
              "code": "cy.get('#clear-board').should('be.visible');",
              "err": {
                "message": "CypressError: Timed out retrying: Expected to find element: '#clear-board', but never found it.",
                "estack": "CypressError: Timed out retrying: Expected to find element: '#clear-board', but never found it.\n    at cypressErr (http://localhost:45665/__cypress/runner/cypress_runner.js:149934:9)\n    at throwErr (http://localhost:45665/__cypress/runner/cypress_runner.js:149867:11)\n    at Object.throwErrByPath (http://localhost:45665/__cypress/runner/cypress_runner.js:149915:3)\n    at retry (http://localhost:45665/__cypress/runner/cypress_runner.js:144197:19)\n    at onFailFn (http://localhost:45665/__cypress/runner/cypress_runner.js:132448:16)\n    at tryCatcher (http://localhost:45665/__cypress/runner/cypress_runner.js:167415:23)\n    at Promise._settlePromiseFromHandler (http://localhost:45665/__cypress/runner/cypress_runner.js:165351:31)\n    at Promise._settlePromise (http://localhost:45665/__cypress/runner/cypress_runner.js:165408:18)\n    at Promise._settlePromise0 (http://localhost:45665/__cypress/runner/cypress_runner.js:165453:10)\n    at Promise._settlePromises (http://localhost:45665/__cypress/runner/cypress_runner.js:165528:18)\n    at Async../node_modules/bluebird/js/release/async.js.Async._drainQueue (http://localhost:45665/__cypress/runner/cypress_runner.js:162140:16)\n    at Async../node_modules/bluebird/js/release/async.js.Async._drainQueues (http://localhost:45665/__cypress/runner/cypress_runner.js:162150:10)\n    at Async.drainQueues (http://localhost:45665/__cypress/runner/cypress_runner.js:162024:14)",
                "diff": null
              },
              "uuid": "adaba1f1-3e5d-45d3-865f-bc778061ee42",
              "parentUUID": "209d331d-e235-4cf9-b7f1-d49651d68f43",
              "isHook": false,
              "skipped": false
            },
            {
              "title": "Verifica se o botão está posicionado entre a paleta de cores e o quadro de pixels",
              "fullTitle": "9 - Crie um botão que, ao ser clicado, limpa o quadro preenchendo a cor de todos seus pixels com branco. Verifica se o botão está posicionado entre a paleta de cores e o quadro de pixels",
              "timedOut": null,
              "duration": 4195,
              "state": "failed",
              "speed": null,
              "pass": false,
              "fail": true,
              "pending": false,
              "context": null,
              "code": "cy.get('#color-palette').then(function (palette) {\n  cy.get('#clear-board').should('be.belowOf', palette);\n});\ncy.get('#clear-board').then(function (clearBtn) {\n  cy.get('#pixel-board').should('be.belowOf', clearBtn);\n});",
              "err": {
                "message": "CypressError: Timed out retrying: Expected to find element: '#color-palette', but never found it.",
                "estack": "CypressError: Timed out retrying: Expected to find element: '#color-palette', but never found it.\n    at cypressErr (http://localhost:45665/__cypress/runner/cypress_runner.js:149934:9)\n    at throwErr (http://localhost:45665/__cypress/runner/cypress_runner.js:149867:11)\n    at Object.throwErrByPath (http://localhost:45665/__cypress/runner/cypress_runner.js:149915:3)\n    at retry (http://localhost:45665/__cypress/runner/cypress_runner.js:144197:19)\n    at onFailFn (http://localhost:45665/__cypress/runner/cypress_runner.js:132448:16)\n    at tryCatcher (http://localhost:45665/__cypress/runner/cypress_runner.js:167415:23)\n    at Promise._settlePromiseFromHandler (http://localhost:45665/__cypress/runner/cypress_runner.js:165351:31)\n    at Promise._settlePromise (http://localhost:45665/__cypress/runner/cypress_runner.js:165408:18)\n    at Promise._settlePromise0 (http://localhost:45665/__cypress/runner/cypress_runner.js:165453:10)\n    at Promise._settlePromises (http://localhost:45665/__cypress/runner/cypress_runner.js:165528:18)\n    at Async../node_modules/bluebird/js/release/async.js.Async._drainQueue (http://localhost:45665/__cypress/runner/cypress_runner.js:162140:16)\n    at Async../node_modules/bluebird/js/release/async.js.Async._drainQueues (http://localhost:45665/__cypress/runner/cypress_runner.js:162150:10)\n    at Async.drainQueues (http://localhost:45665/__cypress/runner/cypress_runner.js:162024:14)",
                "diff": null
              },
              "uuid": "b9aa1a92-7240-4d5b-98a7-690306b9101e",
              "parentUUID": "209d331d-e235-4cf9-b7f1-d49651d68f43",
              "isHook": false,
              "skipped": false
            },
            {
              "title": "Verifica se o texto do botão é 'Limpar'",
              "fullTitle": "9 - Crie um botão que, ao ser clicado, limpa o quadro preenchendo a cor de todos seus pixels com branco. Verifica se o texto do botão é 'Limpar'",
              "timedOut": null,
              "duration": 4196,
              "state": "failed",
              "speed": null,
              "pass": false,
              "fail": true,
              "pending": false,
              "context": null,
              "code": "cy.get('#clear-board').should('contain.text', 'Limpar');",
              "err": {
                "message": "CypressError: Timed out retrying: Expected to find element: '#clear-board', but never found it.",
                "estack": "CypressError: Timed out retrying: Expected to find element: '#clear-board', but never found it.\n    at cypressErr (http://localhost:45665/__cypress/runner/cypress_runner.js:149934:9)\n    at throwErr (http://localhost:45665/__cypress/runner/cypress_runner.js:149867:11)\n    at Object.throwErrByPath (http://localhost:45665/__cypress/runner/cypress_runner.js:149915:3)\n    at retry (http://localhost:45665/__cypress/runner/cypress_runner.js:144197:19)\n    at onFailFn (http://localhost:45665/__cypress/runner/cypress_runner.js:132448:16)\n    at tryCatcher (http://localhost:45665/__cypress/runner/cypress_runner.js:167415:23)\n    at Promise._settlePromiseFromHandler (http://localhost:45665/__cypress/runner/cypress_runner.js:165351:31)\n    at Promise._settlePromise (http://localhost:45665/__cypress/runner/cypress_runner.js:165408:18)\n    at Promise._settlePromise0 (http://localhost:45665/__cypress/runner/cypress_runner.js:165453:10)\n    at Promise._settlePromises (http://localhost:45665/__cypress/runner/cypress_runner.js:165528:18)\n    at Async../node_modules/bluebird/js/release/async.js.Async._drainQueue (http://localhost:45665/__cypress/runner/cypress_runner.js:162140:16)\n    at Async../node_modules/bluebird/js/release/async.js.Async._drainQueues (http://localhost:45665/__cypress/runner/cypress_runner.js:162150:10)\n    at Async.drainQueues (http://localhost:45665/__cypress/runner/cypress_runner.js:162024:14)",
                "diff": null
              },
              "uuid": "346672ee-bb42-44da-8532-4f25a1b9c0d5",
              "parentUUID": "209d331d-e235-4cf9-b7f1-d49651d68f43",
              "isHook": false,
              "skipped": false
            },
            {
              "title": "Verifica se ao clicar no botão, o quadro de pixels é totalmente preenchido de branco",
              "fullTitle": "9 - Crie um botão que, ao ser clicado, limpa o quadro preenchendo a cor de todos seus pixels com branco. Verifica se ao clicar no botão, o quadro de pixels é totalmente preenchido de branco",
              "timedOut": null,
              "duration": 4251,
              "state": "failed",
              "speed": null,
              "pass": false,
              "fail": true,
              "pending": false,
              "context": null,
              "code": "cy.get('.color').eq(1).then(function (color) {\n  var backgroundColor = color.css('background-color');\n  cy.wrap(color).click();\n  cy.get('.pixel').each(function (pixel) {\n    cy.wrap(pixel).click().should('have.css', 'background-color', backgroundColor);\n  });\n});\ncy.get('#clear-board').click();\ncy.get('.pixel').each(function (pixel) {\n  cy.wrap(pixel).should('have.css', 'background-color', WHITE);\n});",
              "err": {
                "message": "CypressError: Timed out retrying: Expected to find element: '.color', but never found it.",
                "estack": "CypressError: Timed out retrying: Expected to find element: '.color', but never found it.\n    at cypressErr (http://localhost:45665/__cypress/runner/cypress_runner.js:149934:9)\n    at throwErr (http://localhost:45665/__cypress/runner/cypress_runner.js:149867:11)\n    at Object.throwErrByPath (http://localhost:45665/__cypress/runner/cypress_runner.js:149915:3)\n    at retry (http://localhost:45665/__cypress/runner/cypress_runner.js:144197:19)\n    at onFailFn (http://localhost:45665/__cypress/runner/cypress_runner.js:132448:16)\n    at tryCatcher (http://localhost:45665/__cypress/runner/cypress_runner.js:167415:23)\n    at Promise._settlePromiseFromHandler (http://localhost:45665/__cypress/runner/cypress_runner.js:165351:31)\n    at Promise._settlePromise (http://localhost:45665/__cypress/runner/cypress_runner.js:165408:18)\n    at Promise._settlePromise0 (http://localhost:45665/__cypress/runner/cypress_runner.js:165453:10)\n    at Promise._settlePromises (http://localhost:45665/__cypress/runner/cypress_runner.js:165528:18)\n    at Async../node_modules/bluebird/js/release/async.js.Async._drainQueue (http://localhost:45665/__cypress/runner/cypress_runner.js:162140:16)\n    at Async../node_modules/bluebird/js/release/async.js.Async._drainQueues (http://localhost:45665/__cypress/runner/cypress_runner.js:162150:10)\n    at Async.drainQueues (http://localhost:45665/__cypress/runner/cypress_runner.js:162024:14)",
                "diff": null
              },
              "uuid": "ffe835e0-47c6-4760-9dbb-947f74ab9178",
              "parentUUID": "209d331d-e235-4cf9-b7f1-d49651d68f43",
              "isHook": false,
              "skipped": false
            }
          ],
          "suites": [],
          "passes": [],
          "failures": [
            "adaba1f1-3e5d-45d3-865f-bc778061ee42",
            "b9aa1a92-7240-4d5b-98a7-690306b9101e",
            "346672ee-bb42-44da-8532-4f25a1b9c0d5",
            "ffe835e0-47c6-4760-9dbb-947f74ab9178"
          ],
          "pending": [],
          "skipped": [],
          "duration": 16846,
          "root": false,
          "rootEmpty": false,
          "_timeout": 2000
        },
        {
          "uuid": "ebdee79a-fcb0-4a4e-8563-9461b2e9c4c9",
          "title": "10 - Faça o quadro de pixels ter seu tamanho definido pelo usuário.",
          "fullFile": "",
          "file": "",
          "beforeHooks": [],
          "afterHooks": [],
          "tests": [
            {
              "title": "Verifica se existe um input com o id `board-size`",
              "fullTitle": "10 - Faça o quadro de pixels ter seu tamanho definido pelo usuário. Verifica se existe um input com o id `board-size`",
              "timedOut": null,
              "duration": 4299,
              "state": "failed",
              "speed": null,
              "pass": false,
              "fail": true,
              "pending": false,
              "context": null,
              "code": "cy.get('#board-size').should('be.visible');",
              "err": {
                "message": "CypressError: Timed out retrying: Expected to find element: '#board-size', but never found it.",
[...]
                "diff": null
              },
              "uuid": "7cc94205-7201-4b42-bbf2-72bbbf2ef6e5",
              "parentUUID": "ebdee79a-fcb0-4a4e-8563-9461b2e9c4c9",
              "isHook": false,
              "skipped": false
            },
            {
              "title": "Verifica se o novo quadro tem todos os pixels preenchidos com a cor branca",
              "fullTitle": "10 - Faça o quadro de pixels ter seu tamanho definido pelo usuário. Verifica se o novo quadro tem todos os pixels preenchidos com a cor branca",
              "timedOut": null,
              "duration": 4267,
              "state": "failed",
              "speed": null,
              "pass": false,
              "fail": true,
              "pending": false,
              "context": null,
              "code": "cy.get('#board-size').clear().type(6);\ncy.get('#generate-board').click();\ncy.get('.pixel').should('have.length', 36).each(function (pixel) {\n  expect(pixel).to.have.css('background-color', WHITE);\n});",
              "err": {
                "message": "CypressError: Timed out retrying: Expected to find element: '#board-size', but never found it.",
                "estack": "CypressError: Timed out retrying: Expected to find element: '#board-size', but never found it.\n    at cypressErr (http://localhost:45665/__cypress/runner/cypress_runner.js:149934:9)\n    at throwErr (http://localhost:45665/__cypress/runner/cypress_runner.js:149867:11)\n    at Object.throwErrByPath (http://localhost:45665/__cypress/runner/cypress_runner.js:149915:3)\n    at retry (http://localhost:45665/__cypress/runner/cypress_runner.js:144197:19)\n    at onFailFn (http://localhost:45665/__cypress/runner/cypress_runner.js:132448:16)\n    at tryCatcher (http://localhost:45665/__cypress/runner/cypress_runner.js:167415:23)\n    at Promise._settlePromiseFromHandler (http://localhost:45665/__cypress/runner/cypress_runner.js:165351:31)\n    at Promise._settlePromise (http://localhost:45665/__cypress/runner/cypress_runner.js:165408:18)\n    at Promise._settlePromise0 (http://localhost:45665/__cypress/runner/cypress_runner.js:165453:10)\n    at Promise._settlePromises (http://localhost:45665/__cypress/runner/cypress_runner.js:165528:18)\n    at Async../node_modules/bluebird/js/release/async.js.Async._drainQueue (http://localhost:45665/__cypress/runner/cypress_runner.js:162140:16)\n    at Async../node_modules/bluebird/js/release/async.js.Async._drainQueues (http://localhost:45665/__cypress/runner/cypress_runner.js:162150:10)\n    at Async.drainQueues (http://localhost:45665/__cypress/runner/cypress_runner.js:162024:14)",
                "diff": null
              },
              "uuid": "2878e117-1914-4660-8626-d532d1c42642",
              "parentUUID": "ebdee79a-fcb0-4a4e-8563-9461b2e9c4c9",
              "isHook": false,
              "skipped": false
            }
          ],
          "suites": [],
          "passes": [],
          "failures": [
            "c2ad7448-1b36-4b0a-861c-62c78cf740aa",
            "c395ebed-d4f9-4737-83b1-7a6a6e816217",
            "cb5330e0-0c26-479d-afbd-8a12c10e1f15",
            "faa501bd-cb05-4488-ac04-b83af3d3d50b",
            "059d457b-3849-4fad-ab3d-7d8a78a5158c",
            "eff7d708-7e1b-4407-898d-4b917cad5bce",
            "d85cdde3-c73c-4e5f-b276-1e5e7fb15a22",
            "7cc94205-7201-4b42-bbf2-72bbbf2ef6e5",
            "2878e117-1914-4660-8626-d532d1c42642"
          ],
          "pending": [],
          "skipped": [],
          "duration": 38396,
          "root": false,
          "rootEmpty": false,
          "_timeout": 2000
        },
        {
          "uuid": "c12970a8-fde6-4286-bc6a-78769efe0a84",
          "title": "11 - Limite o tamanho mínimo e máximo do board.",
          "fullFile": "",
          "file": "",
          "beforeHooks": [],
          "afterHooks": [],
          "tests": [
            {
              "title": "Verifica se a altura máxima do board é 50",
              "fullTitle": "11 - Limite o tamanho mínimo e máximo do board. Verifica se a altura máxima do board é 50",
              "timedOut": null,
              "duration": 4271,
              "state": "failed",
              "speed": null,
              "pass": false,
              "fail": true,
              "pending": false,
              "context": null,
              "code": "cy.get('#board-size').clear().type(50);\ncy.get('#generate-board').click();\ncy.get('.pixel').should('have.length', 2500);",
              "err": {
                "message": "CypressError: Timed out retrying: Expected to find element: '#board-size', but never found it.",
                "estack": "CypressError: Timed out retrying: Expected to find element: '#board-size', but never found it.\n    at cypressErr (http://localhost:45665/__cypress/runner/cypress_runner.js:149934:9)\n    at throwErr (http://localhost:45665/__cypress/runner/cypress_runner.js:149867:11)\n    at Object.throwErrByPath (http://localhost:45665/__cypress/runner/cypress_runner.js:149915:3)\n    at retry (http://localhost:45665/__cypress/runner/cypress_runner.js:144197:19)\n    at onFailFn (http://localhost:45665/__cypress/runner/cypress_runner.js:132448:16)\n    at tryCatcher (http://localhost:45665/__cypress/runner/cypress_runner.js:167415:23)\n    at Promise._settlePromiseFromHandler (http://localhost:45665/__cypress/runner/cypress_runner.js:165351:31)\n    at Promise._settlePromise (http://localhost:45665/__cypress/runner/cypress_runner.js:165408:18)\n    at Promise._settlePromise0 (http://localhost:45665/__cypress/runner/cypress_runner.js:165453:10)\n    at Promise._settlePromises (http://localhost:45665/__cypress/runner/cypress_runner.js:165528:18)\n    at Async../node_modules/bluebird/js/release/async.js.Async._drainQueue (http://localhost:45665/__cypress/runner/cypress_runner.js:162140:16)\n    at Async../node_modules/bluebird/js/release/async.js.Async._drainQueues (http://localhost:45665/__cypress/runner/cypress_runner.js:162150:10)\n    at Async.drainQueues (http://localhost:45665/__cypress/runner/cypress_runner.js:162024:14)",
                "diff": null
              },
              "uuid": "8ae0802d-b29d-4b1b-862b-e1e7181c4e14",
              "parentUUID": "c12970a8-fde6-4286-bc6a-78769efe0a84",
              "isHook": false,
              "skipped": false
            },
            {
              "title": "Verifica se a altura do board é 5 quando um valor menor é colocado no input",
              "fullTitle": "11 - Limite o tamanho mínimo e máximo do board. Verifica se a altura do board é 5 quando um valor menor é colocado no input",
              "timedOut": null,
              "duration": 4231,
              "state": "failed",
              "speed": null,
              "pass": false,
              "fail": true,
              "pending": false,
              "context": null,
              "code": "cy.get('#board-size').clear().type(4);\ncy.get('#generate-board').click();\ncy.get('.pixel').should('have.length', 25);",
              "err": {
                "message": "CypressError: Timed out retrying: Expected to find element: '#board-size', but never found it.",
                "estack": "CypressError: Timed out retrying: Expected to find element: '#board-size', but never found it.\n    at cypressErr (http://localhost:45665/__cypress/runner/cypress_runner.js:149934:9)\n    at throwErr (http://localhost:45665/__cypress/runner/cypress_runner.js:149867:11)\n    at Object.throwErrByPath (http://localhost:45665/__cypress/runner/cypress_runner.js:149915:3)\n    at retry (http://localhost:45665/__cypress/runner/cypress_runner.js:144197:19)\n    at onFailFn (http://localhost:45665/__cypress/runner/cypress_runner.js:132448:16)\n    at tryCatcher (http://localhost:45665/__cypress/runner/cypress_runner.js:167415:23)\n    at Promise._settlePromiseFromHandler (http://localhost:45665/__cypress/runner/cypress_runner.js:165351:31)\n    at Promise._settlePromise (http://localhost:45665/__cypress/runner/cypress_runner.js:165408:18)\n    at Promise._settlePromise0 (http://localhost:45665/__cypress/runner/cypress_runner.js:165453:10)\n    at Promise._settlePromises (http://localhost:45665/__cypress/runner/cypress_runner.js:165528:18)\n    at Async../node_modules/bluebird/js/release/async.js.Async._drainQueue (http://localhost:45665/__cypress/runner/cypress_runner.js:162140:16)\n    at Async../node_modules/bluebird/js/release/async.js.Async._drainQueues (http://localhost:45665/__cypress/runner/cypress_runner.js:162150:10)\n    at Async.drainQueues (http://localhost:45665/__cypress/runner/cypress_runner.js:162024:14)",
                "diff": null
              },
              "uuid": "cc5743c8-254d-4b69-a6f7-1f0ca1a1bc04",
              "parentUUID": "c12970a8-fde6-4286-bc6a-78769efe0a84",
              "isHook": false,
              "skipped": false
            },
            {
              "title": "Verifica se a altura do board é 50 quando um valor maior é colocado no input",
              "fullTitle": "11 - Limite o tamanho mínimo e máximo do board. Verifica se a altura do board é 50 quando um valor maior é colocado no input",
              "timedOut": null,
              "duration": 4242,
              "state": "failed",
              "speed": null,
              "pass": false,
              "fail": true,
              "pending": false,
              "context": null,
              "code": "cy.get('#board-size').clear().type(51);\ncy.get('#generate-board').click();\ncy.get('.pixel').should('have.length', 2500);",
              "err": {
                "message": "CypressError: Timed out retrying: Expected to find element: '#board-size', but never found it.",
                "estack": "CypressError: Timed out retrying: Expected to find element: '#board-size', but never found it.\n    at cypressErr (http://localhost:45665/__cypress/runner/cypress_runner.js:149934:9)\n    at throwErr (http://localhost:45665/__cypress/runner/cypress_runner.js:149867:11)\n    at Object.throwErrByPath (http://localhost:45665/__cypress/runner/cypress_runner.js:149915:3)\n    at retry (http://localhost:45665/__cypress/runner/cypress_runner.js:144197:19)\n    at onFailFn (http://localhost:45665/__cypress/runner/cypress_runner.js:132448:16)\n    at tryCatcher (http://localhost:45665/__cypress/runner/cypress_runner.js:167415:23)\n    at Promise._settlePromiseFromHandler (http://localhost:45665/__cypress/runner/cypress_runner.js:165351:31)\n    at Promise._settlePromise (http://localhost:45665/__cypress/runner/cypress_runner.js:165408:18)\n    at Promise._settlePromise0 (http://localhost:45665/__cypress/runner/cypress_runner.js:165453:10)\n    at Promise._settlePromises (http://localhost:45665/__cypress/runner/cypress_runner.js:165528:18)\n    at Async../node_modules/bluebird/js/release/async.js.Async._drainQueue (http://localhost:45665/__cypress/runner/cypress_runner.js:162140:16)\n    at Async../node_modules/bluebird/js/release/async.js.Async._drainQueues (http://localhost:45665/__cypress/runner/cypress_runner.js:162150:10)\n    at Async.drainQueues (http://localhost:45665/__cypress/runner/cypress_runner.js:162024:14)",
                "diff": null
              },
              "uuid": "7a700e11-05b9-4e96-8230-359ddeffe0ee",
              "parentUUID": "c12970a8-fde6-4286-bc6a-78769efe0a84",
              "isHook": false,
              "skipped": false
            }
          ],
          "suites": [],
          "passes": [],
          "failures": [
            "8ae0802d-b29d-4b1b-862b-e1e7181c4e14",
            "cc5743c8-254d-4b69-a6f7-1f0ca1a1bc04",
            "7a700e11-05b9-4e96-8230-359ddeffe0ee"
          ],
          "pending": [],
          "skipped": [],
          "duration": 12744,
          "root": false,
          "rootEmpty": false,
          "_timeout": 2000
        },
        {
          "uuid": "5bbc3060-391a-4b3a-bd80-a59d9dc1227b",
          "title": "12 - Faça com que as cores da paleta sejam geradas aleatoriamente ao carregar a página.",
          "fullFile": "",
          "file": "",
          "beforeHooks": [],
          "afterHooks": [],
          "tests": [
            {
              "title": "Verifica se as cores geradas na paleta são diferentes a cada carregamento da página",
              "fullTitle": "12 - Faça com que as cores da paleta sejam geradas aleatoriamente ao carregar a página. Verifica se as cores geradas na paleta são diferentes a cada carregamento da página",
              "timedOut": null,
              "duration": 4261,
              "state": "failed",
              "speed": null,
              "pass": false,
              "fail": true,
              "pending": false,
              "context": null,
              "code": "cy.get('.color').then(function (colors) {\n  var currentColors;\n  var previousColors;\n  previousColors = Array.from(colors).map(function (color) {\n    return Cypress.$(color).css('background-color');\n  });\n  for (var i = 0; i < 5; i += 1) {\n    cy.reload();\n    cy.get('.color').then(function (colors) {\n      currentColors = Array.from(colors).map(function (color) {\n        return Cypress.$(color).css('background-color');\n      });\n      expect(currentColors).not.to.deep.equal(previousColors);\n      previousColors = currentColors;\n    });\n  }\n});",
              "err": {
                "message": "CypressError: Timed out retrying: Expected to find element: '.color', but never found it.",
                "estack": "CypressError: Timed out retrying: Expected to find element: '.color', but never found it.\n    at cypressErr (http://localhost:45665/__cypress/runner/cypress_runner.js:149934:9)\n    at throwErr (http://localhost:45665/__cypress/runner/cypress_runner.js:149867:11)\n    at Object.throwErrByPath (http://localhost:45665/__cypress/runner/cypress_runner.js:149915:3)\n    at retry (http://localhost:45665/__cypress/runner/cypress_runner.js:144197:19)\n    at onFailFn (http://localhost:45665/__cypress/runner/cypress_runner.js:132448:16)\n    at tryCatcher (http://localhost:45665/__cypress/runner/cypress_runner.js:167415:23)\n    at Promise._settlePromiseFromHandler (http://localhost:45665/__cypress/runner/cypress_runner.js:165351:31)\n    at Promise._settlePromise (http://localhost:45665/__cypress/runner/cypress_runner.js:165408:18)\n    at Promise._settlePromise0 (http://localhost:45665/__cypress/runner/cypress_runner.js:165453:10)\n    at Promise._settlePromises (http://localhost:45665/__cypress/runner/cypress_runner.js:165528:18)\n    at Async../node_modules/bluebird/js/release/async.js.Async._drainQueue (http://localhost:45665/__cypress/runner/cypress_runner.js:162140:16)\n    at Async../node_modules/bluebird/js/release/async.js.Async._drainQueues (http://localhost:45665/__cypress/runner/cypress_runner.js:162150:10)\n    at Async.drainQueues (http://localhost:45665/__cypress/runner/cypress_runner.js:162024:14)",
                "diff": null
              },
              "uuid": "0fe8b802-09fe-4556-bae1-bac685cbc359",
              "parentUUID": "5bbc3060-391a-4b3a-bd80-a59d9dc1227b",
              "isHook": false,
              "skipped": false
            },
            {
              "title": "Verifica se a cor preta ainda está presente e é a primeira na sua paleta de cores",
              "fullTitle": "12 - Faça com que as cores da paleta sejam geradas aleatoriamente ao carregar a página. Verifica se a cor preta ainda está presente e é a primeira na sua paleta de cores",
              "timedOut": null,
              "duration": 4305,
              "state": "failed",
              "speed": null,
              "pass": false,
              "fail": true,
              "pending": false,
              "context": null,
              "code": "cy.get('.color').then(function (colors) {\n  var currentColors;\n  var previousColors;\n  previousColors = Array.from(colors).map(function (color) {\n    return Cypress.$(color).css('background-color');\n  });\n  expect(previousColors[0]).to.eq(BLACK);\n  for (var i = 0; i < 5; i += 1) {\n    cy.reload();\n    cy.get('.color').then(function (colors) {\n      currentColors = Array.from(colors).map(function (color) {\n        return Cypress.$(color).css('background-color');\n      });\n      expect(currentColors[0]).to.eq(BLACK);\n      expect(currentColors).not.to.deep.equal(previousColors);\n      previousColors = currentColors;\n    });\n  }\n});",
              "err": {
                "message": "CypressError: Timed out retrying: Expected to find element: '.color', but never found it.",
                "estack": "CypressError: Timed out retrying: Expected to find element: '.color', but never found it.\n    at cypressErr (http://localhost:45665/__cypress/runner/cypress_runner.js:149934:9)\n    at throwErr (http://localhost:45665/__cypress/runner/cypress_runner.js:149867:11)\n    at Object.throwErrByPath (http://localhost:45665/__cypress/runner/cypress_runner.js:149915:3)\n    at retry (http://localhost:45665/__cypress/runner/cypress_runner.js:144197:19)\n    at onFailFn (http://localhost:45665/__cypress/runner/cypress_runner.js:132448:16)\n    at tryCatcher (http://localhost:45665/__cypress/runner/cypress_runner.js:167415:23)\n    at Promise._settlePromiseFromHandler (http://localhost:45665/__cypress/runner/cypress_runner.js:165351:31)\n    at Promise._settlePromise (http://localhost:45665/__cypress/runner/cypress_runner.js:165408:18)\n    at Promise._settlePromise0 (http://localhost:45665/__cypress/runner/cypress_runner.js:165453:10)\n    at Promise._settlePromises (http://localhost:45665/__cypress/runner/cypress_runner.js:165528:18)\n    at Async../node_modules/bluebird/js/release/async.js.Async._drainQueue (http://localhost:45665/__cypress/runner/cypress_runner.js:162140:16)\n    at Async../node_modules/bluebird/js/release/async.js.Async._drainQueues (http://localhost:45665/__cypress/runner/cypress_runner.js:162150:10)\n    at Async.drainQueues (http://localhost:45665/__cypress/runner/cypress_runner.js:162024:14)",
                "diff": null
              },
              "uuid": "5e4abc07-5949-471c-be28-f24dbfbaaa0b",
              "parentUUID": "5bbc3060-391a-4b3a-bd80-a59d9dc1227b",
              "isHook": false,
              "skipped": false
            }
          ],
          "suites": [],
          "passes": [],
          "failures": [
            "0fe8b802-09fe-4556-bae1-bac685cbc359",
            "5e4abc07-5949-471c-be28-f24dbfbaaa0b"
          ],
          "pending": [],
          "skipped": [],
          "duration": 8566,
          "root": false,
          "rootEmpty": false,
          "_timeout": 2000
        }
      ],
      "passes": [],
      "failures": [],
      "pending": [],
      "skipped": [],
      "duration": 0,
      "root": true,
      "rootEmpty": true,
      "_timeout": 2000
    }
  ],
  "meta": {
    "mocha": {
      "version": "7.0.1"
    },
    "mochawesome": {
      "options": {
        "quiet": false,
        "reportFilename": "mochawesome",
        "saveHtml": false,
        "saveJson": true,
        "consoleReporter": "spec",
        "useInlineDiffs": false
      },
      "version": "4.1.0"
    },
    "marge": {
      "options": {
        "id": "default",
        "reportDir": "cypress/reports",
        "overwrite": true,
        "html": false,
        "json": true
      },
      "version": "4.1.0"
    }
  }
}