{
  "stats": {
    "suites": 12,
    "tests": 41,
    "passes": 11,
    "pending": 0,
    "failures": 30,
    "start": "2022-07-04T18:18:50.597Z",
    "end": "2022-07-04T18:20:47.806Z",
    "duration": 117209,
    "testsRegistered": 41,
    "passPercent": 26.82926829268293,
    "pendingPercent": 0,
    "other": 0,
    "hasOther": false,
    "skipped": 0,
    "hasSkipped": false
  },
  "results": [
    {
      "uuid": "6e8fea8f-f091-4bde-8e47-d5655c765c32",
      "title": "",
      "fullFile": "cypress/integration/project.spec.js",
      "file": "cypress/integration/project.spec.js",
      "beforeHooks": [],
      "afterHooks": [],
      "tests": [],
      "suites": [
        {
          "uuid": "2bd28326-d61d-4858-a53b-a3eb42439cec",
          "title": "1 - Adicione à página o título \"Paleta de Cores\".",
          "fullFile": "",
          "file": "",
          "beforeHooks": [],
          "afterHooks": [],
          "tests": [
            {
              "title": "Verifica se contém um elemento `h1` com o id `title` com o título correto",
              "fullTitle": "1 - Adicione à página o título \"Paleta de Cores\". Verifica se contém um elemento `h1` com o id `title` com o título correto",
              "timedOut": null,
              "duration": 112,
              "state": "passed",
              "speed": "slow",
              "pass": true,
              "fail": false,
              "pending": false,
              "context": null,
              "code": "cy.get('h1#title').should('contain.text', 'Paleta de Cores');",
              "err": {},
              "uuid": "edc49260-321d-4fee-b5eb-3f541d8123d3",
              "parentUUID": "2bd28326-d61d-4858-a53b-a3eb42439cec",
              "isHook": false,
              "skipped": false
            }
          ],
          "suites": [],
          "passes": [
            "edc49260-321d-4fee-b5eb-3f541d8123d3"
          ],
          "failures": [],
          "pending": [],
          "skipped": [],
          "duration": 112,
          "root": false,
          "rootEmpty": false,
          "_timeout": 2000
        },
        {
          "uuid": "0848fa46-1b6a-4e3a-9084-ab1227c59a0b",
          "title": "2 - Adicione à página uma paleta de quatro cores distintas.",
          "fullFile": "",
          "file": "",
          "beforeHooks": [],
          "afterHooks": [],
          "tests": [
            {
              "title": "A paleta de cores deve ser um elemento com `id` denominado `color-palette` e ter mais de 0px de altura e de largura.",
              "fullTitle": "2 - Adicione à página uma paleta de quatro cores distintas. A paleta de cores deve ser um elemento com `id` denominado `color-palette` e ter mais de 0px de altura e de largura.",
              "timedOut": null,
              "duration": 61,
              "state": "passed",
              "speed": "medium",
              "pass": true,
              "fail": false,
              "pending": false,
              "context": null,
              "code": "cy.get('#color-palette').should('be.visible');\ncy.get('#color-palette').children('.color');",
              "err": {},
              "uuid": "6bd973f8-ad7f-49ca-833f-cdc4c86163b0",
              "parentUUID": "0848fa46-1b6a-4e3a-9084-ab1227c59a0b",
              "isHook": false,
              "skipped": false
            },
            {
              "title": "Verifica se cada cor individual da paleta de cores possui a `classe` chamada `color`.",
              "fullTitle": "2 - Adicione à página uma paleta de quatro cores distintas. Verifica se cada cor individual da paleta de cores possui a `classe` chamada `color`.",
              "timedOut": null,
              "duration": 72,
              "state": "passed",
              "speed": "medium",
              "pass": true,
              "fail": false,
              "pending": false,
              "context": null,
              "code": "cy.get('.color').should('have.length', 4).then(function (colors) {\n  for (var i = 0; i < colors.length; i++) {\n    cy.wrap(colors[i]).should('be.visible');\n  }\n});",
              "err": {},
              "uuid": "cc134edd-b1f4-487a-8960-8250c159c9cd",
              "parentUUID": "0848fa46-1b6a-4e3a-9084-ab1227c59a0b",
              "isHook": false,
              "skipped": false
            },
            {
              "title": "Verifica se a cor de fundo de cada elemento da paleta é a cor que o elemento representa. **A única cor não permitida na paleta é a cor branca.**",
              "fullTitle": "2 - Adicione à página uma paleta de quatro cores distintas. Verifica se a cor de fundo de cada elemento da paleta é a cor que o elemento representa. **A única cor não permitida na paleta é a cor branca.**",
              "timedOut": null,
              "duration": 78,
              "state": "passed",
              "speed": "slow",
              "pass": true,
              "fail": false,
              "pending": false,
              "context": null,
              "code": "cy.get('.color').each(function (color) {\n  cy.wrap(color).should('have.class', 'color').and('not.have.css', 'background-color', WHITE);\n  cy.wrap(color).should('have.css', 'background-color');\n});",
              "err": {},
              "uuid": "985d8fbc-27eb-413d-9d81-bb142c1b9b6c",
              "parentUUID": "0848fa46-1b6a-4e3a-9084-ab1227c59a0b",
              "isHook": false,
              "skipped": false
            },
            {
              "title": "Verifica se cada elemento da paleta de cores tem uma borda preta, sólida e com 1 pixel de largura;",
              "fullTitle": "2 - Adicione à página uma paleta de quatro cores distintas. Verifica se cada elemento da paleta de cores tem uma borda preta, sólida e com 1 pixel de largura;",
              "timedOut": null,
              "duration": 57,
              "state": "passed",
              "speed": "medium",
              "pass": true,
              "fail": false,
              "pending": false,
              "context": null,
              "code": "cy.get('.color').each(function (color) {\n  cy.wrap(color).and('have.css', 'border', \"1px solid \".concat(BLACK)).and('have.class', 'color');\n});",
              "err": {},
              "uuid": "88d92610-19ca-4f0f-a7cb-5f552dc0dbf0",
              "parentUUID": "0848fa46-1b6a-4e3a-9084-ab1227c59a0b",
              "isHook": false,
              "skipped": false
            },
            {
              "title": "Verifica se a paleta lista todas as cores disponíveis para utilização, lado a lado.",
              "fullTitle": "2 - Adicione à página uma paleta de quatro cores distintas. Verifica se a paleta lista todas as cores disponíveis para utilização, lado a lado.",
              "timedOut": null,
              "duration": 67,
              "state": "passed",
              "speed": "medium",
              "pass": true,
              "fail": false,
              "pending": false,
              "context": null,
              "code": "cy.get('.color').then(function (colors) {\n  for (var index = 1; index < colors.length; index += 1) {\n    var currentColor = colors[index];\n    var previousColor = colors[index - 1];\n    cy.wrap(currentColor).should('be.onTheRightOf', previousColor).and('be.horizontallyAlignedWith', previousColor);\n  }\n});",
              "err": {},
              "uuid": "b40fbc0f-91f4-43a6-b0da-70a5449ae0ee",
              "parentUUID": "0848fa46-1b6a-4e3a-9084-ab1227c59a0b",
              "isHook": false,
              "skipped": false
            },
            {
              "title": "Verifica se a paleta de cores está posicionada abaixo do título 'Paleta de Cores'",
              "fullTitle": "2 - Adicione à página uma paleta de quatro cores distintas. Verifica se a paleta de cores está posicionada abaixo do título 'Paleta de Cores'",
              "timedOut": null,
              "duration": 66,
              "state": "passed",
              "speed": "medium",
              "pass": true,
              "fail": false,
              "pending": false,
              "context": null,
              "code": "cy.get('h1#title').then(function (title) {\n  cy.get('#color-palette').should('be.belowOf', title);\n});",
              "err": {},
              "uuid": "19f08d39-9649-4b7c-a284-99235b12628a",
              "parentUUID": "0848fa46-1b6a-4e3a-9084-ab1227c59a0b",
              "isHook": false,
              "skipped": false
            },
            {
              "title": "Verifica se a paleta de cores não contém cores repetidas.",
              "fullTitle": "2 - Adicione à página uma paleta de quatro cores distintas. Verifica se a paleta de cores não contém cores repetidas.",
              "timedOut": null,
              "duration": 76,
              "state": "passed",
              "speed": "slow",
              "pass": true,
              "fail": false,
              "pending": false,
              "context": null,
              "code": "cy.get('.color').then(function (colors) {\n  var allColors = Array.from(colors).map(function (color) {\n    return Cypress.$(color).css('background-color');\n  });\n  cy.log(allColors);\n  var uniqColors = (0, _toConsumableArray2[\"default\"])(new Set(allColors));\n  cy.log(uniqColors);\n  expect(allColors.length).to.eq(uniqColors.length);\n});",
              "err": {},
              "uuid": "9e80a373-ee49-4ecf-801e-f1ef79d7f27a",
              "parentUUID": "0848fa46-1b6a-4e3a-9084-ab1227c59a0b",
              "isHook": false,
              "skipped": false
            }
          ],
          "suites": [],
          "passes": [
            "6bd973f8-ad7f-49ca-833f-cdc4c86163b0",
            "cc134edd-b1f4-487a-8960-8250c159c9cd",
            "985d8fbc-27eb-413d-9d81-bb142c1b9b6c",
            "88d92610-19ca-4f0f-a7cb-5f552dc0dbf0",
            "b40fbc0f-91f4-43a6-b0da-70a5449ae0ee",
            "19f08d39-9649-4b7c-a284-99235b12628a",
            "9e80a373-ee49-4ecf-801e-f1ef79d7f27a"
          ],
          "failures": [],
          "pending": [],
          "skipped": [],
          "duration": 477,
          "root": false,
          "rootEmpty": false,
          "_timeout": 2000
        },
        {
          "uuid": "b302974d-7b5a-4a8a-99e5-a97d6bb8fc07",
          "title": "3 - Adicione a cor **preta** como a primeira cor da paleta de cores.",
          "fullFile": "",
          "file": "",
          "beforeHooks": [],
          "afterHooks": [],
          "tests": [
            {
              "title": "Verifica se a primeira cor da paleta é preta",
              "fullTitle": "3 - Adicione a cor **preta** como a primeira cor da paleta de cores. Verifica se a primeira cor da paleta é preta",
              "timedOut": null,
              "duration": 65,
              "state": "passed",
              "speed": "medium",
              "pass": true,
              "fail": false,
              "pending": false,
              "context": null,
              "code": "cy.get('.color').first().should('have.css', 'background-color', BLACK);",
              "err": {},
              "uuid": "39ed2e33-b731-49ae-8c6f-ddca752cccbe",
              "parentUUID": "b302974d-7b5a-4a8a-99e5-a97d6bb8fc07",
              "isHook": false,
              "skipped": false
            },
            {
              "title": "Verifica se as demais cores podem ser escolhidas livremente.",
              "fullTitle": "3 - Adicione a cor **preta** como a primeira cor da paleta de cores. Verifica se as demais cores podem ser escolhidas livremente.",
              "timedOut": null,
              "duration": 106,
              "state": "passed",
              "speed": "slow",
              "pass": true,
              "fail": false,
              "pending": false,
              "context": null,
              "code": "cy.get('.color').eq(1).should('not.have.css', 'background-color', BLACK);\ncy.get('.color').eq(1).should('not.have.css', 'background-color', WHITE);\ncy.get('.color').eq(1).should('not.have.css', 'background-color', 'rgba(0, 0, 0, 0)');\ncy.get('.color').eq(1).should('have.css', 'background-color');\ncy.get('.color').eq(2).should('not.have.css', 'background-color', BLACK);\ncy.get('.color').eq(2).should('not.have.css', 'background-color', WHITE);\ncy.get('.color').eq(2).should('not.have.css', 'background-color', 'rgba(0, 0, 0, 0)');\ncy.get('.color').eq(2).should('have.css', 'background-color');\ncy.get('.color').eq(3).should('not.have.css', 'background-color', BLACK);\ncy.get('.color').eq(3).should('not.have.css', 'background-color', WHITE);\ncy.get('.color').eq(3).should('not.have.css', 'background-color', 'rgba(0, 0, 0, 0)');\ncy.get('.color').eq(3).should('have.css', 'background-color');",
              "err": {},
              "uuid": "dfc295c6-2161-49c5-a393-df9896cbb84b",
              "parentUUID": "b302974d-7b5a-4a8a-99e5-a97d6bb8fc07",
              "isHook": false,
              "skipped": false
            }
          ],
          "suites": [],
          "passes": [
            "39ed2e33-b731-49ae-8c6f-ddca752cccbe",
            "dfc295c6-2161-49c5-a393-df9896cbb84b"
          ],
          "failures": [],
          "pending": [],
          "skipped": [],
          "duration": 171,
          "root": false,
          "rootEmpty": false,
          "_timeout": 2000
        },
        {
          "uuid": "f9a3e289-df12-4c1f-b1f7-5a22d20c03a2",
          "title": "4 - Adicione à página um quadro de pixels, com 25 pixels.",
          "fullFile": "",
          "file": "",
          "beforeHooks": [],
          "afterHooks": [],
          "tests": [
            {
              "title": "Verifica se o quadro de pixels possui o `id` denominado `pixel-board`",
              "fullTitle": "4 - Adicione à página um quadro de pixels, com 25 pixels. Verifica se o quadro de pixels possui o `id` denominado `pixel-board`",
              "timedOut": null,
              "duration": 4197,
              "state": "failed",
              "speed": null,
              "pass": false,
              "fail": true,
              "pending": false,
              "context": null,
              "code": "cy.get('#pixel-board').should('be.visible');",
              "err": {
                "message": "CypressError: Timed out retrying: Expected to find element: '#pixel-board', but never found it.",
                "estack": "CypressError: Timed out retrying: Expected to find element: '#pixel-board', but never found it.\n    at cypressErr (http://localhost:42279/__cypress/runner/cypress_runner.js:149934:9)\n    at throwErr (http://localhost:42279/__cypress/runner/cypress_runner.js:149867:11)\n    at Object.throwErrByPath (http://localhost:42279/__cypress/runner/cypress_runner.js:149915:3)\n    at retry (http://localhost:42279/__cypress/runner/cypress_runner.js:144197:19)\n    at onFailFn (http://localhost:42279/__cypress/runner/cypress_runner.js:132448:16)\n    at tryCatcher (http://localhost:42279/__cypress/runner/cypress_runner.js:167415:23)\n    at Promise._settlePromiseFromHandler (http://localhost:42279/__cypress/runner/cypress_runner.js:165351:31)\n    at Promise._settlePromise (http://localhost:42279/__cypress/runner/cypress_runner.js:165408:18)\n    at Promise._settlePromise0 (http://localhost:42279/__cypress/runner/cypress_runner.js:165453:10)\n    at Promise._settlePromises (http://localhost:42279/__cypress/runner/cypress_runner.js:165528:18)\n    at Async../node_modules/bluebird/js/release/async.js.Async._drainQueue (http://localhost:42279/__cypress/runner/cypress_runner.js:162140:16)\n    at Async../node_modules/bluebird/js/release/async.js.Async._drainQueues (http://localhost:42279/__cypress/runner/cypress_runner.js:162150:10)\n    at Async.drainQueues (http://localhost:42279/__cypress/runner/cypress_runner.js:162024:14)",
                "diff": null
              },
              "uuid": "279c2970-9715-4df9-8984-df66656ce83a",
              "parentUUID": "f9a3e289-df12-4c1f-b1f7-5a22d20c03a2",
              "isHook": false,
              "skipped": false
            },
            {
              "title": "Verifica se cada pixel individual dentro do quadro possui a `classe` denominada `pixel`.",
              "fullTitle": "4 - Adicione à página um quadro de pixels, com 25 pixels. Verifica se cada pixel individual dentro do quadro possui a `classe` denominada `pixel`.",
              "timedOut": null,
              "duration": 4218,
              "state": "failed",
              "speed": null,
              "pass": false,
              "fail": true,
              "pending": false,
              "context": null,
              "code": "cy.get('.pixel').should('have.length', 25);",
              "err": {
                "message": "CypressError: Timed out retrying: Expected to find element: '.pixel', but never found it.",
                "estack": "CypressError: Timed out retrying: Expected to find element: '.pixel', but never found it.\n    at cypressErr (http://localhost:42279/__cypress/runner/cypress_runner.js:149934:9)\n    at throwErr (http://localhost:42279/__cypress/runner/cypress_runner.js:149867:11)\n    at Object.throwErrByPath (http://localhost:42279/__cypress/runner/cypress_runner.js:149915:3)\n    at retry (http://localhost:42279/__cypress/runner/cypress_runner.js:144197:19)\n    at onFailFn (http://localhost:42279/__cypress/runner/cypress_runner.js:132448:16)\n    at tryCatcher (http://localhost:42279/__cypress/runner/cypress_runner.js:167415:23)\n    at Promise._settlePromiseFromHandler (http://localhost:42279/__cypress/runner/cypress_runner.js:165351:31)\n    at Promise._settlePromise (http://localhost:42279/__cypress/runner/cypress_runner.js:165408:18)\n    at Promise._settlePromise0 (http://localhost:42279/__cypress/runner/cypress_runner.js:165453:10)\n    at Promise._settlePromises (http://localhost:42279/__cypress/runner/cypress_runner.js:165528:18)\n    at Async../node_modules/bluebird/js/release/async.js.Async._drainQueue (http://localhost:42279/__cypress/runner/cypress_runner.js:162140:16)\n    at Async../node_modules/bluebird/js/release/async.js.Async._drainQueues (http://localhost:42279/__cypress/runner/cypress_runner.js:162150:10)\n    at Async.drainQueues (http://localhost:42279/__cypress/runner/cypress_runner.js:162024:14)",
                "diff": null
              },
              "uuid": "dd3744c6-45a7-4d25-bf26-4a713c3fd9df",
              "parentUUID": "f9a3e289-df12-4c1f-b1f7-5a22d20c03a2",
              "isHook": false,
              "skipped": false
            },
            {
              "title": "Verifica se a cor inicial dos pixels dentro do quadro, ao abrir a página, é branca.",
              "fullTitle": "4 - Adicione à página um quadro de pixels, com 25 pixels. Verifica se a cor inicial dos pixels dentro do quadro, ao abrir a página, é branca.",
              "timedOut": null,
              "duration": 4222,
              "state": "failed",
              "speed": null,
              "pass": false,
              "fail": true,
              "pending": false,
              "context": null,
              "code": "cy.get('.pixel').should('have.length', 25).each(function (pixel) {\n  expect(pixel).to.have.css('background-color', WHITE);\n});",
              "err": {
                "message": "CypressError: Timed out retrying: Expected to find element: '.pixel', but never found it.",
                "estack": "CypressError: Timed out retrying: Expected to find element: '.pixel', but never found it.\n    at cypressErr (http://localhost:42279/__cypress/runner/cypress_runner.js:149934:9)\n    at throwErr (http://localhost:42279/__cypress/runner/cypress_runner.js:149867:11)\n    at Object.throwErrByPath (http://localhost:42279/__cypress/runner/cypress_runner.js:149915:3)\n    at retry (http://localhost:42279/__cypress/runner/cypress_runner.js:144197:19)\n    at onFailFn (http://localhost:42279/__cypress/runner/cypress_runner.js:132448:16)\n    at tryCatcher (http://localhost:42279/__cypress/runner/cypress_runner.js:167415:23)\n    at Promise._settlePromiseFromHandler (http://localhost:42279/__cypress/runner/cypress_runner.js:165351:31)\n    at Promise._settlePromise (http://localhost:42279/__cypress/runner/cypress_runner.js:165408:18)\n    at Promise._settlePromise0 (http://localhost:42279/__cypress/runner/cypress_runner.js:165453:10)\n    at Promise._settlePromises (http://localhost:42279/__cypress/runner/cypress_runner.js:165528:18)\n    at Async../node_modules/bluebird/js/release/async.js.Async._drainQueue (http://localhost:42279/__cypress/runner/cypress_runner.js:162140:16)\n    at Async../node_modules/bluebird/js/release/async.js.Async._drainQueues (http://localhost:42279/__cypress/runner/cypress_runner.js:162150:10)\n    at Async.drainQueues (http://localhost:42279/__cypress/runner/cypress_runner.js:162024:14)",
                "diff": null
              },
              "uuid": "1c977c83-3d40-48c1-a0d0-4f55eb3f250c",
              "parentUUID": "f9a3e289-df12-4c1f-b1f7-5a22d20c03a2",
              "isHook": false,
              "skipped": false
            },
            {
              "title": "Verifica se o quadro de pixels aparece abaixo da paleta de cores",
              "fullTitle": "4 - Adicione à página um quadro de pixels, com 25 pixels. Verifica se o quadro de pixels aparece abaixo da paleta de cores",
              "timedOut": null,
              "duration": 4220,
              "state": "failed",
              "speed": null,
              "pass": false,
              "fail": true,
              "pending": false,
              "context": null,
              "code": "cy.get('#color-palette').then(function (palette) {\n  cy.get('#pixel-board').should('be.belowOf', palette);\n});",
              "err": {
                "message": "CypressError: Timed out retrying: Expected to find element: '#pixel-board', but never found it.",
                "estack": "CypressError: Timed out retrying: Expected to find element: '#pixel-board', but never found it.\n    at cypressErr (http://localhost:42279/__cypress/runner/cypress_runner.js:149934:9)\n    at throwErr (http://localhost:42279/__cypress/runner/cypress_runner.js:149867:11)\n    at Object.throwErrByPath (http://localhost:42279/__cypress/runner/cypress_runner.js:149915:3)\n    at retry (http://localhost:42279/__cypress/runner/cypress_runner.js:144197:19)\n    at onFailFn (http://localhost:42279/__cypress/runner/cypress_runner.js:132448:16)\n    at tryCatcher (http://localhost:42279/__cypress/runner/cypress_runner.js:167415:23)\n    at Promise._settlePromiseFromHandler (http://localhost:42279/__cypress/runner/cypress_runner.js:165351:31)\n    at Promise._settlePromise (http://localhost:42279/__cypress/runner/cypress_runner.js:165408:18)\n    at Promise._settlePromise0 (http://localhost:42279/__cypress/runner/cypress_runner.js:165453:10)\n    at Promise._settlePromises (http://localhost:42279/__cypress/runner/cypress_runner.js:165528:18)\n    at Async../node_modules/bluebird/js/release/async.js.Async._drainQueue (http://localhost:42279/__cypress/runner/cypress_runner.js:162140:16)\n    at Async../node_modules/bluebird/js/release/async.js.Async._drainQueues (http://localhost:42279/__cypress/runner/cypress_runner.js:162150:10)\n    at Async.drainQueues (http://localhost:42279/__cypress/runner/cypress_runner.js:162024:14)",
                "diff": null
              },
              "uuid": "29188790-331a-49ec-be0b-05f42bd824c4",
              "parentUUID": "f9a3e289-df12-4c1f-b1f7-5a22d20c03a2",
              "isHook": false,
              "skipped": false
            }
          ],
          "suites": [],
          "passes": [],
          "failures": [
            "279c2970-9715-4df9-8984-df66656ce83a",
            "dd3744c6-45a7-4d25-bf26-4a713c3fd9df",
            "1c977c83-3d40-48c1-a0d0-4f55eb3f250c",
            "29188790-331a-49ec-be0b-05f42bd824c4"
          ],
          "pending": [],
          "skipped": [],
          "duration": 16857,
          "root": false,
          "rootEmpty": false,
          "_timeout": 2000
        },
        {
          "uuid": "16da95ec-d50e-4aa8-bc93-c5c4ee989755",
          "title": "5 - Faça com que cada elemento do quadro de pixels possua 40 pixels de largura, 40 pixels de altura e seja delimitado por uma borda preta de 1 pixel.",
          "fullFile": "",
          "file": "",
          "beforeHooks": [],
          "afterHooks": [],
          "tests": [
            {
              "title": "Verifica se o quadro de pixels tem altura e comprimento de 5 elementos",
              "fullTitle": "5 - Faça com que cada elemento do quadro de pixels possua 40 pixels de largura, 40 pixels de altura e seja delimitado por uma borda preta de 1 pixel. Verifica se o quadro de pixels tem altura e comprimento de 5 elementos",
              "timedOut": null,
              "duration": 4261,
              "state": "failed",
              "speed": null,
              "pass": false,
              "fail": true,
              "pending": false,
              "context": null,
              "code": "cy.get('.pixel').should('have.length', 25).each(function (pixel) {\n  expect(pixel).to.have.css('background-color', WHITE);\n}).and(function (pixels) {\n  var rows = chunk(pixels, 5);\n  rows.forEach(function (row) {\n    for (var index = 1; index < row.length; index += 1) {\n      var current = pixels[index];\n      var previous = pixels[index - 1];\n      cy.wrap(current).should('be.onTheRightOf', previous).and('be.horizontallyAlignedWith', previous);\n    }\n  });\n  for (var index = 1; index < 5; index += 1) {\n    expect(pixels[index * 5]).to.be.belowOf(pixels[(index - 1) * 5]);\n  }\n});",
              "err": {
                "message": "CypressError: Timed out retrying: Expected to find element: '.pixel', but never found it.",
                "estack": "CypressError: Timed out retrying: Expected to find element: '.pixel', but never found it.\n    at cypressErr (http://localhost:42279/__cypress/runner/cypress_runner.js:149934:9)\n    at throwErr (http://localhost:42279/__cypress/runner/cypress_runner.js:149867:11)\n    at Object.throwErrByPath (http://localhost:42279/__cypress/runner/cypress_runner.js:149915:3)\n    at retry (http://localhost:42279/__cypress/runner/cypress_runner.js:144197:19)\n    at onFailFn (http://localhost:42279/__cypress/runner/cypress_runner.js:132448:16)\n    at tryCatcher (http://localhost:42279/__cypress/runner/cypress_runner.js:167415:23)\n    at Promise._settlePromiseFromHandler (http://localhost:42279/__cypress/runner/cypress_runner.js:165351:31)\n    at Promise._settlePromise (http://localhost:42279/__cypress/runner/cypress_runner.js:165408:18)\n    at Promise._settlePromise0 (http://localhost:42279/__cypress/runner/cypress_runner.js:165453:10)\n    at Promise._settlePromises (http://localhost:42279/__cypress/runner/cypress_runner.js:165528:18)\n    at Async../node_modules/bluebird/js/release/async.js.Async._drainQueue (http://localhost:42279/__cypress/runner/cypress_runner.js:162140:16)\n    at Async../node_modules/bluebird/js/release/async.js.Async._drainQueues (http://localhost:42279/__cypress/runner/cypress_runner.js:162150:10)\n    at Async.drainQueues (http://localhost:42279/__cypress/runner/cypress_runner.js:162024:14)",
                "diff": null
              },
              "uuid": "4218d6d7-c3b5-47ca-920e-b814eb72bb66",
              "parentUUID": "16da95ec-d50e-4aa8-bc93-c5c4ee989755",
              "isHook": false,
              "skipped": false
            },
            {
              "title": "Verifica se 40 pixels é o tamanho total do elemento, incluindo seu conteúdo e excluindo a borda preta, que deve ser criada à parte.",
              "fullTitle": "5 - Faça com que cada elemento do quadro de pixels possua 40 pixels de largura, 40 pixels de altura e seja delimitado por uma borda preta de 1 pixel. Verifica se 40 pixels é o tamanho total do elemento, incluindo seu conteúdo e excluindo a borda preta, que deve ser criada à parte.",
              "timedOut": null,
              "duration": 4256,
              "state": "failed",
              "speed": null,
              "pass": false,
              "fail": true,
              "pending": false,
              "context": null,
              "code": "cy.get('.pixel').each(function (pixel) {\n  cy.wrap(pixel).should('have.css', 'height', '40px').and('have.css', 'width', '40px').and('have.css', 'border', \"1px solid \".concat(BLACK));\n});",
              "err": {
                "message": "CypressError: Timed out retrying: Expected to find element: '.pixel', but never found it.",
                "estack": "CypressError: Timed out retrying: Expected to find element: '.pixel', but never found it.\n    at cypressErr (http://localhost:42279/__cypress/runner/cypress_runner.js:149934:9)\n    at throwErr (http://localhost:42279/__cypress/runner/cypress_runner.js:149867:11)\n    at Object.throwErrByPath (http://localhost:42279/__cypress/runner/cypress_runner.js:149915:3)\n    at retry (http://localhost:42279/__cypress/runner/cypress_runner.js:144197:19)\n    at onFailFn (http://localhost:42279/__cypress/runner/cypress_runner.js:132448:16)\n    at tryCatcher (http://localhost:42279/__cypress/runner/cypress_runner.js:167415:23)\n    at Promise._settlePromiseFromHandler (http://localhost:42279/__cypress/runner/cypress_runner.js:165351:31)\n    at Promise._settlePromise (http://localhost:42279/__cypress/runner/cypress_runner.js:165408:18)\n    at Promise._settlePromise0 (http://localhost:42279/__cypress/runner/cypress_runner.js:165453:10)\n    at Promise._settlePromises (http://localhost:42279/__cypress/runner/cypress_runner.js:165528:18)\n    at Async../node_modules/bluebird/js/release/async.js.Async._drainQueue (http://localhost:42279/__cypress/runner/cypress_runner.js:162140:16)\n    at Async../node_modules/bluebird/js/release/async.js.Async._drainQueues (http://localhost:42279/__cypress/runner/cypress_runner.js:162150:10)\n    at Async.drainQueues (http://localhost:42279/__cypress/runner/cypress_runner.js:162024:14)",
                "diff": null
              },
              "uuid": "5937954b-7265-4c32-acb7-2cd5f77768a5",
              "parentUUID": "16da95ec-d50e-4aa8-bc93-c5c4ee989755",
              "isHook": false,
              "skipped": false
            }
          ],
          "suites": [],
          "passes": [],
          "failures": [
            "4218d6d7-c3b5-47ca-920e-b814eb72bb66",
            "5937954b-7265-4c32-acb7-2cd5f77768a5"
          ],
          "pending": [],
          "skipped": [],
          "duration": 8517,
          "root": false,
          "rootEmpty": false,
          "_timeout": 2000
        },
        {
          "uuid": "b52aebb6-688e-49a6-a412-b101204cd6f6",
          "title": "6 - Defina a cor preta como cor inicial. Ao carregar a página a cor preta já deve estar selecionada para pintar os pixels",
          "fullFile": "",
          "file": "",
          "beforeHooks": [],
          "afterHooks": [],
          "tests": [
            {
              "title": "Verifica se o elemento da cor preta possui, inicialmente, a `classe` `selected`",
              "fullTitle": "6 - Defina a cor preta como cor inicial. Ao carregar a página a cor preta já deve estar selecionada para pintar os pixels Verifica se o elemento da cor preta possui, inicialmente, a `classe` `selected`",
              "timedOut": null,
              "duration": 4220,
              "state": "failed",
              "speed": null,
              "pass": false,
              "fail": true,
              "pending": false,
              "context": null,
              "code": "cy.get('.selected').first().should('have.css', 'background-color', BLACK);",
              "err": {
                "message": "CypressError: Timed out retrying: Expected to find element: '.selected', but never found it.",
                "estack": "CypressError: Timed out retrying: Expected to find element: '.selected', but never found it.\n    at cypressErr (http://localhost:42279/__cypress/runner/cypress_runner.js:149934:9)\n    at throwErr (http://localhost:42279/__cypress/runner/cypress_runner.js:149867:11)\n    at Object.throwErrByPath (http://localhost:42279/__cypress/runner/cypress_runner.js:149915:3)\n    at retry (http://localhost:42279/__cypress/runner/cypress_runner.js:144197:19)\n    at onFailFn (http://localhost:42279/__cypress/runner/cypress_runner.js:132448:16)\n    at tryCatcher (http://localhost:42279/__cypress/runner/cypress_runner.js:167415:23)\n    at Promise._settlePromiseFromHandler (http://localhost:42279/__cypress/runner/cypress_runner.js:165351:31)\n    at Promise._settlePromise (http://localhost:42279/__cypress/runner/cypress_runner.js:165408:18)\n    at Promise._settlePromise0 (http://localhost:42279/__cypress/runner/cypress_runner.js:165453:10)\n    at Promise._settlePromises (http://localhost:42279/__cypress/runner/cypress_runner.js:165528:18)\n    at Async../node_modules/bluebird/js/release/async.js.Async._drainQueue (http://localhost:42279/__cypress/runner/cypress_runner.js:162140:16)\n    at Async../node_modules/bluebird/js/release/async.js.Async._drainQueues (http://localhost:42279/__cypress/runner/cypress_runner.js:162150:10)\n    at Async.drainQueues (http://localhost:42279/__cypress/runner/cypress_runner.js:162024:14)",
                "diff": null
              },
              "uuid": "d1c34f2a-1090-456f-bcff-4cea48630fd8",
              "parentUUID": "b52aebb6-688e-49a6-a412-b101204cd6f6",
              "isHook": false,
              "skipped": false
            },
            {
              "title": "Verifica se nenhuma outra cor da paleta tem a `classe` `selected`",
              "fullTitle": "6 - Defina a cor preta como cor inicial. Ao carregar a página a cor preta já deve estar selecionada para pintar os pixels Verifica se nenhuma outra cor da paleta tem a `classe` `selected`",
              "timedOut": null,
              "duration": 112,
              "state": "passed",
              "speed": "slow",
              "pass": true,
              "fail": false,
              "pending": false,
              "context": null,
              "code": "cy.get('.color:not(:first-child)').each(function (color) {\n  cy.wrap(color).should('not.have.class', 'selected');\n});",
              "err": {},
              "uuid": "510ae88c-f3ca-4319-ac0b-4787c726ae26",
              "parentUUID": "b52aebb6-688e-49a6-a412-b101204cd6f6",
              "isHook": false,
              "skipped": false
            }
          ],
          "suites": [],
          "passes": [
            "510ae88c-f3ca-4319-ac0b-4787c726ae26"
          ],
          "failures": [
            "d1c34f2a-1090-456f-bcff-4cea48630fd8"
          ],
          "pending": [],
          "skipped": [],
          "duration": 4332,
          "root": false,
          "rootEmpty": false,
          "_timeout": 2000
        },
        {
          "uuid": "1e4c0af5-71ed-4091-a4bd-ee2d876796c5",
          "title": "7 - Clicar em uma das cores da paleta, faz com que ela seja selecionada e utilizada para preencher os pixels no quadro.",
          "fullFile": "",
          "file": "",
          "beforeHooks": [],
          "afterHooks": [],
          "tests": [
            {
              "title": "Verifica se somente uma cor da paleta de cores tem a classe `selected` de cada vez",
              "fullTitle": "7 - Clicar em uma das cores da paleta, faz com que ela seja selecionada e utilizada para preencher os pixels no quadro. Verifica se somente uma cor da paleta de cores tem a classe `selected` de cada vez",
              "timedOut": null,
              "duration": 271,
              "state": "failed",
              "speed": null,
              "pass": false,
              "fail": true,
              "pending": false,
              "context": null,
              "code": "cy.get('.color').each(function (selectedColor, selectedColorIndex) {\n  cy.wrap(selectedColor).click();\n  cy.get('.color').each(function (color, colorIndex) {\n    if (colorIndex === selectedColorIndex) {\n      expect(color).to.have[\"class\"]('selected');\n    } else {\n      expect(color).not.to.have[\"class\"]('selected');\n    }\n  });\n});",
              "err": {
                "message": "AssertionError: expected '<div.color>' to have class 'selected'",
                "estack": "AssertionError: expected '<div.color>' to have class 'selected'\n    at callback (http://localhost:42279/__cypress/runner/cypress_runner.js:136947:20)\n    at getRet (http://localhost:42279/__cypress/runner/cypress_runner.js:136585:16)\n    at tryCatcher (http://localhost:42279/__cypress/runner/cypress_runner.js:167415:23)\n    at Function.Promise.attempt.Promise.try (http://localhost:42279/__cypress/runner/cypress_runner.js:164690:29)\n    at thenFn (http://localhost:42279/__cypress/runner/cypress_runner.js:136599:23)\n    at yieldItem (http://localhost:42279/__cypress/runner/cypress_runner.js:136954:16)\n    at tryCatcher (http://localhost:42279/__cypress/runner/cypress_runner.js:167415:23)\n    at Object.gotValue (http://localhost:42279/__cypress/runner/cypress_runner.js:166557:18)\n    at Object.gotAccum (http://localhost:42279/__cypress/runner/cypress_runner.js:166546:25)\n    at Object.tryCatcher (http://localhost:42279/__cypress/runner/cypress_runner.js:167415:23)\n    at Promise._settlePromiseFromHandler (http://localhost:42279/__cypress/runner/cypress_runner.js:165351:31)\n    at Promise._settlePromise (http://localhost:42279/__cypress/runner/cypress_runner.js:165408:18)\n    at Promise._settlePromiseCtx (http://localhost:42279/__cypress/runner/cypress_runner.js:165445:10)\n    at Async../node_modules/bluebird/js/release/async.js.Async._drainQueue (http://localhost:42279/__cypress/runner/cypress_runner.js:162145:12)\n    at Async../node_modules/bluebird/js/release/async.js.Async._drainQueues (http://localhost:42279/__cypress/runner/cypress_runner.js:162150:10)\n    at Async.drainQueues (http://localhost:42279/__cypress/runner/cypress_runner.js:162024:14)",
                "diff": "- { '0': <div class=\"color\" style=\"background: black;\"></div>,\n-   length: 1,\n-   jquery: '3.1.1',\n-   constructor: \n-    { [Function: jQuery]\n-      fn: \n-       { jquery: '3.1.1',\n-         constructor: [Circular],\n-         length: 0,\n-         toArray: [Function: toArray],\n-         get: [Function: get],\n-         pushStack: [Function: pushStack],\n-         each: [Function: each],\n-         map: [Function: map],\n-         slice: [Function: slice],\n-         first: [Function: first],\n-         last: [Function: last],\n-         eq: [Function: eq],\n-         end: [Function: end],\n-         push: [Function: push],\n-         sort: [Function: sort],\n-         splice: [Function: splice],\n-         extend: [Function],\n-         find: [Function: find],\n-         filter: [Function: filter],\n-         not: [Function: not],\n-         is: [Function: is],\n-         init: [Function],\n-         has: [Function: has],\n-         closest: [Function: closest],\n-         index: [Function: index],\n-         add: [Function: add],\n-         addBack: [Function: addBack],\n-         parent: [Function],\n-         parents: [Function],\n-         parentsUntil: [Function],\n-         next: [Function],\n-         prev: [Function],\n-         nextAll: [Function],\n-         prevAll: [Function],\n-         nextUntil: [Function],\n-         prevUntil: [Function],\n-         siblings: [Function],\n-         children: [Function],\n-         contents: [Function],\n-         ready: [Function],\n-         data: [Function: data],\n-         removeData: [Function: removeData],\n-         queue: [Function: queue],\n-         dequeue: [Function: dequeue],\n-         clearQueue: [Function: clearQueue],\n-         promise: [Function: promise],\n-         show: [Function],\n-         hide: [Function],\n-         toggle: [Function],\n-         on: [Function: on],\n-         one: [Function: one],\n-         off: [Function: off],\n-         detach: [Function: detach],\n-         remove: [Function: remove],\n-         text: [Function: text],\n-         append: [Function: append],\n-         prepend: [Function: prepend],\n-         before: [Function: before],\n-         after: [Function: after],\n-         empty: [Function: empty],\n-         clone: [Function: clone],\n-         html: [Function: html],\n-         replaceWith: [Function: replaceWith],\n-         appendTo: [Function],\n-         prependTo: [Function],\n-         insertBefore: [Function],\n-         insertAfter: [Function],\n-         replaceAll: [Function],\n-         css: [Function: css],\n-         fadeTo: [Function: fadeTo],\n-         animate: [Function: animate],\n-         stop: [Function: stop],\n-         finish: [Function: finish],\n-         slideDown: [Function],\n-         slideUp: [Function],\n-         slideToggle: [Function],\n-         fadeIn: [Function],\n-         fadeOut: [Function],\n-         fadeToggle: [Function],\n-         delay: [Function],\n-         attr: [Function: attr],\n-         removeAttr: [Function: removeAttr],\n-         prop: [Function: prop],\n-         removeProp: [Function: removeProp],\n-         addClass: [Function: addClass],\n-         removeClass: [Function: removeClass],\n-         toggleClass: [Function: toggleClass],\n-         hasClass: [Function: hasClass],\n-         val: [Function: val],\n-         trigger: [Function: trigger],\n-         triggerHandler: [Function: triggerHandler],\n-         blur: [Function],\n-         focus: [Function],\n-         focusin: [Function],\n-         focusout: [Function],\n-         resize: [Function],\n-         scroll: [Function],\n-         click: [Function],\n-         dblclick: [Function],\n-         mousedown: [Function],\n-         mouseup: [Function],\n-         mousemove: [Function],\n-         mouseover: [Function],\n-         mouseout: [Function],\n-         mouseenter: [Function],\n-         mouseleave: [Function],\n-         change: [Function],\n-         select: [Function],\n-         submit: [Function],\n-         keydown: [Function],\n-         keypress: [Function],\n-         keyup: [Function],\n-         contextmenu: [Function],\n-         hover: [Function: hover],\n-         serialize: [Function: serialize],\n-         serializeArray: [Function: serializeArray],\n-         wrapAll: [Function: wrapAll],\n-         wrapInner: [Function: wrapInner],\n-         wrap: [Function: wrap],\n-         unwrap: [Function: unwrap],\n-         load: [Function],\n-         ajaxStart: [Function],\n-         ajaxStop: [Function],\n-         ajaxComplete: [Function],\n-         ajaxError: [Function],\n-         ajaxSuccess: [Function],\n-         ajaxSend: [Function],\n-         offset: [Function: offset],\n-         position: [Function: position],\n-         offsetParent: [Function: offsetParent],\n-         scrollLeft: [Function],\n-         scrollTop: [Function],\n-         innerHeight: [Function],\n-         height: [Function],\n-         outerHeight: [Function],\n-         innerWidth: [Function],\n-         width: [Function],\n-         outerWidth: [Function],\n-         bind: [Function: bind],\n-         unbind: [Function: unbind],\n-         delegate: [Function: delegate],\n-         undelegate: [Function: undelegate],\n-         scrollTo: [Function] },\n-      extend: [Function],\n-      expando: 'jQuery31109495236807652647',\n-      isReady: true,\n-      error: [Function: error],\n-      noop: [Function: noop],\n-      isFunction: [Function: isFunction],\n-      isArray: [Function: isArray],\n-      isWindow: [Function: isWindow],\n-      isNumeric: [Function: isNumeric],\n-      isPlainObject: [Function: isPlainObject],\n-      isEmptyObject: [Function: isEmptyObject],\n-      type: [Function: type],\n-      globalEval: [Function: globalEval],\n-      camelCase: [Function: camelCase],\n-      nodeName: [Function: nodeName],\n-      each: [Function: each],\n-      trim: [Function: trim],\n-      makeArray: [Function: makeArray],\n-      inArray: [Function: inArray],\n-      merge: [Function: merge],\n-      grep: [Function: grep],\n-      map: [Function: map],\n-      guid: 7,\n-      proxy: [Function: proxy],\n-      now: [Function: now],\n-      support: \n-       { checkClone: true,\n-         noCloneChecked: true,\n-         clearCloneStyle: true,\n-         pixelPosition: [Function: pixelPosition],\n-         boxSizingReliable: [Function: boxSizingReliable],\n-         pixelMarginRight: [Function: pixelMarginRight],\n-         reliableMarginLeft: [Function: reliableMarginLeft],\n-         checkOn: true,\n-         optSelected: true,\n-         radioValue: true,\n-         focusin: false,\n-         cors: true,\n-         ajax: true,\n-         createHTMLDocument: true },\n-      find: \n-       { [Function: Sizzle]\n-         support: [Object],\n-         isXML: [Function],\n-         setDocument: [Function],\n-         matches: [Function],\n-         matchesSelector: [Function],\n-         contains: [Function],\n-         attr: [Function],\n-         escape: [Function],\n-         error: [Function],\n-         uniqueSort: [Function],\n-         getText: [Function],\n-         selectors: [Object],\n-         tokenize: [Function],\n-         compile: [Function],\n-         select: [Function] },\n-      expr: \n-       { cacheLength: 1,\n-         createPseudo: [Function: markFunction],\n-         match: [Object],\n-         attrHandle: [Object],\n-         find: [Object],\n-         relative: [Object],\n-         preFilter: [Object],\n-         filter: [Object],\n-         pseudos: [Object],\n-         filters: [Object],\n-         setFilters: [Object],\n-         ':': [Object] },\n-      unique: [Function],\n-      uniqueSort: [Function],\n-      text: [Function],\n-      isXMLDoc: [Function],\n-      contains: [Function],\n-      escapeSelector: [Function],\n-      filter: [Function],\n-      Callbacks: [Function],\n-      Deferred: { [Function: Deferred] exceptionHook: [Function] },\n-      when: [Function: when],\n-      readyException: [Function],\n-      readyWait: 0,\n-      holdReady: [Function: holdReady],\n-      ready: { [Function: ready] then: [Function: then] },\n-      hasData: [Function: hasData],\n-      data: [Function: data],\n-      removeData: [Function: removeData],\n-      _data: [Function: _data],\n-      _removeData: [Function: _removeData],\n-      queue: [Function: queue],\n-      dequeue: [Function: dequeue],\n-      _queueHooks: [Function: _queueHooks],\n-      event: \n-       { global: [Object],\n-         add: [Function: add],\n-         remove: [Function: remove],\n-         dispatch: [Function: dispatch],\n-         handlers: [Function: handlers],\n-         addProp: [Function: addProp],\n-         fix: [Function: fix],\n-         special: [Object],\n-         trigger: [Function: trigger],\n-         simulate: [Function: simulate] },\n-      removeEvent: [Function],\n-      Event: [Function],\n-      htmlPrefilter: [Function: htmlPrefilter],\n-      clone: [Function: clone],\n-      cleanData: [Function: cleanData],\n-      cssHooks: \n-       { opacity: [Object],\n-         height: [Object],\n-         width: [Object],\n-         marginLeft: [Object],\n-         margin: [Object],\n-         padding: [Object],\n-         borderWidth: [Object],\n-         top: [Object],\n-         left: [Object] },\n-      cssNumber: \n-       { animationIterationCount: true,\n-         columnCount: true,\n-         fillOpacity: true,\n-         flexGrow: true,\n-         flexShrink: true,\n-         fontWeight: true,\n-         lineHeight: true,\n-         opacity: true,\n-         order: true,\n-         orphans: true,\n-         widows: true,\n-         zIndex: true,\n-         zoom: true },\n-      cssProps: \n-       { float: 'cssFloat',\n-         width: 'width',\n-         display: 'display',\n-         boxSizing: 'boxSizing',\n-         height: 'height',\n-         overflow: 'overflow',\n-         overflowY: 'overflowY',\n-         overflowX: 'overflowX',\n-         visibility: 'visibility',\n-         position: 'position',\n-         backgroundColor: 'backgroundColor',\n-         border: 'border',\n-         paddingRight: 'paddingRight',\n-         borderRightWidth: 'borderRightWidth',\n-         paddingLeft: 'paddingLeft',\n-         borderLeftWidth: 'borderLeftWidth',\n-         paddingTop: 'paddingTop',\n-         borderTopWidth: 'borderTopWidth',\n-         paddingBottom: 'paddingBottom',\n-         borderBottomWidth: 'borderBottomWidth' },\n-      style: [Function: style],\n-      css: [Function: css],\n-      Tween: { [Function: Tween] propHooks: [Object] },\n-      easing: \n-       { linear: [Function: linear],\n-         swing: [Function: swing],\n-         _default: 'swing' },\n-      fx: \n-       { [Function: init]\n-         step: {},\n-         tick: [Function],\n-         timer: [Function],\n-         interval: 13,\n-         start: [Function],\n-         stop: [Function],\n-         speeds: [Object] },\n-      Animation: \n-       { [Function: Animation]\n-         tweeners: [Object],\n-         tweener: [Function: tweener],\n-         prefilters: [Object],\n-         prefilter: [Function: prefilter] },\n-      speed: [Function],\n-      timers: [],\n-      attr: [Function: attr],\n-      attrHooks: { type: [Object] },\n-      removeAttr: [Function: removeAttr],\n-      prop: [Function: prop],\n-      propHooks: { tabIndex: [Object] },\n-      propFix: \n-       { for: 'htmlFor',\n-         class: 'className',\n-         tabindex: 'tabIndex',\n-         readonly: 'readOnly',\n-         maxlength: 'maxLength',\n-         cellspacing: 'cellSpacing',\n-         cellpadding: 'cellPadding',\n-         rowspan: 'rowSpan',\n-         colspan: 'colSpan',\n-         usemap: 'useMap',\n-         frameborder: 'frameBorder',\n-         contenteditable: 'contentEditable' },\n-      valHooks: \n-       { option: [Object],\n-         select: [Object],\n-         radio: [Object],\n-         checkbox: [Object] },\n-      parseXML: [Function],\n-      param: [Function],\n-      active: 0,\n-      lastModified: {},\n-      etag: {},\n-      ajaxSettings: \n-       { url: 'http://localhost:42279/__/#/tests/integration/project.spec.js',\n-         type: 'GET',\n-         isLocal: false,\n-         global: true,\n-         processData: true,\n-         async: true,\n-         contentType: 'application/x-www-form-urlencoded; charset=UTF-8',\n-         accepts: [Object],\n-         contents: [Object],\n-         responseFields: [Object],\n-         converters: [Object],\n-         flatOptions: [Object],\n-         xhr: [Function],\n-         jsonp: 'callback',\n-         jsonpCallback: [Function: jsonpCallback],\n-         cache: false },\n-      ajaxSetup: [Function: ajaxSetup],\n-      ajaxPrefilter: [Function],\n-      ajaxTransport: [Function],\n-      ajax: [Function: ajax],\n-      getJSON: [Function: getJSON],\n-      getScript: [Function: getScript],\n-      get: [Function],\n-      post: [Function],\n-      _evalUrl: [Function],\n-      parseHTML: [Function],\n-      offset: { setOffset: [Function: setOffset] },\n-      parseJSON: [Function: parse],\n-      noConflict: [Function],\n-      scrollTo: { [Function] defaults: [Object], max: [Function] } },\n-   toArray: [Function: toArray],\n-   get: [Function: get],\n-   pushStack: [Function: pushStack],\n-   each: [Function: each],\n-   map: [Function: map],\n-   slice: [Function: slice],\n-   first: [Function: first],\n-   last: [Function: last],\n-   eq: [Function: eq],\n-   end: [Function: end],\n-   push: [Function: push],\n-   sort: [Function: sort],\n-   splice: [Function: splice],\n-   extend: [Function],\n-   find: [Function: find],\n-   filter: [Function: filter],\n-   not: [Function: not],\n-   is: [Function: is],\n-   init: [Function],\n-   has: [Function: has],\n-   closest: [Function: closest],\n-   index: [Function: index],\n-   add: [Function: add],\n-   addBack: [Function: addBack],\n-   parent: [Function],\n-   parents: [Function],\n-   parentsUntil: [Function],\n-   next: [Function],\n-   prev: [Function],\n-   nextAll: [Function],\n-   prevAll: [Function],\n-   nextUntil: [Function],\n-   prevUntil: [Function],\n-   siblings: [Function],\n-   children: [Function],\n-   contents: [Function],\n-   ready: [Function],\n-   data: [Function: data],\n-   removeData: [Function: removeData],\n-   queue: [Function: queue],\n-   dequeue: [Function: dequeue],\n-   clearQueue: [Function: clearQueue],\n-   promise: [Function: promise],\n-   show: [Function],\n-   hide: [Function],\n-   toggle: [Function],\n-   on: [Function: on],\n-   one: [Function: one],\n-   off: [Function: off],\n-   detach: [Function: detach],\n-   remove: [Function: remove],\n-   text: [Function: text],\n-   append: [Function: append],\n-   prepend: [Function: prepend],\n-   before: [Function: before],\n-   after: [Function: after],\n-   empty: [Function: empty],\n-   clone: [Function: clone],\n-   html: [Function: html],\n-   replaceWith: [Function: replaceWith],\n-   appendTo: [Function],\n-   prependTo: [Function],\n-   insertBefore: [Function],\n-   insertAfter: [Function],\n-   replaceAll: [Function],\n-   css: [Function: css],\n-   fadeTo: [Function: fadeTo],\n-   animate: [Function: animate],\n-   stop: [Function: stop],\n-   finish: [Function: finish],\n-   slideDown: [Function],\n-   slideUp: [Function],\n-   slideToggle: [Function],\n-   fadeIn: [Function],\n-   fadeOut: [Function],\n-   fadeToggle: [Function],\n-   delay: [Function],\n-   attr: [Function: attr],\n-   removeAttr: [Function: removeAttr],\n-   prop: [Function: prop],\n-   removeProp: [Function: removeProp],\n-   addClass: [Function: addClass],\n-   removeClass: [Function: removeClass],\n-   toggleClass: [Function: toggleClass],\n-   hasClass: [Function: hasClass],\n-   val: [Function: val],\n-   trigger: [Function: trigger],\n-   triggerHandler: [Function: triggerHandler],\n-   blur: [Function],\n-   focus: [Function],\n-   focusin: [Function],\n-   focusout: [Function],\n-   resize: [Function],\n-   scroll: [Function],\n-   click: [Function],\n-   dblclick: [Function],\n-   mousedown: [Function],\n-   mouseup: [Function],\n-   mousemove: [Function],\n-   mouseover: [Function],\n-   mouseout: [Function],\n-   mouseenter: [Function],\n-   mouseleave: [Function],\n-   change: [Function],\n-   select: [Function],\n-   submit: [Function],\n-   keydown: [Function],\n-   keypress: [Function],\n-   keyup: [Function],\n-   contextmenu: [Function],\n-   hover: [Function: hover],\n-   serialize: [Function: serialize],\n-   serializeArray: [Function: serializeArray],\n-   wrapAll: [Function: wrapAll],\n-   wrapInner: [Function: wrapInner],\n-   wrap: [Function: wrap],\n-   unwrap: [Function: unwrap],\n-   load: [Function],\n-   ajaxStart: [Function],\n-   ajaxStop: [Function],\n-   ajaxComplete: [Function],\n-   ajaxError: [Function],\n-   ajaxSuccess: [Function],\n-   ajaxSend: [Function],\n-   offset: [Function: offset],\n-   position: [Function: position],\n-   offsetParent: [Function: offsetParent],\n-   scrollLeft: [Function],\n-   scrollTop: [Function],\n-   innerHeight: [Function],\n-   height: [Function],\n-   outerHeight: [Function],\n-   innerWidth: [Function],\n-   width: [Function],\n-   outerWidth: [Function],\n-   bind: [Function: bind],\n-   unbind: [Function: unbind],\n-   delegate: [Function: delegate],\n-   undelegate: [Function: undelegate],\n-   scrollTo: [Function] }\n+ 'selected'\n"
              },
              "uuid": "03b266f0-cf2b-44c4-9c59-1279939f2f59",
              "parentUUID": "1e4c0af5-71ed-4091-a4bd-ee2d876796c5",
              "isHook": false,
              "skipped": false
            },
            {
              "title": "Verifica se os pixels dentro do quadro não têm a classe `selected` quando são clicados",
              "fullTitle": "7 - Clicar em uma das cores da paleta, faz com que ela seja selecionada e utilizada para preencher os pixels no quadro. Verifica se os pixels dentro do quadro não têm a classe `selected` quando são clicados",
              "timedOut": null,
              "duration": 4283,
              "state": "failed",
              "speed": null,
              "pass": false,
              "fail": true,
              "pending": false,
              "context": null,
              "code": "cy.get('.color').each(function (color) {\n  var backgroundColor = color.css('background-color');\n  cy.wrap(color).click();\n  cy.get('.pixel').each(function (pixel) {\n    cy.wrap(pixel).click().should('not.have.class', 'selected');\n  });\n});",
              "err": {
                "message": "CypressError: Timed out retrying: Expected to find element: '.pixel', but never found it.",
                "estack": "CypressError: Timed out retrying: Expected to find element: '.pixel', but never found it.\n    at cypressErr (http://localhost:42279/__cypress/runner/cypress_runner.js:149934:9)\n    at throwErr (http://localhost:42279/__cypress/runner/cypress_runner.js:149867:11)\n    at Object.throwErrByPath (http://localhost:42279/__cypress/runner/cypress_runner.js:149915:3)\n    at retry (http://localhost:42279/__cypress/runner/cypress_runner.js:144197:19)\n    at onFailFn (http://localhost:42279/__cypress/runner/cypress_runner.js:132448:16)\n    at tryCatcher (http://localhost:42279/__cypress/runner/cypress_runner.js:167415:23)\n    at Promise._settlePromiseFromHandler (http://localhost:42279/__cypress/runner/cypress_runner.js:165351:31)\n    at Promise._settlePromise (http://localhost:42279/__cypress/runner/cypress_runner.js:165408:18)\n    at Promise._settlePromise0 (http://localhost:42279/__cypress/runner/cypress_runner.js:165453:10)\n    at Promise._settlePromises (http://localhost:42279/__cypress/runner/cypress_runner.js:165528:18)\n    at Async../node_modules/bluebird/js/release/async.js.Async._drainQueue (http://localhost:42279/__cypress/runner/cypress_runner.js:162140:16)\n    at Async../node_modules/bluebird/js/release/async.js.Async._drainQueues (http://localhost:42279/__cypress/runner/cypress_runner.js:162150:10)\n    at Async.drainQueues (http://localhost:42279/__cypress/runner/cypress_runner.js:162024:14)",
                "diff": null
              },
              "uuid": "ea9137d9-45fd-47ec-b99a-f0c4c634758c",
              "parentUUID": "1e4c0af5-71ed-4091-a4bd-ee2d876796c5",
              "isHook": false,
              "skipped": false
            }
          ],
          "suites": [],
          "passes": [],
          "failures": [
            "03b266f0-cf2b-44c4-9c59-1279939f2f59",
            "ea9137d9-45fd-47ec-b99a-f0c4c634758c"
          ],
          "pending": [],
          "skipped": [],
          "duration": 4554,
          "root": false,
          "rootEmpty": false,
          "_timeout": 2000
        },
        {
          "uuid": "04a7869f-6848-4c68-b0f5-fb72bd70df91",
          "title": "8 - Clicar em um pixel dentro do quadro após selecionar uma cor na paleta, faz com que o pixel seja preenchido com a cor selecionada.",
          "fullFile": "",
          "file": "",
          "beforeHooks": [],
          "afterHooks": [],
          "tests": [
            {
              "title": "Verifica se ao carregar a página deve ser possível pintar os pixels de preto",
              "fullTitle": "8 - Clicar em um pixel dentro do quadro após selecionar uma cor na paleta, faz com que o pixel seja preenchido com a cor selecionada. Verifica se ao carregar a página deve ser possível pintar os pixels de preto",
              "timedOut": null,
              "duration": 4209,
              "state": "failed",
              "speed": null,
              "pass": false,
              "fail": true,
              "pending": false,
              "context": null,
              "code": "cy.get('.pixel').each(function (pixel) {\n  cy.wrap(pixel).click().should('have.css', 'background-color', BLACK);\n});",
              "err": {
                "message": "CypressError: Timed out retrying: Expected to find element: '.pixel', but never found it.",
                "estack": "CypressError: Timed out retrying: Expected to find element: '.pixel', but never found it.\n    at cypressErr (http://localhost:42279/__cypress/runner/cypress_runner.js:149934:9)\n    at throwErr (http://localhost:42279/__cypress/runner/cypress_runner.js:149867:11)\n    at Object.throwErrByPath (http://localhost:42279/__cypress/runner/cypress_runner.js:149915:3)\n    at retry (http://localhost:42279/__cypress/runner/cypress_runner.js:144197:19)\n    at onFailFn (http://localhost:42279/__cypress/runner/cypress_runner.js:132448:16)\n    at tryCatcher (http://localhost:42279/__cypress/runner/cypress_runner.js:167415:23)\n    at Promise._settlePromiseFromHandler (http://localhost:42279/__cypress/runner/cypress_runner.js:165351:31)\n    at Promise._settlePromise (http://localhost:42279/__cypress/runner/cypress_runner.js:165408:18)\n    at Promise._settlePromise0 (http://localhost:42279/__cypress/runner/cypress_runner.js:165453:10)\n    at Promise._settlePromises (http://localhost:42279/__cypress/runner/cypress_runner.js:165528:18)\n    at Async../node_modules/bluebird/js/release/async.js.Async._drainQueue (http://localhost:42279/__cypress/runner/cypress_runner.js:162140:16)\n    at Async../node_modules/bluebird/js/release/async.js.Async._drainQueues (http://localhost:42279/__cypress/runner/cypress_runner.js:162150:10)\n    at Async.drainQueues (http://localhost:42279/__cypress/runner/cypress_runner.js:162024:14)",
                "diff": null
              },
              "uuid": "cf56c7a7-2de1-4897-9017-7f9f38e13949",
              "parentUUID": "04a7869f-6848-4c68-b0f5-fb72bd70df91",
              "isHook": false,
              "skipped": false
            },
            {
              "title": "Verifica se após selecionar uma outra cor na paleta, é possível pintar os pixels com essa cor",
              "fullTitle": "8 - Clicar em um pixel dentro do quadro após selecionar uma cor na paleta, faz com que o pixel seja preenchido com a cor selecionada. Verifica se após selecionar uma outra cor na paleta, é possível pintar os pixels com essa cor",
              "timedOut": null,
              "duration": 4295,
              "state": "failed",
              "speed": null,
              "pass": false,
              "fail": true,
              "pending": false,
              "context": null,
              "code": "cy.get('.color').each(function (color) {\n  var backgroundColor = color.css('background-color');\n  cy.wrap(color).click();\n  cy.get('.pixel').each(function (pixel) {\n    cy.wrap(pixel).click().should('have.css', 'background-color', backgroundColor);\n  });\n});",
              "err": {
                "message": "CypressError: Timed out retrying: Expected to find element: '.pixel', but never found it.",
                "estack": "CypressError: Timed out retrying: Expected to find element: '.pixel', but never found it.\n    at cypressErr (http://localhost:42279/__cypress/runner/cypress_runner.js:149934:9)\n    at throwErr (http://localhost:42279/__cypress/runner/cypress_runner.js:149867:11)\n    at Object.throwErrByPath (http://localhost:42279/__cypress/runner/cypress_runner.js:149915:3)\n    at retry (http://localhost:42279/__cypress/runner/cypress_runner.js:144197:19)\n    at onFailFn (http://localhost:42279/__cypress/runner/cypress_runner.js:132448:16)\n    at tryCatcher (http://localhost:42279/__cypress/runner/cypress_runner.js:167415:23)\n    at Promise._settlePromiseFromHandler (http://localhost:42279/__cypress/runner/cypress_runner.js:165351:31)\n    at Promise._settlePromise (http://localhost:42279/__cypress/runner/cypress_runner.js:165408:18)\n    at Promise._settlePromise0 (http://localhost:42279/__cypress/runner/cypress_runner.js:165453:10)\n    at Promise._settlePromises (http://localhost:42279/__cypress/runner/cypress_runner.js:165528:18)\n    at Async../node_modules/bluebird/js/release/async.js.Async._drainQueue (http://localhost:42279/__cypress/runner/cypress_runner.js:162140:16)\n    at Async../node_modules/bluebird/js/release/async.js.Async._drainQueues (http://localhost:42279/__cypress/runner/cypress_runner.js:162150:10)\n    at Async.drainQueues (http://localhost:42279/__cypress/runner/cypress_runner.js:162024:14)",
                "diff": null
              },
              "uuid": "f4ded920-cabd-4f6a-8729-47a80293ce60",
              "parentUUID": "04a7869f-6848-4c68-b0f5-fb72bd70df91",
              "isHook": false,
              "skipped": false
            },
            {
              "title": "Verifica se somente o pixel que foi clicado foi preenchido com a cor selecionada, sem influenciar na cor dos demais pixels.",
              "fullTitle": "8 - Clicar em um pixel dentro do quadro após selecionar uma cor na paleta, faz com que o pixel seja preenchido com a cor selecionada. Verifica se somente o pixel que foi clicado foi preenchido com a cor selecionada, sem influenciar na cor dos demais pixels.",
              "timedOut": null,
              "duration": 4300,
              "state": "failed",
              "speed": null,
              "pass": false,
              "fail": true,
              "pending": false,
              "context": null,
              "code": "var colorToPixelIndexMap = {\n  0: 6,\n  1: 8,\n  2: 16,\n  3: 18\n};\ncy.get('.color').each(function (color, index) {\n  cy.wrap(color).click();\n  var backgroundColor = color.css('background-color');\n  var clickedPixelIndex = colorToPixelIndexMap[index];\n  cy.get('.pixel').eq(clickedPixelIndex).click();\n  cy.get('.pixel').eq(clickedPixelIndex - 1).should('not.have.css', 'background-color', backgroundColor);\n  cy.get('.pixel').eq(clickedPixelIndex + 1).should('not.have.css', 'background-color', backgroundColor);\n  cy.get('.pixel').eq(clickedPixelIndex - 5).should('not.have.css', 'background-color', backgroundColor);\n  cy.get('.pixel').eq(clickedPixelIndex + 5).should('not.have.css', 'background-color', backgroundColor);\n  cy.get('.pixel').eq(clickedPixelIndex - 6).should('not.have.css', 'background-color', backgroundColor);\n  cy.get('.pixel').eq(clickedPixelIndex - 4).should('not.have.css', 'background-color', backgroundColor);\n  cy.get('.pixel').eq(clickedPixelIndex + 4).should('not.have.css', 'background-color', backgroundColor);\n  cy.get('.pixel').eq(clickedPixelIndex + 6).should('not.have.css', 'background-color', backgroundColor);\n});",
              "err": {
                "message": "CypressError: Timed out retrying: Expected to find element: '.pixel', but never found it.",
                "estack": "CypressError: Timed out retrying: Expected to find element: '.pixel', but never found it.\n    at cypressErr (http://localhost:42279/__cypress/runner/cypress_runner.js:149934:9)\n    at throwErr (http://localhost:42279/__cypress/runner/cypress_runner.js:149867:11)\n    at Object.throwErrByPath (http://localhost:42279/__cypress/runner/cypress_runner.js:149915:3)\n    at retry (http://localhost:42279/__cypress/runner/cypress_runner.js:144197:19)\n    at onFailFn (http://localhost:42279/__cypress/runner/cypress_runner.js:132448:16)\n    at tryCatcher (http://localhost:42279/__cypress/runner/cypress_runner.js:167415:23)\n    at Promise._settlePromiseFromHandler (http://localhost:42279/__cypress/runner/cypress_runner.js:165351:31)\n    at Promise._settlePromise (http://localhost:42279/__cypress/runner/cypress_runner.js:165408:18)\n    at Promise._settlePromise0 (http://localhost:42279/__cypress/runner/cypress_runner.js:165453:10)\n    at Promise._settlePromises (http://localhost:42279/__cypress/runner/cypress_runner.js:165528:18)\n    at Async../node_modules/bluebird/js/release/async.js.Async._drainQueue (http://localhost:42279/__cypress/runner/cypress_runner.js:162140:16)\n    at Async../node_modules/bluebird/js/release/async.js.Async._drainQueues (http://localhost:42279/__cypress/runner/cypress_runner.js:162150:10)\n    at Async.drainQueues (http://localhost:42279/__cypress/runner/cypress_runner.js:162024:14)",
                "diff": null
              },
              "uuid": "59160c0f-5ec6-4ade-8bf7-bd7b548d2989",
              "parentUUID": "04a7869f-6848-4c68-b0f5-fb72bd70df91",
              "isHook": false,
              "skipped": false
            }
          ],
          "suites": [],
          "passes": [],
          "failures": [
            "cf56c7a7-2de1-4897-9017-7f9f38e13949",
            "f4ded920-cabd-4f6a-8729-47a80293ce60",
            "59160c0f-5ec6-4ade-8bf7-bd7b548d2989"
          ],
          "pending": [],
          "skipped": [],
          "duration": 12804,
          "root": false,
          "rootEmpty": false,
          "_timeout": 2000
        },
        {
          "uuid": "b3ddd0d6-dfa5-4a17-a6e9-b0b375087360",
          "title": "9 - Crie um botão que, ao ser clicado, limpa o quadro preenchendo a cor de todos seus pixels com branco.",
          "fullFile": "",
          "file": "",
          "beforeHooks": [],
          "afterHooks": [],
          "tests": [
            {
              "title": "Verifica se o botão tem o `id` denominado `clear-board`",
              "fullTitle": "9 - Crie um botão que, ao ser clicado, limpa o quadro preenchendo a cor de todos seus pixels com branco. Verifica se o botão tem o `id` denominado `clear-board`",
              "timedOut": null,
              "duration": 4223,
              "state": "failed",
              "speed": null,
              "pass": false,
              "fail": true,
              "pending": false,
              "context": null,
              "code": "cy.get('#clear-board').should('be.visible');",
              "err": {
                "message": "CypressError: Timed out retrying: Expected to find element: '#clear-board', but never found it.",
                "estack": "CypressError: Timed out retrying: Expected to find element: '#clear-board', but never found it.\n    at cypressErr (http://localhost:42279/__cypress/runner/cypress_runner.js:149934:9)\n    at throwErr (http://localhost:42279/__cypress/runner/cypress_runner.js:149867:11)\n    at Object.throwErrByPath (http://localhost:42279/__cypress/runner/cypress_runner.js:149915:3)\n    at retry (http://localhost:42279/__cypress/runner/cypress_runner.js:144197:19)\n    at onFailFn (http://localhost:42279/__cypress/runner/cypress_runner.js:132448:16)\n    at tryCatcher (http://localhost:42279/__cypress/runner/cypress_runner.js:167415:23)\n    at Promise._settlePromiseFromHandler (http://localhost:42279/__cypress/runner/cypress_runner.js:165351:31)\n    at Promise._settlePromise (http://localhost:42279/__cypress/runner/cypress_runner.js:165408:18)\n    at Promise._settlePromise0 (http://localhost:42279/__cypress/runner/cypress_runner.js:165453:10)\n    at Promise._settlePromises (http://localhost:42279/__cypress/runner/cypress_runner.js:165528:18)\n    at Async../node_modules/bluebird/js/release/async.js.Async._drainQueue (http://localhost:42279/__cypress/runner/cypress_runner.js:162140:16)\n    at Async../node_modules/bluebird/js/release/async.js.Async._drainQueues (http://localhost:42279/__cypress/runner/cypress_runner.js:162150:10)\n    at Async.drainQueues (http://localhost:42279/__cypress/runner/cypress_runner.js:162024:14)",
                "diff": null
              },
              "uuid": "d09b5334-0627-45da-8981-23508645c4ab",
              "parentUUID": "b3ddd0d6-dfa5-4a17-a6e9-b0b375087360",
              "isHook": false,
              "skipped": false
            },
            {
              "title": "Verifica se o botão está posicionado entre a paleta de cores e o quadro de pixels",
              "fullTitle": "9 - Crie um botão que, ao ser clicado, limpa o quadro preenchendo a cor de todos seus pixels com branco. Verifica se o botão está posicionado entre a paleta de cores e o quadro de pixels",
              "timedOut": null,
              "duration": 4258,
              "state": "failed",
              "speed": null,
              "pass": false,
              "fail": true,
              "pending": false,
              "context": null,
              "code": "cy.get('#color-palette').then(function (palette) {\n  cy.get('#clear-board').should('be.belowOf', palette);\n});\ncy.get('#clear-board').then(function (clearBtn) {\n  cy.get('#pixel-board').should('be.belowOf', clearBtn);\n});",
              "err": {
                "message": "CypressError: Timed out retrying: Expected to find element: '#clear-board', but never found it.",
                "estack": "CypressError: Timed out retrying: Expected to find element: '#clear-board', but never found it.\n    at cypressErr (http://localhost:42279/__cypress/runner/cypress_runner.js:149934:9)\n    at throwErr (http://localhost:42279/__cypress/runner/cypress_runner.js:149867:11)\n    at Object.throwErrByPath (http://localhost:42279/__cypress/runner/cypress_runner.js:149915:3)\n    at retry (http://localhost:42279/__cypress/runner/cypress_runner.js:144197:19)\n    at onFailFn (http://localhost:42279/__cypress/runner/cypress_runner.js:132448:16)\n    at tryCatcher (http://localhost:42279/__cypress/runner/cypress_runner.js:167415:23)\n    at Promise._settlePromiseFromHandler (http://localhost:42279/__cypress/runner/cypress_runner.js:165351:31)\n    at Promise._settlePromise (http://localhost:42279/__cypress/runner/cypress_runner.js:165408:18)\n    at Promise._settlePromise0 (http://localhost:42279/__cypress/runner/cypress_runner.js:165453:10)\n    at Promise._settlePromises (http://localhost:42279/__cypress/runner/cypress_runner.js:165528:18)\n    at Async../node_modules/bluebird/js/release/async.js.Async._drainQueue (http://localhost:42279/__cypress/runner/cypress_runner.js:162140:16)\n    at Async../node_modules/bluebird/js/release/async.js.Async._drainQueues (http://localhost:42279/__cypress/runner/cypress_runner.js:162150:10)\n    at Async.drainQueues (http://localhost:42279/__cypress/runner/cypress_runner.js:162024:14)",
                "diff": null
              },
              "uuid": "650ac21f-27be-4dbb-ad1a-8847f4ac7df3",
              "parentUUID": "b3ddd0d6-dfa5-4a17-a6e9-b0b375087360",
              "isHook": false,
              "skipped": false
            },
            {
              "title": "Verifica se o texto do botão é 'Limpar'",
              "fullTitle": "9 - Crie um botão que, ao ser clicado, limpa o quadro preenchendo a cor de todos seus pixels com branco. Verifica se o texto do botão é 'Limpar'",
              "timedOut": null,
              "duration": 4268,
              "state": "failed",
              "speed": null,
              "pass": false,
              "fail": true,
              "pending": false,
              "context": null,
              "code": "cy.get('#clear-board').should('contain.text', 'Limpar');",
              "err": {
                "message": "CypressError: Timed out retrying: Expected to find element: '#clear-board', but never found it.",
                "estack": "CypressError: Timed out retrying: Expected to find element: '#clear-board', but never found it.\n    at cypressErr (http://localhost:42279/__cypress/runner/cypress_runner.js:149934:9)\n    at throwErr (http://localhost:42279/__cypress/runner/cypress_runner.js:149867:11)\n    at Object.throwErrByPath (http://localhost:42279/__cypress/runner/cypress_runner.js:149915:3)\n    at retry (http://localhost:42279/__cypress/runner/cypress_runner.js:144197:19)\n    at onFailFn (http://localhost:42279/__cypress/runner/cypress_runner.js:132448:16)\n    at tryCatcher (http://localhost:42279/__cypress/runner/cypress_runner.js:167415:23)\n    at Promise._settlePromiseFromHandler (http://localhost:42279/__cypress/runner/cypress_runner.js:165351:31)\n    at Promise._settlePromise (http://localhost:42279/__cypress/runner/cypress_runner.js:165408:18)\n    at Promise._settlePromise0 (http://localhost:42279/__cypress/runner/cypress_runner.js:165453:10)\n    at Promise._settlePromises (http://localhost:42279/__cypress/runner/cypress_runner.js:165528:18)\n    at Async../node_modules/bluebird/js/release/async.js.Async._drainQueue (http://localhost:42279/__cypress/runner/cypress_runner.js:162140:16)\n    at Async../node_modules/bluebird/js/release/async.js.Async._drainQueues (http://localhost:42279/__cypress/runner/cypress_runner.js:162150:10)\n    at Async.drainQueues (http://localhost:42279/__cypress/runner/cypress_runner.js:162024:14)",
                "diff": null
              },
              "uuid": "04bcb1f3-c72a-4ab7-934d-d8a2d070fd9a",
              "parentUUID": "b3ddd0d6-dfa5-4a17-a6e9-b0b375087360",
              "isHook": false,
              "skipped": false
            },
            {
              "title": "Verifica se ao clicar no botão, o quadro de pixels é totalmente preenchido de branco",
              "fullTitle": "9 - Crie um botão que, ao ser clicado, limpa o quadro preenchendo a cor de todos seus pixels com branco. Verifica se ao clicar no botão, o quadro de pixels é totalmente preenchido de branco",
              "timedOut": null,
              "duration": 4291,
              "state": "failed",
              "speed": null,
              "pass": false,
              "fail": true,
              "pending": false,
              "context": null,
              "code": "cy.get('.color').eq(1).then(function (color) {\n  var backgroundColor = color.css('background-color');\n  cy.wrap(color).click();\n  cy.get('.pixel').each(function (pixel) {\n    cy.wrap(pixel).click().should('have.css', 'background-color', backgroundColor);\n  });\n});\ncy.get('#clear-board').click();\ncy.get('.pixel').each(function (pixel) {\n  cy.wrap(pixel).should('have.css', 'background-color', WHITE);\n});",
              "err": {
                "message": "CypressError: Timed out retrying: Expected to find element: '.pixel', but never found it.",
                "estack": "CypressError: Timed out retrying: Expected to find element: '.pixel', but never found it.\n    at cypressErr (http://localhost:42279/__cypress/runner/cypress_runner.js:149934:9)\n    at throwErr (http://localhost:42279/__cypress/runner/cypress_runner.js:149867:11)\n    at Object.throwErrByPath (http://localhost:42279/__cypress/runner/cypress_runner.js:149915:3)\n    at retry (http://localhost:42279/__cypress/runner/cypress_runner.js:144197:19)\n    at onFailFn (http://localhost:42279/__cypress/runner/cypress_runner.js:132448:16)\n    at tryCatcher (http://localhost:42279/__cypress/runner/cypress_runner.js:167415:23)\n    at Promise._settlePromiseFromHandler (http://localhost:42279/__cypress/runner/cypress_runner.js:165351:31)\n    at Promise._settlePromise (http://localhost:42279/__cypress/runner/cypress_runner.js:165408:18)\n    at Promise._settlePromise0 (http://localhost:42279/__cypress/runner/cypress_runner.js:165453:10)\n    at Promise._settlePromises (http://localhost:42279/__cypress/runner/cypress_runner.js:165528:18)\n    at Async../node_modules/bluebird/js/release/async.js.Async._drainQueue (http://localhost:42279/__cypress/runner/cypress_runner.js:162140:16)\n    at Async../node_modules/bluebird/js/release/async.js.Async._drainQueues (http://localhost:42279/__cypress/runner/cypress_runner.js:162150:10)\n    at Async.drainQueues (http://localhost:42279/__cypress/runner/cypress_runner.js:162024:14)",
                "diff": null
              },
              "uuid": "21a17b5c-917a-40c5-b862-41bfda2b732f",
              "parentUUID": "b3ddd0d6-dfa5-4a17-a6e9-b0b375087360",
              "isHook": false,
              "skipped": false
            }
          ],
          "suites": [],
          "passes": [],
          "failures": [
            "d09b5334-0627-45da-8981-23508645c4ab",
            "650ac21f-27be-4dbb-ad1a-8847f4ac7df3",
            "04bcb1f3-c72a-4ab7-934d-d8a2d070fd9a",
            "21a17b5c-917a-40c5-b862-41bfda2b732f"
          ],
          "pending": [],
          "skipped": [],
[...]
                "diff": null
              },
              "uuid": "bac565d9-ef02-46b7-87a2-4e59bc9b5f3e",
              "parentUUID": "ca1a7f98-8db3-4860-95a4-a1a19738cc88",
              "isHook": false,
              "skipped": false
            },
            {
              "title": "Verifica se o novo quadro tem todos os pixels preenchidos com a cor branca",
              "fullTitle": "10 - Faça o quadro de pixels ter seu tamanho definido pelo usuário. Verifica se o novo quadro tem todos os pixels preenchidos com a cor branca",
              "timedOut": null,
              "duration": 4257,
              "state": "failed",
              "speed": null,
              "pass": false,
              "fail": true,
              "pending": false,
              "context": null,
              "code": "cy.get('#board-size').clear().type(6);\ncy.get('#generate-board').click();\ncy.get('.pixel').should('have.length', 36).each(function (pixel) {\n  expect(pixel).to.have.css('background-color', WHITE);\n});",
              "err": {
                "message": "CypressError: Timed out retrying: Expected to find element: '#board-size', but never found it.",
                "estack": "CypressError: Timed out retrying: Expected to find element: '#board-size', but never found it.\n    at cypressErr (http://localhost:42279/__cypress/runner/cypress_runner.js:149934:9)\n    at throwErr (http://localhost:42279/__cypress/runner/cypress_runner.js:149867:11)\n    at Object.throwErrByPath (http://localhost:42279/__cypress/runner/cypress_runner.js:149915:3)\n    at retry (http://localhost:42279/__cypress/runner/cypress_runner.js:144197:19)\n    at onFailFn (http://localhost:42279/__cypress/runner/cypress_runner.js:132448:16)\n    at tryCatcher (http://localhost:42279/__cypress/runner/cypress_runner.js:167415:23)\n    at Promise._settlePromiseFromHandler (http://localhost:42279/__cypress/runner/cypress_runner.js:165351:31)\n    at Promise._settlePromise (http://localhost:42279/__cypress/runner/cypress_runner.js:165408:18)\n    at Promise._settlePromise0 (http://localhost:42279/__cypress/runner/cypress_runner.js:165453:10)\n    at Promise._settlePromises (http://localhost:42279/__cypress/runner/cypress_runner.js:165528:18)\n    at Async../node_modules/bluebird/js/release/async.js.Async._drainQueue (http://localhost:42279/__cypress/runner/cypress_runner.js:162140:16)\n    at Async../node_modules/bluebird/js/release/async.js.Async._drainQueues (http://localhost:42279/__cypress/runner/cypress_runner.js:162150:10)\n    at Async.drainQueues (http://localhost:42279/__cypress/runner/cypress_runner.js:162024:14)",
                "diff": null
              },
              "uuid": "41b0994e-9aaa-4079-8d95-e7a65c2e5b4c",
              "parentUUID": "ca1a7f98-8db3-4860-95a4-a1a19738cc88",
              "isHook": false,
              "skipped": false
            }
          ],
          "suites": [],
          "passes": [],
          "failures": [
            "764c8e40-f099-495d-9641-c078bb9908c0",
            "c5e44ac0-7da5-4711-961c-c0f5fdcf9c81",
            "f05754fb-2693-436b-9f7d-b72b940971bd",
            "92f9235b-11aa-4744-be14-671557c66985",
            "b9c4ee12-c092-4160-8670-50301c6f3b07",
            "b513a1ff-7b28-4c9d-8b36-0cc86949ed4a",
            "cb8ac604-c17d-4dac-b5c6-90d11e227483",
            "bac565d9-ef02-46b7-87a2-4e59bc9b5f3e",
            "41b0994e-9aaa-4079-8d95-e7a65c2e5b4c"
          ],
          "pending": [],
          "skipped": [],
          "duration": 38210,
          "root": false,
          "rootEmpty": false,
          "_timeout": 2000
        },
        {
          "uuid": "0ae5e01f-1b64-42e4-ab0e-8ac9adfc2a5e",
          "title": "11 - Limite o tamanho mínimo e máximo do board.",
          "fullFile": "",
          "file": "",
          "beforeHooks": [],
          "afterHooks": [],
          "tests": [
            {
              "title": "Verifica se a altura máxima do board é 50",
              "fullTitle": "11 - Limite o tamanho mínimo e máximo do board. Verifica se a altura máxima do board é 50",
              "timedOut": null,
              "duration": 4232,
              "state": "failed",
              "speed": null,
              "pass": false,
              "fail": true,
              "pending": false,
              "context": null,
              "code": "cy.get('#board-size').clear().type(50);\ncy.get('#generate-board').click();\ncy.get('.pixel').should('have.length', 2500);",
              "err": {
                "message": "CypressError: Timed out retrying: Expected to find element: '#board-size', but never found it.",
                "estack": "CypressError: Timed out retrying: Expected to find element: '#board-size', but never found it.\n    at cypressErr (http://localhost:42279/__cypress/runner/cypress_runner.js:149934:9)\n    at throwErr (http://localhost:42279/__cypress/runner/cypress_runner.js:149867:11)\n    at Object.throwErrByPath (http://localhost:42279/__cypress/runner/cypress_runner.js:149915:3)\n    at retry (http://localhost:42279/__cypress/runner/cypress_runner.js:144197:19)\n    at onFailFn (http://localhost:42279/__cypress/runner/cypress_runner.js:132448:16)\n    at tryCatcher (http://localhost:42279/__cypress/runner/cypress_runner.js:167415:23)\n    at Promise._settlePromiseFromHandler (http://localhost:42279/__cypress/runner/cypress_runner.js:165351:31)\n    at Promise._settlePromise (http://localhost:42279/__cypress/runner/cypress_runner.js:165408:18)\n    at Promise._settlePromise0 (http://localhost:42279/__cypress/runner/cypress_runner.js:165453:10)\n    at Promise._settlePromises (http://localhost:42279/__cypress/runner/cypress_runner.js:165528:18)\n    at Async../node_modules/bluebird/js/release/async.js.Async._drainQueue (http://localhost:42279/__cypress/runner/cypress_runner.js:162140:16)\n    at Async../node_modules/bluebird/js/release/async.js.Async._drainQueues (http://localhost:42279/__cypress/runner/cypress_runner.js:162150:10)\n    at Async.drainQueues (http://localhost:42279/__cypress/runner/cypress_runner.js:162024:14)",
                "diff": null
              },
              "uuid": "563e23b3-a187-43eb-a9ea-42c52ace5489",
              "parentUUID": "0ae5e01f-1b64-42e4-ab0e-8ac9adfc2a5e",
              "isHook": false,
              "skipped": false
            },
            {
              "title": "Verifica se a altura do board é 5 quando um valor menor é colocado no input",
              "fullTitle": "11 - Limite o tamanho mínimo e máximo do board. Verifica se a altura do board é 5 quando um valor menor é colocado no input",
              "timedOut": null,
              "duration": 4240,
              "state": "failed",
              "speed": null,
              "pass": false,
              "fail": true,
              "pending": false,
              "context": null,
              "code": "cy.get('#board-size').clear().type(4);\ncy.get('#generate-board').click();\ncy.get('.pixel').should('have.length', 25);",
              "err": {
                "message": "CypressError: Timed out retrying: Expected to find element: '#board-size', but never found it.",
                "estack": "CypressError: Timed out retrying: Expected to find element: '#board-size', but never found it.\n    at cypressErr (http://localhost:42279/__cypress/runner/cypress_runner.js:149934:9)\n    at throwErr (http://localhost:42279/__cypress/runner/cypress_runner.js:149867:11)\n    at Object.throwErrByPath (http://localhost:42279/__cypress/runner/cypress_runner.js:149915:3)\n    at retry (http://localhost:42279/__cypress/runner/cypress_runner.js:144197:19)\n    at onFailFn (http://localhost:42279/__cypress/runner/cypress_runner.js:132448:16)\n    at tryCatcher (http://localhost:42279/__cypress/runner/cypress_runner.js:167415:23)\n    at Promise._settlePromiseFromHandler (http://localhost:42279/__cypress/runner/cypress_runner.js:165351:31)\n    at Promise._settlePromise (http://localhost:42279/__cypress/runner/cypress_runner.js:165408:18)\n    at Promise._settlePromise0 (http://localhost:42279/__cypress/runner/cypress_runner.js:165453:10)\n    at Promise._settlePromises (http://localhost:42279/__cypress/runner/cypress_runner.js:165528:18)\n    at Async../node_modules/bluebird/js/release/async.js.Async._drainQueue (http://localhost:42279/__cypress/runner/cypress_runner.js:162140:16)\n    at Async../node_modules/bluebird/js/release/async.js.Async._drainQueues (http://localhost:42279/__cypress/runner/cypress_runner.js:162150:10)\n    at Async.drainQueues (http://localhost:42279/__cypress/runner/cypress_runner.js:162024:14)",
                "diff": null
              },
              "uuid": "a60a1086-eb43-4446-87f6-80a24a19daa2",
              "parentUUID": "0ae5e01f-1b64-42e4-ab0e-8ac9adfc2a5e",
              "isHook": false,
              "skipped": false
            },
            {
              "title": "Verifica se a altura do board é 50 quando um valor maior é colocado no input",
              "fullTitle": "11 - Limite o tamanho mínimo e máximo do board. Verifica se a altura do board é 50 quando um valor maior é colocado no input",
              "timedOut": null,
              "duration": 4289,
              "state": "failed",
              "speed": null,
              "pass": false,
              "fail": true,
              "pending": false,
              "context": null,
              "code": "cy.get('#board-size').clear().type(51);\ncy.get('#generate-board').click();\ncy.get('.pixel').should('have.length', 2500);",
              "err": {
                "message": "CypressError: Timed out retrying: Expected to find element: '#board-size', but never found it.",
                "estack": "CypressError: Timed out retrying: Expected to find element: '#board-size', but never found it.\n    at cypressErr (http://localhost:42279/__cypress/runner/cypress_runner.js:149934:9)\n    at throwErr (http://localhost:42279/__cypress/runner/cypress_runner.js:149867:11)\n    at Object.throwErrByPath (http://localhost:42279/__cypress/runner/cypress_runner.js:149915:3)\n    at retry (http://localhost:42279/__cypress/runner/cypress_runner.js:144197:19)\n    at onFailFn (http://localhost:42279/__cypress/runner/cypress_runner.js:132448:16)\n    at tryCatcher (http://localhost:42279/__cypress/runner/cypress_runner.js:167415:23)\n    at Promise._settlePromiseFromHandler (http://localhost:42279/__cypress/runner/cypress_runner.js:165351:31)\n    at Promise._settlePromise (http://localhost:42279/__cypress/runner/cypress_runner.js:165408:18)\n    at Promise._settlePromise0 (http://localhost:42279/__cypress/runner/cypress_runner.js:165453:10)\n    at Promise._settlePromises (http://localhost:42279/__cypress/runner/cypress_runner.js:165528:18)\n    at Async../node_modules/bluebird/js/release/async.js.Async._drainQueue (http://localhost:42279/__cypress/runner/cypress_runner.js:162140:16)\n    at Async../node_modules/bluebird/js/release/async.js.Async._drainQueues (http://localhost:42279/__cypress/runner/cypress_runner.js:162150:10)\n    at Async.drainQueues (http://localhost:42279/__cypress/runner/cypress_runner.js:162024:14)",
                "diff": null
              },
              "uuid": "c54734ab-8bcb-4ffb-b344-2c06d3d03c3e",
              "parentUUID": "0ae5e01f-1b64-42e4-ab0e-8ac9adfc2a5e",
              "isHook": false,
              "skipped": false
            }
          ],
          "suites": [],
          "passes": [],
          "failures": [
            "563e23b3-a187-43eb-a9ea-42c52ace5489",
            "a60a1086-eb43-4446-87f6-80a24a19daa2",
            "c54734ab-8bcb-4ffb-b344-2c06d3d03c3e"
          ],
          "pending": [],
          "skipped": [],
          "duration": 12761,
          "root": false,
          "rootEmpty": false,
          "_timeout": 2000
        },
        {
          "uuid": "2e95780a-cdb9-47b8-b2d7-41c5003668e9",
          "title": "12 - Faça com que as cores da paleta sejam geradas aleatoriamente ao carregar a página.",
          "fullFile": "",
          "file": "",
          "beforeHooks": [],
          "afterHooks": [],
          "tests": [
            {
              "title": "Verifica se as cores geradas na paleta são diferentes a cada carregamento da página",
              "fullTitle": "12 - Faça com que as cores da paleta sejam geradas aleatoriamente ao carregar a página. Verifica se as cores geradas na paleta são diferentes a cada carregamento da página",
              "timedOut": null,
              "duration": 279,
              "state": "failed",
              "speed": null,
              "pass": false,
              "fail": true,
              "pending": false,
              "context": null,
              "code": "cy.get('.color').then(function (colors) {\n  var currentColors;\n  var previousColors;\n  previousColors = Array.from(colors).map(function (color) {\n    return Cypress.$(color).css('background-color');\n  });\n  for (var i = 0; i < 5; i += 1) {\n    cy.reload();\n    cy.get('.color').then(function (colors) {\n      currentColors = Array.from(colors).map(function (color) {\n        return Cypress.$(color).css('background-color');\n      });\n      expect(currentColors).not.to.deep.equal(previousColors);\n      previousColors = currentColors;\n    });\n  }\n});",
              "err": {
                "message": "AssertionError: expected [ Array(4) ] to not deeply equal [ Array(4) ]",
                "estack": "AssertionError: expected [ Array(4) ] to not deeply equal [ Array(4) ]\n    at getRet (http://localhost:42279/__cypress/runner/cypress_runner.js:136585:16)\n    at tryCatcher (http://localhost:42279/__cypress/runner/cypress_runner.js:167415:23)\n    at Function.Promise.attempt.Promise.try (http://localhost:42279/__cypress/runner/cypress_runner.js:164690:29)\n    at Context.thenFn (http://localhost:42279/__cypress/runner/cypress_runner.js:136599:23)\n    at Context.then (http://localhost:42279/__cypress/runner/cypress_runner.js:136971:21)\n    at Context.<anonymous> (http://localhost:42279/__cypress/runner/cypress_runner.js:148875:21)\n    at http://localhost:42279/__cypress/runner/cypress_runner.js:148351:33\n    at tryCatcher (http://localhost:42279/__cypress/runner/cypress_runner.js:167415:23)\n    at Promise._settlePromiseFromHandler (http://localhost:42279/__cypress/runner/cypress_runner.js:165351:31)\n    at Promise._settlePromise (http://localhost:42279/__cypress/runner/cypress_runner.js:165408:18)\n    at Promise._settlePromiseCtx (http://localhost:42279/__cypress/runner/cypress_runner.js:165445:10)\n    at Async../node_modules/bluebird/js/release/async.js.Async._drainQueue (http://localhost:42279/__cypress/runner/cypress_runner.js:162145:12)\n    at Async../node_modules/bluebird/js/release/async.js.Async._drainQueues (http://localhost:42279/__cypress/runner/cypress_runner.js:162150:10)\n    at Async.drainQueues (http://localhost:42279/__cypress/runner/cypress_runner.js:162024:14)",
                "diff": ""
              },
              "uuid": "e2efe3b7-061f-44d1-86c0-856b1759cbc5",
              "parentUUID": "2e95780a-cdb9-47b8-b2d7-41c5003668e9",
              "isHook": false,
              "skipped": false
            },
            {
              "title": "Verifica se a cor preta ainda está presente e é a primeira na sua paleta de cores",
              "fullTitle": "12 - Faça com que as cores da paleta sejam geradas aleatoriamente ao carregar a página. Verifica se a cor preta ainda está presente e é a primeira na sua paleta de cores",
              "timedOut": null,
              "duration": 270,
              "state": "failed",
              "speed": null,
              "pass": false,
              "fail": true,
              "pending": false,
              "context": null,
              "code": "cy.get('.color').then(function (colors) {\n  var currentColors;\n  var previousColors;\n  previousColors = Array.from(colors).map(function (color) {\n    return Cypress.$(color).css('background-color');\n  });\n  expect(previousColors[0]).to.eq(BLACK);\n  for (var i = 0; i < 5; i += 1) {\n    cy.reload();\n    cy.get('.color').then(function (colors) {\n      currentColors = Array.from(colors).map(function (color) {\n        return Cypress.$(color).css('background-color');\n      });\n      expect(currentColors[0]).to.eq(BLACK);\n      expect(currentColors).not.to.deep.equal(previousColors);\n      previousColors = currentColors;\n    });\n  }\n});",
              "err": {
                "message": "AssertionError: expected [ Array(4) ] to not deeply equal [ Array(4) ]",
                "estack": "AssertionError: expected [ Array(4) ] to not deeply equal [ Array(4) ]\n    at getRet (http://localhost:42279/__cypress/runner/cypress_runner.js:136585:16)\n    at tryCatcher (http://localhost:42279/__cypress/runner/cypress_runner.js:167415:23)\n    at Function.Promise.attempt.Promise.try (http://localhost:42279/__cypress/runner/cypress_runner.js:164690:29)\n    at Context.thenFn (http://localhost:42279/__cypress/runner/cypress_runner.js:136599:23)\n    at Context.then (http://localhost:42279/__cypress/runner/cypress_runner.js:136971:21)\n    at Context.<anonymous> (http://localhost:42279/__cypress/runner/cypress_runner.js:148875:21)\n    at http://localhost:42279/__cypress/runner/cypress_runner.js:148351:33\n    at tryCatcher (http://localhost:42279/__cypress/runner/cypress_runner.js:167415:23)\n    at Promise._settlePromiseFromHandler (http://localhost:42279/__cypress/runner/cypress_runner.js:165351:31)\n    at Promise._settlePromise (http://localhost:42279/__cypress/runner/cypress_runner.js:165408:18)\n    at Promise._settlePromiseCtx (http://localhost:42279/__cypress/runner/cypress_runner.js:165445:10)\n    at Async../node_modules/bluebird/js/release/async.js.Async._drainQueue (http://localhost:42279/__cypress/runner/cypress_runner.js:162145:12)\n    at Async../node_modules/bluebird/js/release/async.js.Async._drainQueues (http://localhost:42279/__cypress/runner/cypress_runner.js:162150:10)\n    at Async.drainQueues (http://localhost:42279/__cypress/runner/cypress_runner.js:162024:14)",
                "diff": ""
              },
              "uuid": "c2923f4f-cfce-44b1-8bcb-679cab74ec98",
              "parentUUID": "2e95780a-cdb9-47b8-b2d7-41c5003668e9",
              "isHook": false,
              "skipped": false
            }
          ],
          "suites": [],
          "passes": [],
          "failures": [
            "e2efe3b7-061f-44d1-86c0-856b1759cbc5",
            "c2923f4f-cfce-44b1-8bcb-679cab74ec98"
          ],
          "pending": [],
          "skipped": [],
          "duration": 549,
          "root": false,
          "rootEmpty": false,
          "_timeout": 2000
        }
      ],
      "passes": [],
      "failures": [],
      "pending": [],
      "skipped": [],
      "duration": 0,
      "root": true,
      "rootEmpty": true,
      "_timeout": 2000
    }
  ],
  "meta": {
    "mocha": {
      "version": "7.0.1"
    },
    "mochawesome": {
      "options": {
        "quiet": false,
        "reportFilename": "mochawesome",
        "saveHtml": false,
        "saveJson": true,
        "consoleReporter": "spec",
        "useInlineDiffs": false
      },
      "version": "4.1.0"
    },
    "marge": {
      "options": {
        "id": "default",
        "reportDir": "cypress/reports",
        "overwrite": true,
        "html": false,
        "json": true
      },
      "version": "4.1.0"
    }
  }
}