{
  "stats": {
    "suites": 12,
    "tests": 41,
    "passes": 21,
    "pending": 0,
    "failures": 20,
    "start": "2022-07-04T20:25:19.920Z",
    "end": "2022-07-04T20:26:48.621Z",
    "duration": 88701,
    "testsRegistered": 41,
    "passPercent": 51.21951219512195,
    "pendingPercent": 0,
    "other": 0,
    "hasOther": false,
    "skipped": 0,
    "hasSkipped": false
  },
  "results": [
    {
      "uuid": "1f8320ab-ae3b-4e6a-b0fb-63570c79d888",
      "title": "",
      "fullFile": "cypress/integration/project.spec.js",
      "file": "cypress/integration/project.spec.js",
      "beforeHooks": [],
      "afterHooks": [],
      "tests": [],
      "suites": [
        {
          "uuid": "8305b781-bcf6-410d-9ed0-2643c3df0c10",
          "title": "1 - Adicione à página o título \"Paleta de Cores\".",
          "fullFile": "",
          "file": "",
          "beforeHooks": [],
          "afterHooks": [],
          "tests": [
            {
              "title": "Verifica se contém um elemento `h1` com o id `title` com o título correto",
              "fullTitle": "1 - Adicione à página o título \"Paleta de Cores\". Verifica se contém um elemento `h1` com o id `title` com o título correto",
              "timedOut": null,
              "duration": 117,
              "state": "passed",
              "speed": "slow",
              "pass": true,
              "fail": false,
              "pending": false,
              "context": null,
              "code": "cy.get('h1#title').should('contain.text', 'Paleta de Cores');",
              "err": {},
              "uuid": "e483c5dc-99a5-497e-bfa3-49ca61c244ed",
              "parentUUID": "8305b781-bcf6-410d-9ed0-2643c3df0c10",
              "isHook": false,
              "skipped": false
            }
          ],
          "suites": [],
          "passes": [
            "e483c5dc-99a5-497e-bfa3-49ca61c244ed"
          ],
          "failures": [],
          "pending": [],
          "skipped": [],
          "duration": 117,
          "root": false,
          "rootEmpty": false,
          "_timeout": 2000
        },
        {
          "uuid": "dc19a36a-8e5d-4b81-ab71-1966e687b176",
          "title": "2 - Adicione à página uma paleta de quatro cores distintas.",
          "fullFile": "",
          "file": "",
          "beforeHooks": [],
          "afterHooks": [],
          "tests": [
            {
              "title": "A paleta de cores deve ser um elemento com `id` denominado `color-palette` e ter mais de 0px de altura e de largura.",
              "fullTitle": "2 - Adicione à página uma paleta de quatro cores distintas. A paleta de cores deve ser um elemento com `id` denominado `color-palette` e ter mais de 0px de altura e de largura.",
              "timedOut": null,
              "duration": 72,
              "state": "passed",
              "speed": "medium",
              "pass": true,
              "fail": false,
              "pending": false,
              "context": null,
              "code": "cy.get('#color-palette').should('be.visible');\ncy.get('#color-palette').children('.color');",
              "err": {},
              "uuid": "7c2e09ca-95d6-43dd-87c9-9100b8ca74bc",
              "parentUUID": "dc19a36a-8e5d-4b81-ab71-1966e687b176",
              "isHook": false,
              "skipped": false
            },
            {
              "title": "Verifica se cada cor individual da paleta de cores possui a `classe` chamada `color`.",
              "fullTitle": "2 - Adicione à página uma paleta de quatro cores distintas. Verifica se cada cor individual da paleta de cores possui a `classe` chamada `color`.",
              "timedOut": null,
              "duration": 90,
              "state": "passed",
              "speed": "slow",
              "pass": true,
              "fail": false,
              "pending": false,
              "context": null,
              "code": "cy.get('.color').should('have.length', 4).then(function (colors) {\n  for (var i = 0; i < colors.length; i++) {\n    cy.wrap(colors[i]).should('be.visible');\n  }\n});",
              "err": {},
              "uuid": "ba5e4a43-4750-4671-b486-3e1ad753b97d",
              "parentUUID": "dc19a36a-8e5d-4b81-ab71-1966e687b176",
              "isHook": false,
              "skipped": false
            },
            {
              "title": "Verifica se a cor de fundo de cada elemento da paleta é a cor que o elemento representa. **A única cor não permitida na paleta é a cor branca.**",
              "fullTitle": "2 - Adicione à página uma paleta de quatro cores distintas. Verifica se a cor de fundo de cada elemento da paleta é a cor que o elemento representa. **A única cor não permitida na paleta é a cor branca.**",
              "timedOut": null,
              "duration": 72,
              "state": "passed",
              "speed": "medium",
              "pass": true,
              "fail": false,
              "pending": false,
              "context": null,
              "code": "cy.get('.color').each(function (color) {\n  cy.wrap(color).should('have.class', 'color').and('not.have.css', 'background-color', WHITE);\n  cy.wrap(color).should('have.css', 'background-color');\n});",
              "err": {},
              "uuid": "f44e65b4-a2da-4b91-b93c-c6e1169beec0",
              "parentUUID": "dc19a36a-8e5d-4b81-ab71-1966e687b176",
              "isHook": false,
              "skipped": false
            },
            {
              "title": "Verifica se cada elemento da paleta de cores tem uma borda preta, sólida e com 1 pixel de largura;",
              "fullTitle": "2 - Adicione à página uma paleta de quatro cores distintas. Verifica se cada elemento da paleta de cores tem uma borda preta, sólida e com 1 pixel de largura;",
              "timedOut": null,
              "duration": 61,
              "state": "passed",
              "speed": "medium",
              "pass": true,
              "fail": false,
              "pending": false,
              "context": null,
              "code": "cy.get('.color').each(function (color) {\n  cy.wrap(color).and('have.css', 'border', \"1px solid \".concat(BLACK)).and('have.class', 'color');\n});",
              "err": {},
              "uuid": "126037ef-9713-49ef-a9b7-459e1c795c22",
              "parentUUID": "dc19a36a-8e5d-4b81-ab71-1966e687b176",
              "isHook": false,
              "skipped": false
            },
            {
              "title": "Verifica se a paleta lista todas as cores disponíveis para utilização, lado a lado.",
              "fullTitle": "2 - Adicione à página uma paleta de quatro cores distintas. Verifica se a paleta lista todas as cores disponíveis para utilização, lado a lado.",
              "timedOut": null,
              "duration": 72,
              "state": "passed",
              "speed": "medium",
              "pass": true,
              "fail": false,
              "pending": false,
              "context": null,
              "code": "cy.get('.color').then(function (colors) {\n  for (var index = 1; index < colors.length; index += 1) {\n    var currentColor = colors[index];\n    var previousColor = colors[index - 1];\n    cy.wrap(currentColor).should('be.onTheRightOf', previousColor).and('be.horizontallyAlignedWith', previousColor);\n  }\n});",
              "err": {},
              "uuid": "5e29f817-339c-4039-9d97-4a2958c1f6c9",
              "parentUUID": "dc19a36a-8e5d-4b81-ab71-1966e687b176",
              "isHook": false,
              "skipped": false
            },
            {
              "title": "Verifica se a paleta de cores está posicionada abaixo do título 'Paleta de Cores'",
              "fullTitle": "2 - Adicione à página uma paleta de quatro cores distintas. Verifica se a paleta de cores está posicionada abaixo do título 'Paleta de Cores'",
              "timedOut": null,
              "duration": 82,
              "state": "passed",
              "speed": "slow",
              "pass": true,
              "fail": false,
              "pending": false,
              "context": null,
              "code": "cy.get('h1#title').then(function (title) {\n  cy.get('#color-palette').should('be.belowOf', title);\n});",
              "err": {},
              "uuid": "8774fafe-a017-44b6-b0c6-d8219c851d2c",
              "parentUUID": "dc19a36a-8e5d-4b81-ab71-1966e687b176",
              "isHook": false,
              "skipped": false
            },
            {
              "title": "Verifica se a paleta de cores não contém cores repetidas.",
              "fullTitle": "2 - Adicione à página uma paleta de quatro cores distintas. Verifica se a paleta de cores não contém cores repetidas.",
              "timedOut": null,
              "duration": 72,
              "state": "passed",
              "speed": "medium",
              "pass": true,
              "fail": false,
              "pending": false,
              "context": null,
              "code": "cy.get('.color').then(function (colors) {\n  var allColors = Array.from(colors).map(function (color) {\n    return Cypress.$(color).css('background-color');\n  });\n  cy.log(allColors);\n  var uniqColors = (0, _toConsumableArray2[\"default\"])(new Set(allColors));\n  cy.log(uniqColors);\n  expect(allColors.length).to.eq(uniqColors.length);\n});",
              "err": {},
              "uuid": "6592fa39-a108-4d14-91bf-7e8681b27f5c",
              "parentUUID": "dc19a36a-8e5d-4b81-ab71-1966e687b176",
              "isHook": false,
              "skipped": false
            }
          ],
          "suites": [],
          "passes": [
            "7c2e09ca-95d6-43dd-87c9-9100b8ca74bc",
            "ba5e4a43-4750-4671-b486-3e1ad753b97d",
            "f44e65b4-a2da-4b91-b93c-c6e1169beec0",
            "126037ef-9713-49ef-a9b7-459e1c795c22",
            "5e29f817-339c-4039-9d97-4a2958c1f6c9",
            "8774fafe-a017-44b6-b0c6-d8219c851d2c",
            "6592fa39-a108-4d14-91bf-7e8681b27f5c"
          ],
          "failures": [],
          "pending": [],
          "skipped": [],
          "duration": 521,
          "root": false,
          "rootEmpty": false,
          "_timeout": 2000
        },
        {
          "uuid": "f7815c78-e613-44a7-82e3-03c87c8fe231",
          "title": "3 - Adicione a cor **preta** como a primeira cor da paleta de cores.",
          "fullFile": "",
          "file": "",
          "beforeHooks": [],
          "afterHooks": [],
          "tests": [
            {
              "title": "Verifica se a primeira cor da paleta é preta",
              "fullTitle": "3 - Adicione a cor **preta** como a primeira cor da paleta de cores. Verifica se a primeira cor da paleta é preta",
              "timedOut": null,
              "duration": 95,
              "state": "passed",
              "speed": "slow",
              "pass": true,
              "fail": false,
              "pending": false,
              "context": null,
              "code": "cy.get('.color').first().should('have.css', 'background-color', BLACK);",
              "err": {},
              "uuid": "79bc4356-2448-49c4-9c32-ae2b65077c27",
              "parentUUID": "f7815c78-e613-44a7-82e3-03c87c8fe231",
              "isHook": false,
              "skipped": false
            },
            {
              "title": "Verifica se as demais cores podem ser escolhidas livremente.",
              "fullTitle": "3 - Adicione a cor **preta** como a primeira cor da paleta de cores. Verifica se as demais cores podem ser escolhidas livremente.",
              "timedOut": null,
              "duration": 98,
              "state": "passed",
              "speed": "slow",
              "pass": true,
              "fail": false,
              "pending": false,
              "context": null,
              "code": "cy.get('.color').eq(1).should('not.have.css', 'background-color', BLACK);\ncy.get('.color').eq(1).should('not.have.css', 'background-color', WHITE);\ncy.get('.color').eq(1).should('not.have.css', 'background-color', 'rgba(0, 0, 0, 0)');\ncy.get('.color').eq(1).should('have.css', 'background-color');\ncy.get('.color').eq(2).should('not.have.css', 'background-color', BLACK);\ncy.get('.color').eq(2).should('not.have.css', 'background-color', WHITE);\ncy.get('.color').eq(2).should('not.have.css', 'background-color', 'rgba(0, 0, 0, 0)');\ncy.get('.color').eq(2).should('have.css', 'background-color');\ncy.get('.color').eq(3).should('not.have.css', 'background-color', BLACK);\ncy.get('.color').eq(3).should('not.have.css', 'background-color', WHITE);\ncy.get('.color').eq(3).should('not.have.css', 'background-color', 'rgba(0, 0, 0, 0)');\ncy.get('.color').eq(3).should('have.css', 'background-color');",
              "err": {},
              "uuid": "f887848f-ce74-423a-8bb3-4c910159a89c",
              "parentUUID": "f7815c78-e613-44a7-82e3-03c87c8fe231",
              "isHook": false,
              "skipped": false
            }
          ],
          "suites": [],
          "passes": [
            "79bc4356-2448-49c4-9c32-ae2b65077c27",
            "f887848f-ce74-423a-8bb3-4c910159a89c"
          ],
          "failures": [],
          "pending": [],
          "skipped": [],
          "duration": 193,
          "root": false,
          "rootEmpty": false,
          "_timeout": 2000
        },
        {
          "uuid": "8d295beb-8704-44df-b7e9-8be50e262f98",
          "title": "4 - Adicione à página um quadro de pixels, com 25 pixels.",
          "fullFile": "",
          "file": "",
          "beforeHooks": [],
          "afterHooks": [],
          "tests": [
            {
              "title": "Verifica se o quadro de pixels possui o `id` denominado `pixel-board`",
              "fullTitle": "4 - Adicione à página um quadro de pixels, com 25 pixels. Verifica se o quadro de pixels possui o `id` denominado `pixel-board`",
              "timedOut": null,
              "duration": 48,
              "state": "passed",
              "speed": "medium",
              "pass": true,
              "fail": false,
              "pending": false,
              "context": null,
              "code": "cy.get('#pixel-board').should('be.visible');",
              "err": {},
              "uuid": "59f446e7-5ad5-448d-8ab9-1defa4686ec6",
              "parentUUID": "8d295beb-8704-44df-b7e9-8be50e262f98",
              "isHook": false,
              "skipped": false
            },
            {
              "title": "Verifica se cada pixel individual dentro do quadro possui a `classe` denominada `pixel`.",
              "fullTitle": "4 - Adicione à página um quadro de pixels, com 25 pixels. Verifica se cada pixel individual dentro do quadro possui a `classe` denominada `pixel`.",
              "timedOut": null,
              "duration": 62,
              "state": "passed",
              "speed": "medium",
              "pass": true,
              "fail": false,
              "pending": false,
              "context": null,
              "code": "cy.get('.pixel').should('have.length', 25);",
              "err": {},
              "uuid": "34d05f86-6298-4947-b938-31cf66ec36af",
              "parentUUID": "8d295beb-8704-44df-b7e9-8be50e262f98",
              "isHook": false,
              "skipped": false
            },
            {
              "title": "Verifica se a cor inicial dos pixels dentro do quadro, ao abrir a página, é branca.",
              "fullTitle": "4 - Adicione à página um quadro de pixels, com 25 pixels. Verifica se a cor inicial dos pixels dentro do quadro, ao abrir a página, é branca.",
              "timedOut": null,
              "duration": 79,
              "state": "passed",
              "speed": "slow",
              "pass": true,
              "fail": false,
              "pending": false,
              "context": null,
              "code": "cy.get('.pixel').should('have.length', 25).each(function (pixel) {\n  expect(pixel).to.have.css('background-color', WHITE);\n});",
              "err": {},
              "uuid": "12c24bbd-79cb-4315-8149-6677e7247bdc",
              "parentUUID": "8d295beb-8704-44df-b7e9-8be50e262f98",
              "isHook": false,
              "skipped": false
            },
            {
              "title": "Verifica se o quadro de pixels aparece abaixo da paleta de cores",
              "fullTitle": "4 - Adicione à página um quadro de pixels, com 25 pixels. Verifica se o quadro de pixels aparece abaixo da paleta de cores",
              "timedOut": null,
              "duration": 65,
              "state": "passed",
              "speed": "medium",
              "pass": true,
              "fail": false,
              "pending": false,
              "context": null,
              "code": "cy.get('#color-palette').then(function (palette) {\n  cy.get('#pixel-board').should('be.belowOf', palette);\n});",
              "err": {},
              "uuid": "889cd346-8044-479f-929a-4202f0908b28",
              "parentUUID": "8d295beb-8704-44df-b7e9-8be50e262f98",
              "isHook": false,
              "skipped": false
            }
          ],
          "suites": [],
          "passes": [
            "59f446e7-5ad5-448d-8ab9-1defa4686ec6",
            "34d05f86-6298-4947-b938-31cf66ec36af",
            "12c24bbd-79cb-4315-8149-6677e7247bdc",
            "889cd346-8044-479f-929a-4202f0908b28"
          ],
          "failures": [],
          "pending": [],
          "skipped": [],
          "duration": 254,
          "root": false,
          "rootEmpty": false,
          "_timeout": 2000
        },
        {
          "uuid": "80ffff41-2778-4f5a-a74c-4ce8fba61473",
          "title": "5 - Faça com que cada elemento do quadro de pixels possua 40 pixels de largura, 40 pixels de altura e seja delimitado por uma borda preta de 1 pixel.",
          "fullFile": "",
          "file": "",
          "beforeHooks": [],
          "afterHooks": [],
          "tests": [
            {
              "title": "Verifica se o quadro de pixels tem altura e comprimento de 5 elementos",
              "fullTitle": "5 - Faça com que cada elemento do quadro de pixels possua 40 pixels de largura, 40 pixels de altura e seja delimitado por uma borda preta de 1 pixel. Verifica se o quadro de pixels tem altura e comprimento de 5 elementos",
              "timedOut": null,
              "duration": 142,
              "state": "passed",
              "speed": "slow",
              "pass": true,
              "fail": false,
              "pending": false,
              "context": null,
              "code": "cy.get('.pixel').should('have.length', 25).each(function (pixel) {\n  expect(pixel).to.have.css('background-color', WHITE);\n}).and(function (pixels) {\n  var rows = chunk(pixels, 5);\n  rows.forEach(function (row) {\n    for (var index = 1; index < row.length; index += 1) {\n      var current = pixels[index];\n      var previous = pixels[index - 1];\n      cy.wrap(current).should('be.onTheRightOf', previous).and('be.horizontallyAlignedWith', previous);\n    }\n  });\n  for (var index = 1; index < 5; index += 1) {\n    expect(pixels[index * 5]).to.be.belowOf(pixels[(index - 1) * 5]);\n  }\n});",
              "err": {},
              "uuid": "80a5b42f-7ddf-43c9-8273-67bb68b4ecb7",
              "parentUUID": "80ffff41-2778-4f5a-a74c-4ce8fba61473",
              "isHook": false,
              "skipped": false
            },
            {
              "title": "Verifica se 40 pixels é o tamanho total do elemento, incluindo seu conteúdo e excluindo a borda preta, que deve ser criada à parte.",
              "fullTitle": "5 - Faça com que cada elemento do quadro de pixels possua 40 pixels de largura, 40 pixels de altura e seja delimitado por uma borda preta de 1 pixel. Verifica se 40 pixels é o tamanho total do elemento, incluindo seu conteúdo e excluindo a borda preta, que deve ser criada à parte.",
              "timedOut": null,
              "duration": 138,
              "state": "passed",
              "speed": "slow",
              "pass": true,
              "fail": false,
              "pending": false,
              "context": null,
              "code": "cy.get('.pixel').each(function (pixel) {\n  cy.wrap(pixel).should('have.css', 'height', '40px').and('have.css', 'width', '40px').and('have.css', 'border', \"1px solid \".concat(BLACK));\n});",
              "err": {},
              "uuid": "bcdac517-ac17-4b50-adac-b2bb44080b76",
              "parentUUID": "80ffff41-2778-4f5a-a74c-4ce8fba61473",
              "isHook": false,
              "skipped": false
            }
          ],
          "suites": [],
          "passes": [
            "80a5b42f-7ddf-43c9-8273-67bb68b4ecb7",
            "bcdac517-ac17-4b50-adac-b2bb44080b76"
          ],
          "failures": [],
          "pending": [],
          "skipped": [],
          "duration": 280,
          "root": false,
          "rootEmpty": false,
          "_timeout": 2000
        },
        {
          "uuid": "2671b801-5a43-476d-a9c5-6ce5fb77e9fb",
          "title": "6 - Defina a cor preta como cor inicial. Ao carregar a página a cor preta já deve estar selecionada para pintar os pixels",
          "fullFile": "",
          "file": "",
          "beforeHooks": [],
          "afterHooks": [],
          "tests": [
            {
              "title": "Verifica se o elemento da cor preta possui, inicialmente, a `classe` `selected`",
              "fullTitle": "6 - Defina a cor preta como cor inicial. Ao carregar a página a cor preta já deve estar selecionada para pintar os pixels Verifica se o elemento da cor preta possui, inicialmente, a `classe` `selected`",
              "timedOut": null,
              "duration": 54,
              "state": "passed",
              "speed": "medium",
              "pass": true,
              "fail": false,
              "pending": false,
              "context": null,
              "code": "cy.get('.selected').first().should('have.css', 'background-color', BLACK);",
              "err": {},
              "uuid": "848a2d30-a437-4a10-9f29-55b5acc995a1",
              "parentUUID": "2671b801-5a43-476d-a9c5-6ce5fb77e9fb",
              "isHook": false,
              "skipped": false
            },
            {
              "title": "Verifica se nenhuma outra cor da paleta tem a `classe` `selected`",
              "fullTitle": "6 - Defina a cor preta como cor inicial. Ao carregar a página a cor preta já deve estar selecionada para pintar os pixels Verifica se nenhuma outra cor da paleta tem a `classe` `selected`",
              "timedOut": null,
              "duration": 56,
              "state": "passed",
              "speed": "medium",
              "pass": true,
              "fail": false,
              "pending": false,
              "context": null,
              "code": "cy.get('.color:not(:first-child)').each(function (color) {\n  cy.wrap(color).should('not.have.class', 'selected');\n});",
              "err": {},
              "uuid": "fad007fd-d10e-450e-9b42-ab61dff8b73a",
              "parentUUID": "2671b801-5a43-476d-a9c5-6ce5fb77e9fb",
              "isHook": false,
              "skipped": false
            }
          ],
          "suites": [],
          "passes": [
            "848a2d30-a437-4a10-9f29-55b5acc995a1",
            "fad007fd-d10e-450e-9b42-ab61dff8b73a"
          ],
          "failures": [],
          "pending": [],
          "skipped": [],
          "duration": 110,
          "root": false,
          "rootEmpty": false,
          "_timeout": 2000
        },
        {
          "uuid": "61e32b5b-629b-4c82-8f20-35c9314c9550",
          "title": "7 - Clicar em uma das cores da paleta, faz com que ela seja selecionada e utilizada para preencher os pixels no quadro.",
          "fullFile": "",
          "file": "",
          "beforeHooks": [],
          "afterHooks": [],
          "tests": [
            {
              "title": "Verifica se somente uma cor da paleta de cores tem a classe `selected` de cada vez",
              "fullTitle": "7 - Clicar em uma das cores da paleta, faz com que ela seja selecionada e utilizada para preencher os pixels no quadro. Verifica se somente uma cor da paleta de cores tem a classe `selected` de cada vez",
              "timedOut": null,
              "duration": 382,
              "state": "passed",
              "speed": "slow",
              "pass": true,
              "fail": false,
              "pending": false,
              "context": null,
              "code": "cy.get('.color').each(function (selectedColor, selectedColorIndex) {\n  cy.wrap(selectedColor).click();\n  cy.get('.color').each(function (color, colorIndex) {\n    if (colorIndex === selectedColorIndex) {\n      expect(color).to.have[\"class\"]('selected');\n    } else {\n      expect(color).not.to.have[\"class\"]('selected');\n    }\n  });\n});",
              "err": {},
              "uuid": "13a5a75d-7cb8-4624-a64e-7fd8bec3bc7c",
              "parentUUID": "61e32b5b-629b-4c82-8f20-35c9314c9550",
              "isHook": false,
              "skipped": false
            },
            {
              "title": "Verifica se os pixels dentro do quadro não têm a classe `selected` quando são clicados",
              "fullTitle": "7 - Clicar em uma das cores da paleta, faz com que ela seja selecionada e utilizada para preencher os pixels no quadro. Verifica se os pixels dentro do quadro não têm a classe `selected` quando são clicados",
              "timedOut": null,
              "duration": 7842,
              "state": "passed",
              "speed": "slow",
              "pass": true,
              "fail": false,
              "pending": false,
              "context": null,
              "code": "cy.get('.color').each(function (color) {\n  var backgroundColor = color.css('background-color');\n  cy.wrap(color).click();\n  cy.get('.pixel').each(function (pixel) {\n    cy.wrap(pixel).click().should('not.have.class', 'selected');\n  });\n});",
              "err": {},
              "uuid": "81ee32fb-83bd-44f2-be72-bd21689d3ddb",
              "parentUUID": "61e32b5b-629b-4c82-8f20-35c9314c9550",
              "isHook": false,
              "skipped": false
            }
          ],
          "suites": [],
          "passes": [
            "13a5a75d-7cb8-4624-a64e-7fd8bec3bc7c",
            "81ee32fb-83bd-44f2-be72-bd21689d3ddb"
          ],
          "failures": [],
          "pending": [],
          "skipped": [],
          "duration": 8224,
          "root": false,
          "rootEmpty": false,
          "_timeout": 2000
        },
        {
          "uuid": "25fc6efc-3086-4131-ac64-12e7574188fe",
          "title": "8 - Clicar em um pixel dentro do quadro após selecionar uma cor na paleta, faz com que o pixel seja preenchido com a cor selecionada.",
          "fullFile": "",
          "file": "",
          "beforeHooks": [],
          "afterHooks": [],
          "tests": [
            {
              "title": "Verifica se ao carregar a página deve ser possível pintar os pixels de preto",
              "fullTitle": "8 - Clicar em um pixel dentro do quadro após selecionar uma cor na paleta, faz com que o pixel seja preenchido com a cor selecionada. Verifica se ao carregar a página deve ser possível pintar os pixels de preto",
              "timedOut": null,
              "duration": 4295,
              "state": "failed",
              "speed": null,
              "pass": false,
              "fail": true,
              "pending": false,
              "context": null,
              "code": "cy.get('.pixel').each(function (pixel) {\n  cy.wrap(pixel).click().should('have.css', 'background-color', BLACK);\n});",
              "err": {
                "message": "CypressError: Timed out retrying: expected '<div.pixel>' to have CSS property 'background-color' with the value 'rgb(0, 0, 0)', but the value was 'rgb(255, 255, 255)'",
                "estack": "CypressError: Timed out retrying: expected '<div.pixel>' to have CSS property 'background-color' with the value 'rgb(0, 0, 0)', but the value was 'rgb(255, 255, 255)'\n    at cypressErr (http://localhost:33561/__cypress/runner/cypress_runner.js:149934:9)\n    at throwErr (http://localhost:33561/__cypress/runner/cypress_runner.js:149867:11)\n    at Object.throwErrByPath (http://localhost:33561/__cypress/runner/cypress_runner.js:149915:3)\n    at retry (http://localhost:33561/__cypress/runner/cypress_runner.js:144197:19)\n    at onFailFn (http://localhost:33561/__cypress/runner/cypress_runner.js:132448:16)\n    at tryCatcher (http://localhost:33561/__cypress/runner/cypress_runner.js:167415:23)\n    at Promise._settlePromiseFromHandler (http://localhost:33561/__cypress/runner/cypress_runner.js:165351:31)\n    at Promise._settlePromise (http://localhost:33561/__cypress/runner/cypress_runner.js:165408:18)\n    at Promise._settlePromise0 (http://localhost:33561/__cypress/runner/cypress_runner.js:165453:10)\n    at Promise._settlePromises (http://localhost:33561/__cypress/runner/cypress_runner.js:165528:18)\n    at Async../node_modules/bluebird/js/release/async.js.Async._drainQueue (http://localhost:33561/__cypress/runner/cypress_runner.js:162140:16)\n    at Async../node_modules/bluebird/js/release/async.js.Async._drainQueues (http://localhost:33561/__cypress/runner/cypress_runner.js:162150:10)\n    at Async.drainQueues (http://localhost:33561/__cypress/runner/cypress_runner.js:162024:14)",
                "diff": null
              },
              "uuid": "870ebd2c-b39a-4145-82a8-d022c5e79c7f",
              "parentUUID": "25fc6efc-3086-4131-ac64-12e7574188fe",
              "isHook": false,
              "skipped": false
            },
            {
              "title": "Verifica se após selecionar uma outra cor na paleta, é possível pintar os pixels com essa cor",
              "fullTitle": "8 - Clicar em um pixel dentro do quadro após selecionar uma cor na paleta, faz com que o pixel seja preenchido com a cor selecionada. Verifica se após selecionar uma outra cor na paleta, é possível pintar os pixels com essa cor",
              "timedOut": null,
              "duration": 4387,
              "state": "failed",
              "speed": null,
              "pass": false,
              "fail": true,
              "pending": false,
              "context": null,
              "code": "cy.get('.color').each(function (color) {\n  var backgroundColor = color.css('background-color');\n  cy.wrap(color).click();\n  cy.get('.pixel').each(function (pixel) {\n    cy.wrap(pixel).click().should('have.css', 'background-color', backgroundColor);\n  });\n});",
              "err": {
                "message": "CypressError: Timed out retrying: expected '<div.pixel>' to have CSS property 'background-color' with the value 'rgb(0, 0, 0)', but the value was 'rgb(255, 255, 255)'",
                "estack": "CypressError: Timed out retrying: expected '<div.pixel>' to have CSS property 'background-color' with the value 'rgb(0, 0, 0)', but the value was 'rgb(255, 255, 255)'\n    at cypressErr (http://localhost:33561/__cypress/runner/cypress_runner.js:149934:9)\n    at throwErr (http://localhost:33561/__cypress/runner/cypress_runner.js:149867:11)\n    at Object.throwErrByPath (http://localhost:33561/__cypress/runner/cypress_runner.js:149915:3)\n    at retry (http://localhost:33561/__cypress/runner/cypress_runner.js:144197:19)\n    at onFailFn (http://localhost:33561/__cypress/runner/cypress_runner.js:132448:16)\n    at tryCatcher (http://localhost:33561/__cypress/runner/cypress_runner.js:167415:23)\n    at Promise._settlePromiseFromHandler (http://localhost:33561/__cypress/runner/cypress_runner.js:165351:31)\n    at Promise._settlePromise (http://localhost:33561/__cypress/runner/cypress_runner.js:165408:18)\n    at Promise._settlePromise0 (http://localhost:33561/__cypress/runner/cypress_runner.js:165453:10)\n    at Promise._settlePromises (http://localhost:33561/__cypress/runner/cypress_runner.js:165528:18)\n    at Async../node_modules/bluebird/js/release/async.js.Async._drainQueue (http://localhost:33561/__cypress/runner/cypress_runner.js:162140:16)\n    at Async../node_modules/bluebird/js/release/async.js.Async._drainQueues (http://localhost:33561/__cypress/runner/cypress_runner.js:162150:10)\n    at Async.drainQueues (http://localhost:33561/__cypress/runner/cypress_runner.js:162024:14)",
                "diff": null
              },
              "uuid": "25fc6fc3-084f-4e0a-94d7-f0322b3d6037",
              "parentUUID": "25fc6efc-3086-4131-ac64-12e7574188fe",
              "isHook": false,
              "skipped": false
            },
            {
              "title": "Verifica se somente o pixel que foi clicado foi preenchido com a cor selecionada, sem influenciar na cor dos demais pixels.",
              "fullTitle": "8 - Clicar em um pixel dentro do quadro após selecionar uma cor na paleta, faz com que o pixel seja preenchido com a cor selecionada. Verifica se somente o pixel que foi clicado foi preenchido com a cor selecionada, sem influenciar na cor dos demais pixels.",
              "timedOut": null,
              "duration": 1062,
              "state": "passed",
              "speed": "slow",
              "pass": true,
              "fail": false,
              "pending": false,
              "context": null,
              "code": "var colorToPixelIndexMap = {\n  0: 6,\n  1: 8,\n  2: 16,\n  3: 18\n};\ncy.get('.color').each(function (color, index) {\n  cy.wrap(color).click();\n  var backgroundColor = color.css('background-color');\n  var clickedPixelIndex = colorToPixelIndexMap[index];\n  cy.get('.pixel').eq(clickedPixelIndex).click();\n  cy.get('.pixel').eq(clickedPixelIndex - 1).should('not.have.css', 'background-color', backgroundColor);\n  cy.get('.pixel').eq(clickedPixelIndex + 1).should('not.have.css', 'background-color', backgroundColor);\n  cy.get('.pixel').eq(clickedPixelIndex - 5).should('not.have.css', 'background-color', backgroundColor);\n  cy.get('.pixel').eq(clickedPixelIndex + 5).should('not.have.css', 'background-color', backgroundColor);\n  cy.get('.pixel').eq(clickedPixelIndex - 6).should('not.have.css', 'background-color', backgroundColor);\n  cy.get('.pixel').eq(clickedPixelIndex - 4).should('not.have.css', 'background-color', backgroundColor);\n  cy.get('.pixel').eq(clickedPixelIndex + 4).should('not.have.css', 'background-color', backgroundColor);\n  cy.get('.pixel').eq(clickedPixelIndex + 6).should('not.have.css', 'background-color', backgroundColor);\n});",
              "err": {},
              "uuid": "b5dc2c98-9d6e-4501-b81a-eded009080a2",
              "parentUUID": "25fc6efc-3086-4131-ac64-12e7574188fe",
              "isHook": false,
              "skipped": false
            }
          ],
          "suites": [],
          "passes": [
            "b5dc2c98-9d6e-4501-b81a-eded009080a2"
          ],
          "failures": [
            "870ebd2c-b39a-4145-82a8-d022c5e79c7f",
            "25fc6fc3-084f-4e0a-94d7-f0322b3d6037"
          ],
          "pending": [],
          "skipped": [],
          "duration": 9744,
          "root": false,
          "rootEmpty": false,
          "_timeout": 2000
        },
        {
          "uuid": "005f3788-23f8-4234-8694-63845235d35a",
          "title": "9 - Crie um botão que, ao ser clicado, limpa o quadro preenchendo a cor de todos seus pixels com branco.",
          "fullFile": "",
          "file": "",
          "beforeHooks": [],
          "afterHooks": [],
          "tests": [
            {
              "title": "Verifica se o botão tem o `id` denominado `clear-board`",
              "fullTitle": "9 - Crie um botão que, ao ser clicado, limpa o quadro preenchendo a cor de todos seus pixels com branco. Verifica se o botão tem o `id` denominado `clear-board`",
              "timedOut": null,
              "duration": 4240,
              "state": "failed",
              "speed": null,
              "pass": false,
              "fail": true,
              "pending": false,
              "context": null,
              "code": "cy.get('#clear-board').should('be.visible');",
              "err": {
                "message": "CypressError: Timed out retrying: Expected to find element: '#clear-board', but never found it.",
                "estack": "CypressError: Timed out retrying: Expected to find element: '#clear-board', but never found it.\n    at cypressErr (http://localhost:33561/__cypress/runner/cypress_runner.js:149934:9)\n    at throwErr (http://localhost:33561/__cypress/runner/cypress_runner.js:149867:11)\n    at Object.throwErrByPath (http://localhost:33561/__cypress/runner/cypress_runner.js:149915:3)\n    at retry (http://localhost:33561/__cypress/runner/cypress_runner.js:144197:19)\n    at onFailFn (http://localhost:33561/__cypress/runner/cypress_runner.js:132448:16)\n    at tryCatcher (http://localhost:33561/__cypress/runner/cypress_runner.js:167415:23)\n    at Promise._settlePromiseFromHandler (http://localhost:33561/__cypress/runner/cypress_runner.js:165351:31)\n    at Promise._settlePromise (http://localhost:33561/__cypress/runner/cypress_runner.js:165408:18)\n    at Promise._settlePromise0 (http://localhost:33561/__cypress/runner/cypress_runner.js:165453:10)\n    at Promise._settlePromises (http://localhost:33561/__cypress/runner/cypress_runner.js:165528:18)\n    at Async../node_modules/bluebird/js/release/async.js.Async._drainQueue (http://localhost:33561/__cypress/runner/cypress_runner.js:162140:16)\n    at Async../node_modules/bluebird/js/release/async.js.Async._drainQueues (http://localhost:33561/__cypress/runner/cypress_runner.js:162150:10)\n    at Async.drainQueues (http://localhost:33561/__cypress/runner/cypress_runner.js:162024:14)",
                "diff": null
              },
              "uuid": "e592db0d-ae05-4135-822f-c57ebde123e1",
              "parentUUID": "005f3788-23f8-4234-8694-63845235d35a",
              "isHook": false,
              "skipped": false
            },
            {
              "title": "Verifica se o botão está posicionado entre a paleta de cores e o quadro de pixels",
              "fullTitle": "9 - Crie um botão que, ao ser clicado, limpa o quadro preenchendo a cor de todos seus pixels com branco. Verifica se o botão está posicionado entre a paleta de cores e o quadro de pixels",
              "timedOut": null,
              "duration": 4249,
              "state": "failed",
              "speed": null,
              "pass": false,
              "fail": true,
              "pending": false,
              "context": null,
              "code": "cy.get('#color-palette').then(function (palette) {\n  cy.get('#clear-board').should('be.belowOf', palette);\n});\ncy.get('#clear-board').then(function (clearBtn) {\n  cy.get('#pixel-board').should('be.belowOf', clearBtn);\n});",
              "err": {
                "message": "CypressError: Timed out retrying: Expected to find element: '#clear-board', but never found it.",
                "estack": "CypressError: Timed out retrying: Expected to find element: '#clear-board', but never found it.\n    at cypressErr (http://localhost:33561/__cypress/runner/cypress_runner.js:149934:9)\n    at throwErr (http://localhost:33561/__cypress/runner/cypress_runner.js:149867:11)\n    at Object.throwErrByPath (http://localhost:33561/__cypress/runner/cypress_runner.js:149915:3)\n    at retry (http://localhost:33561/__cypress/runner/cypress_runner.js:144197:19)\n    at onFailFn (http://localhost:33561/__cypress/runner/cypress_runner.js:132448:16)\n    at tryCatcher (http://localhost:33561/__cypress/runner/cypress_runner.js:167415:23)\n    at Promise._settlePromiseFromHandler (http://localhost:33561/__cypress/runner/cypress_runner.js:165351:31)\n    at Promise._settlePromise (http://localhost:33561/__cypress/runner/cypress_runner.js:165408:18)\n    at Promise._settlePromise0 (http://localhost:33561/__cypress/runner/cypress_runner.js:165453:10)\n    at Promise._settlePromises (http://localhost:33561/__cypress/runner/cypress_runner.js:165528:18)\n    at Async../node_modules/bluebird/js/release/async.js.Async._drainQueue (http://localhost:33561/__cypress/runner/cypress_runner.js:162140:16)\n    at Async../node_modules/bluebird/js/release/async.js.Async._drainQueues (http://localhost:33561/__cypress/runner/cypress_runner.js:162150:10)\n    at Async.drainQueues (http://localhost:33561/__cypress/runner/cypress_runner.js:162024:14)",
                "diff": null
              },
              "uuid": "4c0cf70f-7868-4ea7-ae3b-73a0515e03f0",
              "parentUUID": "005f3788-23f8-4234-8694-63845235d35a",
              "isHook": false,
              "skipped": false
            },
            {
              "title": "Verifica se o texto do botão é 'Limpar'",
              "fullTitle": "9 - Crie um botão que, ao ser clicado, limpa o quadro preenchendo a cor de todos seus pixels com branco. Verifica se o texto do botão é 'Limpar'",
              "timedOut": null,
              "duration": 4236,
              "state": "failed",
              "speed": null,
              "pass": false,
              "fail": true,
              "pending": false,
              "context": null,
              "code": "cy.get('#clear-board').should('contain.text', 'Limpar');",
              "err": {
                "message": "CypressError: Timed out retrying: Expected to find element: '#clear-board', but never found it.",
                "estack": "CypressError: Timed out retrying: Expected to find element: '#clear-board', but never found it.\n    at cypressErr (http://localhost:33561/__cypress/runner/cypress_runner.js:149934:9)\n    at throwErr (http://localhost:33561/__cypress/runner/cypress_runner.js:149867:11)\n    at Object.throwErrByPath (http://localhost:33561/__cypress/runner/cypress_runner.js:149915:3)\n    at retry (http://localhost:33561/__cypress/runner/cypress_runner.js:144197:19)\n    at onFailFn (http://localhost:33561/__cypress/runner/cypress_runner.js:132448:16)\n    at tryCatcher (http://localhost:33561/__cypress/runner/cypress_runner.js:167415:23)\n    at Promise._settlePromiseFromHandler (http://localhost:33561/__cypress/runner/cypress_runner.js:165351:31)\n    at Promise._settlePromise (http://localhost:33561/__cypress/runner/cypress_runner.js:165408:18)\n    at Promise._settlePromise0 (http://localhost:33561/__cypress/runner/cypress_runner.js:165453:10)\n    at Promise._settlePromises (http://localhost:33561/__cypress/runner/cypress_runner.js:165528:18)\n    at Async../node_modules/bluebird/js/release/async.js.Async._drainQueue (http://localhost:33561/__cypress/runner/cypress_runner.js:162140:16)\n    at Async../node_modules/bluebird/js/release/async.js.Async._drainQueues (http://localhost:33561/__cypress/runner/cypress_runner.js:162150:10)\n    at Async.drainQueues (http://localhost:33561/__cypress/runner/cypress_runner.js:162024:14)",
                "diff": null
              },
              "uuid": "76fd336b-c00f-485e-a99f-2421670ad594",
              "parentUUID": "005f3788-23f8-4234-8694-63845235d35a",
              "isHook": false,
              "skipped": false
            },
            {
              "title": "Verifica se ao clicar no botão, o quadro de pixels é totalmente preenchido de branco",
              "fullTitle": "9 - Crie um botão que, ao ser clicado, limpa o quadro preenchendo a cor de todos seus pixels com branco. Verifica se ao clicar no botão, o quadro de pixels é totalmente preenchido de branco",
              "timedOut": null,
              "duration": 4372,
              "state": "failed",
              "speed": null,
              "pass": false,
              "fail": true,
              "pending": false,
              "context": null,
              "code": "cy.get('.color').eq(1).then(function (color) {\n  var backgroundColor = color.css('background-color');\n  cy.wrap(color).click();\n  cy.get('.pixel').each(function (pixel) {\n    cy.wrap(pixel).click().should('have.css', 'background-color', backgroundColor);\n  });\n});\ncy.get('#clear-board').click();\ncy.get('.pixel').each(function (pixel) {\n  cy.wrap(pixel).should('have.css', 'background-color', WHITE);\n});",
              "err": {
                "message": "CypressError: Timed out retrying: expected '<div.pixel>' to have CSS property 'background-color' with the value 'rgb(128, 0, 128)', but the value was 'rgb(255, 255, 255)'",
                "estack": "CypressError: Timed out retrying: expected '<div.pixel>' to have CSS property 'background-color' with the value 'rgb(128, 0, 128)', but the value was 'rgb(255, 255, 255)'\n    at cypressErr (http://localhost:33561/__cypress/runner/cypress_runner.js:149934:9)\n    at throwErr (http://localhost:33561/__cypress/runner/cypress_runner.js:149867:11)\n    at Object.throwErrByPath (http://localhost:33561/__cypress/runner/cypress_runner.js:149915:3)\n    at retry (http://localhost:33561/__cypress/runner/cypress_runner.js:144197:19)\n    at onFailFn (http://localhost:33561/__cypress/runner/cypress_runner.js:132448:16)\n    at tryCatcher (http://localhost:33561/__cypress/runner/cypress_runner.js:167415:23)\n    at Promise._settlePromiseFromHandler (http://localhost:33561/__cypress/runner/cypress_runner.js:165351:31)\n    at Promise._settlePromise (http://localhost:33561/__cypress/runner/cypress_runner.js:165408:18)\n    at Promise._settlePromise0 (http://localhost:33561/__cypress/runner/cypress_runner.js:165453:10)\n    at Promise._settlePromises (http://localhost:33561/__cypress/runner/cypress_runner.js:165528:18)\n    at Async../node_modules/bluebird/js/release/async.js.Async._drainQueue (http://localhost:33561/__cypress/runner/cypress_runner.js:162140:16)\n    at Async../node_modules/bluebird/js/release/async.js.Async._drainQueues (http://localhost:33561/__cypress/runner/cypress_runner.js:162150:10)\n    at Async.drainQueues (http://localhost:33561/__cypress/runner/cypress_runner.js:162024:14)",
                "diff": null
              },
              "uuid": "f831f835-8aad-4619-bd12-3b1a0b83e3f5",
              "parentUUID": "005f3788-23f8-4234-8694-63845235d35a",
              "isHook": false,
              "skipped": false
            }
          ],
          "suites": [],
          "passes": [],
          "failures": [
            "e592db0d-ae05-4135-822f-c57ebde123e1",
            "4c0cf70f-7868-4ea7-ae3b-73a0515e03f0",
            "76fd336b-c00f-485e-a99f-2421670ad594",
            "f831f835-8aad-4619-bd12-3b1a0b83e3f5"
          ],
          "pending": [],
          "skipped": [],
          "duration": 17097,
          "root": false,
          "rootEmpty": false,
          "_timeout": 2000
        },
        {
          "uuid": "6072f597-b918-41dc-9410-8fc8b712aaeb",
          "title": "10 - Faça o quadro de pixels ter seu tamanho definido pelo usuário.",
          "fullFile": "",
          "file": "",
          "beforeHooks": [],
          "afterHooks": [],
          "tests": [
            {
              "title": "Verifica se existe um input com o id `board-size`",
              "fullTitle": "10 - Faça o quadro de pixels ter seu tamanho definido pelo usuário. Verifica se existe um input com o id `board-size`",
              "timedOut": null,
              "duration": 4274,
              "state": "failed",
              "speed": null,
              "pass": false,
              "fail": true,
              "pending": false,
              "context": null,
              "code": "cy.get('#board-size').should('be.visible');",
              "err": {
                "message": "CypressError: Timed out retrying: Expected to find element: '#board-size', but never found it.",
                "estack": "CypressError: Timed out retrying: Expected to find element: '#board-size', but never found it.\n    at cypressErr (http://localhost:33561/__cypress/runner/cypress_runner.js:149934:9)\n    at throwErr (http://localhost:33561/__cypress/runner/cypress_runner.js:149867:11)\n    at Object.throwErrByPath (http://localhost:33561/__cypress/runner/cypress_runner.js:149915:3)\n    at retry (http://localhost:33561/__cypress/runner/cypress_runner.js:144197:19)\n    at onFailFn (http://localhost:33561/__cypress/runner/cypress_runner.js:132448:16)\n    at tryCatcher (http://localhost:33561/__cypress/runner/cypress_runner.js:167415:23)\n    at Promise._settlePromiseFromHandler (http://localhost:33561/__cypress/runner/cypress_runner.js:165351:31)\n    at Promise._settlePromise (http://localhost:33561/__cypress/runner/cypress_runner.js:165408:18)\n    at Promise._settlePromise0 (http://localhost:33561/__cypress/runner/cypress_runner.js:165453:10)\n    at Promise._settlePromises (http://localhost:33561/__cypress/runner/cypress_runner.js:165528:18)\n    at Async../node_modules/bluebird/js/release/async.js.Async._drainQueue (http://localhost:33561/__cypress/runner/cypress_runner.js:162140:16)\n    at Async../node_modules/bluebird/js/release/async.js.Async._drainQueues (http://localhost:33561/__cypress/runner/cypress_runner.js:162150:10)\n    at Async.drainQueues (http://localhost:33561/__cypress/runner/cypress_runner.js:162024:14)",
                "diff": null
              },
              "uuid": "b158bc90-1f73-4cd7-ada5-ccb8c97e3a07",
              "parentUUID": "6072f597-b918-41dc-9410-8fc8b712aaeb",
              "isHook": false,
              "skipped": false
            },
            {
              "title": "Verifica se existe um botão com o id `generate-board`",
              "fullTitle": "10 - Faça o quadro de pixels ter seu tamanho definido pelo usuário. Verifica se existe um botão com o id `generate-board`",
              "timedOut": null,
              "duration": 4247,
              "state": "failed",
              "speed": null,
              "pass": false,
              "fail": true,
              "pending": false,
              "context": null,
              "code": "cy.get('#generate-board').should('be.visible');",
              "err": {
                "message": "CypressError: Timed out retrying: Expected to find element: '#generate-board', but never found it.",
                "estack": "CypressError: Timed out retrying: Expected to find element: '#generate-board', but never found it.\n    at cypressErr (http://localhost:33561/__cypress/runner/cypress_runner.js:149934:9)\n    at throwErr (http://localhost:33561/__cypress/runner/cypress_runner.js:149867:11)\n    at Object.throwErrByPath (http://localhost:33561/__cypress/runner/cypress_runner.js:149915:3)\n    at retry (http://localhost:33561/__cypress/runner/cypress_runner.js:144197:19)\n    at onFailFn (http://localhost:33561/__cypress/runner/cypress_runner.js:132448:16)\n    at tryCatcher (http://localhost:33561/__cypress/runner/cypress_runner.js:167415:23)\n    at Promise._settlePromiseFromHandler (http://localhost:33561/__cypress/runner/cypress_runner.js:165351:31)\n    at Promise._settlePromise (http://localhost:33561/__cypress/runner/cypress_runner.js:165408:18)\n    at Promise._settlePromise0 (http://localhost:33561/__cypress/runner/cypress_runner.js:165453:10)\n    at Promise._settlePromises (http://localhost:33561/__cypress/runner/cypress_runner.js:165528:18)\n    at Async../node_modules/bluebird/js/release/async.js.Async._drainQueue (http://localhost:33561/__cypress/runner/cypress_runner.js:162140:16)\n    at Async../node_modules/bluebird/js/release/async.js.Async._drainQueues (http://localhost:33561/__cypress/runner/cypress_runner.js:162150:10)\n    at Async.drainQueues (http://localhost:33561/__cypress/runner/cypress_runner.js:162024:14)",
                "diff": null
              },
              "uuid": "d3adfe23-6b87-4ab5-aa68-f51d533b1c6e",
              "parentUUID": "6072f597-b918-41dc-9410-8fc8b712aaeb",
              "isHook": false,
              "skipped": false
            },
            {
              "title": "Verifica se o input só aceita número maiores que zero. Essa restrição deve ser feita usando os atributos do elemento `input`",
              "fullTitle": "10 - Faça o quadro de pixels ter seu tamanho definido pelo usuário. Verifica se o input só aceita número maiores que zero. Essa restrição deve ser feita usando os atributos do elemento `input`",
              "timedOut": null,
              "duration": 4258,
              "state": "failed",
              "speed": null,
              "pass": false,
              "fail": true,
              "pending": false,
              "context": null,
              "code": "cy.get('#board-size[type=\\'number\\'][min=\\'1\\']');",
              "err": {
                "message": "CypressError: Timed out retrying: Expected to find element: '#board-size[type='number'][min='1']', but never found it.",
                "estack": "CypressError: Timed out retrying: Expected to find element: '#board-size[type='number'][min='1']', but never found it.\n    at cypressErr (http://localhost:33561/__cypress/runner/cypress_runner.js:149934:9)\n    at throwErr (http://localhost:33561/__cypress/runner/cypress_runner.js:149867:11)\n    at Object.throwErrByPath (http://localhost:33561/__cypress/runner/cypress_runner.js:149915:3)\n    at retry (http://localhost:33561/__cypress/runner/cypress_runner.js:144197:19)\n    at onFailFn (http://localhost:33561/__cypress/runner/cypress_runner.js:132448:16)\n    at tryCatcher (http://localhost:33561/__cypress/runner/cypress_runner.js:167415:23)\n    at Promise._settlePromiseFromHandler (http://localhost:33561/__cypress/runner/cypress_runner.js:165351:31)\n    at Promise._settlePromise (http://localhost:33561/__cypress/runner/cypress_runner.js:165408:18)\n    at Promise._settlePromise0 (http://localhost:33561/__cypress/runner/cypress_runner.js:165453:10)\n    at Promise._settlePromises (http://localhost:33561/__cypress/runner/cypress_runner.js:165528:18)\n    at Async../node_modules/bluebird/js/release/async.js.Async._drainQueue (http://localhost:33561/__cypress/runner/cypress_runner.js:162140:16)\n    at Async../node_modules/bluebird/js/release/async.js.Async._drainQueues (http://localhost:33561/__cypress/runner/cypress_runner.js:162150:10)\n    at Async.drainQueues (http://localhost:33561/__cypress/runner/cypress_runner.js:162024:14)",
                "diff": null
              },
              "uuid": "9d48e8f4-ec76-4fc6-9f4c-a0730c252685",
              "parentUUID": "6072f597-b918-41dc-9410-8fc8b712aaeb",
              "isHook": false,
              "skipped": false
            },
            {
              "title": "Verifica se o botão contém o texto 'VQV'",
              "fullTitle": "10 - Faça o quadro de pixels ter seu tamanho definido pelo usuário. Verifica se o botão contém o texto 'VQV'",
              "timedOut": null,
              "duration": 4230,
              "state": "failed",
              "speed": null,
              "pass": false,
              "fail": true,
              "pending": false,
              "context": null,
              "code": "cy.get('#generate-board').contains(/vqv/i);",
              "err": {
                "message": "CypressError: Timed out retrying: Expected to find element: '#generate-board', but never found it.",
                "estack": "CypressError: Timed out retrying: Expected to find element: '#generate-board', but never found it.\n    at cypressErr (http://localhost:33561/__cypress/runner/cypress_runner.js:149934:9)\n    at throwErr (http://localhost:33561/__cypress/runner/cypress_runner.js:149867:11)\n    at Object.throwErrByPath (http://localhost:33561/__cypress/runner/cypress_runner.js:149915:3)\n    at retry (http://localhost:33561/__cypress/runner/cypress_runner.js:144197:19)\n    at onFailFn (http://localhost:33561/__cypress/runner/cypress_runner.js:132448:16)\n    at tryCatcher (http://localhost:33561/__cypress/runner/cypress_runner.js:167415:23)\n    at Promise._settlePromiseFromHandler (http://localhost:33561/__cypress/runner/cypress_runner.js:165351:31)\n    at Promise._settlePromise (http://localhost:33561/__cypress/runner/cypress_runner.js:165408:18)\n    at Promise._settlePromise0 (http://localhost:33561/__cypress/runner/cypress_runner.js:165453:10)\n    at Promise._settlePromises (http://localhost:33561/__cypress/runner/cypress_runner.js:165528:18)\n    at Async../node_modules/bluebird/js/release/async.js.Async._drainQueue (http://localhost:33561/__cypress/runner/cypress_runner.js:162140:16)\n    at Async../node_modules/bluebird/js/release/async.js.Async._drainQueues (http://localhost:33561/__cypress/runner/cypress_runner.js:162150:10)\n    at Async.drainQueues (http://localhost:33561/__cypress/runner/cypress_runner.js:162024:14)",
                "diff": null
              },
              "uuid": "6e1b073d-85c1-41af-932e-4864246adab3",
              "parentUUID": "6072f597-b918-41dc-9410-8fc8b712aaeb",
              "isHook": false,
              "skipped": false
            },
            {
              "title": "Verifica se o input está posicionado entre a paleta de cores e o quadro de pixels",
              "fullTitle": "10 - Faça o quadro de pixels ter seu tamanho definido pelo usuário. Verifica se o input está posicionado entre a paleta de cores e o quadro de pixels",
              "timedOut": null,
              "duration": 4226,
              "state": "failed",
              "speed": null,
              "pass": false,
              "fail": true,
              "pending": false,
              "context": null,
              "code": "cy.get('#color-palette').then(function (palette) {\n  cy.get('#board-size').should('be.belowOf', palette);\n});\ncy.get('#board-size').then(function (palette) {\n  cy.get('#pixel-board').should('be.belowOf', palette);\n});",
              "err": {
                "message": "CypressError: Timed out retrying: Expected to find element: '#board-size', but never found it.",
                "estack": "CypressError: Timed out retrying: Expected to find element: '#board-size', but never found it.\n    at cypressErr (http://localhost:33561/__cypress/runner/cypress_runner.js:149934:9)\n    at throwErr (http://localhost:33561/__cypress/runner/cypress_runner.js:149867:11)\n    at Object.throwErrByPath (http://localhost:33561/__cypress/runner/cypress_runner.js:149915:3)\n    at retry (http://localhost:33561/__cypress/runner/cypress_runner.js:144197:19)\n    at onFailFn (http://localhost:33561/__cypress/runner/cypress_runner.js:132448:16)\n    at tryCatcher (http://localhost:33561/__cypress/runner/cypress_runner.js:167415:23)\n    at Promise._settlePromiseFromHandler (http://localhost:33561/__cypress/runner/cypress_runner.js:165351:31)\n    at Promise._settlePromise (http://localhost:33561/__cypress/runner/cypress_runner.js:165408:18)\n    at Promise._settlePromise0 (http://localhost:33561/__cypress/runner/cypress_runner.js:165453:10)\n    at Promise._settlePromises (http://localhost:33561/__cypress/runner/cypress_runner.js:165528:18)\n    at Async../node_modules/bluebird/js/release/async.js.Async._drainQueue (http://localhost:33561/__cypress/runner/cypress_runner.js:162140:16)\n    at Async../node_modules/bluebird/js/release/async.js.Async._drainQueues (http://localhost:33561/__cypress/runner/cypress_runner.js:162150:10)\n    at Async.drainQueues (http://localhost:33561/__cypress/runner/cypress_runner.js:162024:14)",
                "diff": null
              },
              "uuid": "b61320db-d8ca-451f-a3dc-affcc62981e4",
              "parentUUID": "6072f597-b918-41dc-9410-8fc8b712aaeb",
              "isHook": false,
              "skipped": false
            },
            {
              "title": "Verifica se o botão está posicionado ao lado do input",
              "fullTitle": "10 - Faça o quadro de pixels ter seu tamanho definido pelo usuário. Verifica se o botão está posicionado ao lado do input",
              "timedOut": null,
              "duration": 4204,
              "state": "failed",
              "speed": null,
              "pass": false,
              "fail": true,
              "pending": false,
              "context": null,
              "code": "cy.get('#board-size').then(function (board) {\n  cy.get('#generate-board').should('be.onTheRightOf', board);\n});",
              "err": {
                "message": "CypressError: Timed out retrying: Expected to find element: '#board-size', but never found it.",
                "estack": "CypressError: Timed out retrying: Expected to find element: '#board-size', but never found it.\n    at cypressErr (http://localhost:33561/__cypress/runner/cypress_runner.js:149934:9)\n    at throwErr (http://localhost:33561/__cypress/runner/cypress_runner.js:149867:11)\n    at Object.throwErrByPath (http://localhost:33561/__cypress/runner/cypress_runner.js:149915:3)\n    at retry (http://localhost:33561/__cypress/runner/cypress_runner.js:144197:19)\n    at onFailFn (http://localhost:33561/__cypress/runner/cypress_runner.js:132448:16)\n    at tryCatcher (http://localhost:33561/__cypress/runner/cypress_runner.js:167415:23)\n    at Promise._settlePromiseFromHandler (http://localhost:33561/__cypress/runner/cypress_runner.js:165351:31)\n    at Promise._settlePromise (http://localhost:33561/__cypress/runner/cypress_runner.js:165408:18)\n    at Promise._settlePromise0 (http://localhost:33561/__cypress/runner/cypress_runner.js:165453:10)\n    at Promise._settlePromises (http://localhost:33561/__cypress/runner/cypress_runner.js:165528:18)\n    at Async../node_modules/bluebird/js/release/async.js.Async._drainQueue (http://localhost:33561/__cypress/runner/cypress_runner.js:162140:16)\n    at Async../node_modules/bluebird/js/release/async.js.Async._drainQueues (http://localhost:33561/__cypress/runner/cypress_runner.js:162150:10)\n    at Async.drainQueues (http://localhost:33561/__cypress/runner/cypress_runner.js:162024:14)",
                "diff": null
              },
              "uuid": "5616ac43-8924-41f6-b13b-2ea8593d5fc9",
              "parentUUID": "6072f597-b918-41dc-9410-8fc8b712aaeb",
              "isHook": false,
              "skipped": false
            },
            {
              "title": "Verifica se nenhum valor for colocado no input ao clicar no botão, um `alert` é exibido com o texto: 'Board inválido!'",
              "fullTitle": "10 - Faça o quadro de pixels ter seu tamanho definido pelo usuário. Verifica se nenhum valor for colocado no input ao clicar no botão, um `alert` é exibido com o texto: 'Board inválido!'",
              "timedOut": null,
              "duration": 4215,
              "state": "failed",
              "speed": null,
              "pass": false,
              "fail": true,
              "pending": false,
              "context": null,
              "code": "var alerted = false;\ncy.on('window:alert', function (msg) {\n  return alerted = msg;\n});\ncy.get('#generate-board').click().then(function () {\n  return expect(alerted).to.match(/Board inválido!/i);\n});",
              "err": {
                "message": "CypressError: Timed out retrying: Expected to find element: '#generate-board', but never found it.",
                "estack": "CypressError: Timed out retrying: Expected to find element: '#generate-board', but never found it.\n    at cypressErr (http://localhost:33561/__cypress/runner/cypress_runner.js:149934:9)\n    at throwErr (http://localhost:33561/__cypress/runner/cypress_runner.js:149867:11)\n    at Object.throwErrByPath (http://localhost:33561/__cypress/runner/cypress_runner.js:149915:3)\n    at retry (http://localhost:33561/__cypress/runner/cypress_runner.js:144197:19)\n    at onFailFn (http://localhost:33561/__cypress/runner/cypress_runner.js:132448:16)\n    at tryCatcher (http://localhost:33561/__cypress/runner/cypress_runner.js:167415:23)\n    at Promise._settlePromiseFromHandler (http://localhost:33561/__cypress/runner/cypress_runner.js:165351:31)\n    at Promise._settlePromise (http://localhost:33561/__cypress/runner/cypress_runner.js:165408:18)\n    at Promise._settlePromise0 (http://localhost:33561/__cypress/runner/cypress_runner.js:165453:10)\n    at Promise._settlePromises (http://localhost:33561/__cypress/runner/cypress_runner.js:165528:18)\n    at Async../node_modules/bluebird/js/release/async.js.Async._drainQueue (http://localhost:33561/__cypress/runner/cypress_runner.js:162140:16)\n    at Async../node_modules/bluebird/js/release/async.js.Async._drainQueues (http://localhost:33561/__cypress/runner/cypress_runner.js:162150:10)\n    at Async.drainQueues (http://localhost:33561/__cypress/runner/cypress_runner.js:162024:14)",
                "diff": null
              },
              "uuid": "ddd10bc1-00f1-4110-9668-dba69286ded6",
              "parentUUID": "6072f597-b918-41dc-9410-8fc8b712aaeb",
              "isHook": false,
              "skipped": false
            },
            {
              "title": "Verifica se ao clicar no botão com um valor preenchido, o tamanho do board muda.",
              "fullTitle": "10 - Faça o quadro de pixels ter seu tamanho definido pelo usuário. Verifica se ao clicar no botão com um valor preenchido, o tamanho do board muda.",
              "timedOut": null,
              "duration": 4226,
              "state": "failed",
              "speed": null,
              "pass": false,
              "fail": true,
              "pending": false,
              "context": null,
              "code": "cy.get('#board-size').clear().type(10);\ncy.get('#generate-board').click();\ncy.get('.pixel').should('have.length', 100);",
              "err": {
                "message": "CypressError: Timed out retrying: Expected to find element: '#board-size', but never found it.",
                "estack": "CypressError: Timed out retrying: Expected to find element: '#board-size', but never found it.\n    at cypressErr (http://localhost:33561/__cypress/runner/cypress_runner.js:149934:9)\n    at throwErr (http://localhost:33561/__cypress/runner/cypress_runner.js:149867:11)\n    at Object.throwErrByPath (http://localhost:33561/__cypress/runner/cypress_runner.js:149915:3)\n    at retry (http://localhost:33561/__cypress/runner/cypress_runner.js:144197:19)\n    at onFailFn (http://localhost:33561/__cypress/runner/cypress_runner.js:132448:16)\n    at tryCatcher (http://localhost:33561/__cypress/runner/cypress_runner.js:167415:23)\n    at Promise._settlePromiseFromHandler (http://localhost:33561/__cypress/runner/cypress_runner.js:165351:31)\n    at Promise._settlePromise (http://localhost:33561/__cypress/runner/cypress_runner.js:165408:18)\n    at Promise._settlePromise0 (http://localhost:33561/__cypress/runner/cypress_runner.js:165453:10)\n    at Promise._settlePromises (http://localhost:33561/__cypress/runner/cypress_runner.js:165528:18)\n    at Async../node_modules/bluebird/js/release/async.js.Async._drainQueue (http://localhost:33561/__cypress/runner/cypress_runner.js:162140:16)\n    at Async../node_modules/bluebird/js/release/async.js.Async._drainQueues (http://localhost:33561/__cypress/runner/cypress_runner.js:162150:10)\n    at Async.drainQueues (http://localhost:33561/__cypress/runner/cypress_runner.js:162024:14)",
                "diff": null
              },
              "uuid": "09b706cb-b8ff-4198-bd21-e4f5f57ad107",
              "parentUUID": "6072f597-b918-41dc-9410-8fc8b712aaeb",
              "isHook": false,
              "skipped": false
            },
            {
              "title": "Verifica se o novo quadro tem todos os pixels preenchidos com a cor branca",
              "fullTitle": "10 - Faça o quadro de pixels ter seu tamanho definido pelo usuário. Verifica se o novo quadro tem todos os pixels preenchidos com a cor branca",
              "timedOut": null,
              "duration": 4208,
              "state": "failed",
              "speed": null,
              "pass": false,
              "fail": true,
              "pending": false,
              "context": null,
              "code": "cy.get('#board-size').clear().type(6);\ncy.get('#generate-board').click();\ncy.get('.pixel').should('have.length', 36).each(function (pixel) {\n  expect(pixel).to.have.css('background-color', WHITE);\n});",
              "err": {
                "message": "CypressError: Timed out retrying: Expected to find element: '#board-size', but never found it.",
                "estack": "CypressError: Timed out retrying: Expected to find element: '#board-size', but never found it.\n    at cypressErr (http://localhost:33561/__cypress/runner/cypress_runner.js:149934:9)\n    at throwErr (http://localhost:33561/__cypress/runner/cypress_runner.js:149867:11)\n    at Object.throwErrByPath (http://localhost:33561/__cypress/runner/cypress_runner.js:149915:3)\n    at retry (http://localhost:33561/__cypress/runner/cypress_runner.js:144197:19)\n    at onFailFn (http://localhost:33561/__cypress/runner/cypress_runner.js:132448:16)\n    at tryCatcher (http://localhost:33561/__cypress/runner/cypress_runner.js:167415:23)\n    at Promise._settlePromiseFromHandler (http://localhost:33561/__cypress/runner/cypress_runner.js:165351:31)\n    at Promise._settlePromise (http://localhost:33561/__cypress/runner/cypress_runner.js:165408:18)\n    at Promise._settlePromise0 (http://localhost:33561/__cypress/runner/cypress_runner.js:165453:10)\n    at Promise._settlePromises (http://localhost:33561/__cypress/runner/cypress_runner.js:165528:18)\n    at Async../node_modules/bluebird/js/release/async.js.Async._drainQueue (http://localhost:33561/__cypress/runner/cypress_runner.js:162140:16)\n    at Async../node_modules/bluebird/js/release/async.js.Async._drainQueues (http://localhost:33561/__cypress/runner/cypress_runner.js:162150:10)\n    at Async.drainQueues (http://localhost:33561/__cypress/runner/cypress_runner.js:162024:14)",
                "diff": null
              },
              "uuid": "6e29aeba-79bb-43a2-89f6-d237b4c2bab7",
              "parentUUID": "6072f597-b918-41dc-9410-8fc8b712aaeb",
              "isHook": false,
              "skipped": false
            }
          ],
          "suites": [],
          "passes": [],
          "failures": [
            "b158bc90-1f73-4cd7-ada5-ccb8c97e3a07",
            "d3adfe23-6b87-4ab5-aa68-f51d533b1c6e",
            "9d48e8f4-ec76-4fc6-9f4c-a0730c252685",
            "6e1b073d-85c1-41af-932e-4864246adab3",
            "b61320db-d8ca-451f-a3dc-affcc62981e4",
            "5616ac43-8924-41f6-b13b-2ea8593d5fc9",
            "ddd10bc1-00f1-4110-9668-dba69286ded6",
            "09b706cb-b8ff-4198-bd21-e4f5f57ad107",
            "6e29aeba-79bb-43a2-89f6-d237b4c2bab7"
          ],
          "pending": [],
          "skipped": [],
          "duration": 38088,
          "root": false,
          "rootEmpty": false,
          "_timeout": 2000
        },
        {
          "uuid": "f2e64c6e-c589-4244-be9c-c1274cc5dea1",
          "title": "11 - Limite o tamanho mínimo e máximo do board.",
          "fullFile": "",
          "file": "",
          "beforeHooks": [],
          "afterHooks": [],
          "tests": [
            {
              "title": "Verifica se a altura máxima do board é 50",
              "fullTitle": "11 - Limite o tamanho mínimo e máximo do board. Verifica se a altura máxima do board é 50",
              "timedOut": null,
              "duration": 4223,
              "state": "failed",
              "speed": null,
              "pass": false,
              "fail": true,
              "pending": false,
              "context": null,
              "code": "cy.get('#board-size').clear().type(50);\ncy.get('#generate-board').click();\ncy.get('.pixel').should('have.length', 2500);",
              "err": {
                "message": "CypressError: Timed out retrying: Expected to find element: '#board-size', but never found it.",
                "estack": "CypressError: Timed out retrying: Expected to find element: '#board-size', but never found it.\n    at cypressErr (http://localhost:33561/__cypress/runner/cypress_runner.js:149934:9)\n    at throwErr (http://localhost:33561/__cypress/runner/cypress_runner.js:149867:11)\n    at Object.throwErrByPath (http://localhost:33561/__cypress/runner/cypress_runner.js:149915:3)\n    at retry (http://localhost:33561/__cypress/runner/cypress_runner.js:144197:19)\n    at onFailFn (http://localhost:33561/__cypress/runner/cypress_runner.js:132448:16)\n    at tryCatcher (http://localhost:33561/__cypress/runner/cypress_runner.js:167415:23)\n    at Promise._settlePromiseFromHandler (http://localhost:33561/__cypress/runner/cypress_runner.js:165351:31)\n    at Promise._settlePromise (http://localhost:33561/__cypress/runner/cypress_runner.js:165408:18)\n    at Promise._settlePromise0 (http://localhost:33561/__cypress/runner/cypress_runner.js:165453:10)\n    at Promise._settlePromises (http://localhost:33561/__cypress/runner/cypress_runner.js:165528:18)\n    at Async../node_modules/bluebird/js/release/async.js.Async._drainQueue (http://localhost:33561/__cypress/runner/cypress_runner.js:162140:16)\n    at Async../node_modules/bluebird/js/release/async.js.Async._drainQueues (http://localhost:33561/__cypress/runner/cypress_runner.js:162150:10)\n    at Async.drainQueues (http://localhost:33561/__cypress/runner/cypress_runner.js:162024:14)",
                "diff": null
              },
              "uuid": "c0ca4ddb-b0d5-4a96-9019-287a619f56f2",
              "parentUUID": "f2e64c6e-c589-4244-be9c-c1274cc5dea1",
              "isHook": false,
              "skipped": false
            },
            {
              "title": "Verifica se a altura do board é 5 quando um valor menor é colocado no input",
              "fullTitle": "11 - Limite o tamanho mínimo e máximo do board. Verifica se a altura do board é 5 quando um valor menor é colocado no input",
              "timedOut": null,
              "duration": 4244,
              "state": "failed",
              "speed": null,
              "pass": false,
              "fail": true,
              "pending": false,
              "context": null,
              "code": "cy.get('#board-size').clear().type(4);\ncy.get('#generate-board').click();\ncy.get('.pixel').should('have.length', 25);",
              "err": {
                "message": "CypressError: Timed out retrying: Expected to find element: '#board-size', but never found it.",
                "estack": "CypressError: Timed out retrying: Expected to find element: '#board-size', but never found it.\n    at cypressErr (http://localhost:33561/__cypress/runner/cypress_runner.js:149934:9)\n    at throwErr (http://localhost:33561/__cypress/runner/cypress_runner.js:149867:11)\n    at Object.throwErrByPath (http://localhost:33561/__cypress/runner/cypress_runner.js:149915:3)\n    at retry (http://localhost:33561/__cypress/runner/cypress_runner.js:144197:19)\n    at onFailFn (http://localhost:33561/__cypress/runner/cypress_runner.js:132448:16)\n    at tryCatcher (http://localhost:33561/__cypress/runner/cypress_runner.js:167415:23)\n    at Promise._settlePromiseFromHandler (http://localhost:33561/__cypress/runner/cypress_runner.js:165351:31)\n    at Promise._settlePromise (http://localhost:33561/__cypress/runner/cypress_runner.js:165408:18)\n    at Promise._settlePromise0 (http://localhost:33561/__cypress/runner/cypress_runner.js:165453:10)\n    at Promise._settlePromises (http://localhost:33561/__cypress/runner/cypress_runner.js:165528:18)\n    at Async../node_modules/bluebird/js/release/async.js.Async._drainQueue (http://localhost:33561/__cypress/runner/cypress_runner.js:162140:16)\n    at Async../node_modules/bluebird/js/release/async.js.Async._drainQueues (http://localhost:33561/__cypress/runner/cypress_runner.js:162150:10)\n    at Async.drainQueues (http://localhost:33561/__cypress/runner/cypress_runner.js:162024:14)",
                "diff": null
              },
              "uuid": "0ca076ff-30d4-42a4-8a87-6a8e33bca7ba",
              "parentUUID": "f2e64c6e-c589-4244-be9c-c1274cc5dea1",
              "isHook": false,
              "skipped": false
            },
            {
              "title": "Verifica se a altura do board é 50 quando um valor maior é colocado no input",
              "fullTitle": "11 - Limite o tamanho mínimo e máximo do board. Verifica se a altura do board é 50 quando um valor maior é colocado no input",
              "timedOut": null,
              "duration": 4261,
              "state": "failed",
              "speed": null,
              "pass": false,
              "fail": true,
              "pending": false,
              "context": null,
              "code": "cy.get('#board-size').clear().type(51);\ncy.get('#generate-board').click();\ncy.get('.pixel').should('have.length', 2500);",
              "err": {
                "message": "CypressError: Timed out retrying: Expected to find element: '#board-size', but never found it.",
                "estack": "CypressError: Timed out retrying: Expected to find element: '#board-size', but never found it.\n    at cypressErr (http://localhost:33561/__cypress/runner/cypress_runner.js:149934:9)\n    at throwErr (http://localhost:33561/__cypress/runner/cypress_runner.js:149867:11)\n    at Object.throwErrByPath (http://localhost:33561/__cypress/runner/cypress_runner.js:149915:3)\n    at retry (http://localhost:33561/__cypress/runner/cypress_runner.js:144197:19)\n    at onFailFn (http://localhost:33561/__cypress/runner/cypress_runner.js:132448:16)\n    at tryCatcher (http://localhost:33561/__cypress/runner/cypress_runner.js:167415:23)\n    at Promise._settlePromiseFromHandler (http://localhost:33561/__cypress/runner/cypress_runner.js:165351:31)\n    at Promise._settlePromise (http://localhost:33561/__cypress/runner/cypress_runner.js:165408:18)\n    at Promise._settlePromise0 (http://localhost:33561/__cypress/runner/cypress_runner.js:165453:10)\n    at Promise._settlePromises (http://localhost:33561/__cypress/runner/cypress_runner.js:165528:18)\n    at Async../node_modules/bluebird/js/release/async.js.Async._drainQueue (http://localhost:33561/__cypress/runner/cypress_runner.js:162140:16)\n    at Async../node_modules/bluebird/js/release/async.js.Async._drainQueues (http://localhost:33561/__cypress/runner/cypress_runner.js:162150:10)\n    at Async.drainQueues (http://localhost:33561/__cypress/runner/cypress_runner.js:162024:14)",
                "diff": null
              },
              "uuid": "af5f8069-237c-4317-af58-ac0914a5cbcd",
              "parentUUID": "f2e64c6e-c589-4244-be9c-c1274cc5dea1",
              "isHook": false,
              "skipped": false
            }
          ],
          "suites": [],
          "passes": [],
          "failures": [
            "c0ca4ddb-b0d5-4a96-9019-287a619f56f2",
            "0ca076ff-30d4-42a4-8a87-6a8e33bca7ba",
            "af5f8069-237c-4317-af58-ac0914a5cbcd"
          ],
          "pending": [],
          "skipped": [],
          "duration": 12728,
          "root": false,
          "rootEmpty": false,
          "_timeout": 2000
        },
        {
          "uuid": "99bab8d7-cae4-481c-8c62-c1e0a347e7e8",
          "title": "12 - Faça com que as cores da paleta sejam geradas aleatoriamente ao carregar a página.",
          "fullFile": "",
          "file": "",
          "beforeHooks": [],
          "afterHooks": [],
          "tests": [
            {
              "title": "Verifica se as cores geradas na paleta são diferentes a cada carregamento da página",
              "fullTitle": "12 - Faça com que as cores da paleta sejam geradas aleatoriamente ao carregar a página. Verifica se as cores geradas na paleta são diferentes a cada carregamento da página",
              "timedOut": null,
              "duration": 299,
              "state": "failed",
              "speed": null,
              "pass": false,
              "fail": true,
              "pending": false,
              "context": null,
              "code": "cy.get('.color').then(function (colors) {\n  var currentColors;\n  var previousColors;\n  previousColors = Array.from(colors).map(function (color) {\n    return Cypress.$(color).css('background-color');\n  });\n  for (var i = 0; i < 5; i += 1) {\n    cy.reload();\n    cy.get('.color').then(function (colors) {\n      currentColors = Array.from(colors).map(function (color) {\n        return Cypress.$(color).css('background-color');\n      });\n      expect(currentColors).not.to.deep.equal(previousColors);\n      previousColors = currentColors;\n    });\n  }\n});",
              "err": {
                "message": "AssertionError: expected [ Array(4) ] to not deeply equal [ Array(4) ]",
                "estack": "AssertionError: expected [ Array(4) ] to not deeply equal [ Array(4) ]\n    at getRet (http://localhost:33561/__cypress/runner/cypress_runner.js:136585:16)\n    at tryCatcher (http://localhost:33561/__cypress/runner/cypress_runner.js:167415:23)\n    at Function.Promise.attempt.Promise.try (http://localhost:33561/__cypress/runner/cypress_runner.js:164690:29)\n    at Context.thenFn (http://localhost:33561/__cypress/runner/cypress_runner.js:136599:23)\n    at Context.then (http://localhost:33561/__cypress/runner/cypress_runner.js:136971:21)\n    at Context.<anonymous> (http://localhost:33561/__cypress/runner/cypress_runner.js:148875:21)\n    at http://localhost:33561/__cypress/runner/cypress_runner.js:148351:33\n    at tryCatcher (http://localhost:33561/__cypress/runner/cypress_runner.js:167415:23)\n    at Promise._settlePromiseFromHandler (http://localhost:33561/__cypress/runner/cypress_runner.js:165351:31)\n    at Promise._settlePromise (http://localhost:33561/__cypress/runner/cypress_runner.js:165408:18)\n    at Promise._settlePromiseCtx (http://localhost:33561/__cypress/runner/cypress_runner.js:165445:10)\n    at Async../node_modules/bluebird/js/release/async.js.Async._drainQueue (http://localhost:33561/__cypress/runner/cypress_runner.js:162145:12)\n    at Async../node_modules/bluebird/js/release/async.js.Async._drainQueues (http://localhost:33561/__cypress/runner/cypress_runner.js:162150:10)\n    at Async.drainQueues (http://localhost:33561/__cypress/runner/cypress_runner.js:162024:14)",
                "diff": ""
              },
              "uuid": "8d1e0f6c-7b09-4f77-aaa7-fd4504fb8daa",
              "parentUUID": "99bab8d7-cae4-481c-8c62-c1e0a347e7e8",
              "isHook": false,
              "skipped": false
            },
            {
              "title": "Verifica se a cor preta ainda está presente e é a primeira na sua paleta de cores",
              "fullTitle": "12 - Faça com que as cores da paleta sejam geradas aleatoriamente ao carregar a página. Verifica se a cor preta ainda está presente e é a primeira na sua paleta de cores",
              "timedOut": null,
              "duration": 291,
              "state": "failed",
              "speed": null,
              "pass": false,
              "fail": true,
              "pending": false,
              "context": null,
              "code": "cy.get('.color').then(function (colors) {\n  var currentColors;\n  var previousColors;\n  previousColors = Array.from(colors).map(function (color) {\n    return Cypress.$(color).css('background-color');\n  });\n  expect(previousColors[0]).to.eq(BLACK);\n  for (var i = 0; i < 5; i += 1) {\n    cy.reload();\n    cy.get('.color').then(function (colors) {\n      currentColors = Array.from(colors).map(function (color) {\n        return Cypress.$(color).css('background-color');\n      });\n      expect(currentColors[0]).to.eq(BLACK);\n      expect(currentColors).not.to.deep.equal(previousColors);\n      previousColors = currentColors;\n    });\n  }\n});",
              "err": {
                "message": "AssertionError: expected [ Array(4) ] to not deeply equal [ Array(4) ]",
                "estack": "AssertionError: expected [ Array(4) ] to not deeply equal [ Array(4) ]\n    at getRet (http://localhost:33561/__cypress/runner/cypress_runner.js:136585:16)\n    at tryCatcher (http://localhost:33561/__cypress/runner/cypress_runner.js:167415:23)\n    at Function.Promise.attempt.Promise.try (http://localhost:33561/__cypress/runner/cypress_runner.js:164690:29)\n    at Context.thenFn (http://localhost:33561/__cypress/runner/cypress_runner.js:136599:23)\n    at Context.then (http://localhost:33561/__cypress/runner/cypress_runner.js:136971:21)\n    at Context.<anonymous> (http://localhost:33561/__cypress/runner/cypress_runner.js:148875:21)\n    at http://localhost:33561/__cypress/runner/cypress_runner.js:148351:33\n    at tryCatcher (http://localhost:33561/__cypress/runner/cypress_runner.js:167415:23)\n    at Promise._settlePromiseFromHandler (http://localhost:33561/__cypress/runner/cypress_runner.js:165351:31)\n    at Promise._settlePromise (http://localhost:33561/__cypress/runner/cypress_runner.js:165408:18)\n    at Promise._settlePromiseCtx (http://localhost:33561/__cypress/runner/cypress_runner.js:165445:10)\n    at Async../node_modules/bluebird/js/release/async.js.Async._drainQueue (http://localhost:33561/__cypress/runner/cypress_runner.js:162145:12)\n    at Async../node_modules/bluebird/js/release/async.js.Async._drainQueues (http://localhost:33561/__cypress/runner/cypress_runner.js:162150:10)\n    at Async.drainQueues (http://localhost:33561/__cypress/runner/cypress_runner.js:162024:14)",
                "diff": ""
              },
              "uuid": "821f68cb-6c75-408e-a394-cd91506b11b7",
              "parentUUID": "99bab8d7-cae4-481c-8c62-c1e0a347e7e8",
              "isHook": false,
              "skipped": false
            }
          ],
          "suites": [],
          "passes": [],
          "failures": [
            "8d1e0f6c-7b09-4f77-aaa7-fd4504fb8daa",
            "821f68cb-6c75-408e-a394-cd91506b11b7"
          ],
          "pending": [],
          "skipped": [],
          "duration": 590,
          "root": false,
          "rootEmpty": false,
          "_timeout": 2000
        }
      ],
      "passes": [],
      "failures": [],
      "pending": [],
      "skipped": [],
      "duration": 0,
      "root": true,
      "rootEmpty": true,
      "_timeout": 2000
    }
  ],
  "meta": {
    "mocha": {
      "version": "7.0.1"
    },
    "mochawesome": {
      "options": {
        "quiet": false,
        "reportFilename": "mochawesome",
        "saveHtml": false,
        "saveJson": true,
        "consoleReporter": "spec",
        "useInlineDiffs": false
      },
      "version": "4.1.0"
    },
    "marge": {
      "options": {
        "id": "default",
        "reportDir": "cypress/reports",
        "overwrite": true,
        "html": false,
        "json": true
      },
      "version": "4.1.0"
    }
  }
}