{
  "stats": {
    "suites": 12,
    "tests": 41,
    "passes": 23,
    "pending": 0,
    "failures": 18,
    "start": "2022-07-04T22:19:41.378Z",
    "end": "2022-07-04T22:21:13.675Z",
    "duration": 92297,
    "testsRegistered": 41,
    "passPercent": 56.09756097560976,
    "pendingPercent": 0,
    "other": 0,
    "hasOther": false,
    "skipped": 0,
    "hasSkipped": false
  },
  "results": [
    {
      "uuid": "fcbf990b-cd21-4400-9606-c89b34cb156c",
      "title": "",
      "fullFile": "cypress/integration/project.spec.js",
      "file": "cypress/integration/project.spec.js",
      "beforeHooks": [],
      "afterHooks": [],
      "tests": [],
      "suites": [
        {
          "uuid": "8097fb1c-00ce-4fcb-a118-7e3fd9f55cbd",
          "title": "1 - Adicione à página o título \"Paleta de Cores\".",
          "fullFile": "",
          "file": "",
          "beforeHooks": [],
          "afterHooks": [],
          "tests": [
            {
              "title": "Verifica se contém um elemento `h1` com o id `title` com o título correto",
              "fullTitle": "1 - Adicione à página o título \"Paleta de Cores\". Verifica se contém um elemento `h1` com o id `title` com o título correto",
              "timedOut": null,
              "duration": 118,
              "state": "passed",
              "speed": "slow",
              "pass": true,
              "fail": false,
              "pending": false,
              "context": null,
              "code": "cy.get('h1#title').should('contain.text', 'Paleta de Cores');",
              "err": {},
              "uuid": "3c63c621-e97a-441f-ac4e-b8807330ec5a",
              "parentUUID": "8097fb1c-00ce-4fcb-a118-7e3fd9f55cbd",
              "isHook": false,
              "skipped": false
            }
          ],
          "suites": [],
          "passes": [
            "3c63c621-e97a-441f-ac4e-b8807330ec5a"
          ],
          "failures": [],
          "pending": [],
          "skipped": [],
          "duration": 118,
          "root": false,
          "rootEmpty": false,
          "_timeout": 2000
        },
        {
          "uuid": "77c745f1-ad69-4528-8f1f-bda3b320d008",
          "title": "2 - Adicione à página uma paleta de quatro cores distintas.",
          "fullFile": "",
          "file": "",
          "beforeHooks": [],
          "afterHooks": [],
          "tests": [
            {
              "title": "A paleta de cores deve ser um elemento com `id` denominado `color-palette` e ter mais de 0px de altura e de largura.",
              "fullTitle": "2 - Adicione à página uma paleta de quatro cores distintas. A paleta de cores deve ser um elemento com `id` denominado `color-palette` e ter mais de 0px de altura e de largura.",
              "timedOut": null,
              "duration": 60,
              "state": "passed",
              "speed": "medium",
              "pass": true,
              "fail": false,
              "pending": false,
              "context": null,
              "code": "cy.get('#color-palette').should('be.visible');\ncy.get('#color-palette').children('.color');",
              "err": {},
              "uuid": "883349fd-1681-43c0-9be4-08f7f3457362",
              "parentUUID": "77c745f1-ad69-4528-8f1f-bda3b320d008",
              "isHook": false,
              "skipped": false
            },
            {
              "title": "Verifica se cada cor individual da paleta de cores possui a `classe` chamada `color`.",
              "fullTitle": "2 - Adicione à página uma paleta de quatro cores distintas. Verifica se cada cor individual da paleta de cores possui a `classe` chamada `color`.",
              "timedOut": null,
              "duration": 71,
              "state": "passed",
              "speed": "medium",
              "pass": true,
              "fail": false,
              "pending": false,
              "context": null,
              "code": "cy.get('.color').should('have.length', 4).then(function (colors) {\n  for (var i = 0; i < colors.length; i++) {\n    cy.wrap(colors[i]).should('be.visible');\n  }\n});",
              "err": {},
              "uuid": "c591d5be-69db-41ed-9f5a-f29d86012276",
              "parentUUID": "77c745f1-ad69-4528-8f1f-bda3b320d008",
              "isHook": false,
              "skipped": false
            },
            {
              "title": "Verifica se a cor de fundo de cada elemento da paleta é a cor que o elemento representa. **A única cor não permitida na paleta é a cor branca.**",
              "fullTitle": "2 - Adicione à página uma paleta de quatro cores distintas. Verifica se a cor de fundo de cada elemento da paleta é a cor que o elemento representa. **A única cor não permitida na paleta é a cor branca.**",
              "timedOut": null,
              "duration": 100,
              "state": "passed",
              "speed": "slow",
              "pass": true,
              "fail": false,
              "pending": false,
              "context": null,
              "code": "cy.get('.color').each(function (color) {\n  cy.wrap(color).should('have.class', 'color').and('not.have.css', 'background-color', WHITE);\n  cy.wrap(color).should('have.css', 'background-color');\n});",
              "err": {},
              "uuid": "483659b5-84fb-47df-80d4-474ba69b91de",
              "parentUUID": "77c745f1-ad69-4528-8f1f-bda3b320d008",
              "isHook": false,
              "skipped": false
            },
            {
              "title": "Verifica se cada elemento da paleta de cores tem uma borda preta, sólida e com 1 pixel de largura;",
              "fullTitle": "2 - Adicione à página uma paleta de quatro cores distintas. Verifica se cada elemento da paleta de cores tem uma borda preta, sólida e com 1 pixel de largura;",
              "timedOut": null,
              "duration": 66,
              "state": "passed",
              "speed": "medium",
              "pass": true,
              "fail": false,
              "pending": false,
              "context": null,
              "code": "cy.get('.color').each(function (color) {\n  cy.wrap(color).and('have.css', 'border', \"1px solid \".concat(BLACK)).and('have.class', 'color');\n});",
              "err": {},
              "uuid": "481f967a-9c6d-4e2f-8537-cf5e9166d6b0",
              "parentUUID": "77c745f1-ad69-4528-8f1f-bda3b320d008",
              "isHook": false,
              "skipped": false
            },
            {
              "title": "Verifica se a paleta lista todas as cores disponíveis para utilização, lado a lado.",
              "fullTitle": "2 - Adicione à página uma paleta de quatro cores distintas. Verifica se a paleta lista todas as cores disponíveis para utilização, lado a lado.",
              "timedOut": null,
              "duration": 80,
              "state": "passed",
              "speed": "slow",
              "pass": true,
              "fail": false,
              "pending": false,
              "context": null,
              "code": "cy.get('.color').then(function (colors) {\n  for (var index = 1; index < colors.length; index += 1) {\n    var currentColor = colors[index];\n    var previousColor = colors[index - 1];\n    cy.wrap(currentColor).should('be.onTheRightOf', previousColor).and('be.horizontallyAlignedWith', previousColor);\n  }\n});",
              "err": {},
              "uuid": "1a8fd8b5-54f6-4b1f-ab91-db559bf66e68",
              "parentUUID": "77c745f1-ad69-4528-8f1f-bda3b320d008",
              "isHook": false,
              "skipped": false
            },
            {
              "title": "Verifica se a paleta de cores está posicionada abaixo do título 'Paleta de Cores'",
              "fullTitle": "2 - Adicione à página uma paleta de quatro cores distintas. Verifica se a paleta de cores está posicionada abaixo do título 'Paleta de Cores'",
              "timedOut": null,
              "duration": 92,
              "state": "passed",
              "speed": "slow",
              "pass": true,
              "fail": false,
              "pending": false,
              "context": null,
              "code": "cy.get('h1#title').then(function (title) {\n  cy.get('#color-palette').should('be.belowOf', title);\n});",
              "err": {},
              "uuid": "b3e66c4e-1259-4f8a-bd45-c22eb33fd5b4",
              "parentUUID": "77c745f1-ad69-4528-8f1f-bda3b320d008",
              "isHook": false,
              "skipped": false
            },
            {
              "title": "Verifica se a paleta de cores não contém cores repetidas.",
              "fullTitle": "2 - Adicione à página uma paleta de quatro cores distintas. Verifica se a paleta de cores não contém cores repetidas.",
              "timedOut": null,
              "duration": 74,
              "state": "passed",
              "speed": "medium",
              "pass": true,
              "fail": false,
              "pending": false,
              "context": null,
              "code": "cy.get('.color').then(function (colors) {\n  var allColors = Array.from(colors).map(function (color) {\n    return Cypress.$(color).css('background-color');\n  });\n  cy.log(allColors);\n  var uniqColors = (0, _toConsumableArray2[\"default\"])(new Set(allColors));\n  cy.log(uniqColors);\n  expect(allColors.length).to.eq(uniqColors.length);\n});",
              "err": {},
              "uuid": "170534e3-b3cb-48c9-823d-a4dbb61dbaff",
              "parentUUID": "77c745f1-ad69-4528-8f1f-bda3b320d008",
              "isHook": false,
              "skipped": false
            }
          ],
          "suites": [],
          "passes": [
            "883349fd-1681-43c0-9be4-08f7f3457362",
            "c591d5be-69db-41ed-9f5a-f29d86012276",
            "483659b5-84fb-47df-80d4-474ba69b91de",
            "481f967a-9c6d-4e2f-8537-cf5e9166d6b0",
            "1a8fd8b5-54f6-4b1f-ab91-db559bf66e68",
            "b3e66c4e-1259-4f8a-bd45-c22eb33fd5b4",
            "170534e3-b3cb-48c9-823d-a4dbb61dbaff"
          ],
          "failures": [],
          "pending": [],
          "skipped": [],
          "duration": 543,
          "root": false,
          "rootEmpty": false,
          "_timeout": 2000
        },
        {
          "uuid": "7de6fdce-4f86-4a67-8567-bf77a37fa333",
          "title": "3 - Adicione a cor **preta** como a primeira cor da paleta de cores.",
          "fullFile": "",
          "file": "",
          "beforeHooks": [],
          "afterHooks": [],
          "tests": [
            {
              "title": "Verifica se a primeira cor da paleta é preta",
              "fullTitle": "3 - Adicione a cor **preta** como a primeira cor da paleta de cores. Verifica se a primeira cor da paleta é preta",
              "timedOut": null,
              "duration": 96,
              "state": "passed",
              "speed": "slow",
              "pass": true,
              "fail": false,
              "pending": false,
              "context": null,
              "code": "cy.get('.color').first().should('have.css', 'background-color', BLACK);",
              "err": {},
              "uuid": "431e8eef-7fb0-4bc9-99f7-5b195f8b8f08",
              "parentUUID": "7de6fdce-4f86-4a67-8567-bf77a37fa333",
              "isHook": false,
              "skipped": false
            },
            {
              "title": "Verifica se as demais cores podem ser escolhidas livremente.",
              "fullTitle": "3 - Adicione a cor **preta** como a primeira cor da paleta de cores. Verifica se as demais cores podem ser escolhidas livremente.",
              "timedOut": null,
              "duration": 100,
              "state": "passed",
              "speed": "slow",
              "pass": true,
              "fail": false,
              "pending": false,
              "context": null,
              "code": "cy.get('.color').eq(1).should('not.have.css', 'background-color', BLACK);\ncy.get('.color').eq(1).should('not.have.css', 'background-color', WHITE);\ncy.get('.color').eq(1).should('not.have.css', 'background-color', 'rgba(0, 0, 0, 0)');\ncy.get('.color').eq(1).should('have.css', 'background-color');\ncy.get('.color').eq(2).should('not.have.css', 'background-color', BLACK);\ncy.get('.color').eq(2).should('not.have.css', 'background-color', WHITE);\ncy.get('.color').eq(2).should('not.have.css', 'background-color', 'rgba(0, 0, 0, 0)');\ncy.get('.color').eq(2).should('have.css', 'background-color');\ncy.get('.color').eq(3).should('not.have.css', 'background-color', BLACK);\ncy.get('.color').eq(3).should('not.have.css', 'background-color', WHITE);\ncy.get('.color').eq(3).should('not.have.css', 'background-color', 'rgba(0, 0, 0, 0)');\ncy.get('.color').eq(3).should('have.css', 'background-color');",
              "err": {},
              "uuid": "4d89faaa-203b-4787-8440-cc8b5b8fe763",
              "parentUUID": "7de6fdce-4f86-4a67-8567-bf77a37fa333",
              "isHook": false,
              "skipped": false
            }
          ],
          "suites": [],
          "passes": [
            "431e8eef-7fb0-4bc9-99f7-5b195f8b8f08",
            "4d89faaa-203b-4787-8440-cc8b5b8fe763"
          ],
          "failures": [],
          "pending": [],
          "skipped": [],
          "duration": 196,
          "root": false,
          "rootEmpty": false,
          "_timeout": 2000
        },
        {
          "uuid": "f83bbdbd-bb8b-4e98-b7df-aee7839849bb",
          "title": "4 - Adicione à página um quadro de pixels, com 25 pixels.",
          "fullFile": "",
          "file": "",
          "beforeHooks": [],
          "afterHooks": [],
          "tests": [
            {
              "title": "Verifica se o quadro de pixels possui o `id` denominado `pixel-board`",
              "fullTitle": "4 - Adicione à página um quadro de pixels, com 25 pixels. Verifica se o quadro de pixels possui o `id` denominado `pixel-board`",
              "timedOut": null,
              "duration": 66,
              "state": "passed",
              "speed": "medium",
              "pass": true,
              "fail": false,
              "pending": false,
              "context": null,
              "code": "cy.get('#pixel-board').should('be.visible');",
              "err": {},
              "uuid": "f5233092-1589-4026-8267-062aa613abd7",
              "parentUUID": "f83bbdbd-bb8b-4e98-b7df-aee7839849bb",
              "isHook": false,
              "skipped": false
            },
            {
              "title": "Verifica se cada pixel individual dentro do quadro possui a `classe` denominada `pixel`.",
              "fullTitle": "4 - Adicione à página um quadro de pixels, com 25 pixels. Verifica se cada pixel individual dentro do quadro possui a `classe` denominada `pixel`.",
              "timedOut": null,
              "duration": 67,
              "state": "passed",
              "speed": "medium",
              "pass": true,
              "fail": false,
              "pending": false,
              "context": null,
              "code": "cy.get('.pixel').should('have.length', 25);",
              "err": {},
              "uuid": "8c47646c-d22a-41f5-b3c9-a604ee4f0da9",
              "parentUUID": "f83bbdbd-bb8b-4e98-b7df-aee7839849bb",
              "isHook": false,
              "skipped": false
            },
            {
              "title": "Verifica se a cor inicial dos pixels dentro do quadro, ao abrir a página, é branca.",
              "fullTitle": "4 - Adicione à página um quadro de pixels, com 25 pixels. Verifica se a cor inicial dos pixels dentro do quadro, ao abrir a página, é branca.",
              "timedOut": null,
              "duration": 91,
              "state": "passed",
              "speed": "slow",
              "pass": true,
              "fail": false,
              "pending": false,
              "context": null,
              "code": "cy.get('.pixel').should('have.length', 25).each(function (pixel) {\n  expect(pixel).to.have.css('background-color', WHITE);\n});",
              "err": {},
              "uuid": "82c60541-9882-43ea-828c-c57cff18beaa",
              "parentUUID": "f83bbdbd-bb8b-4e98-b7df-aee7839849bb",
              "isHook": false,
              "skipped": false
            },
            {
              "title": "Verifica se o quadro de pixels aparece abaixo da paleta de cores",
              "fullTitle": "4 - Adicione à página um quadro de pixels, com 25 pixels. Verifica se o quadro de pixels aparece abaixo da paleta de cores",
              "timedOut": null,
              "duration": 78,
              "state": "passed",
              "speed": "slow",
              "pass": true,
              "fail": false,
              "pending": false,
              "context": null,
              "code": "cy.get('#color-palette').then(function (palette) {\n  cy.get('#pixel-board').should('be.belowOf', palette);\n});",
              "err": {},
              "uuid": "da17c6e0-3969-4b1a-920b-8b2b99b6cd0a",
              "parentUUID": "f83bbdbd-bb8b-4e98-b7df-aee7839849bb",
              "isHook": false,
              "skipped": false
            }
          ],
          "suites": [],
          "passes": [
            "f5233092-1589-4026-8267-062aa613abd7",
            "8c47646c-d22a-41f5-b3c9-a604ee4f0da9",
            "82c60541-9882-43ea-828c-c57cff18beaa",
            "da17c6e0-3969-4b1a-920b-8b2b99b6cd0a"
          ],
          "failures": [],
          "pending": [],
          "skipped": [],
          "duration": 302,
          "root": false,
          "rootEmpty": false,
          "_timeout": 2000
        },
        {
          "uuid": "1a8acac5-a41b-4f30-9225-84c86e0fa699",
          "title": "5 - Faça com que cada elemento do quadro de pixels possua 40 pixels de largura, 40 pixels de altura e seja delimitado por uma borda preta de 1 pixel.",
          "fullFile": "",
          "file": "",
          "beforeHooks": [],
          "afterHooks": [],
          "tests": [
            {
              "title": "Verifica se o quadro de pixels tem altura e comprimento de 5 elementos",
              "fullTitle": "5 - Faça com que cada elemento do quadro de pixels possua 40 pixels de largura, 40 pixels de altura e seja delimitado por uma borda preta de 1 pixel. Verifica se o quadro de pixels tem altura e comprimento de 5 elementos",
              "timedOut": null,
              "duration": 155,
              "state": "passed",
              "speed": "slow",
              "pass": true,
              "fail": false,
              "pending": false,
              "context": null,
              "code": "cy.get('.pixel').should('have.length', 25).each(function (pixel) {\n  expect(pixel).to.have.css('background-color', WHITE);\n}).and(function (pixels) {\n  var rows = chunk(pixels, 5);\n  rows.forEach(function (row) {\n    for (var index = 1; index < row.length; index += 1) {\n      var current = pixels[index];\n      var previous = pixels[index - 1];\n      cy.wrap(current).should('be.onTheRightOf', previous).and('be.horizontallyAlignedWith', previous);\n    }\n  });\n  for (var index = 1; index < 5; index += 1) {\n    expect(pixels[index * 5]).to.be.belowOf(pixels[(index - 1) * 5]);\n  }\n});",
              "err": {},
              "uuid": "1c128c87-c0d6-4d43-9ee6-a38b6dbdafad",
              "parentUUID": "1a8acac5-a41b-4f30-9225-84c86e0fa699",
              "isHook": false,
              "skipped": false
            },
            {
              "title": "Verifica se 40 pixels é o tamanho total do elemento, incluindo seu conteúdo e excluindo a borda preta, que deve ser criada à parte.",
              "fullTitle": "5 - Faça com que cada elemento do quadro de pixels possua 40 pixels de largura, 40 pixels de altura e seja delimitado por uma borda preta de 1 pixel. Verifica se 40 pixels é o tamanho total do elemento, incluindo seu conteúdo e excluindo a borda preta, que deve ser criada à parte.",
              "timedOut": null,
              "duration": 159,
              "state": "passed",
              "speed": "slow",
              "pass": true,
              "fail": false,
              "pending": false,
              "context": null,
              "code": "cy.get('.pixel').each(function (pixel) {\n  cy.wrap(pixel).should('have.css', 'height', '40px').and('have.css', 'width', '40px').and('have.css', 'border', \"1px solid \".concat(BLACK));\n});",
              "err": {},
              "uuid": "55eca2a0-61cb-4dd1-be2d-c295db6c220a",
              "parentUUID": "1a8acac5-a41b-4f30-9225-84c86e0fa699",
              "isHook": false,
              "skipped": false
            }
          ],
          "suites": [],
          "passes": [
            "1c128c87-c0d6-4d43-9ee6-a38b6dbdafad",
            "55eca2a0-61cb-4dd1-be2d-c295db6c220a"
          ],
          "failures": [],
          "pending": [],
          "skipped": [],
          "duration": 314,
          "root": false,
          "rootEmpty": false,
          "_timeout": 2000
        },
        {
          "uuid": "a9ab5161-bbf2-442f-b243-f48cc352c96c",
          "title": "6 - Defina a cor preta como cor inicial. Ao carregar a página a cor preta já deve estar selecionada para pintar os pixels",
          "fullFile": "",
          "file": "",
          "beforeHooks": [],
          "afterHooks": [],
          "tests": [
            {
              "title": "Verifica se o elemento da cor preta possui, inicialmente, a `classe` `selected`",
              "fullTitle": "6 - Defina a cor preta como cor inicial. Ao carregar a página a cor preta já deve estar selecionada para pintar os pixels Verifica se o elemento da cor preta possui, inicialmente, a `classe` `selected`",
              "timedOut": null,
              "duration": 65,
              "state": "passed",
              "speed": "medium",
              "pass": true,
              "fail": false,
              "pending": false,
              "context": null,
              "code": "cy.get('.selected').first().should('have.css', 'background-color', BLACK);",
              "err": {},
              "uuid": "c75116fa-4d04-4403-9869-85b14ab1b0ed",
              "parentUUID": "a9ab5161-bbf2-442f-b243-f48cc352c96c",
              "isHook": false,
              "skipped": false
            },
            {
              "title": "Verifica se nenhuma outra cor da paleta tem a `classe` `selected`",
              "fullTitle": "6 - Defina a cor preta como cor inicial. Ao carregar a página a cor preta já deve estar selecionada para pintar os pixels Verifica se nenhuma outra cor da paleta tem a `classe` `selected`",
              "timedOut": null,
              "duration": 59,
              "state": "passed",
              "speed": "medium",
              "pass": true,
              "fail": false,
              "pending": false,
              "context": null,
              "code": "cy.get('.color:not(:first-child)').each(function (color) {\n  cy.wrap(color).should('not.have.class', 'selected');\n});",
              "err": {},
              "uuid": "a59f3607-def7-47a0-88d8-4a0e2c90db7b",
              "parentUUID": "a9ab5161-bbf2-442f-b243-f48cc352c96c",
              "isHook": false,
              "skipped": false
            }
          ],
          "suites": [],
          "passes": [
            "c75116fa-4d04-4403-9869-85b14ab1b0ed",
            "a59f3607-def7-47a0-88d8-4a0e2c90db7b"
          ],
          "failures": [],
          "pending": [],
          "skipped": [],
          "duration": 124,
          "root": false,
          "rootEmpty": false,
          "_timeout": 2000
        },
        {
          "uuid": "5d535f96-0750-4bce-83e8-abc8a12d4e60",
          "title": "7 - Clicar em uma das cores da paleta, faz com que ela seja selecionada e utilizada para preencher os pixels no quadro.",
          "fullFile": "",
          "file": "",
          "beforeHooks": [],
          "afterHooks": [],
          "tests": [
            {
              "title": "Verifica se somente uma cor da paleta de cores tem a classe `selected` de cada vez",
              "fullTitle": "7 - Clicar em uma das cores da paleta, faz com que ela seja selecionada e utilizada para preencher os pixels no quadro. Verifica se somente uma cor da paleta de cores tem a classe `selected` de cada vez",
              "timedOut": null,
              "duration": 421,
              "state": "passed",
              "speed": "slow",
              "pass": true,
              "fail": false,
              "pending": false,
              "context": null,
              "code": "cy.get('.color').each(function (selectedColor, selectedColorIndex) {\n  cy.wrap(selectedColor).click();\n  cy.get('.color').each(function (color, colorIndex) {\n    if (colorIndex === selectedColorIndex) {\n      expect(color).to.have[\"class\"]('selected');\n    } else {\n      expect(color).not.to.have[\"class\"]('selected');\n    }\n  });\n});",
              "err": {},
              "uuid": "8976d638-0f97-43b6-82af-8f2e7f24e8da",
              "parentUUID": "5d535f96-0750-4bce-83e8-abc8a12d4e60",
              "isHook": false,
              "skipped": false
            },
            {
              "title": "Verifica se os pixels dentro do quadro não têm a classe `selected` quando são clicados",
              "fullTitle": "7 - Clicar em uma das cores da paleta, faz com que ela seja selecionada e utilizada para preencher os pixels no quadro. Verifica se os pixels dentro do quadro não têm a classe `selected` quando são clicados",
              "timedOut": null,
              "duration": 7928,
              "state": "passed",
              "speed": "slow",
              "pass": true,
              "fail": false,
              "pending": false,
              "context": null,
              "code": "cy.get('.color').each(function (color) {\n  var backgroundColor = color.css('background-color');\n  cy.wrap(color).click();\n  cy.get('.pixel').each(function (pixel) {\n    cy.wrap(pixel).click().should('not.have.class', 'selected');\n  });\n});",
              "err": {},
              "uuid": "ed2a0d0b-1aa0-43f1-a505-4cb192fc9b0d",
              "parentUUID": "5d535f96-0750-4bce-83e8-abc8a12d4e60",
              "isHook": false,
              "skipped": false
            }
          ],
          "suites": [],
          "passes": [
            "8976d638-0f97-43b6-82af-8f2e7f24e8da",
            "ed2a0d0b-1aa0-43f1-a505-4cb192fc9b0d"
          ],
          "failures": [],
          "pending": [],
          "skipped": [],
          "duration": 8349,
          "root": false,
          "rootEmpty": false,
          "_timeout": 2000
        },
        {
          "uuid": "7e54cb36-c202-4d30-9d59-4934be3c3b66",
          "title": "8 - Clicar em um pixel dentro do quadro após selecionar uma cor na paleta, faz com que o pixel seja preenchido com a cor selecionada.",
          "fullFile": "",
          "file": "",
          "beforeHooks": [],
          "afterHooks": [],
          "tests": [
            {
              "title": "Verifica se ao carregar a página deve ser possível pintar os pixels de preto",
              "fullTitle": "8 - Clicar em um pixel dentro do quadro após selecionar uma cor na paleta, faz com que o pixel seja preenchido com a cor selecionada. Verifica se ao carregar a página deve ser possível pintar os pixels de preto",
              "timedOut": null,
              "duration": 1953,
              "state": "passed",
              "speed": "slow",
              "pass": true,
              "fail": false,
              "pending": false,
              "context": null,
              "code": "cy.get('.pixel').each(function (pixel) {\n  cy.wrap(pixel).click().should('have.css', 'background-color', BLACK);\n});",
              "err": {},
              "uuid": "a8e24295-b66e-429f-913e-c60791727ef8",
              "parentUUID": "7e54cb36-c202-4d30-9d59-4934be3c3b66",
              "isHook": false,
              "skipped": false
            },
            {
              "title": "Verifica se após selecionar uma outra cor na paleta, é possível pintar os pixels com essa cor",
              "fullTitle": "8 - Clicar em um pixel dentro do quadro após selecionar uma cor na paleta, faz com que o pixel seja preenchido com a cor selecionada. Verifica se após selecionar uma outra cor na paleta, é possível pintar os pixels com essa cor",
              "timedOut": null,
              "duration": 7860,
              "state": "passed",
              "speed": "slow",
              "pass": true,
              "fail": false,
              "pending": false,
              "context": null,
              "code": "cy.get('.color').each(function (color) {\n  var backgroundColor = color.css('background-color');\n  cy.wrap(color).click();\n  cy.get('.pixel').each(function (pixel) {\n    cy.wrap(pixel).click().should('have.css', 'background-color', backgroundColor);\n  });\n});",
              "err": {},
              "uuid": "4d63ec33-050d-4009-b737-cf48057e0a23",
              "parentUUID": "7e54cb36-c202-4d30-9d59-4934be3c3b66",
              "isHook": false,
              "skipped": false
            },
            {
              "title": "Verifica se somente o pixel que foi clicado foi preenchido com a cor selecionada, sem influenciar na cor dos demais pixels.",
              "fullTitle": "8 - Clicar em um pixel dentro do quadro após selecionar uma cor na paleta, faz com que o pixel seja preenchido com a cor selecionada. Verifica se somente o pixel que foi clicado foi preenchido com a cor selecionada, sem influenciar na cor dos demais pixels.",
              "timedOut": null,
              "duration": 1063,
              "state": "passed",
              "speed": "slow",
              "pass": true,
              "fail": false,
              "pending": false,
              "context": null,
              "code": "var colorToPixelIndexMap = {\n  0: 6,\n  1: 8,\n  2: 16,\n  3: 18\n};\ncy.get('.color').each(function (color, index) {\n  cy.wrap(color).click();\n  var backgroundColor = color.css('background-color');\n  var clickedPixelIndex = colorToPixelIndexMap[index];\n  cy.get('.pixel').eq(clickedPixelIndex).click();\n  cy.get('.pixel').eq(clickedPixelIndex - 1).should('not.have.css', 'background-color', backgroundColor);\n  cy.get('.pixel').eq(clickedPixelIndex + 1).should('not.have.css', 'background-color', backgroundColor);\n  cy.get('.pixel').eq(clickedPixelIndex - 5).should('not.have.css', 'background-color', backgroundColor);\n  cy.get('.pixel').eq(clickedPixelIndex + 5).should('not.have.css', 'background-color', backgroundColor);\n  cy.get('.pixel').eq(clickedPixelIndex - 6).should('not.have.css', 'background-color', backgroundColor);\n  cy.get('.pixel').eq(clickedPixelIndex - 4).should('not.have.css', 'background-color', backgroundColor);\n  cy.get('.pixel').eq(clickedPixelIndex + 4).should('not.have.css', 'background-color', backgroundColor);\n  cy.get('.pixel').eq(clickedPixelIndex + 6).should('not.have.css', 'background-color', backgroundColor);\n});",
              "err": {},
              "uuid": "c12f54e0-7c18-4432-8be7-414d94a142dd",
              "parentUUID": "7e54cb36-c202-4d30-9d59-4934be3c3b66",
              "isHook": false,
              "skipped": false
            }
          ],
          "suites": [],
          "passes": [
            "a8e24295-b66e-429f-913e-c60791727ef8",
            "4d63ec33-050d-4009-b737-cf48057e0a23",
            "c12f54e0-7c18-4432-8be7-414d94a142dd"
          ],
          "failures": [],
          "pending": [],
          "skipped": [],
          "duration": 10876,
          "root": false,
          "rootEmpty": false,
          "_timeout": 2000
        },
        {
          "uuid": "1a9fd86b-3730-4974-8580-4792fe29c957",
          "title": "9 - Crie um botão que, ao ser clicado, limpa o quadro preenchendo a cor de todos seus pixels com branco.",
          "fullFile": "",
          "file": "",
          "beforeHooks": [],
          "afterHooks": [],
          "tests": [
            {
              "title": "Verifica se o botão tem o `id` denominado `clear-board`",
              "fullTitle": "9 - Crie um botão que, ao ser clicado, limpa o quadro preenchendo a cor de todos seus pixels com branco. Verifica se o botão tem o `id` denominado `clear-board`",
              "timedOut": null,
              "duration": 4221,
              "state": "failed",
              "speed": null,
              "pass": false,
              "fail": true,
              "pending": false,
              "context": null,
              "code": "cy.get('#clear-board').should('be.visible');",
              "err": {
                "message": "CypressError: Timed out retrying: Expected to find element: '#clear-board', but never found it.",
                "estack": "CypressError: Timed out retrying: Expected to find element: '#clear-board', but never found it.\n    at cypressErr (http://localhost:42017/__cypress/runner/cypress_runner.js:149934:9)\n    at throwErr (http://localhost:42017/__cypress/runner/cypress_runner.js:149867:11)\n    at Object.throwErrByPath (http://localhost:42017/__cypress/runner/cypress_runner.js:149915:3)\n    at retry (http://localhost:42017/__cypress/runner/cypress_runner.js:144197:19)\n    at onFailFn (http://localhost:42017/__cypress/runner/cypress_runner.js:132448:16)\n    at tryCatcher (http://localhost:42017/__cypress/runner/cypress_runner.js:167415:23)\n    at Promise._settlePromiseFromHandler (http://localhost:42017/__cypress/runner/cypress_runner.js:165351:31)\n    at Promise._settlePromise (http://localhost:42017/__cypress/runner/cypress_runner.js:165408:18)\n    at Promise._settlePromise0 (http://localhost:42017/__cypress/runner/cypress_runner.js:165453:10)\n    at Promise._settlePromises (http://localhost:42017/__cypress/runner/cypress_runner.js:165528:18)\n    at Async../node_modules/bluebird/js/release/async.js.Async._drainQueue (http://localhost:42017/__cypress/runner/cypress_runner.js:162140:16)\n    at Async../node_modules/bluebird/js/release/async.js.Async._drainQueues (http://localhost:42017/__cypress/runner/cypress_runner.js:162150:10)\n    at Async.drainQueues (http://localhost:42017/__cypress/runner/cypress_runner.js:162024:14)",
                "diff": null
              },
              "uuid": "19ede473-4e02-4ab1-aeae-8ce47829179f",
              "parentUUID": "1a9fd86b-3730-4974-8580-4792fe29c957",
              "isHook": false,
              "skipped": false
            },
            {
              "title": "Verifica se o botão está posicionado entre a paleta de cores e o quadro de pixels",
              "fullTitle": "9 - Crie um botão que, ao ser clicado, limpa o quadro preenchendo a cor de todos seus pixels com branco. Verifica se o botão está posicionado entre a paleta de cores e o quadro de pixels",
              "timedOut": null,
              "duration": 4227,
              "state": "failed",
              "speed": null,
              "pass": false,
              "fail": true,
              "pending": false,
              "context": null,
              "code": "cy.get('#color-palette').then(function (palette) {\n  cy.get('#clear-board').should('be.belowOf', palette);\n});\ncy.get('#clear-board').then(function (clearBtn) {\n  cy.get('#pixel-board').should('be.belowOf', clearBtn);\n});",
              "err": {
                "message": "CypressError: Timed out retrying: Expected to find element: '#clear-board', but never found it.",
                "estack": "CypressError: Timed out retrying: Expected to find element: '#clear-board', but never found it.\n    at cypressErr (http://localhost:42017/__cypress/runner/cypress_runner.js:149934:9)\n    at throwErr (http://localhost:42017/__cypress/runner/cypress_runner.js:149867:11)\n    at Object.throwErrByPath (http://localhost:42017/__cypress/runner/cypress_runner.js:149915:3)\n    at retry (http://localhost:42017/__cypress/runner/cypress_runner.js:144197:19)\n    at onFailFn (http://localhost:42017/__cypress/runner/cypress_runner.js:132448:16)\n    at tryCatcher (http://localhost:42017/__cypress/runner/cypress_runner.js:167415:23)\n    at Promise._settlePromiseFromHandler (http://localhost:42017/__cypress/runner/cypress_runner.js:165351:31)\n    at Promise._settlePromise (http://localhost:42017/__cypress/runner/cypress_runner.js:165408:18)\n    at Promise._settlePromise0 (http://localhost:42017/__cypress/runner/cypress_runner.js:165453:10)\n    at Promise._settlePromises (http://localhost:42017/__cypress/runner/cypress_runner.js:165528:18)\n    at Async../node_modules/bluebird/js/release/async.js.Async._drainQueue (http://localhost:42017/__cypress/runner/cypress_runner.js:162140:16)\n    at Async../node_modules/bluebird/js/release/async.js.Async._drainQueues (http://localhost:42017/__cypress/runner/cypress_runner.js:162150:10)\n    at Async.drainQueues (http://localhost:42017/__cypress/runner/cypress_runner.js:162024:14)",
                "diff": null
              },
              "uuid": "85b66ef3-85e8-476f-aeae-56ffb8dd7c45",
              "parentUUID": "1a9fd86b-3730-4974-8580-4792fe29c957",
              "isHook": false,
              "skipped": false
            },
            {
              "title": "Verifica se o texto do botão é 'Limpar'",
              "fullTitle": "9 - Crie um botão que, ao ser clicado, limpa o quadro preenchendo a cor de todos seus pixels com branco. Verifica se o texto do botão é 'Limpar'",
              "timedOut": null,
              "duration": 4237,
              "state": "failed",
              "speed": null,
              "pass": false,
              "fail": true,
              "pending": false,
              "context": null,
              "code": "cy.get('#clear-board').should('contain.text', 'Limpar');",
              "err": {
                "message": "CypressError: Timed out retrying: Expected to find element: '#clear-board', but never found it.",
                "estack": "CypressError: Timed out retrying: Expected to find element: '#clear-board', but never found it.\n    at cypressErr (http://localhost:42017/__cypress/runner/cypress_runner.js:149934:9)\n    at throwErr (http://localhost:42017/__cypress/runner/cypress_runner.js:149867:11)\n    at Object.throwErrByPath (http://localhost:42017/__cypress/runner/cypress_runner.js:149915:3)\n    at retry (http://localhost:42017/__cypress/runner/cypress_runner.js:144197:19)\n    at onFailFn (http://localhost:42017/__cypress/runner/cypress_runner.js:132448:16)\n    at tryCatcher (http://localhost:42017/__cypress/runner/cypress_runner.js:167415:23)\n    at Promise._settlePromiseFromHandler (http://localhost:42017/__cypress/runner/cypress_runner.js:165351:31)\n    at Promise._settlePromise (http://localhost:42017/__cypress/runner/cypress_runner.js:165408:18)\n    at Promise._settlePromise0 (http://localhost:42017/__cypress/runner/cypress_runner.js:165453:10)\n    at Promise._settlePromises (http://localhost:42017/__cypress/runner/cypress_runner.js:165528:18)\n    at Async../node_modules/bluebird/js/release/async.js.Async._drainQueue (http://localhost:42017/__cypress/runner/cypress_runner.js:162140:16)\n    at Async../node_modules/bluebird/js/release/async.js.Async._drainQueues (http://localhost:42017/__cypress/runner/cypress_runner.js:162150:10)\n    at Async.drainQueues (http://localhost:42017/__cypress/runner/cypress_runner.js:162024:14)",
                "diff": null
              },
              "uuid": "3fa245b9-b99b-4181-ae13-4ee8497f5fdd",
              "parentUUID": "1a9fd86b-3730-4974-8580-4792fe29c957",
              "isHook": false,
              "skipped": false
            },
            {
              "title": "Verifica se ao clicar no botão, o quadro de pixels é totalmente preenchido de branco",
              "fullTitle": "9 - Crie um botão que, ao ser clicado, limpa o quadro preenchendo a cor de todos seus pixels com branco. Verifica se ao clicar no botão, o quadro de pixels é totalmente preenchido de branco",
              "timedOut": null,
              "duration": 6169,
              "state": "failed",
              "speed": null,
              "pass": false,
              "fail": true,
              "pending": false,
              "context": null,
              "code": "cy.get('.color').eq(1).then(function (color) {\n  var backgroundColor = color.css('background-color');\n  cy.wrap(color).click();\n  cy.get('.pixel').each(function (pixel) {\n    cy.wrap(pixel).click().should('have.css', 'background-color', backgroundColor);\n  });\n});\ncy.get('#clear-board').click();\ncy.get('.pixel').each(function (pixel) {\n  cy.wrap(pixel).should('have.css', 'background-color', WHITE);\n});",
              "err": {
                "message": "CypressError: Timed out retrying: Expected to find element: '#clear-board', but never found it.",
                "estack": "CypressError: Timed out retrying: Expected to find element: '#clear-board', but never found it.\n    at cypressErr (http://localhost:42017/__cypress/runner/cypress_runner.js:149934:9)\n    at throwErr (http://localhost:42017/__cypress/runner/cypress_runner.js:149867:11)\n    at Object.throwErrByPath (http://localhost:42017/__cypress/runner/cypress_runner.js:149915:3)\n    at retry (http://localhost:42017/__cypress/runner/cypress_runner.js:144197:19)\n    at onFailFn (http://localhost:42017/__cypress/runner/cypress_runner.js:132448:16)\n    at tryCatcher (http://localhost:42017/__cypress/runner/cypress_runner.js:167415:23)\n    at Promise._settlePromiseFromHandler (http://localhost:42017/__cypress/runner/cypress_runner.js:165351:31)\n    at Promise._settlePromise (http://localhost:42017/__cypress/runner/cypress_runner.js:165408:18)\n    at Promise._settlePromise0 (http://localhost:42017/__cypress/runner/cypress_runner.js:165453:10)\n    at Promise._settlePromises (http://localhost:42017/__cypress/runner/cypress_runner.js:165528:18)\n    at Async../node_modules/bluebird/js/release/async.js.Async._drainQueue (http://localhost:42017/__cypress/runner/cypress_runner.js:162140:16)\n    at Async../node_modules/bluebird/js/release/async.js.Async._drainQueues (http://localhost:42017/__cypress/runner/cypress_runner.js:162150:10)\n    at Async.drainQueues (http://localhost:42017/__cypress/runner/cypress_runner.js:162024:14)",
                "diff": null
              },
              "uuid": "77683258-8889-4df5-9421-471528a6fd78",
              "parentUUID": "1a9fd86b-3730-4974-8580-4792fe29c957",
              "isHook": false,
              "skipped": false
            }
          ],
          "suites": [],
          "passes": [],
          "failures": [
            "19ede473-4e02-4ab1-aeae-8ce47829179f",
            "85b66ef3-85e8-476f-aeae-56ffb8dd7c45",
            "3fa245b9-b99b-4181-ae13-4ee8497f5fdd",
            "77683258-8889-4df5-9421-471528a6fd78"
          ],
          "pending": [],
          "skipped": [],
          "duration": 18854,
          "root": false,
          "rootEmpty": false,
          "_timeout": 2000
        },
        {
          "uuid": "e3488599-366c-41db-bd6f-8d6651b0658c",
          "title": "10 - Faça o quadro de pixels ter seu tamanho definido pelo usuário.",
          "fullFile": "",
          "file": "",
          "beforeHooks": [],
          "afterHooks": [],
          "tests": [
            {
              "title": "Verifica se existe um input com o id `board-size`",
              "fullTitle": "10 - Faça o quadro de pixels ter seu tamanho definido pelo usuário. Verifica se existe um input com o id `board-size`",
              "timedOut": null,
              "duration": 4311,
              "state": "failed",
              "speed": null,
              "pass": false,
              "fail": true,
              "pending": false,
              "context": null,
              "code": "cy.get('#board-size').should('be.visible');",
              "err": {
                "message": "CypressError: Timed out retrying: Expected to find element: '#board-size', but never found it.",
                "estack": "CypressError: Timed out retrying: Expected to find element: '#board-size', but never found it.\n    at cypressErr (http://localhost:42017/__cypress/runner/cypress_runner.js:149934:9)\n    at throwErr (http://localhost:42017/__cypress/runner/cypress_runner.js:149867:11)\n    at Object.throwErrByPath (http://localhost:42017/__cypress/runner/cypress_runner.js:149915:3)\n    at retry (http://localhost:42017/__cypress/runner/cypress_runner.js:144197:19)\n    at onFailFn (http://localhost:42017/__cypress/runner/cypress_runner.js:132448:16)\n    at tryCatcher (http://localhost:42017/__cypress/runner/cypress_runner.js:167415:23)\n    at Promise._settlePromiseFromHandler (http://localhost:42017/__cypress/runner/cypress_runner.js:165351:31)\n    at Promise._settlePromise (http://localhost:42017/__cypress/runner/cypress_runner.js:165408:18)\n    at Promise._settlePromise0 (http://localhost:42017/__cypress/runner/cypress_runner.js:165453:10)\n    at Promise._settlePromises (http://localhost:42017/__cypress/runner/cypress_runner.js:165528:18)\n    at Async../node_modules/bluebird/js/release/async.js.Async._drainQueue (http://localhost:42017/__cypress/runner/cypress_runner.js:162140:16)\n    at Async../node_modules/bluebird/js/release/async.js.Async._drainQueues (http://localhost:42017/__cypress/runner/cypress_runner.js:162150:10)\n    at Async.drainQueues (http://localhost:42017/__cypress/runner/cypress_runner.js:162024:14)",
                "diff": null
              },
              "uuid": "a39de510-cfb2-422d-85dc-eacc7371c89c",
              "parentUUID": "e3488599-366c-41db-bd6f-8d6651b0658c",
              "isHook": false,
              "skipped": false
            },
            {
              "title": "Verifica se existe um botão com o id `generate-board`",
              "fullTitle": "10 - Faça o quadro de pixels ter seu tamanho definido pelo usuário. Verifica se existe um botão com o id `generate-board`",
              "timedOut": null,
              "duration": 4257,
              "state": "failed",
              "speed": null,
              "pass": false,
              "fail": true,
              "pending": false,
              "context": null,
              "code": "cy.get('#generate-board').should('be.visible');",
              "err": {
                "message": "CypressError: Timed out retrying: Expected to find element: '#generate-board', but never found it.",
                "estack": "CypressError: Timed out retrying: Expected to find element: '#generate-board', but never found it.\n    at cypressErr (http://localhost:42017/__cypress/runner/cypress_runner.js:149934:9)\n    at throwErr (http://localhost:42017/__cypress/runner/cypress_runner.js:149867:11)\n    at Object.throwErrByPath (http://localhost:42017/__cypress/runner/cypress_runner.js:149915:3)\n    at retry (http://localhost:42017/__cypress/runner/cypress_runner.js:144197:19)\n    at onFailFn (http://localhost:42017/__cypress/runner/cypress_runner.js:132448:16)\n    at tryCatcher (http://localhost:42017/__cypress/runner/cypress_runner.js:167415:23)\n    at Promise._settlePromiseFromHandler (http://localhost:42017/__cypress/runner/cypress_runner.js:165351:31)\n    at Promise._settlePromise (http://localhost:42017/__cypress/runner/cypress_runner.js:165408:18)\n    at Promise._settlePromise0 (http://localhost:42017/__cypress/runner/cypress_runner.js:165453:10)\n    at Promise._settlePromises (http://localhost:42017/__cypress/runner/cypress_runner.js:165528:18)\n    at Async../node_modules/bluebird/js/release/async.js.Async._drainQueue (http://localhost:42017/__cypress/runner/cypress_runner.js:162140:16)\n    at Async../node_modules/bluebird/js/release/async.js.Async._drainQueues (http://localhost:42017/__cypress/runner/cypress_runner.js:162150:10)\n    at Async.drainQueues (http://localhost:42017/__cypress/runner/cypress_runner.js:162024:14)",
                "diff": null
              },
              "uuid": "1946a98e-f27d-410f-bf9a-56535ee42043",
              "parentUUID": "e3488599-366c-41db-bd6f-8d6651b0658c",
              "isHook": false,
              "skipped": false
            },
            {
              "title": "Verifica se o input só aceita número maiores que zero. Essa restrição deve ser feita usando os atributos do elemento `input`",
              "fullTitle": "10 - Faça o quadro de pixels ter seu tamanho definido pelo usuário. Verifica se o input só aceita número maiores que zero. Essa restrição deve ser feita usando os atributos do elemento `input`",
              "timedOut": null,
              "duration": 4239,
              "state": "failed",
              "speed": null,
              "pass": false,
              "fail": true,
              "pending": false,
              "context": null,
              "code": "cy.get('#board-size[type=\\'number\\'][min=\\'1\\']');",
              "err": {
                "message": "CypressError: Timed out retrying: Expected to find element: '#board-size[type='number'][min='1']', but never found it.",
                "estack": "CypressError: Timed out retrying: Expected to find element: '#board-size[type='number'][min='1']', but never found it.\n    at cypressErr (http://localhost:42017/__cypress/runner/cypress_runner.js:149934:9)\n    at throwErr (http://localhost:42017/__cypress/runner/cypress_runner.js:149867:11)\n    at Object.throwErrByPath (http://localhost:42017/__cypress/runner/cypress_runner.js:149915:3)\n    at retry (http://localhost:42017/__cypress/runner/cypress_runner.js:144197:19)\n    at onFailFn (http://localhost:42017/__cypress/runner/cypress_runner.js:132448:16)\n    at tryCatcher (http://localhost:42017/__cypress/runner/cypress_runner.js:167415:23)\n    at Promise._settlePromiseFromHandler (http://localhost:42017/__cypress/runner/cypress_runner.js:165351:31)\n    at Promise._settlePromise (http://localhost:42017/__cypress/runner/cypress_runner.js:165408:18)\n    at Promise._settlePromise0 (http://localhost:42017/__cypress/runner/cypress_runner.js:165453:10)\n    at Promise._settlePromises (http://localhost:42017/__cypress/runner/cypress_runner.js:165528:18)\n    at Async../node_modules/bluebird/js/release/async.js.Async._drainQueue (http://localhost:42017/__cypress/runner/cypress_runner.js:162140:16)\n    at Async../node_modules/bluebird/js/release/async.js.Async._drainQueues (http://localhost:42017/__cypress/runner/cypress_runner.js:162150:10)\n    at Async.drainQueues (http://localhost:42017/__cypress/runner/cypress_runner.js:162024:14)",
                "diff": null
              },
              "uuid": "ac4350fb-e704-406d-9087-7eda411739b7",
              "parentUUID": "e3488599-366c-41db-bd6f-8d6651b0658c",
              "isHook": false,
              "skipped": false
            },
            {
              "title": "Verifica se o botão contém o texto 'VQV'",
              "fullTitle": "10 - Faça o quadro de pixels ter seu tamanho definido pelo usuário. Verifica se o botão contém o texto 'VQV'",
              "timedOut": null,
              "duration": 4247,
              "state": "failed",
              "speed": null,
              "pass": false,
              "fail": true,
              "pending": false,
              "context": null,
              "code": "cy.get('#generate-board').contains(/vqv/i);",
              "err": {
                "message": "CypressError: Timed out retrying: Expected to find element: '#generate-board', but never found it.",
                "estack": "CypressError: Timed out retrying: Expected to find element: '#generate-board', but never found it.\n    at cypressErr (http://localhost:42017/__cypress/runner/cypress_runner.js:149934:9)\n    at throwErr (http://localhost:42017/__cypress/runner/cypress_runner.js:149867:11)\n    at Object.throwErrByPath (http://localhost:42017/__cypress/runner/cypress_runner.js:149915:3)\n    at retry (http://localhost:42017/__cypress/runner/cypress_runner.js:144197:19)\n    at onFailFn (http://localhost:42017/__cypress/runner/cypress_runner.js:132448:16)\n    at tryCatcher (http://localhost:42017/__cypress/runner/cypress_runner.js:167415:23)\n    at Promise._settlePromiseFromHandler (http://localhost:42017/__cypress/runner/cypress_runner.js:165351:31)\n    at Promise._settlePromise (http://localhost:42017/__cypress/runner/cypress_runner.js:165408:18)\n    at Promise._settlePromise0 (http://localhost:42017/__cypress/runner/cypress_runner.js:165453:10)\n    at Promise._settlePromises (http://localhost:42017/__cypress/runner/cypress_runner.js:165528:18)\n    at Async../node_modules/bluebird/js/release/async.js.Async._drainQueue (http://localhost:42017/__cypress/runner/cypress_runner.js:162140:16)\n    at Async../node_modules/bluebird/js/release/async.js.Async._drainQueues (http://localhost:42017/__cypress/runner/cypress_runner.js:162150:10)\n    at Async.drainQueues (http://localhost:42017/__cypress/runner/cypress_runner.js:162024:14)",
                "diff": null
              },
              "uuid": "fda77d2f-7203-4ca7-8be3-3cd699af7761",
              "parentUUID": "e3488599-366c-41db-bd6f-8d6651b0658c",
              "isHook": false,
              "skipped": false
            },
            {
              "title": "Verifica se o input está posicionado entre a paleta de cores e o quadro de pixels",
              "fullTitle": "10 - Faça o quadro de pixels ter seu tamanho definido pelo usuário. Verifica se o input está posicionado entre a paleta de cores e o quadro de pixels",
              "timedOut": null,
              "duration": 4292,
              "state": "failed",
              "speed": null,
              "pass": false,
              "fail": true,
              "pending": false,
              "context": null,
              "code": "cy.get('#color-palette').then(function (palette) {\n  cy.get('#board-size').should('be.belowOf', palette);\n});\ncy.get('#board-size').then(function (palette) {\n  cy.get('#pixel-board').should('be.belowOf', palette);\n});",
              "err": {
                "message": "CypressError: Timed out retrying: Expected to find element: '#board-size', but never found it.",
                "estack": "CypressError: Timed out retrying: Expected to find element: '#board-size', but never found it.\n    at cypressErr (http://localhost:42017/__cypress/runner/cypress_runner.js:149934:9)\n    at throwErr (http://localhost:42017/__cypress/runner/cypress_runner.js:149867:11)\n    at Object.throwErrByPath (http://localhost:42017/__cypress/runner/cypress_runner.js:149915:3)\n    at retry (http://localhost:42017/__cypress/runner/cypress_runner.js:144197:19)\n    at onFailFn (http://localhost:42017/__cypress/runner/cypress_runner.js:132448:16)\n    at tryCatcher (http://localhost:42017/__cypress/runner/cypress_runner.js:167415:23)\n    at Promise._settlePromiseFromHandler (http://localhost:42017/__cypress/runner/cypress_runner.js:165351:31)\n    at Promise._settlePromise (http://localhost:42017/__cypress/runner/cypress_runner.js:165408:18)\n    at Promise._settlePromise0 (http://localhost:42017/__cypress/runner/cypress_runner.js:165453:10)\n    at Promise._settlePromises (http://localhost:42017/__cypress/runner/cypress_runner.js:165528:18)\n    at Async../node_modules/bluebird/js/release/async.js.Async._drainQueue (http://localhost:42017/__cypress/runner/cypress_runner.js:162140:16)\n    at Async../node_modules/bluebird/js/release/async.js.Async._drainQueues (http://localhost:42017/__cypress/runner/cypress_runner.js:162150:10)\n    at Async.drainQueues (http://localhost:42017/__cypress/runner/cypress_runner.js:162024:14)",
                "diff": null
              },
              "uuid": "65488892-2145-4268-8b83-3efef52f5426",
              "parentUUID": "e3488599-366c-41db-bd6f-8d6651b0658c",
              "isHook": false,
              "skipped": false
            },
            {
              "title": "Verifica se o botão está posicionado ao lado do input",
              "fullTitle": "10 - Faça o quadro de pixels ter seu tamanho definido pelo usuário. Verifica se o botão está posicionado ao lado do input",
              "timedOut": null,
              "duration": 4256,
              "state": "failed",
              "speed": null,
              "pass": false,
              "fail": true,
              "pending": false,
              "context": null,
              "code": "cy.get('#board-size').then(function (board) {\n  cy.get('#generate-board').should('be.onTheRightOf', board);\n});",
              "err": {
                "message": "CypressError: Timed out retrying: Expected to find element: '#board-size', but never found it.",
                "estack": "CypressError: Timed out retrying: Expected to find element: '#board-size', but never found it.\n    at cypressErr (http://localhost:42017/__cypress/runner/cypress_runner.js:149934:9)\n    at throwErr (http://localhost:42017/__cypress/runner/cypress_runner.js:149867:11)\n    at Object.throwErrByPath (http://localhost:42017/__cypress/runner/cypress_runner.js:149915:3)\n    at retry (http://localhost:42017/__cypress/runner/cypress_runner.js:144197:19)\n    at onFailFn (http://localhost:42017/__cypress/runner/cypress_runner.js:132448:16)\n    at tryCatcher (http://localhost:42017/__cypress/runner/cypress_runner.js:167415:23)\n    at Promise._settlePromiseFromHandler (http://localhost:42017/__cypress/runner/cypress_runner.js:165351:31)\n    at Promise._settlePromise (http://localhost:42017/__cypress/runner/cypress_runner.js:165408:18)\n    at Promise._settlePromise0 (http://localhost:42017/__cypress/runner/cypress_runner.js:165453:10)\n    at Promise._settlePromises (http://localhost:42017/__cypress/runner/cypress_runner.js:165528:18)\n    at Async../node_modules/bluebird/js/release/async.js.Async._drainQueue (http://localhost:42017/__cypress/runner/cypress_runner.js:162140:16)\n    at Async../node_modules/bluebird/js/release/async.js.Async._drainQueues (http://localhost:42017/__cypress/runner/cypress_runner.js:162150:10)\n    at Async.drainQueues (http://localhost:42017/__cypress/runner/cypress_runner.js:162024:14)",
                "diff": null
              },
              "uuid": "427c2d19-c713-4aab-9f72-d023c421f400",
              "parentUUID": "e3488599-366c-41db-bd6f-8d6651b0658c",
              "isHook": false,
              "skipped": false
            },
            {
              "title": "Verifica se nenhum valor for colocado no input ao clicar no botão, um `alert` é exibido com o texto: 'Board inválido!'",
              "fullTitle": "10 - Faça o quadro de pixels ter seu tamanho definido pelo usuário. Verifica se nenhum valor for colocado no input ao clicar no botão, um `alert` é exibido com o texto: 'Board inválido!'",
              "timedOut": null,
              "duration": 4260,
              "state": "failed",
              "speed": null,
              "pass": false,
              "fail": true,
              "pending": false,
              "context": null,
              "code": "var alerted = false;\ncy.on('window:alert', function (msg) {\n  return alerted = msg;\n});\ncy.get('#generate-board').click().then(function () {\n  return expect(alerted).to.match(/Board inválido!/i);\n});",
              "err": {
                "message": "CypressError: Timed out retrying: Expected to find element: '#generate-board', but never found it.",
                "estack": "CypressError: Timed out retrying: Expected to find element: '#generate-board', but never found it.\n    at cypressErr (http://localhost:42017/__cypress/runner/cypress_runner.js:149934:9)\n    at throwErr (http://localhost:42017/__cypress/runner/cypress_runner.js:149867:11)\n    at Object.throwErrByPath (http://localhost:42017/__cypress/runner/cypress_runner.js:149915:3)\n    at retry (http://localhost:42017/__cypress/runner/cypress_runner.js:144197:19)\n    at onFailFn (http://localhost:42017/__cypress/runner/cypress_runner.js:132448:16)\n    at tryCatcher (http://localhost:42017/__cypress/runner/cypress_runner.js:167415:23)\n    at Promise._settlePromiseFromHandler (http://localhost:42017/__cypress/runner/cypress_runner.js:165351:31)\n    at Promise._settlePromise (http://localhost:42017/__cypress/runner/cypress_runner.js:165408:18)\n    at Promise._settlePromise0 (http://localhost:42017/__cypress/runner/cypress_runner.js:165453:10)\n    at Promise._settlePromises (http://localhost:42017/__cypress/runner/cypress_runner.js:165528:18)\n    at Async../node_modules/bluebird/js/release/async.js.Async._drainQueue (http://localhost:42017/__cypress/runner/cypress_runner.js:162140:16)\n    at Async../node_modules/bluebird/js/release/async.js.Async._drainQueues (http://localhost:42017/__cypress/runner/cypress_runner.js:162150:10)\n    at Async.drainQueues (http://localhost:42017/__cypress/runner/cypress_runner.js:162024:14)",
                "diff": null
              },
              "uuid": "850f6e18-b06c-44cd-8869-77a4a0484367",
              "parentUUID": "e3488599-366c-41db-bd6f-8d6651b0658c",
              "isHook": false,
              "skipped": false
            },
            {
              "title": "Verifica se ao clicar no botão com um valor preenchido, o tamanho do board muda.",
              "fullTitle": "10 - Faça o quadro de pixels ter seu tamanho definido pelo usuário. Verifica se ao clicar no botão com um valor preenchido, o tamanho do board muda.",
              "timedOut": null,
              "duration": 4256,
              "state": "failed",
              "speed": null,
              "pass": false,
              "fail": true,
              "pending": false,
              "context": null,
              "code": "cy.get('#board-size').clear().type(10);\ncy.get('#generate-board').click();\ncy.get('.pixel').should('have.length', 100);",
              "err": {
                "message": "CypressError: Timed out retrying: Expected to find element: '#board-size', but never found it.",
                "estack": "CypressError: Timed out retrying: Expected to find element: '#board-size', but never found it.\n    at cypressErr (http://localhost:42017/__cypress/runner/cypress_runner.js:149934:9)\n    at throwErr (http://localhost:42017/__cypress/runner/cypress_runner.js:149867:11)\n    at Object.throwErrByPath (http://localhost:42017/__cypress/runner/cypress_runner.js:149915:3)\n    at retry (http://localhost:42017/__cypress/runner/cypress_runner.js:144197:19)\n    at onFailFn (http://localhost:42017/__cypress/runner/cypress_runner.js:132448:16)\n    at tryCatcher (http://localhost:42017/__cypress/runner/cypress_runner.js:167415:23)\n    at Promise._settlePromiseFromHandler (http://localhost:42017/__cypress/runner/cypress_runner.js:165351:31)\n    at Promise._settlePromise (http://localhost:42017/__cypress/runner/cypress_runner.js:165408:18)\n    at Promise._settlePromise0 (http://localhost:42017/__cypress/runner/cypress_runner.js:165453:10)\n    at Promise._settlePromises (http://localhost:42017/__cypress/runner/cypress_runner.js:165528:18)\n    at Async../node_modules/bluebird/js/release/async.js.Async._drainQueue (http://localhost:42017/__cypress/runner/cypress_runner.js:162140:16)\n    at Async../node_modules/bluebird/js/release/async.js.Async._drainQueues (http://localhost:42017/__cypress/runner/cypress_runner.js:162150:10)\n    at Async.drainQueues (http://localhost:42017/__cypress/runner/cypress_runner.js:162024:14)",
                "diff": null
              },
              "uuid": "31f21ab7-4af7-4792-b62d-6f2f7b312c36",
              "parentUUID": "e3488599-366c-41db-bd6f-8d6651b0658c",
              "isHook": false,
              "skipped": false
            },
            {
              "title": "Verifica se o novo quadro tem todos os pixels preenchidos com a cor branca",
              "fullTitle": "10 - Faça o quadro de pixels ter seu tamanho definido pelo usuário. Verifica se o novo quadro tem todos os pixels preenchidos com a cor branca",
              "timedOut": null,
              "duration": 4251,
              "state": "failed",
              "speed": null,
              "pass": false,
              "fail": true,
              "pending": false,
              "context": null,
              "code": "cy.get('#board-size').clear().type(6);\ncy.get('#generate-board').click();\ncy.get('.pixel').should('have.length', 36).each(function (pixel) {\n  expect(pixel).to.have.css('background-color', WHITE);\n});",
              "err": {
                "message": "CypressError: Timed out retrying: Expected to find element: '#board-size', but never found it.",
                "estack": "CypressError: Timed out retrying: Expected to find element: '#board-size', but never found it.\n    at cypressErr (http://localhost:42017/__cypress/runner/cypress_runner.js:149934:9)\n    at throwErr (http://localhost:42017/__cypress/runner/cypress_runner.js:149867:11)\n    at Object.throwErrByPath (http://localhost:42017/__cypress/runner/cypress_runner.js:149915:3)\n    at retry (http://localhost:42017/__cypress/runner/cypress_runner.js:144197:19)\n    at onFailFn (http://localhost:42017/__cypress/runner/cypress_runner.js:132448:16)\n    at tryCatcher (http://localhost:42017/__cypress/runner/cypress_runner.js:167415:23)\n    at Promise._settlePromiseFromHandler (http://localhost:42017/__cypress/runner/cypress_runner.js:165351:31)\n    at Promise._settlePromise (http://localhost:42017/__cypress/runner/cypress_runner.js:165408:18)\n    at Promise._settlePromise0 (http://localhost:42017/__cypress/runner/cypress_runner.js:165453:10)\n    at Promise._settlePromises (http://localhost:42017/__cypress/runner/cypress_runner.js:165528:18)\n    at Async../node_modules/bluebird/js/release/async.js.Async._drainQueue (http://localhost:42017/__cypress/runner/cypress_runner.js:162140:16)\n    at Async../node_modules/bluebird/js/release/async.js.Async._drainQueues (http://localhost:42017/__cypress/runner/cypress_runner.js:162150:10)\n    at Async.drainQueues (http://localhost:42017/__cypress/runner/cypress_runner.js:162024:14)",
                "diff": null
              },
              "uuid": "bfa2c147-4f8f-4568-a001-f9f85af5dbcd",
              "parentUUID": "e3488599-366c-41db-bd6f-8d6651b0658c",
              "isHook": false,
              "skipped": false
            }
          ],
          "suites": [],
          "passes": [],
          "failures": [
            "a39de510-cfb2-422d-85dc-eacc7371c89c",
            "1946a98e-f27d-410f-bf9a-56535ee42043",
            "ac4350fb-e704-406d-9087-7eda411739b7",
            "fda77d2f-7203-4ca7-8be3-3cd699af7761",
            "65488892-2145-4268-8b83-3efef52f5426",
            "427c2d19-c713-4aab-9f72-d023c421f400",
            "850f6e18-b06c-44cd-8869-77a4a0484367",
            "31f21ab7-4af7-4792-b62d-6f2f7b312c36",
            "bfa2c147-4f8f-4568-a001-f9f85af5dbcd"
          ],
          "pending": [],
          "skipped": [],
          "duration": 38369,
          "root": false,
          "rootEmpty": false,
          "_timeout": 2000
        },
        {
          "uuid": "899d9f01-5c49-459d-892b-3f900557c2cf",
          "title": "11 - Limite o tamanho mínimo e máximo do board.",
          "fullFile": "",
          "file": "",
          "beforeHooks": [],
          "afterHooks": [],
          "tests": [
            {
              "title": "Verifica se a altura máxima do board é 50",
              "fullTitle": "11 - Limite o tamanho mínimo e máximo do board. Verifica se a altura máxima do board é 50",
              "timedOut": null,
              "duration": 4258,
              "state": "failed",
              "speed": null,
              "pass": false,
              "fail": true,
              "pending": false,
              "context": null,
              "code": "cy.get('#board-size').clear().type(50);\ncy.get('#generate-board').click();\ncy.get('.pixel').should('have.length', 2500);",
              "err": {
                "message": "CypressError: Timed out retrying: Expected to find element: '#board-size', but never found it.",
                "estack": "CypressError: Timed out retrying: Expected to find element: '#board-size', but never found it.\n    at cypressErr (http://localhost:42017/__cypress/runner/cypress_runner.js:149934:9)\n    at throwErr (http://localhost:42017/__cypress/runner/cypress_runner.js:149867:11)\n    at Object.throwErrByPath (http://localhost:42017/__cypress/runner/cypress_runner.js:149915:3)\n    at retry (http://localhost:42017/__cypress/runner/cypress_runner.js:144197:19)\n    at onFailFn (http://localhost:42017/__cypress/runner/cypress_runner.js:132448:16)\n    at tryCatcher (http://localhost:42017/__cypress/runner/cypress_runner.js:167415:23)\n    at Promise._settlePromiseFromHandler (http://localhost:42017/__cypress/runner/cypress_runner.js:165351:31)\n    at Promise._settlePromise (http://localhost:42017/__cypress/runner/cypress_runner.js:165408:18)\n    at Promise._settlePromise0 (http://localhost:42017/__cypress/runner/cypress_runner.js:165453:10)\n    at Promise._settlePromises (http://localhost:42017/__cypress/runner/cypress_runner.js:165528:18)\n    at Async../node_modules/bluebird/js/release/async.js.Async._drainQueue (http://localhost:42017/__cypress/runner/cypress_runner.js:162140:16)\n    at Async../node_modules/bluebird/js/release/async.js.Async._drainQueues (http://localhost:42017/__cypress/runner/cypress_runner.js:162150:10)\n    at Async.drainQueues (http://localhost:42017/__cypress/runner/cypress_runner.js:162024:14)",
                "diff": null
              },
              "uuid": "7cbaf424-3f20-4920-807c-7e9176119cbf",
              "parentUUID": "899d9f01-5c49-459d-892b-3f900557c2cf",
              "isHook": false,
              "skipped": false
            },
            {
              "title": "Verifica se a altura do board é 5 quando um valor menor é colocado no input",
              "fullTitle": "11 - Limite o tamanho mínimo e máximo do board. Verifica se a altura do board é 5 quando um valor menor é colocado no input",
              "timedOut": null,
              "duration": 4251,
              "state": "failed",
              "speed": null,
              "pass": false,
              "fail": true,
              "pending": false,
              "context": null,
              "code": "cy.get('#board-size').clear().type(4);\ncy.get('#generate-board').click();\ncy.get('.pixel').should('have.length', 25);",
              "err": {
                "message": "CypressError: Timed out retrying: Expected to find element: '#board-size', but never found it.",
                "estack": "CypressError: Timed out retrying: Expected to find element: '#board-size', but never found it.\n    at cypressErr (http://localhost:42017/__cypress/runner/cypress_runner.js:149934:9)\n    at throwErr (http://localhost:42017/__cypress/runner/cypress_runner.js:149867:11)\n    at Object.throwErrByPath (http://localhost:42017/__cypress/runner/cypress_runner.js:149915:3)\n    at retry (http://localhost:42017/__cypress/runner/cypress_runner.js:144197:19)\n    at onFailFn (http://localhost:42017/__cypress/runner/cypress_runner.js:132448:16)\n    at tryCatcher (http://localhost:42017/__cypress/runner/cypress_runner.js:167415:23)\n    at Promise._settlePromiseFromHandler (http://localhost:42017/__cypress/runner/cypress_runner.js:165351:31)\n    at Promise._settlePromise (http://localhost:42017/__cypress/runner/cypress_runner.js:165408:18)\n    at Promise._settlePromise0 (http://localhost:42017/__cypress/runner/cypress_runner.js:165453:10)\n    at Promise._settlePromises (http://localhost:42017/__cypress/runner/cypress_runner.js:165528:18)\n    at Async../node_modules/bluebird/js/release/async.js.Async._drainQueue (http://localhost:42017/__cypress/runner/cypress_runner.js:162140:16)\n    at Async../node_modules/bluebird/js/release/async.js.Async._drainQueues (http://localhost:42017/__cypress/runner/cypress_runner.js:162150:10)\n    at Async.drainQueues (http://localhost:42017/__cypress/runner/cypress_runner.js:162024:14)",
                "diff": null
              },
              "uuid": "b323a94f-0954-4d9b-a135-fd6824797b12",
              "parentUUID": "899d9f01-5c49-459d-892b-3f900557c2cf",
              "isHook": false,
              "skipped": false
            },
            {
              "title": "Verifica se a altura do board é 50 quando um valor maior é colocado no input",
              "fullTitle": "11 - Limite o tamanho mínimo e máximo do board. Verifica se a altura do board é 50 quando um valor maior é colocado no input",
              "timedOut": null,
              "duration": 4226,
              "state": "failed",
              "speed": null,
              "pass": false,
              "fail": true,
              "pending": false,
              "context": null,
              "code": "cy.get('#board-size').clear().type(51);\ncy.get('#generate-board').click();\ncy.get('.pixel').should('have.length', 2500);",
              "err": {
                "message": "CypressError: Timed out retrying: Expected to find element: '#board-size', but never found it.",
                "estack": "CypressError: Timed out retrying: Expected to find element: '#board-size', but never found it.\n    at cypressErr (http://localhost:42017/__cypress/runner/cypress_runner.js:149934:9)\n    at throwErr (http://localhost:42017/__cypress/runner/cypress_runner.js:149867:11)\n    at Object.throwErrByPath (http://localhost:42017/__cypress/runner/cypress_runner.js:149915:3)\n    at retry (http://localhost:42017/__cypress/runner/cypress_runner.js:144197:19)\n    at onFailFn (http://localhost:42017/__cypress/runner/cypress_runner.js:132448:16)\n    at tryCatcher (http://localhost:42017/__cypress/runner/cypress_runner.js:167415:23)\n    at Promise._settlePromiseFromHandler (http://localhost:42017/__cypress/runner/cypress_runner.js:165351:31)\n    at Promise._settlePromise (http://localhost:42017/__cypress/runner/cypress_runner.js:165408:18)\n    at Promise._settlePromise0 (http://localhost:42017/__cypress/runner/cypress_runner.js:165453:10)\n    at Promise._settlePromises (http://localhost:42017/__cypress/runner/cypress_runner.js:165528:18)\n    at Async../node_modules/bluebird/js/release/async.js.Async._drainQueue (http://localhost:42017/__cypress/runner/cypress_runner.js:162140:16)\n    at Async../node_modules/bluebird/js/release/async.js.Async._drainQueues (http://localhost:42017/__cypress/runner/cypress_runner.js:162150:10)\n    at Async.drainQueues (http://localhost:42017/__cypress/runner/cypress_runner.js:162024:14)",
                "diff": null
              },
              "uuid": "e714aa82-999b-46d8-a29f-d861916e8582",
              "parentUUID": "899d9f01-5c49-459d-892b-3f900557c2cf",
              "isHook": false,
              "skipped": false
            }
          ],
          "suites": [],
          "passes": [],
          "failures": [
            "7cbaf424-3f20-4920-807c-7e9176119cbf",
            "b323a94f-0954-4d9b-a135-fd6824797b12",
            "e714aa82-999b-46d8-a29f-d861916e8582"
          ],
          "pending": [],
          "skipped": [],
          "duration": 12735,
          "root": false,
          "rootEmpty": false,
          "_timeout": 2000
        },
        {
          "uuid": "38471f21-2374-4abb-9d57-4b24855b38e3",
          "title": "12 - Faça com que as cores da paleta sejam geradas aleatoriamente ao carregar a página.",
          "fullFile": "",
          "file": "",
          "beforeHooks": [],
          "afterHooks": [],
          "tests": [
            {
              "title": "Verifica se as cores geradas na paleta são diferentes a cada carregamento da página",
              "fullTitle": "12 - Faça com que as cores da paleta sejam geradas aleatoriamente ao carregar a página. Verifica se as cores geradas na paleta são diferentes a cada carregamento da página",
              "timedOut": null,
              "duration": 286,
              "state": "failed",
              "speed": null,
              "pass": false,
              "fail": true,
              "pending": false,
              "context": null,
              "code": "cy.get('.color').then(function (colors) {\n  var currentColors;\n  var previousColors;\n  previousColors = Array.from(colors).map(function (color) {\n    return Cypress.$(color).css('background-color');\n  });\n  for (var i = 0; i < 5; i += 1) {\n    cy.reload();\n    cy.get('.color').then(function (colors) {\n      currentColors = Array.from(colors).map(function (color) {\n        return Cypress.$(color).css('background-color');\n      });\n      expect(currentColors).not.to.deep.equal(previousColors);\n      previousColors = currentColors;\n    });\n  }\n});",
              "err": {
                "message": "AssertionError: expected [ Array(4) ] to not deeply equal [ Array(4) ]",
                "estack": "AssertionError: expected [ Array(4) ] to not deeply equal [ Array(4) ]\n    at getRet (http://localhost:42017/__cypress/runner/cypress_runner.js:136585:16)\n    at tryCatcher (http://localhost:42017/__cypress/runner/cypress_runner.js:167415:23)\n    at Function.Promise.attempt.Promise.try (http://localhost:42017/__cypress/runner/cypress_runner.js:164690:29)\n    at Context.thenFn (http://localhost:42017/__cypress/runner/cypress_runner.js:136599:23)\n    at Context.then (http://localhost:42017/__cypress/runner/cypress_runner.js:136971:21)\n    at Context.<anonymous> (http://localhost:42017/__cypress/runner/cypress_runner.js:148875:21)\n    at http://localhost:42017/__cypress/runner/cypress_runner.js:148351:33\n    at tryCatcher (http://localhost:42017/__cypress/runner/cypress_runner.js:167415:23)\n    at Promise._settlePromiseFromHandler (http://localhost:42017/__cypress/runner/cypress_runner.js:165351:31)\n    at Promise._settlePromise (http://localhost:42017/__cypress/runner/cypress_runner.js:165408:18)\n    at Promise._settlePromiseCtx (http://localhost:42017/__cypress/runner/cypress_runner.js:165445:10)\n    at Async../node_modules/bluebird/js/release/async.js.Async._drainQueue (http://localhost:42017/__cypress/runner/cypress_runner.js:162145:12)\n    at Async../node_modules/bluebird/js/release/async.js.Async._drainQueues (http://localhost:42017/__cypress/runner/cypress_runner.js:162150:10)\n    at Async.drainQueues (http://localhost:42017/__cypress/runner/cypress_runner.js:162024:14)",
                "diff": ""
              },
              "uuid": "a2ec8f37-abdc-4bf4-a062-0ead67ffad68",
              "parentUUID": "38471f21-2374-4abb-9d57-4b24855b38e3",
              "isHook": false,
              "skipped": false
            },
            {
              "title": "Verifica se a cor preta ainda está presente e é a primeira na sua paleta de cores",
              "fullTitle": "12 - Faça com que as cores da paleta sejam geradas aleatoriamente ao carregar a página. Verifica se a cor preta ainda está presente e é a primeira na sua paleta de cores",
              "timedOut": null,
              "duration": 317,
              "state": "failed",
              "speed": null,
              "pass": false,
              "fail": true,
              "pending": false,
              "context": null,
              "code": "cy.get('.color').then(function (colors) {\n  var currentColors;\n  var previousColors;\n  previousColors = Array.from(colors).map(function (color) {\n    return Cypress.$(color).css('background-color');\n  });\n  expect(previousColors[0]).to.eq(BLACK);\n  for (var i = 0; i < 5; i += 1) {\n    cy.reload();\n    cy.get('.color').then(function (colors) {\n      currentColors = Array.from(colors).map(function (color) {\n        return Cypress.$(color).css('background-color');\n      });\n      expect(currentColors[0]).to.eq(BLACK);\n      expect(currentColors).not.to.deep.equal(previousColors);\n      previousColors = currentColors;\n    });\n  }\n});",
              "err": {
                "message": "AssertionError: expected [ Array(4) ] to not deeply equal [ Array(4) ]",
                "estack": "AssertionError: expected [ Array(4) ] to not deeply equal [ Array(4) ]\n    at getRet (http://localhost:42017/__cypress/runner/cypress_runner.js:136585:16)\n    at tryCatcher (http://localhost:42017/__cypress/runner/cypress_runner.js:167415:23)\n    at Function.Promise.attempt.Promise.try (http://localhost:42017/__cypress/runner/cypress_runner.js:164690:29)\n    at Context.thenFn (http://localhost:42017/__cypress/runner/cypress_runner.js:136599:23)\n    at Context.then (http://localhost:42017/__cypress/runner/cypress_runner.js:136971:21)\n    at Context.<anonymous> (http://localhost:42017/__cypress/runner/cypress_runner.js:148875:21)\n    at http://localhost:42017/__cypress/runner/cypress_runner.js:148351:33\n    at tryCatcher (http://localhost:42017/__cypress/runner/cypress_runner.js:167415:23)\n    at Promise._settlePromiseFromHandler (http://localhost:42017/__cypress/runner/cypress_runner.js:165351:31)\n    at Promise._settlePromise (http://localhost:42017/__cypress/runner/cypress_runner.js:165408:18)\n    at Promise._settlePromiseCtx (http://localhost:42017/__cypress/runner/cypress_runner.js:165445:10)\n    at Async../node_modules/bluebird/js/release/async.js.Async._drainQueue (http://localhost:42017/__cypress/runner/cypress_runner.js:162145:12)\n    at Async../node_modules/bluebird/js/release/async.js.Async._drainQueues (http://localhost:42017/__cypress/runner/cypress_runner.js:162150:10)\n    at Async.drainQueues (http://localhost:42017/__cypress/runner/cypress_runner.js:162024:14)",
                "diff": ""
              },
              "uuid": "d0ea1805-349e-4f61-8490-0d8f3edeb19c",
              "parentUUID": "38471f21-2374-4abb-9d57-4b24855b38e3",
              "isHook": false,
              "skipped": false
            }
          ],
          "suites": [],
          "passes": [],
          "failures": [
            "a2ec8f37-abdc-4bf4-a062-0ead67ffad68",
            "d0ea1805-349e-4f61-8490-0d8f3edeb19c"
          ],
          "pending": [],
          "skipped": [],
          "duration": 603,
          "root": false,
          "rootEmpty": false,
          "_timeout": 2000
        }
      ],
      "passes": [],
      "failures": [],
      "pending": [],
      "skipped": [],
      "duration": 0,
      "root": true,
      "rootEmpty": true,
      "_timeout": 2000
    }
  ],
  "meta": {
    "mocha": {
      "version": "7.0.1"
    },
    "mochawesome": {
      "options": {
        "quiet": false,
        "reportFilename": "mochawesome",
        "saveHtml": false,
        "saveJson": true,
        "consoleReporter": "spec",
        "useInlineDiffs": false
      },
      "version": "4.1.0"
    },
    "marge": {
      "options": {
        "id": "default",
        "reportDir": "cypress/reports",
        "overwrite": true,
        "html": false,
        "json": true
      },
      "version": "4.1.0"
    }
  }
}