{
  "stats": {
    "suites": 12,
    "tests": 41,
    "passes": 23,
    "pending": 0,
    "failures": 18,
    "start": "2022-07-04T22:04:02.645Z",
    "end": "2022-07-04T22:05:34.616Z",
    "duration": 91971,
    "testsRegistered": 41,
    "passPercent": 56.09756097560976,
    "pendingPercent": 0,
    "other": 0,
    "hasOther": false,
    "skipped": 0,
    "hasSkipped": false
  },
  "results": [
    {
      "uuid": "03ef13a3-a809-421c-b91c-b9558204e31d",
      "title": "",
      "fullFile": "cypress/integration/project.spec.js",
      "file": "cypress/integration/project.spec.js",
      "beforeHooks": [],
      "afterHooks": [],
      "tests": [],
      "suites": [
        {
          "uuid": "cb7a9e09-7417-470d-9d48-97846497f548",
          "title": "1 - Adicione à página o título \"Paleta de Cores\".",
          "fullFile": "",
          "file": "",
          "beforeHooks": [],
          "afterHooks": [],
          "tests": [
            {
              "title": "Verifica se contém um elemento `h1` com o id `title` com o título correto",
              "fullTitle": "1 - Adicione à página o título \"Paleta de Cores\". Verifica se contém um elemento `h1` com o id `title` com o título correto",
              "timedOut": null,
              "duration": 122,
              "state": "passed",
              "speed": "slow",
              "pass": true,
              "fail": false,
              "pending": false,
              "context": null,
              "code": "cy.get('h1#title').should('contain.text', 'Paleta de Cores');",
              "err": {},
              "uuid": "aeb98c5c-3d5b-41ce-b17e-792fdf4b2f18",
              "parentUUID": "cb7a9e09-7417-470d-9d48-97846497f548",
              "isHook": false,
              "skipped": false
            }
          ],
          "suites": [],
          "passes": [
            "aeb98c5c-3d5b-41ce-b17e-792fdf4b2f18"
          ],
          "failures": [],
          "pending": [],
          "skipped": [],
          "duration": 122,
          "root": false,
          "rootEmpty": false,
          "_timeout": 2000
        },
        {
          "uuid": "3f233f84-2201-4528-ae8e-7ca8abce744e",
          "title": "2 - Adicione à página uma paleta de quatro cores distintas.",
          "fullFile": "",
          "file": "",
          "beforeHooks": [],
          "afterHooks": [],
          "tests": [
            {
              "title": "A paleta de cores deve ser um elemento com `id` denominado `color-palette` e ter mais de 0px de altura e de largura.",
              "fullTitle": "2 - Adicione à página uma paleta de quatro cores distintas. A paleta de cores deve ser um elemento com `id` denominado `color-palette` e ter mais de 0px de altura e de largura.",
              "timedOut": null,
              "duration": 59,
              "state": "passed",
              "speed": "medium",
              "pass": true,
              "fail": false,
              "pending": false,
              "context": null,
              "code": "cy.get('#color-palette').should('be.visible');\ncy.get('#color-palette').children('.color');",
              "err": {},
              "uuid": "0484ee90-7621-43e8-9077-3d1cf8c4b164",
              "parentUUID": "3f233f84-2201-4528-ae8e-7ca8abce744e",
              "isHook": false,
              "skipped": false
            },
            {
              "title": "Verifica se cada cor individual da paleta de cores possui a `classe` chamada `color`.",
              "fullTitle": "2 - Adicione à página uma paleta de quatro cores distintas. Verifica se cada cor individual da paleta de cores possui a `classe` chamada `color`.",
              "timedOut": null,
              "duration": 79,
              "state": "passed",
              "speed": "slow",
              "pass": true,
              "fail": false,
              "pending": false,
              "context": null,
              "code": "cy.get('.color').should('have.length', 4).then(function (colors) {\n  for (var i = 0; i < colors.length; i++) {\n    cy.wrap(colors[i]).should('be.visible');\n  }\n});",
              "err": {},
              "uuid": "e95bd656-8725-4f81-9fd0-3a6d094196a7",
              "parentUUID": "3f233f84-2201-4528-ae8e-7ca8abce744e",
              "isHook": false,
              "skipped": false
            },
            {
              "title": "Verifica se a cor de fundo de cada elemento da paleta é a cor que o elemento representa. **A única cor não permitida na paleta é a cor branca.**",
              "fullTitle": "2 - Adicione à página uma paleta de quatro cores distintas. Verifica se a cor de fundo de cada elemento da paleta é a cor que o elemento representa. **A única cor não permitida na paleta é a cor branca.**",
              "timedOut": null,
              "duration": 88,
              "state": "passed",
              "speed": "slow",
              "pass": true,
              "fail": false,
              "pending": false,
              "context": null,
              "code": "cy.get('.color').each(function (color) {\n  cy.wrap(color).should('have.class', 'color').and('not.have.css', 'background-color', WHITE);\n  cy.wrap(color).should('have.css', 'background-color');\n});",
              "err": {},
              "uuid": "dd3ab137-0cc0-4053-b44a-a3a60f67869b",
              "parentUUID": "3f233f84-2201-4528-ae8e-7ca8abce744e",
              "isHook": false,
              "skipped": false
            },
            {
              "title": "Verifica se cada elemento da paleta de cores tem uma borda preta, sólida e com 1 pixel de largura;",
              "fullTitle": "2 - Adicione à página uma paleta de quatro cores distintas. Verifica se cada elemento da paleta de cores tem uma borda preta, sólida e com 1 pixel de largura;",
              "timedOut": null,
              "duration": 86,
              "state": "passed",
              "speed": "slow",
              "pass": true,
              "fail": false,
              "pending": false,
              "context": null,
              "code": "cy.get('.color').each(function (color) {\n  cy.wrap(color).and('have.css', 'border', \"1px solid \".concat(BLACK)).and('have.class', 'color');\n});",
              "err": {},
              "uuid": "241523af-fbad-4082-a816-76552a91c256",
              "parentUUID": "3f233f84-2201-4528-ae8e-7ca8abce744e",
              "isHook": false,
              "skipped": false
            },
            {
              "title": "Verifica se a paleta lista todas as cores disponíveis para utilização, lado a lado.",
              "fullTitle": "2 - Adicione à página uma paleta de quatro cores distintas. Verifica se a paleta lista todas as cores disponíveis para utilização, lado a lado.",
              "timedOut": null,
              "duration": 81,
              "state": "passed",
              "speed": "slow",
              "pass": true,
              "fail": false,
              "pending": false,
              "context": null,
              "code": "cy.get('.color').then(function (colors) {\n  for (var index = 1; index < colors.length; index += 1) {\n    var currentColor = colors[index];\n    var previousColor = colors[index - 1];\n    cy.wrap(currentColor).should('be.onTheRightOf', previousColor).and('be.horizontallyAlignedWith', previousColor);\n  }\n});",
              "err": {},
              "uuid": "d1e99dac-6570-483e-bd0f-ac4447e0b0f9",
              "parentUUID": "3f233f84-2201-4528-ae8e-7ca8abce744e",
              "isHook": false,
              "skipped": false
            },
            {
              "title": "Verifica se a paleta de cores está posicionada abaixo do título 'Paleta de Cores'",
              "fullTitle": "2 - Adicione à página uma paleta de quatro cores distintas. Verifica se a paleta de cores está posicionada abaixo do título 'Paleta de Cores'",
              "timedOut": null,
              "duration": 72,
              "state": "passed",
              "speed": "medium",
              "pass": true,
              "fail": false,
              "pending": false,
              "context": null,
              "code": "cy.get('h1#title').then(function (title) {\n  cy.get('#color-palette').should('be.belowOf', title);\n});",
              "err": {},
              "uuid": "7587878d-8223-413f-bd4c-c0841dd15da8",
              "parentUUID": "3f233f84-2201-4528-ae8e-7ca8abce744e",
              "isHook": false,
              "skipped": false
            },
            {
              "title": "Verifica se a paleta de cores não contém cores repetidas.",
              "fullTitle": "2 - Adicione à página uma paleta de quatro cores distintas. Verifica se a paleta de cores não contém cores repetidas.",
              "timedOut": null,
              "duration": 71,
              "state": "passed",
              "speed": "medium",
              "pass": true,
              "fail": false,
              "pending": false,
              "context": null,
              "code": "cy.get('.color').then(function (colors) {\n  var allColors = Array.from(colors).map(function (color) {\n    return Cypress.$(color).css('background-color');\n  });\n  cy.log(allColors);\n  var uniqColors = (0, _toConsumableArray2[\"default\"])(new Set(allColors));\n  cy.log(uniqColors);\n  expect(allColors.length).to.eq(uniqColors.length);\n});",
              "err": {},
              "uuid": "4ac9100d-00a4-44ff-8555-874305f486fb",
              "parentUUID": "3f233f84-2201-4528-ae8e-7ca8abce744e",
              "isHook": false,
              "skipped": false
            }
          ],
          "suites": [],
          "passes": [
            "0484ee90-7621-43e8-9077-3d1cf8c4b164",
            "e95bd656-8725-4f81-9fd0-3a6d094196a7",
            "dd3ab137-0cc0-4053-b44a-a3a60f67869b",
            "241523af-fbad-4082-a816-76552a91c256",
            "d1e99dac-6570-483e-bd0f-ac4447e0b0f9",
            "7587878d-8223-413f-bd4c-c0841dd15da8",
            "4ac9100d-00a4-44ff-8555-874305f486fb"
          ],
          "failures": [],
          "pending": [],
          "skipped": [],
          "duration": 536,
          "root": false,
          "rootEmpty": false,
          "_timeout": 2000
        },
        {
          "uuid": "b4ccb181-da50-4f00-a8ce-21bd44fc1a3e",
          "title": "3 - Adicione a cor **preta** como a primeira cor da paleta de cores.",
          "fullFile": "",
          "file": "",
          "beforeHooks": [],
          "afterHooks": [],
          "tests": [
            {
              "title": "Verifica se a primeira cor da paleta é preta",
              "fullTitle": "3 - Adicione a cor **preta** como a primeira cor da paleta de cores. Verifica se a primeira cor da paleta é preta",
              "timedOut": null,
              "duration": 85,
              "state": "passed",
              "speed": "slow",
              "pass": true,
              "fail": false,
              "pending": false,
              "context": null,
              "code": "cy.get('.color').first().should('have.css', 'background-color', BLACK);",
              "err": {},
              "uuid": "5b7ab392-905f-4762-bfba-3955d58c4baf",
              "parentUUID": "b4ccb181-da50-4f00-a8ce-21bd44fc1a3e",
              "isHook": false,
              "skipped": false
            },
            {
              "title": "Verifica se as demais cores podem ser escolhidas livremente.",
              "fullTitle": "3 - Adicione a cor **preta** como a primeira cor da paleta de cores. Verifica se as demais cores podem ser escolhidas livremente.",
              "timedOut": null,
              "duration": 110,
              "state": "passed",
              "speed": "slow",
              "pass": true,
              "fail": false,
              "pending": false,
              "context": null,
              "code": "cy.get('.color').eq(1).should('not.have.css', 'background-color', BLACK);\ncy.get('.color').eq(1).should('not.have.css', 'background-color', WHITE);\ncy.get('.color').eq(1).should('not.have.css', 'background-color', 'rgba(0, 0, 0, 0)');\ncy.get('.color').eq(1).should('have.css', 'background-color');\ncy.get('.color').eq(2).should('not.have.css', 'background-color', BLACK);\ncy.get('.color').eq(2).should('not.have.css', 'background-color', WHITE);\ncy.get('.color').eq(2).should('not.have.css', 'background-color', 'rgba(0, 0, 0, 0)');\ncy.get('.color').eq(2).should('have.css', 'background-color');\ncy.get('.color').eq(3).should('not.have.css', 'background-color', BLACK);\ncy.get('.color').eq(3).should('not.have.css', 'background-color', WHITE);\ncy.get('.color').eq(3).should('not.have.css', 'background-color', 'rgba(0, 0, 0, 0)');\ncy.get('.color').eq(3).should('have.css', 'background-color');",
              "err": {},
              "uuid": "5ecf2997-2beb-4b12-92c7-dd6bd9d63944",
              "parentUUID": "b4ccb181-da50-4f00-a8ce-21bd44fc1a3e",
              "isHook": false,
              "skipped": false
            }
          ],
          "suites": [],
          "passes": [
            "5b7ab392-905f-4762-bfba-3955d58c4baf",
            "5ecf2997-2beb-4b12-92c7-dd6bd9d63944"
          ],
          "failures": [],
          "pending": [],
          "skipped": [],
          "duration": 195,
          "root": false,
          "rootEmpty": false,
          "_timeout": 2000
        },
        {
          "uuid": "72874cad-c9ba-4961-8cbb-2169573845a8",
          "title": "4 - Adicione à página um quadro de pixels, com 25 pixels.",
          "fullFile": "",
          "file": "",
          "beforeHooks": [],
          "afterHooks": [],
          "tests": [
            {
              "title": "Verifica se o quadro de pixels possui o `id` denominado `pixel-board`",
              "fullTitle": "4 - Adicione à página um quadro de pixels, com 25 pixels. Verifica se o quadro de pixels possui o `id` denominado `pixel-board`",
              "timedOut": null,
              "duration": 63,
              "state": "passed",
              "speed": "medium",
              "pass": true,
              "fail": false,
              "pending": false,
              "context": null,
              "code": "cy.get('#pixel-board').should('be.visible');",
              "err": {},
              "uuid": "c889250f-07cd-400e-be83-804c8bdaf2e7",
              "parentUUID": "72874cad-c9ba-4961-8cbb-2169573845a8",
              "isHook": false,
              "skipped": false
            },
            {
              "title": "Verifica se cada pixel individual dentro do quadro possui a `classe` denominada `pixel`.",
              "fullTitle": "4 - Adicione à página um quadro de pixels, com 25 pixels. Verifica se cada pixel individual dentro do quadro possui a `classe` denominada `pixel`.",
              "timedOut": null,
              "duration": 72,
              "state": "passed",
              "speed": "medium",
              "pass": true,
              "fail": false,
              "pending": false,
              "context": null,
              "code": "cy.get('.pixel').should('have.length', 25);",
              "err": {},
              "uuid": "6bda4776-37b4-45d8-9516-063a9e3e525e",
              "parentUUID": "72874cad-c9ba-4961-8cbb-2169573845a8",
              "isHook": false,
              "skipped": false
            },
            {
              "title": "Verifica se a cor inicial dos pixels dentro do quadro, ao abrir a página, é branca.",
              "fullTitle": "4 - Adicione à página um quadro de pixels, com 25 pixels. Verifica se a cor inicial dos pixels dentro do quadro, ao abrir a página, é branca.",
              "timedOut": null,
              "duration": 94,
              "state": "passed",
              "speed": "slow",
              "pass": true,
              "fail": false,
              "pending": false,
              "context": null,
              "code": "cy.get('.pixel').should('have.length', 25).each(function (pixel) {\n  expect(pixel).to.have.css('background-color', WHITE);\n});",
              "err": {},
              "uuid": "74daa871-095a-40ae-b26b-dd8d1e305d96",
              "parentUUID": "72874cad-c9ba-4961-8cbb-2169573845a8",
              "isHook": false,
              "skipped": false
            },
            {
              "title": "Verifica se o quadro de pixels aparece abaixo da paleta de cores",
              "fullTitle": "4 - Adicione à página um quadro de pixels, com 25 pixels. Verifica se o quadro de pixels aparece abaixo da paleta de cores",
              "timedOut": null,
              "duration": 58,
              "state": "passed",
              "speed": "medium",
              "pass": true,
              "fail": false,
              "pending": false,
              "context": null,
              "code": "cy.get('#color-palette').then(function (palette) {\n  cy.get('#pixel-board').should('be.belowOf', palette);\n});",
              "err": {},
              "uuid": "c281a358-200d-4372-9d9d-ce37b998074b",
              "parentUUID": "72874cad-c9ba-4961-8cbb-2169573845a8",
              "isHook": false,
              "skipped": false
            }
          ],
          "suites": [],
          "passes": [
            "c889250f-07cd-400e-be83-804c8bdaf2e7",
            "6bda4776-37b4-45d8-9516-063a9e3e525e",
            "74daa871-095a-40ae-b26b-dd8d1e305d96",
            "c281a358-200d-4372-9d9d-ce37b998074b"
          ],
          "failures": [],
          "pending": [],
          "skipped": [],
          "duration": 287,
          "root": false,
          "rootEmpty": false,
          "_timeout": 2000
        },
        {
          "uuid": "76c6829a-f757-4efd-861c-b259fd9daedd",
          "title": "5 - Faça com que cada elemento do quadro de pixels possua 40 pixels de largura, 40 pixels de altura e seja delimitado por uma borda preta de 1 pixel.",
          "fullFile": "",
          "file": "",
          "beforeHooks": [],
          "afterHooks": [],
          "tests": [
            {
              "title": "Verifica se o quadro de pixels tem altura e comprimento de 5 elementos",
              "fullTitle": "5 - Faça com que cada elemento do quadro de pixels possua 40 pixels de largura, 40 pixels de altura e seja delimitado por uma borda preta de 1 pixel. Verifica se o quadro de pixels tem altura e comprimento de 5 elementos",
              "timedOut": null,
              "duration": 171,
              "state": "passed",
              "speed": "slow",
              "pass": true,
              "fail": false,
              "pending": false,
              "context": null,
              "code": "cy.get('.pixel').should('have.length', 25).each(function (pixel) {\n  expect(pixel).to.have.css('background-color', WHITE);\n}).and(function (pixels) {\n  var rows = chunk(pixels, 5);\n  rows.forEach(function (row) {\n    for (var index = 1; index < row.length; index += 1) {\n      var current = pixels[index];\n      var previous = pixels[index - 1];\n      cy.wrap(current).should('be.onTheRightOf', previous).and('be.horizontallyAlignedWith', previous);\n    }\n  });\n  for (var index = 1; index < 5; index += 1) {\n    expect(pixels[index * 5]).to.be.belowOf(pixels[(index - 1) * 5]);\n  }\n});",
              "err": {},
              "uuid": "595f93e2-840f-451f-9e93-b1ea480883ae",
              "parentUUID": "76c6829a-f757-4efd-861c-b259fd9daedd",
              "isHook": false,
              "skipped": false
            },
            {
              "title": "Verifica se 40 pixels é o tamanho total do elemento, incluindo seu conteúdo e excluindo a borda preta, que deve ser criada à parte.",
              "fullTitle": "5 - Faça com que cada elemento do quadro de pixels possua 40 pixels de largura, 40 pixels de altura e seja delimitado por uma borda preta de 1 pixel. Verifica se 40 pixels é o tamanho total do elemento, incluindo seu conteúdo e excluindo a borda preta, que deve ser criada à parte.",
              "timedOut": null,
              "duration": 134,
              "state": "passed",
              "speed": "slow",
              "pass": true,
              "fail": false,
              "pending": false,
              "context": null,
              "code": "cy.get('.pixel').each(function (pixel) {\n  cy.wrap(pixel).should('have.css', 'height', '40px').and('have.css', 'width', '40px').and('have.css', 'border', \"1px solid \".concat(BLACK));\n});",
              "err": {},
              "uuid": "41f37a60-4fde-4564-abdc-bc5bba6698a0",
              "parentUUID": "76c6829a-f757-4efd-861c-b259fd9daedd",
              "isHook": false,
              "skipped": false
            }
          ],
          "suites": [],
          "passes": [
            "595f93e2-840f-451f-9e93-b1ea480883ae",
            "41f37a60-4fde-4564-abdc-bc5bba6698a0"
          ],
          "failures": [],
          "pending": [],
          "skipped": [],
          "duration": 305,
          "root": false,
          "rootEmpty": false,
          "_timeout": 2000
        },
        {
          "uuid": "e22e1e7d-97cb-4252-83f5-7bef03db3e03",
          "title": "6 - Defina a cor preta como cor inicial. Ao carregar a página a cor preta já deve estar selecionada para pintar os pixels",
          "fullFile": "",
          "file": "",
          "beforeHooks": [],
          "afterHooks": [],
          "tests": [
            {
              "title": "Verifica se o elemento da cor preta possui, inicialmente, a `classe` `selected`",
              "fullTitle": "6 - Defina a cor preta como cor inicial. Ao carregar a página a cor preta já deve estar selecionada para pintar os pixels Verifica se o elemento da cor preta possui, inicialmente, a `classe` `selected`",
              "timedOut": null,
              "duration": 58,
              "state": "passed",
              "speed": "medium",
              "pass": true,
              "fail": false,
              "pending": false,
              "context": null,
              "code": "cy.get('.selected').first().should('have.css', 'background-color', BLACK);",
              "err": {},
              "uuid": "8a5d23fb-458f-4dc1-8c13-2427ee97fe1f",
              "parentUUID": "e22e1e7d-97cb-4252-83f5-7bef03db3e03",
              "isHook": false,
              "skipped": false
            },
            {
              "title": "Verifica se nenhuma outra cor da paleta tem a `classe` `selected`",
              "fullTitle": "6 - Defina a cor preta como cor inicial. Ao carregar a página a cor preta já deve estar selecionada para pintar os pixels Verifica se nenhuma outra cor da paleta tem a `classe` `selected`",
              "timedOut": null,
              "duration": 73,
              "state": "passed",
              "speed": "medium",
              "pass": true,
              "fail": false,
              "pending": false,
              "context": null,
              "code": "cy.get('.color:not(:first-child)').each(function (color) {\n  cy.wrap(color).should('not.have.class', 'selected');\n});",
              "err": {},
              "uuid": "8a67fdfb-7998-4435-83d5-f568fe7a09cf",
              "parentUUID": "e22e1e7d-97cb-4252-83f5-7bef03db3e03",
              "isHook": false,
              "skipped": false
            }
          ],
          "suites": [],
          "passes": [
            "8a5d23fb-458f-4dc1-8c13-2427ee97fe1f",
            "8a67fdfb-7998-4435-83d5-f568fe7a09cf"
          ],
          "failures": [],
          "pending": [],
          "skipped": [],
          "duration": 131,
          "root": false,
          "rootEmpty": false,
          "_timeout": 2000
        },
        {
          "uuid": "c6013cad-2c2e-46a9-95e2-5f23f7174988",
          "title": "7 - Clicar em uma das cores da paleta, faz com que ela seja selecionada e utilizada para preencher os pixels no quadro.",
          "fullFile": "",
          "file": "",
          "beforeHooks": [],
          "afterHooks": [],
          "tests": [
            {
              "title": "Verifica se somente uma cor da paleta de cores tem a classe `selected` de cada vez",
              "fullTitle": "7 - Clicar em uma das cores da paleta, faz com que ela seja selecionada e utilizada para preencher os pixels no quadro. Verifica se somente uma cor da paleta de cores tem a classe `selected` de cada vez",
              "timedOut": null,
              "duration": 381,
              "state": "passed",
              "speed": "slow",
              "pass": true,
              "fail": false,
              "pending": false,
              "context": null,
              "code": "cy.get('.color').each(function (selectedColor, selectedColorIndex) {\n  cy.wrap(selectedColor).click();\n  cy.get('.color').each(function (color, colorIndex) {\n    if (colorIndex === selectedColorIndex) {\n      expect(color).to.have[\"class\"]('selected');\n    } else {\n      expect(color).not.to.have[\"class\"]('selected');\n    }\n  });\n});",
              "err": {},
              "uuid": "14737650-d2dc-44ea-aae0-6f95cdc959a9",
              "parentUUID": "c6013cad-2c2e-46a9-95e2-5f23f7174988",
              "isHook": false,
              "skipped": false
            },
            {
              "title": "Verifica se os pixels dentro do quadro não têm a classe `selected` quando são clicados",
              "fullTitle": "7 - Clicar em uma das cores da paleta, faz com que ela seja selecionada e utilizada para preencher os pixels no quadro. Verifica se os pixels dentro do quadro não têm a classe `selected` quando são clicados",
              "timedOut": null,
              "duration": 7852,
              "state": "passed",
              "speed": "slow",
              "pass": true,
              "fail": false,
              "pending": false,
              "context": null,
              "code": "cy.get('.color').each(function (color) {\n  var backgroundColor = color.css('background-color');\n  cy.wrap(color).click();\n  cy.get('.pixel').each(function (pixel) {\n    cy.wrap(pixel).click().should('not.have.class', 'selected');\n  });\n});",
              "err": {},
              "uuid": "3398a08b-8bc2-4547-9c06-31f4c4cc04ad",
              "parentUUID": "c6013cad-2c2e-46a9-95e2-5f23f7174988",
              "isHook": false,
              "skipped": false
            }
          ],
          "suites": [],
          "passes": [
            "14737650-d2dc-44ea-aae0-6f95cdc959a9",
            "3398a08b-8bc2-4547-9c06-31f4c4cc04ad"
          ],
          "failures": [],
          "pending": [],
          "skipped": [],
          "duration": 8233,
          "root": false,
          "rootEmpty": false,
          "_timeout": 2000
        },
        {
          "uuid": "25110215-e9a9-4cef-b5b2-4242f859a307",
          "title": "8 - Clicar em um pixel dentro do quadro após selecionar uma cor na paleta, faz com que o pixel seja preenchido com a cor selecionada.",
          "fullFile": "",
          "file": "",
          "beforeHooks": [],
          "afterHooks": [],
          "tests": [
            {
              "title": "Verifica se ao carregar a página deve ser possível pintar os pixels de preto",
              "fullTitle": "8 - Clicar em um pixel dentro do quadro após selecionar uma cor na paleta, faz com que o pixel seja preenchido com a cor selecionada. Verifica se ao carregar a página deve ser possível pintar os pixels de preto",
              "timedOut": null,
              "duration": 1965,
              "state": "passed",
              "speed": "slow",
              "pass": true,
              "fail": false,
              "pending": false,
              "context": null,
              "code": "cy.get('.pixel').each(function (pixel) {\n  cy.wrap(pixel).click().should('have.css', 'background-color', BLACK);\n});",
              "err": {},
              "uuid": "ab0e53d2-e0fa-4642-871d-57a9e5ab0545",
              "parentUUID": "25110215-e9a9-4cef-b5b2-4242f859a307",
              "isHook": false,
              "skipped": false
            },
            {
              "title": "Verifica se após selecionar uma outra cor na paleta, é possível pintar os pixels com essa cor",
              "fullTitle": "8 - Clicar em um pixel dentro do quadro após selecionar uma cor na paleta, faz com que o pixel seja preenchido com a cor selecionada. Verifica se após selecionar uma outra cor na paleta, é possível pintar os pixels com essa cor",
              "timedOut": null,
              "duration": 7817,
              "state": "passed",
              "speed": "slow",
              "pass": true,
              "fail": false,
              "pending": false,
              "context": null,
              "code": "cy.get('.color').each(function (color) {\n  var backgroundColor = color.css('background-color');\n  cy.wrap(color).click();\n  cy.get('.pixel').each(function (pixel) {\n    cy.wrap(pixel).click().should('have.css', 'background-color', backgroundColor);\n  });\n});",
              "err": {},
              "uuid": "90c715d6-2959-4f26-820e-eafc3ffd295c",
              "parentUUID": "25110215-e9a9-4cef-b5b2-4242f859a307",
              "isHook": false,
              "skipped": false
            },
            {
              "title": "Verifica se somente o pixel que foi clicado foi preenchido com a cor selecionada, sem influenciar na cor dos demais pixels.",
              "fullTitle": "8 - Clicar em um pixel dentro do quadro após selecionar uma cor na paleta, faz com que o pixel seja preenchido com a cor selecionada. Verifica se somente o pixel que foi clicado foi preenchido com a cor selecionada, sem influenciar na cor dos demais pixels.",
              "timedOut": null,
              "duration": 1059,
              "state": "passed",
              "speed": "slow",
              "pass": true,
              "fail": false,
              "pending": false,
              "context": null,
              "code": "var colorToPixelIndexMap = {\n  0: 6,\n  1: 8,\n  2: 16,\n  3: 18\n};\ncy.get('.color').each(function (color, index) {\n  cy.wrap(color).click();\n  var backgroundColor = color.css('background-color');\n  var clickedPixelIndex = colorToPixelIndexMap[index];\n  cy.get('.pixel').eq(clickedPixelIndex).click();\n  cy.get('.pixel').eq(clickedPixelIndex - 1).should('not.have.css', 'background-color', backgroundColor);\n  cy.get('.pixel').eq(clickedPixelIndex + 1).should('not.have.css', 'background-color', backgroundColor);\n  cy.get('.pixel').eq(clickedPixelIndex - 5).should('not.have.css', 'background-color', backgroundColor);\n  cy.get('.pixel').eq(clickedPixelIndex + 5).should('not.have.css', 'background-color', backgroundColor);\n  cy.get('.pixel').eq(clickedPixelIndex - 6).should('not.have.css', 'background-color', backgroundColor);\n  cy.get('.pixel').eq(clickedPixelIndex - 4).should('not.have.css', 'background-color', backgroundColor);\n  cy.get('.pixel').eq(clickedPixelIndex + 4).should('not.have.css', 'background-color', backgroundColor);\n  cy.get('.pixel').eq(clickedPixelIndex + 6).should('not.have.css', 'background-color', backgroundColor);\n});",
              "err": {},
              "uuid": "8f5044d3-f701-4020-acaa-0cfdf1a4ec23",
              "parentUUID": "25110215-e9a9-4cef-b5b2-4242f859a307",
              "isHook": false,
              "skipped": false
            }
          ],
          "suites": [],
          "passes": [
            "ab0e53d2-e0fa-4642-871d-57a9e5ab0545",
            "90c715d6-2959-4f26-820e-eafc3ffd295c",
            "8f5044d3-f701-4020-acaa-0cfdf1a4ec23"
          ],
          "failures": [],
          "pending": [],
          "skipped": [],
          "duration": 10841,
          "root": false,
          "rootEmpty": false,
          "_timeout": 2000
        },
        {
          "uuid": "71299cfd-6da0-4ef5-a340-847c204c3d5f",
          "title": "9 - Crie um botão que, ao ser clicado, limpa o quadro preenchendo a cor de todos seus pixels com branco.",
          "fullFile": "",
          "file": "",
          "beforeHooks": [],
          "afterHooks": [],
          "tests": [
            {
              "title": "Verifica se o botão tem o `id` denominado `clear-board`",
              "fullTitle": "9 - Crie um botão que, ao ser clicado, limpa o quadro preenchendo a cor de todos seus pixels com branco. Verifica se o botão tem o `id` denominado `clear-board`",
              "timedOut": null,
              "duration": 4243,
              "state": "failed",
              "speed": null,
              "pass": false,
              "fail": true,
              "pending": false,
              "context": null,
              "code": "cy.get('#clear-board').should('be.visible');",
              "err": {
                "message": "CypressError: Timed out retrying: Expected to find element: '#clear-board', but never found it.",
                "estack": "CypressError: Timed out retrying: Expected to find element: '#clear-board', but never found it.\n    at cypressErr (http://localhost:34289/__cypress/runner/cypress_runner.js:149934:9)\n    at throwErr (http://localhost:34289/__cypress/runner/cypress_runner.js:149867:11)\n    at Object.throwErrByPath (http://localhost:34289/__cypress/runner/cypress_runner.js:149915:3)\n    at retry (http://localhost:34289/__cypress/runner/cypress_runner.js:144197:19)\n    at onFailFn (http://localhost:34289/__cypress/runner/cypress_runner.js:132448:16)\n    at tryCatcher (http://localhost:34289/__cypress/runner/cypress_runner.js:167415:23)\n    at Promise._settlePromiseFromHandler (http://localhost:34289/__cypress/runner/cypress_runner.js:165351:31)\n    at Promise._settlePromise (http://localhost:34289/__cypress/runner/cypress_runner.js:165408:18)\n    at Promise._settlePromise0 (http://localhost:34289/__cypress/runner/cypress_runner.js:165453:10)\n    at Promise._settlePromises (http://localhost:34289/__cypress/runner/cypress_runner.js:165528:18)\n    at Async../node_modules/bluebird/js/release/async.js.Async._drainQueue (http://localhost:34289/__cypress/runner/cypress_runner.js:162140:16)\n    at Async../node_modules/bluebird/js/release/async.js.Async._drainQueues (http://localhost:34289/__cypress/runner/cypress_runner.js:162150:10)\n    at Async.drainQueues (http://localhost:34289/__cypress/runner/cypress_runner.js:162024:14)",
                "diff": null
              },
              "uuid": "d8f90e9f-4106-44c5-8236-f55687f99324",
              "parentUUID": "71299cfd-6da0-4ef5-a340-847c204c3d5f",
              "isHook": false,
              "skipped": false
            },
            {
              "title": "Verifica se o botão está posicionado entre a paleta de cores e o quadro de pixels",
              "fullTitle": "9 - Crie um botão que, ao ser clicado, limpa o quadro preenchendo a cor de todos seus pixels com branco. Verifica se o botão está posicionado entre a paleta de cores e o quadro de pixels",
              "timedOut": null,
              "duration": 4219,
              "state": "failed",
              "speed": null,
              "pass": false,
              "fail": true,
              "pending": false,
              "context": null,
              "code": "cy.get('#color-palette').then(function (palette) {\n  cy.get('#clear-board').should('be.belowOf', palette);\n});\ncy.get('#clear-board').then(function (clearBtn) {\n  cy.get('#pixel-board').should('be.belowOf', clearBtn);\n});",
              "err": {
                "message": "CypressError: Timed out retrying: Expected to find element: '#clear-board', but never found it.",
                "estack": "CypressError: Timed out retrying: Expected to find element: '#clear-board', but never found it.\n    at cypressErr (http://localhost:34289/__cypress/runner/cypress_runner.js:149934:9)\n    at throwErr (http://localhost:34289/__cypress/runner/cypress_runner.js:149867:11)\n    at Object.throwErrByPath (http://localhost:34289/__cypress/runner/cypress_runner.js:149915:3)\n    at retry (http://localhost:34289/__cypress/runner/cypress_runner.js:144197:19)\n    at onFailFn (http://localhost:34289/__cypress/runner/cypress_runner.js:132448:16)\n    at tryCatcher (http://localhost:34289/__cypress/runner/cypress_runner.js:167415:23)\n    at Promise._settlePromiseFromHandler (http://localhost:34289/__cypress/runner/cypress_runner.js:165351:31)\n    at Promise._settlePromise (http://localhost:34289/__cypress/runner/cypress_runner.js:165408:18)\n    at Promise._settlePromise0 (http://localhost:34289/__cypress/runner/cypress_runner.js:165453:10)\n    at Promise._settlePromises (http://localhost:34289/__cypress/runner/cypress_runner.js:165528:18)\n    at Async../node_modules/bluebird/js/release/async.js.Async._drainQueue (http://localhost:34289/__cypress/runner/cypress_runner.js:162140:16)\n    at Async../node_modules/bluebird/js/release/async.js.Async._drainQueues (http://localhost:34289/__cypress/runner/cypress_runner.js:162150:10)\n    at Async.drainQueues (http://localhost:34289/__cypress/runner/cypress_runner.js:162024:14)",
                "diff": null
              },
              "uuid": "a921f11a-f1e8-457e-b88c-cc4d6c4b426d",
              "parentUUID": "71299cfd-6da0-4ef5-a340-847c204c3d5f",
              "isHook": false,
              "skipped": false
            },
            {
              "title": "Verifica se o texto do botão é 'Limpar'",
              "fullTitle": "9 - Crie um botão que, ao ser clicado, limpa o quadro preenchendo a cor de todos seus pixels com branco. Verifica se o texto do botão é 'Limpar'",
              "timedOut": null,
              "duration": 4252,
              "state": "failed",
              "speed": null,
              "pass": false,
              "fail": true,
              "pending": false,
              "context": null,
              "code": "cy.get('#clear-board').should('contain.text', 'Limpar');",
              "err": {
                "message": "CypressError: Timed out retrying: Expected to find element: '#clear-board', but never found it.",
                "estack": "CypressError: Timed out retrying: Expected to find element: '#clear-board', but never found it.\n    at cypressErr (http://localhost:34289/__cypress/runner/cypress_runner.js:149934:9)\n    at throwErr (http://localhost:34289/__cypress/runner/cypress_runner.js:149867:11)\n    at Object.throwErrByPath (http://localhost:34289/__cypress/runner/cypress_runner.js:149915:3)\n    at retry (http://localhost:34289/__cypress/runner/cypress_runner.js:144197:19)\n    at onFailFn (http://localhost:34289/__cypress/runner/cypress_runner.js:132448:16)\n    at tryCatcher (http://localhost:34289/__cypress/runner/cypress_runner.js:167415:23)\n    at Promise._settlePromiseFromHandler (http://localhost:34289/__cypress/runner/cypress_runner.js:165351:31)\n    at Promise._settlePromise (http://localhost:34289/__cypress/runner/cypress_runner.js:165408:18)\n    at Promise._settlePromise0 (http://localhost:34289/__cypress/runner/cypress_runner.js:165453:10)\n    at Promise._settlePromises (http://localhost:34289/__cypress/runner/cypress_runner.js:165528:18)\n    at Async../node_modules/bluebird/js/release/async.js.Async._drainQueue (http://localhost:34289/__cypress/runner/cypress_runner.js:162140:16)\n    at Async../node_modules/bluebird/js/release/async.js.Async._drainQueues (http://localhost:34289/__cypress/runner/cypress_runner.js:162150:10)\n    at Async.drainQueues (http://localhost:34289/__cypress/runner/cypress_runner.js:162024:14)",
                "diff": null
              },
              "uuid": "c5be4c3d-06d3-45cc-b38e-f89f0a1056a8",
              "parentUUID": "71299cfd-6da0-4ef5-a340-847c204c3d5f",
              "isHook": false,
              "skipped": false
            },
            {
              "title": "Verifica se ao clicar no botão, o quadro de pixels é totalmente preenchido de branco",
              "fullTitle": "9 - Crie um botão que, ao ser clicado, limpa o quadro preenchendo a cor de todos seus pixels com branco. Verifica se ao clicar no botão, o quadro de pixels é totalmente preenchido de branco",
              "timedOut": null,
              "duration": 6140,
              "state": "failed",
              "speed": null,
              "pass": false,
              "fail": true,
              "pending": false,
              "context": null,
              "code": "cy.get('.color').eq(1).then(function (color) {\n  var backgroundColor = color.css('background-color');\n  cy.wrap(color).click();\n  cy.get('.pixel').each(function (pixel) {\n    cy.wrap(pixel).click().should('have.css', 'background-color', backgroundColor);\n  });\n});\ncy.get('#clear-board').click();\ncy.get('.pixel').each(function (pixel) {\n  cy.wrap(pixel).should('have.css', 'background-color', WHITE);\n});",
              "err": {
                "message": "CypressError: Timed out retrying: Expected to find element: '#clear-board', but never found it.",
                "estack": "CypressError: Timed out retrying: Expected to find element: '#clear-board', but never found it.\n    at cypressErr (http://localhost:34289/__cypress/runner/cypress_runner.js:149934:9)\n    at throwErr (http://localhost:34289/__cypress/runner/cypress_runner.js:149867:11)\n    at Object.throwErrByPath (http://localhost:34289/__cypress/runner/cypress_runner.js:149915:3)\n    at retry (http://localhost:34289/__cypress/runner/cypress_runner.js:144197:19)\n    at onFailFn (http://localhost:34289/__cypress/runner/cypress_runner.js:132448:16)\n    at tryCatcher (http://localhost:34289/__cypress/runner/cypress_runner.js:167415:23)\n    at Promise._settlePromiseFromHandler (http://localhost:34289/__cypress/runner/cypress_runner.js:165351:31)\n    at Promise._settlePromise (http://localhost:34289/__cypress/runner/cypress_runner.js:165408:18)\n    at Promise._settlePromise0 (http://localhost:34289/__cypress/runner/cypress_runner.js:165453:10)\n    at Promise._settlePromises (http://localhost:34289/__cypress/runner/cypress_runner.js:165528:18)\n    at Async../node_modules/bluebird/js/release/async.js.Async._drainQueue (http://localhost:34289/__cypress/runner/cypress_runner.js:162140:16)\n    at Async../node_modules/bluebird/js/release/async.js.Async._drainQueues (http://localhost:34289/__cypress/runner/cypress_runner.js:162150:10)\n    at Async.drainQueues (http://localhost:34289/__cypress/runner/cypress_runner.js:162024:14)",
                "diff": null
              },
              "uuid": "623dbaab-c555-491d-a1f5-22d28aac46c7",
              "parentUUID": "71299cfd-6da0-4ef5-a340-847c204c3d5f",
              "isHook": false,
              "skipped": false
            }
          ],
          "suites": [],
          "passes": [],
          "failures": [
            "d8f90e9f-4106-44c5-8236-f55687f99324",
            "a921f11a-f1e8-457e-b88c-cc4d6c4b426d",
            "c5be4c3d-06d3-45cc-b38e-f89f0a1056a8",
            "623dbaab-c555-491d-a1f5-22d28aac46c7"
          ],
          "pending": [],
          "skipped": [],
          "duration": 18854,
          "root": false,
          "rootEmpty": false,
          "_timeout": 2000
        },
        {
          "uuid": "3b4e390e-dde5-48fb-b445-60a29f60c4e9",
          "title": "10 - Faça o quadro de pixels ter seu tamanho definido pelo usuário.",
          "fullFile": "",
          "file": "",
          "beforeHooks": [],
          "afterHooks": [],
          "tests": [
            {
              "title": "Verifica se existe um input com o id `board-size`",
              "fullTitle": "10 - Faça o quadro de pixels ter seu tamanho definido pelo usuário. Verifica se existe um input com o id `board-size`",
              "timedOut": null,
              "duration": 4242,
              "state": "failed",
              "speed": null,
              "pass": false,
              "fail": true,
              "pending": false,
              "context": null,
              "code": "cy.get('#board-size').should('be.visible');",
              "err": {
                "message": "CypressError: Timed out retrying: Expected to find element: '#board-size', but never found it.",
                "estack": "CypressError: Timed out retrying: Expected to find element: '#board-size', but never found it.\n    at cypressErr (http://localhost:34289/__cypress/runner/cypress_runner.js:149934:9)\n    at throwErr (http://localhost:34289/__cypress/runner/cypress_runner.js:149867:11)\n    at Object.throwErrByPath (http://localhost:34289/__cypress/runner/cypress_runner.js:149915:3)\n    at retry (http://localhost:34289/__cypress/runner/cypress_runner.js:144197:19)\n    at onFailFn (http://localhost:34289/__cypress/runner/cypress_runner.js:132448:16)\n    at tryCatcher (http://localhost:34289/__cypress/runner/cypress_runner.js:167415:23)\n    at Promise._settlePromiseFromHandler (http://localhost:34289/__cypress/runner/cypress_runner.js:165351:31)\n    at Promise._settlePromise (http://localhost:34289/__cypress/runner/cypress_runner.js:165408:18)\n    at Promise._settlePromise0 (http://localhost:34289/__cypress/runner/cypress_runner.js:165453:10)\n    at Promise._settlePromises (http://localhost:34289/__cypress/runner/cypress_runner.js:165528:18)\n    at Async../node_modules/bluebird/js/release/async.js.Async._drainQueue (http://localhost:34289/__cypress/runner/cypress_runner.js:162140:16)\n    at Async../node_modules/bluebird/js/release/async.js.Async._drainQueues (http://localhost:34289/__cypress/runner/cypress_runner.js:162150:10)\n    at Async.drainQueues (http://localhost:34289/__cypress/runner/cypress_runner.js:162024:14)",
                "diff": null
              },
              "uuid": "99f1af06-85b9-4bc2-b965-2b5f49337bb4",
              "parentUUID": "3b4e390e-dde5-48fb-b445-60a29f60c4e9",
              "isHook": false,
              "skipped": false
            },
            {
              "title": "Verifica se existe um botão com o id `generate-board`",
              "fullTitle": "10 - Faça o quadro de pixels ter seu tamanho definido pelo usuário. Verifica se existe um botão com o id `generate-board`",
              "timedOut": null,
              "duration": 4221,
              "state": "failed",
              "speed": null,
              "pass": false,
              "fail": true,
              "pending": false,
              "context": null,
              "code": "cy.get('#generate-board').should('be.visible');",
              "err": {
                "message": "CypressError: Timed out retrying: Expected to find element: '#generate-board', but never found it.",
                "estack": "CypressError: Timed out retrying: Expected to find element: '#generate-board', but never found it.\n    at cypressErr (http://localhost:34289/__cypress/runner/cypress_runner.js:149934:9)\n    at throwErr (http://localhost:34289/__cypress/runner/cypress_runner.js:149867:11)\n    at Object.throwErrByPath (http://localhost:34289/__cypress/runner/cypress_runner.js:149915:3)\n    at retry (http://localhost:34289/__cypress/runner/cypress_runner.js:144197:19)\n    at onFailFn (http://localhost:34289/__cypress/runner/cypress_runner.js:132448:16)\n    at tryCatcher (http://localhost:34289/__cypress/runner/cypress_runner.js:167415:23)\n    at Promise._settlePromiseFromHandler (http://localhost:34289/__cypress/runner/cypress_runner.js:165351:31)\n    at Promise._settlePromise (http://localhost:34289/__cypress/runner/cypress_runner.js:165408:18)\n    at Promise._settlePromise0 (http://localhost:34289/__cypress/runner/cypress_runner.js:165453:10)\n    at Promise._settlePromises (http://localhost:34289/__cypress/runner/cypress_runner.js:165528:18)\n    at Async../node_modules/bluebird/js/release/async.js.Async._drainQueue (http://localhost:34289/__cypress/runner/cypress_runner.js:162140:16)\n    at Async../node_modules/bluebird/js/release/async.js.Async._drainQueues (http://localhost:34289/__cypress/runner/cypress_runner.js:162150:10)\n    at Async.drainQueues (http://localhost:34289/__cypress/runner/cypress_runner.js:162024:14)",
                "diff": null
              },
              "uuid": "cd61c194-faa9-41bb-a8e8-f9eef619424d",
              "parentUUID": "3b4e390e-dde5-48fb-b445-60a29f60c4e9",
              "isHook": false,
              "skipped": false
            },
            {
              "title": "Verifica se o input só aceita número maiores que zero. Essa restrição deve ser feita usando os atributos do elemento `input`",
              "fullTitle": "10 - Faça o quadro de pixels ter seu tamanho definido pelo usuário. Verifica se o input só aceita número maiores que zero. Essa restrição deve ser feita usando os atributos do elemento `input`",
              "timedOut": null,
              "duration": 4220,
              "state": "failed",
              "speed": null,
              "pass": false,
              "fail": true,
              "pending": false,
              "context": null,
              "code": "cy.get('#board-size[type=\\'number\\'][min=\\'1\\']');",
              "err": {
                "message": "CypressError: Timed out retrying: Expected to find element: '#board-size[type='number'][min='1']', but never found it.",
                "estack": "CypressError: Timed out retrying: Expected to find element: '#board-size[type='number'][min='1']', but never found it.\n    at cypressErr (http://localhost:34289/__cypress/runner/cypress_runner.js:149934:9)\n    at throwErr (http://localhost:34289/__cypress/runner/cypress_runner.js:149867:11)\n    at Object.throwErrByPath (http://localhost:34289/__cypress/runner/cypress_runner.js:149915:3)\n    at retry (http://localhost:34289/__cypress/runner/cypress_runner.js:144197:19)\n    at onFailFn (http://localhost:34289/__cypress/runner/cypress_runner.js:132448:16)\n    at tryCatcher (http://localhost:34289/__cypress/runner/cypress_runner.js:167415:23)\n    at Promise._settlePromiseFromHandler (http://localhost:34289/__cypress/runner/cypress_runner.js:165351:31)\n    at Promise._settlePromise (http://localhost:34289/__cypress/runner/cypress_runner.js:165408:18)\n    at Promise._settlePromise0 (http://localhost:34289/__cypress/runner/cypress_runner.js:165453:10)\n    at Promise._settlePromises (http://localhost:34289/__cypress/runner/cypress_runner.js:165528:18)\n    at Async../node_modules/bluebird/js/release/async.js.Async._drainQueue (http://localhost:34289/__cypress/runner/cypress_runner.js:162140:16)\n    at Async../node_modules/bluebird/js/release/async.js.Async._drainQueues (http://localhost:34289/__cypress/runner/cypress_runner.js:162150:10)\n    at Async.drainQueues (http://localhost:34289/__cypress/runner/cypress_runner.js:162024:14)",
                "diff": null
              },
              "uuid": "ff60d545-f5f4-4cce-91cb-3eea94bb2d2b",
              "parentUUID": "3b4e390e-dde5-48fb-b445-60a29f60c4e9",
              "isHook": false,
              "skipped": false
            },
            {
              "title": "Verifica se o botão contém o texto 'VQV'",
              "fullTitle": "10 - Faça o quadro de pixels ter seu tamanho definido pelo usuário. Verifica se o botão contém o texto 'VQV'",
              "timedOut": null,
              "duration": 4241,
              "state": "failed",
              "speed": null,
              "pass": false,
              "fail": true,
              "pending": false,
              "context": null,
              "code": "cy.get('#generate-board').contains(/vqv/i);",
              "err": {
                "message": "CypressError: Timed out retrying: Expected to find element: '#generate-board', but never found it.",
                "estack": "CypressError: Timed out retrying: Expected to find element: '#generate-board', but never found it.\n    at cypressErr (http://localhost:34289/__cypress/runner/cypress_runner.js:149934:9)\n    at throwErr (http://localhost:34289/__cypress/runner/cypress_runner.js:149867:11)\n    at Object.throwErrByPath (http://localhost:34289/__cypress/runner/cypress_runner.js:149915:3)\n    at retry (http://localhost:34289/__cypress/runner/cypress_runner.js:144197:19)\n    at onFailFn (http://localhost:34289/__cypress/runner/cypress_runner.js:132448:16)\n    at tryCatcher (http://localhost:34289/__cypress/runner/cypress_runner.js:167415:23)\n    at Promise._settlePromiseFromHandler (http://localhost:34289/__cypress/runner/cypress_runner.js:165351:31)\n    at Promise._settlePromise (http://localhost:34289/__cypress/runner/cypress_runner.js:165408:18)\n    at Promise._settlePromise0 (http://localhost:34289/__cypress/runner/cypress_runner.js:165453:10)\n    at Promise._settlePromises (http://localhost:34289/__cypress/runner/cypress_runner.js:165528:18)\n    at Async../node_modules/bluebird/js/release/async.js.Async._drainQueue (http://localhost:34289/__cypress/runner/cypress_runner.js:162140:16)\n    at Async../node_modules/bluebird/js/release/async.js.Async._drainQueues (http://localhost:34289/__cypress/runner/cypress_runner.js:162150:10)\n    at Async.drainQueues (http://localhost:34289/__cypress/runner/cypress_runner.js:162024:14)",
                "diff": null
              },
              "uuid": "d9bb5af5-8abc-4a9a-a99a-4acbeaffd276",
              "parentUUID": "3b4e390e-dde5-48fb-b445-60a29f60c4e9",
              "isHook": false,
              "skipped": false
            },
            {
              "title": "Verifica se o input está posicionado entre a paleta de cores e o quadro de pixels",
              "fullTitle": "10 - Faça o quadro de pixels ter seu tamanho definido pelo usuário. Verifica se o input está posicionado entre a paleta de cores e o quadro de pixels",
              "timedOut": null,
              "duration": 4262,
              "state": "failed",
              "speed": null,
              "pass": false,
              "fail": true,
              "pending": false,
              "context": null,
              "code": "cy.get('#color-palette').then(function (palette) {\n  cy.get('#board-size').should('be.belowOf', palette);\n});\ncy.get('#board-size').then(function (palette) {\n  cy.get('#pixel-board').should('be.belowOf', palette);\n});",
              "err": {
                "message": "CypressError: Timed out retrying: Expected to find element: '#board-size', but never found it.",
                "estack": "CypressError: Timed out retrying: Expected to find element: '#board-size', but never found it.\n    at cypressErr (http://localhost:34289/__cypress/runner/cypress_runner.js:149934:9)\n    at throwErr (http://localhost:34289/__cypress/runner/cypress_runner.js:149867:11)\n    at Object.throwErrByPath (http://localhost:34289/__cypress/runner/cypress_runner.js:149915:3)\n    at retry (http://localhost:34289/__cypress/runner/cypress_runner.js:144197:19)\n    at onFailFn (http://localhost:34289/__cypress/runner/cypress_runner.js:132448:16)\n    at tryCatcher (http://localhost:34289/__cypress/runner/cypress_runner.js:167415:23)\n    at Promise._settlePromiseFromHandler (http://localhost:34289/__cypress/runner/cypress_runner.js:165351:31)\n    at Promise._settlePromise (http://localhost:34289/__cypress/runner/cypress_runner.js:165408:18)\n    at Promise._settlePromise0 (http://localhost:34289/__cypress/runner/cypress_runner.js:165453:10)\n    at Promise._settlePromises (http://localhost:34289/__cypress/runner/cypress_runner.js:165528:18)\n    at Async../node_modules/bluebird/js/release/async.js.Async._drainQueue (http://localhost:34289/__cypress/runner/cypress_runner.js:162140:16)\n    at Async../node_modules/bluebird/js/release/async.js.Async._drainQueues (http://localhost:34289/__cypress/runner/cypress_runner.js:162150:10)\n    at Async.drainQueues (http://localhost:34289/__cypress/runner/cypress_runner.js:162024:14)",
                "diff": null
              },
              "uuid": "849cd117-9e3e-4d99-9b08-550747e7d782",
              "parentUUID": "3b4e390e-dde5-48fb-b445-60a29f60c4e9",
              "isHook": false,
              "skipped": false
            },
            {
              "title": "Verifica se o botão está posicionado ao lado do input",
              "fullTitle": "10 - Faça o quadro de pixels ter seu tamanho definido pelo usuário. Verifica se o botão está posicionado ao lado do input",
              "timedOut": null,
              "duration": 4247,
              "state": "failed",
              "speed": null,
              "pass": false,
              "fail": true,
              "pending": false,
              "context": null,
              "code": "cy.get('#board-size').then(function (board) {\n  cy.get('#generate-board').should('be.onTheRightOf', board);\n});",
              "err": {
                "message": "CypressError: Timed out retrying: Expected to find element: '#board-size', but never found it.",
                "estack": "CypressError: Timed out retrying: Expected to find element: '#board-size', but never found it.\n    at cypressErr (http://localhost:34289/__cypress/runner/cypress_runner.js:149934:9)\n    at throwErr (http://localhost:34289/__cypress/runner/cypress_runner.js:149867:11)\n    at Object.throwErrByPath (http://localhost:34289/__cypress/runner/cypress_runner.js:149915:3)\n    at retry (http://localhost:34289/__cypress/runner/cypress_runner.js:144197:19)\n    at onFailFn (http://localhost:34289/__cypress/runner/cypress_runner.js:132448:16)\n    at tryCatcher (http://localhost:34289/__cypress/runner/cypress_runner.js:167415:23)\n    at Promise._settlePromiseFromHandler (http://localhost:34289/__cypress/runner/cypress_runner.js:165351:31)\n    at Promise._settlePromise (http://localhost:34289/__cypress/runner/cypress_runner.js:165408:18)\n    at Promise._settlePromise0 (http://localhost:34289/__cypress/runner/cypress_runner.js:165453:10)\n    at Promise._settlePromises (http://localhost:34289/__cypress/runner/cypress_runner.js:165528:18)\n    at Async../node_modules/bluebird/js/release/async.js.Async._drainQueue (http://localhost:34289/__cypress/runner/cypress_runner.js:162140:16)\n    at Async../node_modules/bluebird/js/release/async.js.Async._drainQueues (http://localhost:34289/__cypress/runner/cypress_runner.js:162150:10)\n    at Async.drainQueues (http://localhost:34289/__cypress/runner/cypress_runner.js:162024:14)",
                "diff": null
              },
              "uuid": "26b855a3-7c88-4934-88bd-5eabd8d6794f",
              "parentUUID": "3b4e390e-dde5-48fb-b445-60a29f60c4e9",
              "isHook": false,
              "skipped": false
            },
            {
              "title": "Verifica se nenhum valor for colocado no input ao clicar no botão, um `alert` é exibido com o texto: 'Board inválido!'",
              "fullTitle": "10 - Faça o quadro de pixels ter seu tamanho definido pelo usuário. Verifica se nenhum valor for colocado no input ao clicar no botão, um `alert` é exibido com o texto: 'Board inválido!'",
              "timedOut": null,
              "duration": 4256,
              "state": "failed",
              "speed": null,
              "pass": false,
              "fail": true,
              "pending": false,
              "context": null,
              "code": "var alerted = false;\ncy.on('window:alert', function (msg) {\n  return alerted = msg;\n});\ncy.get('#generate-board').click().then(function () {\n  return expect(alerted).to.match(/Board inválido!/i);\n});",
              "err": {
                "message": "CypressError: Timed out retrying: Expected to find element: '#generate-board', but never found it.",
                "estack": "CypressError: Timed out retrying: Expected to find element: '#generate-board', but never found it.\n    at cypressErr (http://localhost:34289/__cypress/runner/cypress_runner.js:149934:9)\n    at throwErr (http://localhost:34289/__cypress/runner/cypress_runner.js:149867:11)\n    at Object.throwErrByPath (http://localhost:34289/__cypress/runner/cypress_runner.js:149915:3)\n    at retry (http://localhost:34289/__cypress/runner/cypress_runner.js:144197:19)\n    at onFailFn (http://localhost:34289/__cypress/runner/cypress_runner.js:132448:16)\n    at tryCatcher (http://localhost:34289/__cypress/runner/cypress_runner.js:167415:23)\n    at Promise._settlePromiseFromHandler (http://localhost:34289/__cypress/runner/cypress_runner.js:165351:31)\n    at Promise._settlePromise (http://localhost:34289/__cypress/runner/cypress_runner.js:165408:18)\n    at Promise._settlePromise0 (http://localhost:34289/__cypress/runner/cypress_runner.js:165453:10)\n    at Promise._settlePromises (http://localhost:34289/__cypress/runner/cypress_runner.js:165528:18)\n    at Async../node_modules/bluebird/js/release/async.js.Async._drainQueue (http://localhost:34289/__cypress/runner/cypress_runner.js:162140:16)\n    at Async../node_modules/bluebird/js/release/async.js.Async._drainQueues (http://localhost:34289/__cypress/runner/cypress_runner.js:162150:10)\n    at Async.drainQueues (http://localhost:34289/__cypress/runner/cypress_runner.js:162024:14)",
                "diff": null
              },
              "uuid": "1622412d-4b34-4f0e-9960-d0044f989de7",
              "parentUUID": "3b4e390e-dde5-48fb-b445-60a29f60c4e9",
              "isHook": false,
              "skipped": false
            },
            {
              "title": "Verifica se ao clicar no botão com um valor preenchido, o tamanho do board muda.",
              "fullTitle": "10 - Faça o quadro de pixels ter seu tamanho definido pelo usuário. Verifica se ao clicar no botão com um valor preenchido, o tamanho do board muda.",
              "timedOut": null,
              "duration": 4255,
              "state": "failed",
              "speed": null,
              "pass": false,
              "fail": true,
              "pending": false,
              "context": null,
              "code": "cy.get('#board-size').clear().type(10);\ncy.get('#generate-board').click();\ncy.get('.pixel').should('have.length', 100);",
              "err": {
                "message": "CypressError: Timed out retrying: Expected to find element: '#board-size', but never found it.",
                "estack": "CypressError: Timed out retrying: Expected to find element: '#board-size', but never found it.\n    at cypressErr (http://localhost:34289/__cypress/runner/cypress_runner.js:149934:9)\n    at throwErr (http://localhost:34289/__cypress/runner/cypress_runner.js:149867:11)\n    at Object.throwErrByPath (http://localhost:34289/__cypress/runner/cypress_runner.js:149915:3)\n    at retry (http://localhost:34289/__cypress/runner/cypress_runner.js:144197:19)\n    at onFailFn (http://localhost:34289/__cypress/runner/cypress_runner.js:132448:16)\n    at tryCatcher (http://localhost:34289/__cypress/runner/cypress_runner.js:167415:23)\n    at Promise._settlePromiseFromHandler (http://localhost:34289/__cypress/runner/cypress_runner.js:165351:31)\n    at Promise._settlePromise (http://localhost:34289/__cypress/runner/cypress_runner.js:165408:18)\n    at Promise._settlePromise0 (http://localhost:34289/__cypress/runner/cypress_runner.js:165453:10)\n    at Promise._settlePromises (http://localhost:34289/__cypress/runner/cypress_runner.js:165528:18)\n    at Async../node_modules/bluebird/js/release/async.js.Async._drainQueue (http://localhost:34289/__cypress/runner/cypress_runner.js:162140:16)\n    at Async../node_modules/bluebird/js/release/async.js.Async._drainQueues (http://localhost:34289/__cypress/runner/cypress_runner.js:162150:10)\n    at Async.drainQueues (http://localhost:34289/__cypress/runner/cypress_runner.js:162024:14)",
                "diff": null
              },
              "uuid": "627d349f-f4be-407a-9bee-1bda753c5546",
              "parentUUID": "3b4e390e-dde5-48fb-b445-60a29f60c4e9",
              "isHook": false,
              "skipped": false
            },
            {
              "title": "Verifica se o novo quadro tem todos os pixels preenchidos com a cor branca",
              "fullTitle": "10 - Faça o quadro de pixels ter seu tamanho definido pelo usuário. Verifica se o novo quadro tem todos os pixels preenchidos com a cor branca",
              "timedOut": null,
              "duration": 4236,
              "state": "failed",
              "speed": null,
              "pass": false,
              "fail": true,
              "pending": false,
              "context": null,
              "code": "cy.get('#board-size').clear().type(6);\ncy.get('#generate-board').click();\ncy.get('.pixel').should('have.length', 36).each(function (pixel) {\n  expect(pixel).to.have.css('background-color', WHITE);\n});",
              "err": {
                "message": "CypressError: Timed out retrying: Expected to find element: '#board-size', but never found it.",
                "estack": "CypressError: Timed out retrying: Expected to find element: '#board-size', but never found it.\n    at cypressErr (http://localhost:34289/__cypress/runner/cypress_runner.js:149934:9)\n    at throwErr (http://localhost:34289/__cypress/runner/cypress_runner.js:149867:11)\n    at Object.throwErrByPath (http://localhost:34289/__cypress/runner/cypress_runner.js:149915:3)\n    at retry (http://localhost:34289/__cypress/runner/cypress_runner.js:144197:19)\n    at onFailFn (http://localhost:34289/__cypress/runner/cypress_runner.js:132448:16)\n    at tryCatcher (http://localhost:34289/__cypress/runner/cypress_runner.js:167415:23)\n    at Promise._settlePromiseFromHandler (http://localhost:34289/__cypress/runner/cypress_runner.js:165351:31)\n    at Promise._settlePromise (http://localhost:34289/__cypress/runner/cypress_runner.js:165408:18)\n    at Promise._settlePromise0 (http://localhost:34289/__cypress/runner/cypress_runner.js:165453:10)\n    at Promise._settlePromises (http://localhost:34289/__cypress/runner/cypress_runner.js:165528:18)\n    at Async../node_modules/bluebird/js/release/async.js.Async._drainQueue (http://localhost:34289/__cypress/runner/cypress_runner.js:162140:16)\n    at Async../node_modules/bluebird/js/release/async.js.Async._drainQueues (http://localhost:34289/__cypress/runner/cypress_runner.js:162150:10)\n    at Async.drainQueues (http://localhost:34289/__cypress/runner/cypress_runner.js:162024:14)",
                "diff": null
              },
              "uuid": "d33e58f7-6021-433c-abb3-803fa50496c4",
              "parentUUID": "3b4e390e-dde5-48fb-b445-60a29f60c4e9",
              "isHook": false,
              "skipped": false
            }
          ],
          "suites": [],
          "passes": [],
          "failures": [
            "99f1af06-85b9-4bc2-b965-2b5f49337bb4",
            "cd61c194-faa9-41bb-a8e8-f9eef619424d",
            "ff60d545-f5f4-4cce-91cb-3eea94bb2d2b",
            "d9bb5af5-8abc-4a9a-a99a-4acbeaffd276",
            "849cd117-9e3e-4d99-9b08-550747e7d782",
            "26b855a3-7c88-4934-88bd-5eabd8d6794f",
            "1622412d-4b34-4f0e-9960-d0044f989de7",
            "627d349f-f4be-407a-9bee-1bda753c5546",
            "d33e58f7-6021-433c-abb3-803fa50496c4"
          ],
          "pending": [],
          "skipped": [],
          "duration": 38180,
          "root": false,
          "rootEmpty": false,
          "_timeout": 2000
        },
        {
          "uuid": "0e9428e6-db4f-488a-b905-612a63546e92",
          "title": "11 - Limite o tamanho mínimo e máximo do board.",
          "fullFile": "",
          "file": "",
          "beforeHooks": [],
          "afterHooks": [],
          "tests": [
            {
              "title": "Verifica se a altura máxima do board é 50",
              "fullTitle": "11 - Limite o tamanho mínimo e máximo do board. Verifica se a altura máxima do board é 50",
              "timedOut": null,
              "duration": 4277,
              "state": "failed",
              "speed": null,
              "pass": false,
              "fail": true,
              "pending": false,
              "context": null,
              "code": "cy.get('#board-size').clear().type(50);\ncy.get('#generate-board').click();\ncy.get('.pixel').should('have.length', 2500);",
              "err": {
                "message": "CypressError: Timed out retrying: Expected to find element: '#board-size', but never found it.",
                "estack": "CypressError: Timed out retrying: Expected to find element: '#board-size', but never found it.\n    at cypressErr (http://localhost:34289/__cypress/runner/cypress_runner.js:149934:9)\n    at throwErr (http://localhost:34289/__cypress/runner/cypress_runner.js:149867:11)\n    at Object.throwErrByPath (http://localhost:34289/__cypress/runner/cypress_runner.js:149915:3)\n    at retry (http://localhost:34289/__cypress/runner/cypress_runner.js:144197:19)\n    at onFailFn (http://localhost:34289/__cypress/runner/cypress_runner.js:132448:16)\n    at tryCatcher (http://localhost:34289/__cypress/runner/cypress_runner.js:167415:23)\n    at Promise._settlePromiseFromHandler (http://localhost:34289/__cypress/runner/cypress_runner.js:165351:31)\n    at Promise._settlePromise (http://localhost:34289/__cypress/runner/cypress_runner.js:165408:18)\n    at Promise._settlePromise0 (http://localhost:34289/__cypress/runner/cypress_runner.js:165453:10)\n    at Promise._settlePromises (http://localhost:34289/__cypress/runner/cypress_runner.js:165528:18)\n    at Async../node_modules/bluebird/js/release/async.js.Async._drainQueue (http://localhost:34289/__cypress/runner/cypress_runner.js:162140:16)\n    at Async../node_modules/bluebird/js/release/async.js.Async._drainQueues (http://localhost:34289/__cypress/runner/cypress_runner.js:162150:10)\n    at Async.drainQueues (http://localhost:34289/__cypress/runner/cypress_runner.js:162024:14)",
                "diff": null
              },
              "uuid": "67c001e9-f626-4ad3-8994-70bbfd6ad604",
              "parentUUID": "0e9428e6-db4f-488a-b905-612a63546e92",
              "isHook": false,
              "skipped": false
            },
            {
              "title": "Verifica se a altura do board é 5 quando um valor menor é colocado no input",
              "fullTitle": "11 - Limite o tamanho mínimo e máximo do board. Verifica se a altura do board é 5 quando um valor menor é colocado no input",
              "timedOut": null,
              "duration": 4257,
              "state": "failed",
              "speed": null,
              "pass": false,
              "fail": true,
              "pending": false,
              "context": null,
              "code": "cy.get('#board-size').clear().type(4);\ncy.get('#generate-board').click();\ncy.get('.pixel').should('have.length', 25);",
              "err": {
                "message": "CypressError: Timed out retrying: Expected to find element: '#board-size', but never found it.",
                "estack": "CypressError: Timed out retrying: Expected to find element: '#board-size', but never found it.\n    at cypressErr (http://localhost:34289/__cypress/runner/cypress_runner.js:149934:9)\n    at throwErr (http://localhost:34289/__cypress/runner/cypress_runner.js:149867:11)\n    at Object.throwErrByPath (http://localhost:34289/__cypress/runner/cypress_runner.js:149915:3)\n    at retry (http://localhost:34289/__cypress/runner/cypress_runner.js:144197:19)\n    at onFailFn (http://localhost:34289/__cypress/runner/cypress_runner.js:132448:16)\n    at tryCatcher (http://localhost:34289/__cypress/runner/cypress_runner.js:167415:23)\n    at Promise._settlePromiseFromHandler (http://localhost:34289/__cypress/runner/cypress_runner.js:165351:31)\n    at Promise._settlePromise (http://localhost:34289/__cypress/runner/cypress_runner.js:165408:18)\n    at Promise._settlePromise0 (http://localhost:34289/__cypress/runner/cypress_runner.js:165453:10)\n    at Promise._settlePromises (http://localhost:34289/__cypress/runner/cypress_runner.js:165528:18)\n    at Async../node_modules/bluebird/js/release/async.js.Async._drainQueue (http://localhost:34289/__cypress/runner/cypress_runner.js:162140:16)\n    at Async../node_modules/bluebird/js/release/async.js.Async._drainQueues (http://localhost:34289/__cypress/runner/cypress_runner.js:162150:10)\n    at Async.drainQueues (http://localhost:34289/__cypress/runner/cypress_runner.js:162024:14)",
                "diff": null
              },
              "uuid": "e300880f-db76-4660-b3ee-9b5d76974d19",
              "parentUUID": "0e9428e6-db4f-488a-b905-612a63546e92",
              "isHook": false,
              "skipped": false
            },
            {
              "title": "Verifica se a altura do board é 50 quando um valor maior é colocado no input",
              "fullTitle": "11 - Limite o tamanho mínimo e máximo do board. Verifica se a altura do board é 50 quando um valor maior é colocado no input",
              "timedOut": null,
              "duration": 4237,
              "state": "failed",
              "speed": null,
              "pass": false,
              "fail": true,
              "pending": false,
              "context": null,
              "code": "cy.get('#board-size').clear().type(51);\ncy.get('#generate-board').click();\ncy.get('.pixel').should('have.length', 2500);",
              "err": {
                "message": "CypressError: Timed out retrying: Expected to find element: '#board-size', but never found it.",
                "estack": "CypressError: Timed out retrying: Expected to find element: '#board-size', but never found it.\n    at cypressErr (http://localhost:34289/__cypress/runner/cypress_runner.js:149934:9)\n    at throwErr (http://localhost:34289/__cypress/runner/cypress_runner.js:149867:11)\n    at Object.throwErrByPath (http://localhost:34289/__cypress/runner/cypress_runner.js:149915:3)\n    at retry (http://localhost:34289/__cypress/runner/cypress_runner.js:144197:19)\n    at onFailFn (http://localhost:34289/__cypress/runner/cypress_runner.js:132448:16)\n    at tryCatcher (http://localhost:34289/__cypress/runner/cypress_runner.js:167415:23)\n    at Promise._settlePromiseFromHandler (http://localhost:34289/__cypress/runner/cypress_runner.js:165351:31)\n    at Promise._settlePromise (http://localhost:34289/__cypress/runner/cypress_runner.js:165408:18)\n    at Promise._settlePromise0 (http://localhost:34289/__cypress/runner/cypress_runner.js:165453:10)\n    at Promise._settlePromises (http://localhost:34289/__cypress/runner/cypress_runner.js:165528:18)\n    at Async../node_modules/bluebird/js/release/async.js.Async._drainQueue (http://localhost:34289/__cypress/runner/cypress_runner.js:162140:16)\n    at Async../node_modules/bluebird/js/release/async.js.Async._drainQueues (http://localhost:34289/__cypress/runner/cypress_runner.js:162150:10)\n    at Async.drainQueues (http://localhost:34289/__cypress/runner/cypress_runner.js:162024:14)",
                "diff": null
              },
              "uuid": "48aae462-2c6a-4078-bf22-3727fe46dddc",
              "parentUUID": "0e9428e6-db4f-488a-b905-612a63546e92",
              "isHook": false,
              "skipped": false
            }
          ],
          "suites": [],
          "passes": [],
          "failures": [
            "67c001e9-f626-4ad3-8994-70bbfd6ad604",
            "e300880f-db76-4660-b3ee-9b5d76974d19",
            "48aae462-2c6a-4078-bf22-3727fe46dddc"
          ],
          "pending": [],
          "skipped": [],
          "duration": 12771,
          "root": false,
          "rootEmpty": false,
          "_timeout": 2000
        },
        {
          "uuid": "65e43a52-c6e4-4601-bbe1-d2d75a376e8b",
          "title": "12 - Faça com que as cores da paleta sejam geradas aleatoriamente ao carregar a página.",
          "fullFile": "",
          "file": "",
          "beforeHooks": [],
          "afterHooks": [],
          "tests": [
            {
              "title": "Verifica se as cores geradas na paleta são diferentes a cada carregamento da página",
              "fullTitle": "12 - Faça com que as cores da paleta sejam geradas aleatoriamente ao carregar a página. Verifica se as cores geradas na paleta são diferentes a cada carregamento da página",
              "timedOut": null,
              "duration": 277,
              "state": "failed",
              "speed": null,
              "pass": false,
              "fail": true,
              "pending": false,
              "context": null,
              "code": "cy.get('.color').then(function (colors) {\n  var currentColors;\n  var previousColors;\n  previousColors = Array.from(colors).map(function (color) {\n    return Cypress.$(color).css('background-color');\n  });\n  for (var i = 0; i < 5; i += 1) {\n    cy.reload();\n    cy.get('.color').then(function (colors) {\n      currentColors = Array.from(colors).map(function (color) {\n        return Cypress.$(color).css('background-color');\n      });\n      expect(currentColors).not.to.deep.equal(previousColors);\n      previousColors = currentColors;\n    });\n  }\n});",
              "err": {
                "message": "AssertionError: expected [ Array(4) ] to not deeply equal [ Array(4) ]",
                "estack": "AssertionError: expected [ Array(4) ] to not deeply equal [ Array(4) ]\n    at getRet (http://localhost:34289/__cypress/runner/cypress_runner.js:136585:16)\n    at tryCatcher (http://localhost:34289/__cypress/runner/cypress_runner.js:167415:23)\n    at Function.Promise.attempt.Promise.try (http://localhost:34289/__cypress/runner/cypress_runner.js:164690:29)\n    at Context.thenFn (http://localhost:34289/__cypress/runner/cypress_runner.js:136599:23)\n    at Context.then (http://localhost:34289/__cypress/runner/cypress_runner.js:136971:21)\n    at Context.<anonymous> (http://localhost:34289/__cypress/runner/cypress_runner.js:148875:21)\n    at http://localhost:34289/__cypress/runner/cypress_runner.js:148351:33\n    at tryCatcher (http://localhost:34289/__cypress/runner/cypress_runner.js:167415:23)\n    at Promise._settlePromiseFromHandler (http://localhost:34289/__cypress/runner/cypress_runner.js:165351:31)\n    at Promise._settlePromise (http://localhost:34289/__cypress/runner/cypress_runner.js:165408:18)\n    at Promise._settlePromiseCtx (http://localhost:34289/__cypress/runner/cypress_runner.js:165445:10)\n    at Async../node_modules/bluebird/js/release/async.js.Async._drainQueue (http://localhost:34289/__cypress/runner/cypress_runner.js:162145:12)\n    at Async../node_modules/bluebird/js/release/async.js.Async._drainQueues (http://localhost:34289/__cypress/runner/cypress_runner.js:162150:10)\n    at Async.drainQueues (http://localhost:34289/__cypress/runner/cypress_runner.js:162024:14)",
                "diff": ""
              },
              "uuid": "6437c78e-39bf-4a10-8713-1664fe557c19",
              "parentUUID": "65e43a52-c6e4-4601-bbe1-d2d75a376e8b",
              "isHook": false,
              "skipped": false
            },
            {
              "title": "Verifica se a cor preta ainda está presente e é a primeira na sua paleta de cores",
              "fullTitle": "12 - Faça com que as cores da paleta sejam geradas aleatoriamente ao carregar a página. Verifica se a cor preta ainda está presente e é a primeira na sua paleta de cores",
              "timedOut": null,
              "duration": 299,
              "state": "failed",
              "speed": null,
              "pass": false,
              "fail": true,
              "pending": false,
              "context": null,
              "code": "cy.get('.color').then(function (colors) {\n  var currentColors;\n  var previousColors;\n  previousColors = Array.from(colors).map(function (color) {\n    return Cypress.$(color).css('background-color');\n  });\n  expect(previousColors[0]).to.eq(BLACK);\n  for (var i = 0; i < 5; i += 1) {\n    cy.reload();\n    cy.get('.color').then(function (colors) {\n      currentColors = Array.from(colors).map(function (color) {\n        return Cypress.$(color).css('background-color');\n      });\n      expect(currentColors[0]).to.eq(BLACK);\n      expect(currentColors).not.to.deep.equal(previousColors);\n      previousColors = currentColors;\n    });\n  }\n});",
              "err": {
                "message": "AssertionError: expected [ Array(4) ] to not deeply equal [ Array(4) ]",
                "estack": "AssertionError: expected [ Array(4) ] to not deeply equal [ Array(4) ]\n    at getRet (http://localhost:34289/__cypress/runner/cypress_runner.js:136585:16)\n    at tryCatcher (http://localhost:34289/__cypress/runner/cypress_runner.js:167415:23)\n    at Function.Promise.attempt.Promise.try (http://localhost:34289/__cypress/runner/cypress_runner.js:164690:29)\n    at Context.thenFn (http://localhost:34289/__cypress/runner/cypress_runner.js:136599:23)\n    at Context.then (http://localhost:34289/__cypress/runner/cypress_runner.js:136971:21)\n    at Context.<anonymous> (http://localhost:34289/__cypress/runner/cypress_runner.js:148875:21)\n    at http://localhost:34289/__cypress/runner/cypress_runner.js:148351:33\n    at tryCatcher (http://localhost:34289/__cypress/runner/cypress_runner.js:167415:23)\n    at Promise._settlePromiseFromHandler (http://localhost:34289/__cypress/runner/cypress_runner.js:165351:31)\n    at Promise._settlePromise (http://localhost:34289/__cypress/runner/cypress_runner.js:165408:18)\n    at Promise._settlePromiseCtx (http://localhost:34289/__cypress/runner/cypress_runner.js:165445:10)\n    at Async../node_modules/bluebird/js/release/async.js.Async._drainQueue (http://localhost:34289/__cypress/runner/cypress_runner.js:162145:12)\n    at Async../node_modules/bluebird/js/release/async.js.Async._drainQueues (http://localhost:34289/__cypress/runner/cypress_runner.js:162150:10)\n    at Async.drainQueues (http://localhost:34289/__cypress/runner/cypress_runner.js:162024:14)",
                "diff": ""
              },
              "uuid": "1176a5f4-d9e2-4df3-bbb7-00de07a6a4fb",
              "parentUUID": "65e43a52-c6e4-4601-bbe1-d2d75a376e8b",
              "isHook": false,
              "skipped": false
            }
          ],
          "suites": [],
          "passes": [],
          "failures": [
            "6437c78e-39bf-4a10-8713-1664fe557c19",
            "1176a5f4-d9e2-4df3-bbb7-00de07a6a4fb"
          ],
          "pending": [],
          "skipped": [],
          "duration": 576,
          "root": false,
          "rootEmpty": false,
          "_timeout": 2000
        }
      ],
      "passes": [],
      "failures": [],
      "pending": [],
      "skipped": [],
      "duration": 0,
      "root": true,
      "rootEmpty": true,
      "_timeout": 2000
    }
  ],
  "meta": {
    "mocha": {
      "version": "7.0.1"
    },
    "mochawesome": {
      "options": {
        "quiet": false,
        "reportFilename": "mochawesome",
        "saveHtml": false,
        "saveJson": true,
        "consoleReporter": "spec",
        "useInlineDiffs": false
      },
      "version": "4.1.0"
    },
    "marge": {
      "options": {
        "id": "default",
        "reportDir": "cypress/reports",
        "overwrite": true,
        "html": false,
        "json": true
      },
      "version": "4.1.0"
    }
  }
}